#
# A fatal error has been detected by the Java Runtime Environment:
#
#  Internal Error (generateOopMap.cpp:2162), pid=20115, tid=20141
#  fatal error: Illegal class file encountered. Try running with -Xverify:all in method UpdateCar
#
# JRE version: OpenJDK Runtime Environment (10.0.2+13) (build 10.0.2+13-Ubuntu-1ubuntu0.18.04.4)
# Java VM: OpenJDK 64-Bit Server VM (10.0.2+13-Ubuntu-1ubuntu0.18.04.4, mixed mode, tiered, compressed oops, g1 gc, linux-amd64)
# Core dump will be written. Default location: Core dumps may be processed with "/usr/share/apport/apport %p %s %c %d %P" (or dumping to /home/poorlemon/Work/HuaWei/SDK/SDK_java/code/CodeCraft-2019/core.20115)
#
# If you would like to submit a bug report, please visit:
#   http://bugreport.java.com/bugreport/crash.jsp
#

---------------  S U M M A R Y ------------

Command Line: -agentlib:jdwp=transport=dt_socket,suspend=y,address=localhost:46183 -javaagent:/home/poorlemon/SoftWare/eclipse/configuration/org.eclipse.osgi/216/0/.cp/lib/javaagent-shaded.jar -Dfile.encoding=UTF-8 com.huawei.Test

Host: Intel(R) Core(TM) i5-8500 CPU @ 3.00GHz, 6 cores, 7G, Ubuntu 18.04.1 LTS
Time: Sat Mar 16 12:54:22 2019 CST elapsed time: 1864 seconds (0d 0h 31m 4s)

---------------  T H R E A D  ---------------

Current thread (0x00007faf18159800):  VMThread "VM Thread" [stack: 0x00007faed2ef1000,0x00007faed2ff1000] [id=20141]

Stack: [0x00007faed2ef1000,0x00007faed2ff1000],  sp=0x00007faed2feee70,  free space=1015k
Native frames: (J=compiled Java code, A=aot compiled Java code, j=interpreted, Vv=VM code, C=native code)
V  [libjvm.so+0xd27ea4]
V  [libjvm.so+0xd28a0f]
V  [libjvm.so+0x64d328]
V  [libjvm.so+0x7a72e5]
V  [libjvm.so+0x7a73bb]
V  [libjvm.so+0x7a8204]
V  [libjvm.so+0x7aa456]
V  [libjvm.so+0x7abf44]
V  [libjvm.so+0x7aea0d]
V  [libjvm.so+0x7aedb9]
V  [libjvm.so+0xb1f14a]
V  [libjvm.so+0xb1f7d1]
V  [libjvm.so+0xabde16]
V  [libjvm.so+0x95085c]
V  [libjvm.so+0xd38871]
V  [libjvm.so+0xd35b3b]
V  [libjvm.so+0xd3715e]
V  [libjvm.so+0xd37588]
V  [libjvm.so+0xb33d40]

VM_Operation (0x00007faed1c119d0): GetOrSetLocal, mode: safepoint, requested by thread 0x00007faf1820a000


---------------  P R O C E S S  ---------------

Threads class SMR info:
_java_thread_list=0x00007faf182f1f90, length=13, elements={
0x00007faf18013000, 0x00007faf18163800, 0x00007faf18165800, 0x00007faf18178000,
0x00007faf1817a000, 0x00007faf1817c000, 0x00007faf1817e000, 0x00007faf18180000,
0x00007faf1820a000, 0x00007faf1820e000, 0x00007fae8c001800, 0x00007faf18225000,
0x00007faf182f6000
}

Java Threads: ( => current thread )
  0x00007faf18013000 JavaThread "main" [_thread_blocked, id=20123, stack(0x00007faf20545000,0x00007faf20646000)]
  0x00007faf18163800 JavaThread "Reference Handler" daemon [_thread_blocked, id=20142, stack(0x00007faed2dee000,0x00007faed2eef000)]
  0x00007faf18165800 JavaThread "Finalizer" daemon [_thread_blocked, id=20143, stack(0x00007faed2ced000,0x00007faed2dee000)]
  0x00007faf18178000 JavaThread "Signal Dispatcher" daemon [_thread_blocked, id=20144, stack(0x00007faed221d000,0x00007faed231e000)]
  0x00007faf1817a000 JavaThread "C2 CompilerThread0" daemon [_thread_blocked, id=20145, stack(0x00007faed211c000,0x00007faed221d000)]
  0x00007faf1817c000 JavaThread "C2 CompilerThread1" daemon [_thread_blocked, id=20146, stack(0x00007faed201b000,0x00007faed211c000)]
  0x00007faf1817e000 JavaThread "C1 CompilerThread2" daemon [_thread_blocked, id=20147, stack(0x00007faed1f1a000,0x00007faed201b000)]
  0x00007faf18180000 JavaThread "Sweeper thread" daemon [_thread_blocked, id=20148, stack(0x00007faed1e19000,0x00007faed1f1a000)]
  0x00007faf1820a000 JavaThread "JDWP Transport Listener: dt_socket" daemon [_thread_blocked, id=20150, stack(0x00007faed1b12000,0x00007faed1c13000)] _threads_hazard_ptr=0x00007faf182f1f90
  0x00007faf1820e000 JavaThread "JDWP Event Helper Thread" daemon [_thread_blocked, id=20152, stack(0x00007faed1a11000,0x00007faed1b12000)]
  0x00007fae8c001800 JavaThread "JDWP Command Reader" daemon [_thread_in_native, id=20154, stack(0x00007faed1910000,0x00007faed1a11000)]
  0x00007faf18225000 JavaThread "Common-Cleaner" daemon [_thread_blocked, id=20157, stack(0x00007faed180f000,0x00007faed1910000)]
  0x00007faf182f6000 JavaThread "Service Thread" daemon [_thread_blocked, id=20158, stack(0x00007faed12e4000,0x00007faed13e5000)]

Other Threads:
=>0x00007faf18159800 VMThread "VM Thread" [stack: 0x00007faed2ef1000,0x00007faed2ff1000] [id=20141]
  0x00007faf182f8800 WatcherThread [stack: 0x00007faed11e4000,0x00007faed12e4000] [id=20159]
  0x00007faf1802a000 GCTaskThread "GC Thread#0" [stack: 0x00007faf1c227000,0x00007faf1c327000] [id=20125]
  0x00007faf1802b800 GCTaskThread "GC Thread#1" [stack: 0x00007faf1c125000,0x00007faf1c225000] [id=20126]
  0x00007faf1802d000 GCTaskThread "GC Thread#2" [stack: 0x00007faf1c023000,0x00007faf1c123000] [id=20127]
  0x00007faf1802e800 GCTaskThread "GC Thread#3" [stack: 0x00007faeffa25000,0x00007faeffb25000] [id=20128]
  0x00007faf18030800 GCTaskThread "GC Thread#4" [stack: 0x00007faeff923000,0x00007faeffa23000] [id=20129]
  0x00007faf18032000 GCTaskThread "GC Thread#5" [stack: 0x00007faeff821000,0x00007faeff921000] [id=20130]
  0x00007faf1805b800 ConcurrentGCThread "G1 Main Marker" [stack: 0x00007faefc6fd000,0x00007faefc7fd000] [id=20131]
  0x00007faf1805d000 ConcurrentGCThread "G1 Conc#0" [stack: 0x00007faefc5fb000,0x00007faefc6fb000] [id=20132]
  0x00007faf1805f000 ConcurrentGCThread "G1 Conc#1" [stack: 0x00007faefc4f9000,0x00007faefc5f9000] [id=20133]
  0x00007faf180c7000 ConcurrentGCThread "G1 Refine#0" [stack: 0x00007faed3dff000,0x00007faed3eff000] [id=20134]
  0x00007faf180c8800 ConcurrentGCThread "G1 Refine#1" [stack: 0x00007faed3cfd000,0x00007faed3dfd000] [id=20135]
  0x00007faf180ca800 ConcurrentGCThread "G1 Refine#2" [stack: 0x00007faed3bfb000,0x00007faed3cfb000] [id=20136]
  0x00007faf180cc000 ConcurrentGCThread "G1 Refine#3" [stack: 0x00007faed3af9000,0x00007faed3bf9000] [id=20137]
  0x00007faf180ce000 ConcurrentGCThread "G1 Refine#4" [stack: 0x00007faed39f7000,0x00007faed3af7000] [id=20138]
  0x00007faf180cf800 ConcurrentGCThread "G1 Refine#5" [stack: 0x00007faed38f5000,0x00007faed39f5000] [id=20139]
  0x00007faf180d1800 ConcurrentGCThread "G1 Young RemSet Sampling" [stack: 0x00007faed37f3000,0x00007faed38f3000] [id=20140]

Threads with active compile tasks:

VM state:at safepoint (normal execution)

VM Mutex/Monitor currently owned by a thread:  ([mutex/lock_event])
[0x00007faf1800f4f0] Threads_lock - owner thread: 0x00007faf18159800

Heap address: 0x0000000085800000, size: 1960 MB, Compressed Oops mode: 32-bit
Narrow klass base: 0x0000000000000000, Narrow klass shift: 3
Compressed class space size: 1073741824 Address: 0x0000000100000000

Heap:
 garbage-first heap   total 126976K, used 45932K [0x0000000085800000, 0x0000000100000000)
  region size 1024K, 46 young (47104K), 5 survivors (5120K)
 Metaspace       used 10417K, capacity 10533K, committed 10624K, reserved 1058816K
  class space    used 809K, capacity 848K, committed 896K, reserved 1048576K
Heap Regions: E=young(eden), S=young(survivor), O=old, HS=humongous(starts), HC=humongous(continues), CS=collection set, F=free, A=archive, TS=gc time stamp, AC=allocation context, TAMS=top-at-mark-start (previous, next)
|   0|0x0000000085800000, 0x0000000085800000, 0x0000000085900000|  0%| F|  |TS  0|AC  0|TAMS 0x0000000085800000, 0x0000000085800000|
|   1|0x0000000085900000, 0x0000000085900000, 0x0000000085a00000|  0%| F|  |TS  0|AC  0|TAMS 0x0000000085900000, 0x0000000085900000|
|   2|0x0000000085a00000, 0x0000000085a00000, 0x0000000085b00000|  0%| F|  |TS  0|AC  0|TAMS 0x0000000085a00000, 0x0000000085a00000|
|   3|0x0000000085b00000, 0x0000000085b00000, 0x0000000085c00000|  0%| F|  |TS  0|AC  0|TAMS 0x0000000085b00000, 0x0000000085b00000|
|   4|0x0000000085c00000, 0x0000000085c00000, 0x0000000085d00000|  0%| F|  |TS  0|AC  0|TAMS 0x0000000085c00000, 0x0000000085c00000|
|   5|0x0000000085d00000, 0x0000000085d00000, 0x0000000085e00000|  0%| F|  |TS  0|AC  0|TAMS 0x0000000085d00000, 0x0000000085d00000|
|   6|0x0000000085e00000, 0x0000000085e00000, 0x0000000085f00000|  0%| F|  |TS  0|AC  0|TAMS 0x0000000085e00000, 0x0000000085e00000|
|   7|0x0000000085f00000, 0x0000000085f00000, 0x0000000086000000|  0%| F|  |TS  0|AC  0|TAMS 0x0000000085f00000, 0x0000000085f00000|
|   8|0x0000000086000000, 0x0000000086000000, 0x0000000086100000|  0%| F|  |TS  0|AC  0|TAMS 0x0000000086000000, 0x0000000086000000|
|   9|0x0000000086100000, 0x0000000086100000, 0x0000000086200000|  0%| F|  |TS  0|AC  0|TAMS 0x0000000086100000, 0x0000000086100000|
|  10|0x0000000086200000, 0x0000000086200000, 0x0000000086300000|  0%| F|  |TS  0|AC  0|TAMS 0x0000000086200000, 0x0000000086200000|
|  11|0x0000000086300000, 0x0000000086300000, 0x0000000086400000|  0%| F|  |TS  0|AC  0|TAMS 0x0000000086300000, 0x0000000086300000|
|  12|0x0000000086400000, 0x0000000086400000, 0x0000000086500000|  0%| F|  |TS  0|AC  0|TAMS 0x0000000086400000, 0x0000000086400000|
|  13|0x0000000086500000, 0x0000000086500000, 0x0000000086600000|  0%| F|  |TS  0|AC  0|TAMS 0x0000000086500000, 0x0000000086500000|
|  14|0x0000000086600000, 0x0000000086600000, 0x0000000086700000|  0%| F|  |TS  0|AC  0|TAMS 0x0000000086600000, 0x0000000086600000|
|  15|0x0000000086700000, 0x0000000086700000, 0x0000000086800000|  0%| F|  |TS  0|AC  0|TAMS 0x0000000086700000, 0x0000000086700000|
|  16|0x0000000086800000, 0x0000000086800000, 0x0000000086900000|  0%| F|  |TS  0|AC  0|TAMS 0x0000000086800000, 0x0000000086800000|
|  17|0x0000000086900000, 0x0000000086900000, 0x0000000086a00000|  0%| F|  |TS  0|AC  0|TAMS 0x0000000086900000, 0x0000000086900000|
|  18|0x0000000086a00000, 0x0000000086a00000, 0x0000000086b00000|  0%| F|  |TS  0|AC  0|TAMS 0x0000000086a00000, 0x0000000086a00000|
|  19|0x0000000086b00000, 0x0000000086b00000, 0x0000000086c00000|  0%| F|  |TS  0|AC  0|TAMS 0x0000000086b00000, 0x0000000086b00000|
|  20|0x0000000086c00000, 0x0000000086c00000, 0x0000000086d00000|  0%| F|  |TS  0|AC  0|TAMS 0x0000000086c00000, 0x0000000086c00000|
|  21|0x0000000086d00000, 0x0000000086d00000, 0x0000000086e00000|  0%| F|  |TS  0|AC  0|TAMS 0x0000000086d00000, 0x0000000086d00000|
|  22|0x0000000086e00000, 0x0000000086e00000, 0x0000000086f00000|  0%| F|  |TS  0|AC  0|TAMS 0x0000000086e00000, 0x0000000086e00000|
|  23|0x0000000086f00000, 0x0000000086f00000, 0x0000000087000000|  0%| F|  |TS  0|AC  0|TAMS 0x0000000086f00000, 0x0000000086f00000|
|  24|0x0000000087000000, 0x0000000087000000, 0x0000000087100000|  0%| F|  |TS  0|AC  0|TAMS 0x0000000087000000, 0x0000000087000000|
|  25|0x0000000087100000, 0x0000000087100000, 0x0000000087200000|  0%| F|  |TS  0|AC  0|TAMS 0x0000000087100000, 0x0000000087100000|
|  26|0x0000000087200000, 0x0000000087200000, 0x0000000087300000|  0%| F|  |TS  0|AC  0|TAMS 0x0000000087200000, 0x0000000087200000|
|  27|0x0000000087300000, 0x0000000087300000, 0x0000000087400000|  0%| F|  |TS  0|AC  0|TAMS 0x0000000087300000, 0x0000000087300000|
|  28|0x0000000087400000, 0x0000000087400000, 0x0000000087500000|  0%| F|  |TS  0|AC  0|TAMS 0x0000000087400000, 0x0000000087400000|
|  29|0x0000000087500000, 0x0000000087500000, 0x0000000087600000|  0%| F|  |TS  0|AC  0|TAMS 0x0000000087500000, 0x0000000087500000|
|  30|0x0000000087600000, 0x0000000087600000, 0x0000000087700000|  0%| F|  |TS  0|AC  0|TAMS 0x0000000087600000, 0x0000000087600000|
|  31|0x0000000087700000, 0x0000000087700000, 0x0000000087800000|  0%| F|  |TS  0|AC  0|TAMS 0x0000000087700000, 0x0000000087700000|
|  32|0x0000000087800000, 0x0000000087800000, 0x0000000087900000|  0%| F|  |TS  0|AC  0|TAMS 0x0000000087800000, 0x0000000087800000|
|  33|0x0000000087900000, 0x0000000087900000, 0x0000000087a00000|  0%| F|  |TS  0|AC  0|TAMS 0x0000000087900000, 0x0000000087900000|
|  34|0x0000000087a00000, 0x0000000087a00000, 0x0000000087b00000|  0%| F|  |TS  0|AC  0|TAMS 0x0000000087a00000, 0x0000000087a00000|
|  35|0x0000000087b00000, 0x0000000087b00000, 0x0000000087c00000|  0%| F|  |TS  0|AC  0|TAMS 0x0000000087b00000, 0x0000000087b00000|
|  36|0x0000000087c00000, 0x0000000087c00000, 0x0000000087d00000|  0%| F|  |TS  0|AC  0|TAMS 0x0000000087c00000, 0x0000000087c00000|
|  37|0x0000000087d00000, 0x0000000087d00000, 0x0000000087e00000|  0%| F|  |TS  0|AC  0|TAMS 0x0000000087d00000, 0x0000000087d00000|
|  38|0x0000000087e00000, 0x0000000087e00000, 0x0000000087f00000|  0%| F|  |TS  0|AC  0|TAMS 0x0000000087e00000, 0x0000000087e00000|
|  39|0x0000000087f00000, 0x0000000087f00000, 0x0000000088000000|  0%| F|  |TS  0|AC  0|TAMS 0x0000000087f00000, 0x0000000087f00000|
|  40|0x0000000088000000, 0x0000000088000000, 0x0000000088100000|  0%| F|  |TS  0|AC  0|TAMS 0x0000000088000000, 0x0000000088000000|
|  41|0x0000000088100000, 0x0000000088100000, 0x0000000088200000|  0%| F|  |TS  0|AC  0|TAMS 0x0000000088100000, 0x0000000088100000|
|  42|0x0000000088200000, 0x0000000088200000, 0x0000000088300000|  0%| F|  |TS  0|AC  0|TAMS 0x0000000088200000, 0x0000000088200000|
|  43|0x0000000088300000, 0x0000000088300000, 0x0000000088400000|  0%| F|  |TS  0|AC  0|TAMS 0x0000000088300000, 0x0000000088300000|
|  44|0x0000000088400000, 0x0000000088400000, 0x0000000088500000|  0%| F|  |TS  0|AC  0|TAMS 0x0000000088400000, 0x0000000088400000|
|  45|0x0000000088500000, 0x0000000088500000, 0x0000000088600000|  0%| F|  |TS  5|AC  0|TAMS 0x0000000088500000, 0x0000000088500000|
|  46|0x0000000088600000, 0x0000000088600000, 0x0000000088700000|  0%| F|  |TS  5|AC  0|TAMS 0x0000000088600000, 0x0000000088600000|
|  47|0x0000000088700000, 0x0000000088700000, 0x0000000088800000|  0%| F|  |TS  5|AC  0|TAMS 0x0000000088700000, 0x0000000088700000|
|  48|0x0000000088800000, 0x0000000088800000, 0x0000000088900000|  0%| F|  |TS  5|AC  0|TAMS 0x0000000088800000, 0x0000000088800000|
|  49|0x0000000088900000, 0x0000000088900000, 0x0000000088a00000|  0%| F|  |TS  5|AC  0|TAMS 0x0000000088900000, 0x0000000088900000|
|  50|0x0000000088a00000, 0x0000000088adb240, 0x0000000088b00000| 85%| S|CS|TS  5|AC  0|TAMS 0x0000000088a00000, 0x0000000088a00000|
|  51|0x0000000088b00000, 0x0000000088c00000, 0x0000000088c00000|100%| S|CS|TS  5|AC  0|TAMS 0x0000000088b00000, 0x0000000088b00000|
|  52|0x0000000088c00000, 0x0000000088d00000, 0x0000000088d00000|100%| S|CS|TS  5|AC  0|TAMS 0x0000000088c00000, 0x0000000088c00000|
|  53|0x0000000088d00000, 0x0000000088e00000, 0x0000000088e00000|100%| S|CS|TS  5|AC  0|TAMS 0x0000000088d00000, 0x0000000088d00000|
|  54|0x0000000088e00000, 0x0000000088f00000, 0x0000000088f00000|100%| S|CS|TS  5|AC  0|TAMS 0x0000000088e00000, 0x0000000088e00000|
|  55|0x0000000088f00000, 0x0000000088f00000, 0x0000000089000000|  0%| F|  |TS  5|AC  0|TAMS 0x0000000088f00000, 0x0000000088f00000|
|  56|0x0000000089000000, 0x0000000089000000, 0x0000000089100000|  0%| F|  |TS  5|AC  0|TAMS 0x0000000089000000, 0x0000000089000000|
|  57|0x0000000089100000, 0x0000000089100000, 0x0000000089200000|  0%| F|  |TS  5|AC  0|TAMS 0x0000000089100000, 0x0000000089100000|
|  58|0x0000000089200000, 0x0000000089200000, 0x0000000089300000|  0%| F|  |TS  5|AC  0|TAMS 0x0000000089200000, 0x0000000089200000|
|  59|0x0000000089300000, 0x0000000089300000, 0x0000000089400000|  0%| F|  |TS  5|AC  0|TAMS 0x0000000089300000, 0x0000000089300000|
|  60|0x0000000089400000, 0x0000000089400000, 0x0000000089500000|  0%| F|  |TS  5|AC  0|TAMS 0x0000000089400000, 0x0000000089400000|
|  61|0x0000000089500000, 0x0000000089500000, 0x0000000089600000|  0%| F|  |TS  5|AC  0|TAMS 0x0000000089500000, 0x0000000089500000|
|  62|0x0000000089600000, 0x0000000089600000, 0x0000000089700000|  0%| F|  |TS  5|AC  0|TAMS 0x0000000089600000, 0x0000000089600000|
|  63|0x0000000089700000, 0x0000000089700000, 0x0000000089800000|  0%| F|  |TS  5|AC  0|TAMS 0x0000000089700000, 0x0000000089700000|
|  64|0x0000000089800000, 0x0000000089800000, 0x0000000089900000|  0%| F|  |TS  5|AC  0|TAMS 0x0000000089800000, 0x0000000089800000|
|  65|0x0000000089900000, 0x0000000089900000, 0x0000000089a00000|  0%| F|  |TS  5|AC  0|TAMS 0x0000000089900000, 0x0000000089900000|
|  66|0x0000000089a00000, 0x0000000089a00000, 0x0000000089b00000|  0%| F|  |TS  5|AC  0|TAMS 0x0000000089a00000, 0x0000000089a00000|
|  67|0x0000000089b00000, 0x0000000089b00000, 0x0000000089c00000|  0%| F|  |TS  5|AC  0|TAMS 0x0000000089b00000, 0x0000000089b00000|
|  68|0x0000000089c00000, 0x0000000089c00000, 0x0000000089d00000|  0%| F|  |TS  5|AC  0|TAMS 0x0000000089c00000, 0x0000000089c00000|
|  69|0x0000000089d00000, 0x0000000089d00000, 0x0000000089e00000|  0%| F|  |TS  5|AC  0|TAMS 0x0000000089d00000, 0x0000000089d00000|
|  70|0x0000000089e00000, 0x0000000089e00000, 0x0000000089f00000|  0%| F|  |TS  5|AC  0|TAMS 0x0000000089e00000, 0x0000000089e00000|
|  71|0x0000000089f00000, 0x0000000089f00000, 0x000000008a000000|  0%| F|  |TS  5|AC  0|TAMS 0x0000000089f00000, 0x0000000089f00000|
|  72|0x000000008a000000, 0x000000008a000000, 0x000000008a100000|  0%| F|  |TS  5|AC  0|TAMS 0x000000008a000000, 0x000000008a000000|
|  73|0x000000008a100000, 0x000000008a100000, 0x000000008a200000|  0%| F|  |TS  5|AC  0|TAMS 0x000000008a100000, 0x000000008a100000|
|  74|0x000000008a200000, 0x000000008a200000, 0x000000008a300000|  0%| F|  |TS  5|AC  0|TAMS 0x000000008a200000, 0x000000008a200000|
|  75|0x000000008a300000, 0x000000008a300000, 0x000000008a400000|  0%| F|  |TS  5|AC  0|TAMS 0x000000008a300000, 0x000000008a300000|
|  76|0x000000008a400000, 0x000000008a400000, 0x000000008a500000|  0%| F|  |TS  5|AC  0|TAMS 0x000000008a400000, 0x000000008a400000|
|  77|0x000000008a500000, 0x000000008a500000, 0x000000008a600000|  0%| F|  |TS  5|AC  0|TAMS 0x000000008a500000, 0x000000008a500000|
|  78|0x000000008a600000, 0x000000008a600000, 0x000000008a700000|  0%| F|  |TS  5|AC  0|TAMS 0x000000008a600000, 0x000000008a600000|
|  79|0x000000008a700000, 0x000000008a700000, 0x000000008a800000|  0%| F|  |TS  5|AC  0|TAMS 0x000000008a700000, 0x000000008a700000|
|  80|0x000000008a800000, 0x000000008a800000, 0x000000008a900000|  0%| F|  |TS  5|AC  0|TAMS 0x000000008a800000, 0x000000008a800000|
|  81|0x000000008a900000, 0x000000008a900000, 0x000000008aa00000|  0%| F|  |TS  5|AC  0|TAMS 0x000000008a900000, 0x000000008a900000|
|  82|0x000000008aa00000, 0x000000008aa00000, 0x000000008ab00000|  0%| F|  |TS  5|AC  0|TAMS 0x000000008aa00000, 0x000000008aa00000|
|  83|0x000000008ab00000, 0x000000008ab80800, 0x000000008ac00000| 50%| E|  |TS  5|AC  0|TAMS 0x000000008ab00000, 0x000000008ab00000|
|  84|0x000000008ac00000, 0x000000008ad00000, 0x000000008ad00000|100%| E|CS|TS  5|AC  0|TAMS 0x000000008ac00000, 0x000000008ac00000|
|  85|0x000000008ad00000, 0x000000008ae00000, 0x000000008ae00000|100%| E|CS|TS  5|AC  0|TAMS 0x000000008ad00000, 0x000000008ad00000|
|  86|0x000000008ae00000, 0x000000008af00000, 0x000000008af00000|100%| E|CS|TS  5|AC  0|TAMS 0x000000008ae00000, 0x000000008ae00000|
|  87|0x000000008af00000, 0x000000008b000000, 0x000000008b000000|100%| E|CS|TS  5|AC  0|TAMS 0x000000008af00000, 0x000000008af00000|
|  88|0x000000008b000000, 0x000000008b100000, 0x000000008b100000|100%| E|CS|TS  5|AC  0|TAMS 0x000000008b000000, 0x000000008b000000|
|  89|0x000000008b100000, 0x000000008b200000, 0x000000008b200000|100%| E|CS|TS  5|AC  0|TAMS 0x000000008b100000, 0x000000008b100000|
|  90|0x000000008b200000, 0x000000008b300000, 0x000000008b300000|100%| E|CS|TS  5|AC  0|TAMS 0x000000008b200000, 0x000000008b200000|
|  91|0x000000008b300000, 0x000000008b400000, 0x000000008b400000|100%| E|CS|TS  5|AC  0|TAMS 0x000000008b300000, 0x000000008b300000|
|  92|0x000000008b400000, 0x000000008b500000, 0x000000008b500000|100%| E|CS|TS  5|AC  0|TAMS 0x000000008b400000, 0x000000008b400000|
|  93|0x000000008b500000, 0x000000008b600000, 0x000000008b600000|100%| E|CS|TS  5|AC  0|TAMS 0x000000008b500000, 0x000000008b500000|
|  94|0x000000008b600000, 0x000000008b700000, 0x000000008b700000|100%| E|CS|TS  5|AC  0|TAMS 0x000000008b600000, 0x000000008b600000|
|  95|0x000000008b700000, 0x000000008b800000, 0x000000008b800000|100%| E|CS|TS  5|AC  0|TAMS 0x000000008b700000, 0x000000008b700000|
|  96|0x000000008b800000, 0x000000008b900000, 0x000000008b900000|100%| E|CS|TS  5|AC  0|TAMS 0x000000008b800000, 0x000000008b800000|
|  97|0x000000008b900000, 0x000000008ba00000, 0x000000008ba00000|100%| E|CS|TS  5|AC  0|TAMS 0x000000008b900000, 0x000000008b900000|
|  98|0x000000008ba00000, 0x000000008bb00000, 0x000000008bb00000|100%| E|CS|TS  5|AC  0|TAMS 0x000000008ba00000, 0x000000008ba00000|
|  99|0x000000008bb00000, 0x000000008bc00000, 0x000000008bc00000|100%| E|CS|TS  5|AC  0|TAMS 0x000000008bb00000, 0x000000008bb00000|
| 100|0x000000008bc00000, 0x000000008bd00000, 0x000000008bd00000|100%| E|CS|TS  5|AC  0|TAMS 0x000000008bc00000, 0x000000008bc00000|
| 101|0x000000008bd00000, 0x000000008be00000, 0x000000008be00000|100%| E|CS|TS  5|AC  0|TAMS 0x000000008bd00000, 0x000000008bd00000|
| 102|0x000000008be00000, 0x000000008bf00000, 0x000000008bf00000|100%| E|CS|TS  5|AC  0|TAMS 0x000000008be00000, 0x000000008be00000|
| 103|0x000000008bf00000, 0x000000008c000000, 0x000000008c000000|100%| E|CS|TS  5|AC  0|TAMS 0x000000008bf00000, 0x000000008bf00000|
| 104|0x000000008c000000, 0x000000008c100000, 0x000000008c100000|100%| E|CS|TS  5|AC  0|TAMS 0x000000008c000000, 0x000000008c000000|
| 105|0x000000008c100000, 0x000000008c200000, 0x000000008c200000|100%| E|CS|TS  5|AC  0|TAMS 0x000000008c100000, 0x000000008c100000|
| 106|0x000000008c200000, 0x000000008c300000, 0x000000008c300000|100%| E|CS|TS  5|AC  0|TAMS 0x000000008c200000, 0x000000008c200000|
| 107|0x000000008c300000, 0x000000008c400000, 0x000000008c400000|100%| E|CS|TS  5|AC  0|TAMS 0x000000008c300000, 0x000000008c300000|
| 108|0x000000008c400000, 0x000000008c500000, 0x000000008c500000|100%| E|CS|TS  5|AC  0|TAMS 0x000000008c400000, 0x000000008c400000|
| 109|0x000000008c500000, 0x000000008c600000, 0x000000008c600000|100%| E|CS|TS  5|AC  0|TAMS 0x000000008c500000, 0x000000008c500000|
| 110|0x000000008c600000, 0x000000008c700000, 0x000000008c700000|100%| E|CS|TS  5|AC  0|TAMS 0x000000008c600000, 0x000000008c600000|
| 111|0x000000008c700000, 0x000000008c800000, 0x000000008c800000|100%| E|CS|TS  5|AC  0|TAMS 0x000000008c700000, 0x000000008c700000|
| 112|0x000000008c800000, 0x000000008c900000, 0x000000008c900000|100%| E|CS|TS  5|AC  0|TAMS 0x000000008c800000, 0x000000008c800000|
| 113|0x000000008c900000, 0x000000008ca00000, 0x000000008ca00000|100%| E|CS|TS  5|AC  0|TAMS 0x000000008c900000, 0x000000008c900000|
| 114|0x000000008ca00000, 0x000000008cb00000, 0x000000008cb00000|100%| E|CS|TS  5|AC  0|TAMS 0x000000008ca00000, 0x000000008ca00000|
| 115|0x000000008cb00000, 0x000000008cc00000, 0x000000008cc00000|100%| E|CS|TS  5|AC  0|TAMS 0x000000008cb00000, 0x000000008cb00000|
| 116|0x000000008cc00000, 0x000000008cd00000, 0x000000008cd00000|100%| E|CS|TS  5|AC  0|TAMS 0x000000008cc00000, 0x000000008cc00000|
| 117|0x000000008cd00000, 0x000000008ce00000, 0x000000008ce00000|100%| E|CS|TS  5|AC  0|TAMS 0x000000008cd00000, 0x000000008cd00000|
| 118|0x000000008ce00000, 0x000000008cf00000, 0x000000008cf00000|100%| E|CS|TS  5|AC  0|TAMS 0x000000008ce00000, 0x000000008ce00000|
| 119|0x000000008cf00000, 0x000000008d000000, 0x000000008d000000|100%| E|CS|TS  5|AC  0|TAMS 0x000000008cf00000, 0x000000008cf00000|
| 120|0x000000008d000000, 0x000000008d100000, 0x000000008d100000|100%| E|CS|TS  5|AC  0|TAMS 0x000000008d000000, 0x000000008d000000|
| 121|0x000000008d100000, 0x000000008d200000, 0x000000008d200000|100%| E|CS|TS  5|AC  0|TAMS 0x000000008d100000, 0x000000008d100000|
| 122|0x000000008d200000, 0x000000008d300000, 0x000000008d300000|100%| E|CS|TS  5|AC  0|TAMS 0x000000008d200000, 0x000000008d200000|
| 123|0x000000008d300000, 0x000000008d400000, 0x000000008d400000|100%| E|CS|TS  5|AC  0|TAMS 0x000000008d300000, 0x000000008d300000|

Card table byte_map: [0x00007faefea71000,0x00007faefee45000] byte_map_base: 0x00007faefe645000

Marking Bits (Prev, Next): (CMBitMap*) 0x00007faf1805a8b0, (CMBitMap*) 0x00007faf1805a8e8
 Prev Bits: [0x00007faefc7fd000, 0x00007faefe69d000)
 Next Bits: [0x00007faee6160000, 0x00007faee8000000)

Polling page: 0x00007faf20660000

CodeHeap 'non-profiled nmethods': size=120032Kb used=1378Kb max_used=1378Kb free=118654Kb
 bounds [0x00007faf075ed000, 0x00007faf0785d000, 0x00007faf0eb25000]
CodeHeap 'profiled nmethods': size=120032Kb used=1324Kb max_used=2184Kb free=118707Kb
 bounds [0x00007faf000b5000, 0x00007faf00325000, 0x00007faf075ed000]
CodeHeap 'non-nmethods': size=5696Kb used=1110Kb max_used=1233Kb free=4585Kb
 bounds [0x00007faeffb25000, 0x00007faeffd95000, 0x00007faf000b5000]
 total_blobs=1882 nmethods=801 adapters=268
 compilation: enabled

Compilation events (10 events):
Event: 1571.126 Thread 0x00007faf1817e000 nmethod 1052 0x00007faf000ccf90 code [0x00007faf000cd140, 0x00007faf000cd2e8]
Event: 1571.126 Thread 0x00007faf1817e000 1053       3       org.eclipse.jdt.launching.internal.org.objectweb.asm.FieldVisitor::<init> (47 bytes)
Event: 1571.126 Thread 0x00007faf1817e000 nmethod 1053 0x00007faf000d6190 code [0x00007faf000d6380, 0x00007faf000d6768]
Event: 1571.126 Thread 0x00007faf1817e000 1054       3       org.eclipse.jdt.launching.internal.org.objectweb.asm.FieldWriter::visitEnd (1 bytes)
Event: 1571.126 Thread 0x00007faf1817e000 nmethod 1054 0x00007faf000d5d90 code [0x00007faf000d5f40, 0x00007faf000d6090]
Event: 1571.126 Thread 0x00007faf1817e000 1056       3       org.eclipse.jdt.launching.internal.org.objectweb.asm.FieldWriter::putFieldInfo (418 bytes)
Event: 1571.128 Thread 0x00007faf1817e000 nmethod 1056 0x00007faf000e1510 code [0x00007faf000e18e0, 0x00007faf000e2b58]
Event: 1571.134 Thread 0x00007faf1817a000 nmethod 1055 0x00007faf07634190 code [0x00007faf07634380, 0x00007faf07634a90]
Event: 1788.508 Thread 0x00007faf1817e000 1057       3       main.java.com.huawei.system.Simulation::runInRoadWithAheadCar (297 bytes)
Event: 1788.511 Thread 0x00007faf1817e000 nmethod 1057 0x00007faf00168090 code [0x00007faf00168700, 0x00007faf0016c1d8]

GC Heap History (10 events):
Event: 0.298 GC heap before
{Heap before GC invocations=0 (full 0):
 garbage-first heap   total 126976K, used 22528K [0x0000000085800000, 0x0000000100000000)
  region size 1024K, 22 young (22528K), 0 survivors (0K)
 Metaspace       used 9477K, capacity 9605K, committed 9856K, reserved 1058816K
  class space    used 795K, capacity 816K, committed 896K, reserved 1048576K
}
Event: 0.301 GC heap after
{Heap after GC invocations=1 (full 0):
 garbage-first heap   total 126976K, used 2085K [0x0000000085800000, 0x0000000100000000)
  region size 1024K, 3 young (3072K), 3 survivors (3072K)
 Metaspace       used 9477K, capacity 9605K, committed 9856K, reserved 1058816K
  class space    used 795K, capacity 816K, committed 896K, reserved 1048576K
}
Event: 0.519 GC heap before
{Heap before GC invocations=1 (full 0):
 garbage-first heap   total 126976K, used 74789K [0x0000000085800000, 0x0000000100000000)
  region size 1024K, 74 young (75776K), 3 survivors (3072K)
 Metaspace       used 9595K, capacity 9733K, committed 9856K, reserved 1058816K
  class space    used 796K, capacity 816K, committed 896K, reserved 1048576K
}
Event: 0.522 GC heap after
{Heap after GC invocations=2 (full 0):
 garbage-first heap   total 126976K, used 4157K [0x0000000085800000, 0x0000000100000000)
  region size 1024K, 5 young (5120K), 5 survivors (5120K)
 Metaspace       used 9595K, capacity 9733K, committed 9856K, reserved 1058816K
  class space    used 796K, capacity 816K, committed 896K, reserved 1048576K
}
Event: 1.238 GC heap before
{Heap before GC invocations=2 (full 0):
 garbage-first heap   total 126976K, used 74813K [0x0000000085800000, 0x0000000100000000)
  region size 1024K, 74 young (75776K), 5 survivors (5120K)
 Metaspace       used 9699K, capacity 9797K, committed 10112K, reserved 1058816K
  class space    used 798K, capacity 816K, committed 896K, reserved 1048576K
}
Event: 1.241 GC heap after
{Heap after GC invocations=3 (full 0):
 garbage-first heap   total 126976K, used 4670K [0x0000000085800000, 0x0000000100000000)
  region size 1024K, 5 young (5120K), 5 survivors (5120K)
 Metaspace       used 9699K, capacity 9797K, committed 10112K, reserved 1058816K
  class space    used 798K, capacity 816K, committed 896K, reserved 1048576K
}
Event: 2.157 GC heap before
{Heap before GC invocations=3 (full 0):
 garbage-first heap   total 126976K, used 75326K [0x0000000085800000, 0x0000000100000000)
  region size 1024K, 74 young (75776K), 5 survivors (5120K)
 Metaspace       used 9721K, capacity 9797K, committed 10112K, reserved 1058816K
  class space    used 798K, capacity 816K, committed 896K, reserved 1048576K
}
Event: 2.160 GC heap after
{Heap after GC invocations=4 (full 0):
 garbage-first heap   total 126976K, used 4817K [0x0000000085800000, 0x0000000100000000)
  region size 1024K, 5 young (5120K), 5 survivors (5120K)
 Metaspace       used 9721K, capacity 9797K, committed 10112K, reserved 1058816K
  class space    used 798K, capacity 816K, committed 896K, reserved 1048576K
}
Event: 2.852 GC heap before
{Heap before GC invocations=4 (full 0):
 garbage-first heap   total 126976K, used 75473K [0x0000000085800000, 0x0000000100000000)
  region size 1024K, 74 young (75776K), 5 survivors (5120K)
 Metaspace       used 9732K, capacity 9797K, committed 10112K, reserved 1058816K
  class space    used 798K, capacity 816K, committed 896K, reserved 1048576K
}
Event: 2.855 GC heap after
{Heap after GC invocations=5 (full 0):
 garbage-first heap   total 126976K, used 4972K [0x0000000085800000, 0x0000000100000000)
  region size 1024K, 5 young (5120K), 5 survivors (5120K)
 Metaspace       used 9732K, capacity 9797K, committed 10112K, reserved 1058816K
  class space    used 798K, capacity 816K, committed 896K, reserved 1048576K
}

Deoptimization events (10 events):
Event: 1.233 Thread 0x00007faf18013000 Uncommon trap: reason=unstable_if action=reinterpret pc=0x00007faf076509c0 method=java.io.BufferedOutputStream.write([BII)V @ 6 c2
Event: 1.234 Thread 0x00007faf18013000 Uncommon trap: reason=unstable_if action=reinterpret pc=0x00007faf0765bfbc method=java.io.BufferedOutputStream.write([BII)V @ 6 c2
Event: 1.881 Thread 0x00007faf18013000 Uncommon trap: reason=unstable_if action=reinterpret pc=0x00007faf0766dba8 method=java.lang.AbstractStringBuilder.putStringAt(ILjava/lang/String;)V @ 8 c2
Event: 1.881 Thread 0x00007faf18013000 Uncommon trap: reason=unstable_if action=reinterpret pc=0x00007faf076950c8 method=java.lang.AbstractStringBuilder.isLatin1()Z @ 10 c2
Event: 1.881 Thread 0x00007faf18013000 Uncommon trap: reason=unstable_if action=reinterpret pc=0x00007faf07637dfc method=java.lang.AbstractStringBuilder.isLatin1()Z @ 10 c2
Event: 1.881 Thread 0x00007faf18013000 Uncommon trap: reason=unstable_if action=reinterpret pc=0x00007faf07622338 method=java.lang.AbstractStringBuilder.putStringAt(ILjava/lang/String;)V @ 8 c2
Event: 1.881 Thread 0x00007faf18013000 Uncommon trap: reason=unstable_if action=reinterpret pc=0x00007faf0761f70c method=java.lang.AbstractStringBuilder.putStringAt(ILjava/lang/String;)V @ 8 c2
Event: 1.881 Thread 0x00007faf18013000 Uncommon trap: reason=unstable_if action=reinterpret pc=0x00007faf076397d4 method=java.lang.AbstractStringBuilder.isLatin1()Z @ 10 c2
Event: 2.965 Thread 0x00007faf18013000 Uncommon trap: reason=unstable_if action=reinterpret pc=0x00007faf076b20c0 method=main.java.com.huawei.system.Simulation.UpdateCar(Lmain/java/com/huawei/unit/Car;Z)Z @ 33 c2
Event: 1788.507 Thread 0x00007faf18013000 Uncommon trap: reason=unstable_if action=reinterpret pc=0x00007faf076a1578 method=main.java.com.huawei.unit.Car.getNextRoute()I @ 7 c2

Classes redefined (10 events):
Event: 1405.923 Thread 0x00007faf18159800 redefined class name=main.java.com.huawei.system.Simulation, count=6
Event: 1427.594 Thread 0x00007faf18159800 redefined class name=main.java.com.huawei.system.Simulation, count=7
Event: 1491.026 Thread 0x00007faf18159800 redefined class name=main.java.com.huawei.system.Simulation, count=8
Event: 1533.105 Thread 0x00007faf18159800 redefined class name=main.java.com.huawei.system.Simulation, count=9
Event: 1571.133 Thread 0x00007faf18159800 redefined class name=main.java.com.huawei.system.Simulation, count=10
Event: 1634.527 Thread 0x00007faf18159800 redefined class name=main.java.com.huawei.system.Simulation, count=11
Event: 1672.436 Thread 0x00007faf18159800 redefined class name=main.java.com.huawei.system.Simulation, count=12
Event: 1707.480 Thread 0x00007faf18159800 redefined class name=main.java.com.huawei.system.Simulation, count=13
Event: 1747.006 Thread 0x00007faf18159800 redefined class name=main.java.com.huawei.system.Simulation, count=14
Event: 1822.671 Thread 0x00007faf18159800 redefined class name=main.java.com.huawei.system.Simulation, count=15

Internal exceptions (3 events):
Event: 0.225 Thread 0x00007faf18013000 Exception <a 'java/lang/NoSuchMethodError'{0x000000008cd68fb8}: method resolution failed> (0x000000008cd68fb8) thrown at [/build/openjdk-lts-Ae5PRQ/openjdk-lts-10.0.2+13/src/hotspot/share/prims/methodHandles.cpp, line 1226]
Event: 0.229 Thread 0x00007faf18013000 Exception <a 'java/lang/NoSuchMethodError'{0x000000008cd85bc0}: java.lang.invoke.DirectMethodHandle$Holder.invokeStatic(Ljava/lang/Object;Ljava/lang/Object;)I> (0x000000008cd85bc0) thrown at [/build/openjdk-lts-Ae5PRQ/openjdk-lts-10.0.2+13/src/hotspot/sha
Event: 0.231 Thread 0x00007faf18013000 Exception <a 'java/lang/NoSuchMethodError'{0x000000008cd96fd8}: java.lang.Object.of([Ljava/lang/Object;)Ljava/util/stream/Stream;> (0x000000008cd96fd8) thrown at [/build/openjdk-lts-Ae5PRQ/openjdk-lts-10.0.2+13/src/hotspot/share/interpreter/linkResolver.c

Events (10 events):
Event: 1864.784 Executing VM operation: GetOwnedMonitorInfo done
Event: 1864.792 Executing VM operation: GetFrameCount
Event: 1864.792 Executing VM operation: GetFrameCount done
Event: 1864.792 Executing VM operation: GetOwnedMonitorInfo
Event: 1864.792 Executing VM operation: GetOwnedMonitorInfo done
Event: 1864.792 Executing VM operation: GetCurrentContendedMonitor
Event: 1864.792 Executing VM operation: GetCurrentContendedMonitor done
Event: 1864.832 Executing VM operation: GetFrameLocation
Event: 1864.832 Executing VM operation: GetFrameLocation done
Event: 1864.832 Executing VM operation: GetOrSetLocal


Dynamic libraries:
85800000-8d400000 rw-p 00000000 00:00 0 
8d400000-100000000 ---p 00000000 00:00 0 
100000000-1000e0000 rw-p 00000000 00:00 0 
1000e0000-140000000 ---p 00000000 00:00 0 
5565694e3000-5565694e4000 r-xp 00000000 08:0c 16123179                   /usr/lib/jvm/java-11-openjdk-amd64/bin/java
5565696e4000-5565696e5000 r--p 00001000 08:0c 16123179                   /usr/lib/jvm/java-11-openjdk-amd64/bin/java
5565696e5000-5565696e6000 rw-p 00002000 08:0c 16123179                   /usr/lib/jvm/java-11-openjdk-amd64/bin/java
556569e98000-556569eb9000 rw-p 00000000 00:00 0                          [heap]
7fae74000000-7fae748f9000 rw-p 00000000 00:00 0 
7fae748f9000-7fae78000000 ---p 00000000 00:00 0 
7fae78000000-7fae7824d000 rw-p 00000000 00:00 0 
7fae7824d000-7fae7c000000 ---p 00000000 00:00 0 
7fae7c000000-7fae7c021000 rw-p 00000000 00:00 0 
7fae7c021000-7fae80000000 ---p 00000000 00:00 0 
7fae80000000-7fae80021000 rw-p 00000000 00:00 0 
7fae80021000-7fae84000000 ---p 00000000 00:00 0 
7fae84000000-7fae84021000 rw-p 00000000 00:00 0 
7fae84021000-7fae88000000 ---p 00000000 00:00 0 
7fae88000000-7fae88021000 rw-p 00000000 00:00 0 
7fae88021000-7fae8c000000 ---p 00000000 00:00 0 
7fae8c000000-7fae8c079000 rw-p 00000000 00:00 0 
7fae8c079000-7fae90000000 ---p 00000000 00:00 0 
7fae90000000-7fae90021000 rw-p 00000000 00:00 0 
7fae90021000-7fae94000000 ---p 00000000 00:00 0 
7fae94000000-7fae9452b000 rw-p 00000000 00:00 0 
7fae9452b000-7fae98000000 ---p 00000000 00:00 0 
7fae98000000-7fae98021000 rw-p 00000000 00:00 0 
7fae98021000-7fae9c000000 ---p 00000000 00:00 0 
7fae9c000000-7fae9fffa000 rw-p 00000000 00:00 0 
7fae9fffa000-7faea0000000 ---p 00000000 00:00 0 
7faea0000000-7faea3ffa000 rw-p 00000000 00:00 0 
7faea3ffa000-7faea4000000 ---p 00000000 00:00 0 
7faea4000000-7faea4021000 rw-p 00000000 00:00 0 
7faea4021000-7faea8000000 ---p 00000000 00:00 0 
7faea8000000-7faea8021000 rw-p 00000000 00:00 0 
7faea8021000-7faeac000000 ---p 00000000 00:00 0 
7faeac000000-7faeac46d000 rw-p 00000000 00:00 0 
7faeac46d000-7faeb0000000 ---p 00000000 00:00 0 
7faeb0000000-7faeb0021000 rw-p 00000000 00:00 0 
7faeb0021000-7faeb4000000 ---p 00000000 00:00 0 
7faeb4000000-7faeb4021000 rw-p 00000000 00:00 0 
7faeb4021000-7faeb8000000 ---p 00000000 00:00 0 
7faeb8000000-7faeb8021000 rw-p 00000000 00:00 0 
7faeb8021000-7faebc000000 ---p 00000000 00:00 0 
7faebc000000-7faebc021000 rw-p 00000000 00:00 0 
7faebc021000-7faec0000000 ---p 00000000 00:00 0 
7faec0000000-7faec0021000 rw-p 00000000 00:00 0 
7faec0021000-7faec4000000 ---p 00000000 00:00 0 
7faec4000000-7faec4021000 rw-p 00000000 00:00 0 
7faec4021000-7faec8000000 ---p 00000000 00:00 0 
7faec8000000-7faec8021000 rw-p 00000000 00:00 0 
7faec8021000-7faecc000000 ---p 00000000 00:00 0 
7faecc000000-7faecc021000 rw-p 00000000 00:00 0 
7faecc021000-7faed0000000 ---p 00000000 00:00 0 
7faed0fe2000-7faed1162000 rw-p 00000000 00:00 0 
7faed1162000-7faed11e2000 ---p 00000000 00:00 0 
7faed11e2000-7faed11e3000 ---p 00000000 00:00 0 
7faed11e3000-7faed12e4000 rw-p 00000000 00:00 0 
7faed12e4000-7faed12e8000 ---p 00000000 00:00 0 
7faed12e8000-7faed13e5000 rw-p 00000000 00:00 0 
7faed13e5000-7faed13fc000 r-xp 00000000 08:0c 18089975                   /usr/lib/jvm/java-11-openjdk-amd64/lib/libnet.so
7faed13fc000-7faed15fb000 ---p 00017000 08:0c 18089975                   /usr/lib/jvm/java-11-openjdk-amd64/lib/libnet.so
7faed15fb000-7faed15fc000 r--p 00016000 08:0c 18089975                   /usr/lib/jvm/java-11-openjdk-amd64/lib/libnet.so
7faed15fc000-7faed15fd000 rw-p 00017000 08:0c 18089975                   /usr/lib/jvm/java-11-openjdk-amd64/lib/libnet.so
7faed15fd000-7faed160e000 r-xp 00000000 08:0c 18089976                   /usr/lib/jvm/java-11-openjdk-amd64/lib/libnio.so
7faed160e000-7faed180d000 ---p 00011000 08:0c 18089976                   /usr/lib/jvm/java-11-openjdk-amd64/lib/libnio.so
7faed180d000-7faed180e000 r--p 00010000 08:0c 18089976                   /usr/lib/jvm/java-11-openjdk-amd64/lib/libnio.so
7faed180e000-7faed180f000 rw-p 00011000 08:0c 18089976                   /usr/lib/jvm/java-11-openjdk-amd64/lib/libnio.so
7faed180f000-7faed1813000 ---p 00000000 00:00 0 
7faed1813000-7faed1910000 rw-p 00000000 00:00 0 
7faed1910000-7faed1914000 ---p 00000000 00:00 0 
7faed1914000-7faed1a11000 rw-p 00000000 00:00 0 
7faed1a11000-7faed1a15000 ---p 00000000 00:00 0 
7faed1a15000-7faed1b12000 rw-p 00000000 00:00 0 
7faed1b12000-7faed1b16000 ---p 00000000 00:00 0 
7faed1b16000-7faed1c13000 rw-p 00000000 00:00 0 
7faed1c13000-7faed1c18000 r-xp 00000000 08:0c 18089955                   /usr/lib/jvm/java-11-openjdk-amd64/lib/libdt_socket.so
7faed1c18000-7faed1e17000 ---p 00005000 08:0c 18089955                   /usr/lib/jvm/java-11-openjdk-amd64/lib/libdt_socket.so
7faed1e17000-7faed1e18000 r--p 00004000 08:0c 18089955                   /usr/lib/jvm/java-11-openjdk-amd64/lib/libdt_socket.so
7faed1e18000-7faed1e19000 rw-p 00005000 08:0c 18089955                   /usr/lib/jvm/java-11-openjdk-amd64/lib/libdt_socket.so
7faed1e19000-7faed1e1d000 ---p 00000000 00:00 0 
7faed1e1d000-7faed1f1a000 rw-p 00000000 00:00 0 
7faed1f1a000-7faed1f1e000 ---p 00000000 00:00 0 
7faed1f1e000-7faed201b000 rw-p 00000000 00:00 0 
7faed201b000-7faed201f000 ---p 00000000 00:00 0 
7faed201f000-7faed211c000 rw-p 00000000 00:00 0 
7faed211c000-7faed2120000 ---p 00000000 00:00 0 
7faed2120000-7faed221d000 rw-p 00000000 00:00 0 
7faed221d000-7faed2221000 ---p 00000000 00:00 0 
7faed2221000-7faed231e000 rw-p 00000000 00:00 0 
7faed231e000-7faed2ced000 r--p 00000000 08:0c 15995895                   /usr/lib/locale/locale-archive
7faed2ced000-7faed2cf1000 ---p 00000000 00:00 0 
7faed2cf1000-7faed2dee000 rw-p 00000000 00:00 0 
7faed2dee000-7faed2df2000 ---p 00000000 00:00 0 
7faed2df2000-7faed2eef000 rw-p 00000000 00:00 0 
7faed2eef000-7faed2ef0000 ---p 00000000 00:00 0 
7faed2ef0000-7faed37f1000 rw-p 00000000 00:00 0 
7faed37f1000-7faed37f2000 ---p 00000000 00:00 0 
7faed37f2000-7faed38f3000 rw-p 00000000 00:00 0 
7faed38f3000-7faed38f4000 ---p 00000000 00:00 0 
7faed38f4000-7faed39f5000 rw-p 00000000 00:00 0 
7faed39f5000-7faed39f6000 ---p 00000000 00:00 0 
7faed39f6000-7faed3af7000 rw-p 00000000 00:00 0 
7faed3af7000-7faed3af8000 ---p 00000000 00:00 0 
7faed3af8000-7faed3bf9000 rw-p 00000000 00:00 0 
7faed3bf9000-7faed3bfa000 ---p 00000000 00:00 0 
7faed3bfa000-7faed3cfb000 rw-p 00000000 00:00 0 
7faed3cfb000-7faed3cfc000 ---p 00000000 00:00 0 
7faed3cfc000-7faed3dfd000 rw-p 00000000 00:00 0 
7faed3dfd000-7faed3dfe000 ---p 00000000 00:00 0 
7faed3dfe000-7faed4000000 rw-p 00000000 00:00 0 
7faed4000000-7faed4021000 rw-p 00000000 00:00 0 
7faed4021000-7faed8000000 ---p 00000000 00:00 0 
7faed8000000-7faed8021000 rw-p 00000000 00:00 0 
7faed8021000-7faedc000000 ---p 00000000 00:00 0 
7faedc000000-7faedc021000 rw-p 00000000 00:00 0 
7faedc021000-7faee0000000 ---p 00000000 00:00 0 
7faee0000000-7faee0021000 rw-p 00000000 00:00 0 
7faee0021000-7faee4000000 ---p 00000000 00:00 0 
7faee405f000-7faee6350000 rw-p 00000000 00:00 0 
7faee6350000-7faee8000000 ---p 00000000 00:00 0 
7faee8000000-7faee8021000 rw-p 00000000 00:00 0 
7faee8021000-7faeec000000 ---p 00000000 00:00 0 
7faeec000000-7faeec021000 rw-p 00000000 00:00 0 
7faeec021000-7faef0000000 ---p 00000000 00:00 0 
7faef0000000-7faef0021000 rw-p 00000000 00:00 0 
7faef0021000-7faef4000000 ---p 00000000 00:00 0 
7faef4000000-7faef4021000 rw-p 00000000 00:00 0 
7faef4021000-7faef8000000 ---p 00000000 00:00 0 
7faef8000000-7faef8021000 rw-p 00000000 00:00 0 
7faef8021000-7faefc000000 ---p 00000000 00:00 0 
7faefc022000-7faefc4f7000 rw-p 00000000 00:00 0 
7faefc4f7000-7faefc4f8000 ---p 00000000 00:00 0 
7faefc4f8000-7faefc5f9000 rw-p 00000000 00:00 0 
7faefc5f9000-7faefc5fa000 ---p 00000000 00:00 0 
7faefc5fa000-7faefc6fb000 rw-p 00000000 00:00 0 
7faefc6fb000-7faefc6fc000 ---p 00000000 00:00 0 
7faefc6fc000-7faefc9ed000 rw-p 00000000 00:00 0 
7faefc9ed000-7faefe69d000 ---p 00000000 00:00 0 
7faefe69d000-7faefe6db000 rw-p 00000000 00:00 0 
7faefe6db000-7faefea71000 ---p 00000000 00:00 0 
7faefea71000-7faefeaaf000 rw-p 00000000 00:00 0 
7faefeaaf000-7faefee45000 ---p 00000000 00:00 0 
7faefee45000-7faefee83000 rw-p 00000000 00:00 0 
7faefee83000-7faeff219000 ---p 00000000 00:00 0 
7faeff219000-7faeff81f000 rw-p 00000000 00:00 0 
7faeff81f000-7faeff820000 ---p 00000000 00:00 0 
7faeff820000-7faeff921000 rw-p 00000000 00:00 0 
7faeff921000-7faeff922000 ---p 00000000 00:00 0 
7faeff922000-7faeffa23000 rw-p 00000000 00:00 0 
7faeffa23000-7faeffa24000 ---p 00000000 00:00 0 
7faeffa24000-7faeffb25000 rw-p 00000000 00:00 0 
7faeffb25000-7faeffd95000 rwxp 00000000 00:00 0 
7faeffd95000-7faf000b5000 ---p 00000000 00:00 0 
7faf000b5000-7faf00325000 rwxp 00000000 00:00 0 
7faf00325000-7faf075ed000 ---p 00000000 00:00 0 
7faf075ed000-7faf0785d000 rwxp 00000000 00:00 0 
7faf0785d000-7faf0eb25000 ---p 00000000 00:00 0 
7faf0eb25000-7faf18000000 r--s 00000000 08:0c 18089985                   /usr/lib/jvm/java-11-openjdk-amd64/lib/modules
7faf18000000-7faf184b5000 rw-p 00000000 00:00 0 
7faf184b5000-7faf1c000000 ---p 00000000 00:00 0 
7faf1c021000-7faf1c022000 ---p 00000000 00:00 0 
7faf1c022000-7faf1c123000 rw-p 00000000 00:00 0 
7faf1c123000-7faf1c124000 ---p 00000000 00:00 0 
7faf1c124000-7faf1c225000 rw-p 00000000 00:00 0 
7faf1c225000-7faf1c226000 ---p 00000000 00:00 0 
7faf1c226000-7faf1c32c000 rw-p 00000000 00:00 0 
7faf1c32c000-7faf1c412000 ---p 00000000 00:00 0 
7faf1c412000-7faf1c417000 rw-p 00000000 00:00 0 
7faf1c417000-7faf1c4fd000 ---p 00000000 00:00 0 
7faf1c4fd000-7faf1c502000 r-xp 00000000 08:0c 18089967                   /usr/lib/jvm/java-11-openjdk-amd64/lib/libjimage.so
7faf1c502000-7faf1c701000 ---p 00005000 08:0c 18089967                   /usr/lib/jvm/java-11-openjdk-amd64/lib/libjimage.so
7faf1c701000-7faf1c702000 r--p 00004000 08:0c 18089967                   /usr/lib/jvm/java-11-openjdk-amd64/lib/libjimage.so
7faf1c702000-7faf1c703000 rw-p 00005000 08:0c 18089967                   /usr/lib/jvm/java-11-openjdk-amd64/lib/libjimage.so
7faf1c703000-7faf1c70a000 r-xp 00000000 08:0c 18089984                   /usr/lib/jvm/java-11-openjdk-amd64/lib/libzip.so
7faf1c70a000-7faf1c909000 ---p 00007000 08:0c 18089984                   /usr/lib/jvm/java-11-openjdk-amd64/lib/libzip.so
7faf1c909000-7faf1c90a000 r--p 00006000 08:0c 18089984                   /usr/lib/jvm/java-11-openjdk-amd64/lib/libzip.so
7faf1c90a000-7faf1c90b000 rw-p 00007000 08:0c 18089984                   /usr/lib/jvm/java-11-openjdk-amd64/lib/libzip.so
7faf1c90b000-7faf1c916000 r-xp 00000000 08:0a 136829                     /lib/x86_64-linux-gnu/libnss_files-2.27.so
7faf1c916000-7faf1cb15000 ---p 0000b000 08:0a 136829                     /lib/x86_64-linux-gnu/libnss_files-2.27.so
7faf1cb15000-7faf1cb16000 r--p 0000a000 08:0a 136829                     /lib/x86_64-linux-gnu/libnss_files-2.27.so
7faf1cb16000-7faf1cb17000 rw-p 0000b000 08:0a 136829                     /lib/x86_64-linux-gnu/libnss_files-2.27.so
7faf1cb17000-7faf1cb1d000 rw-p 00000000 00:00 0 
7faf1cb1d000-7faf1cb34000 r-xp 00000000 08:0a 136823                     /lib/x86_64-linux-gnu/libnsl-2.27.so
7faf1cb34000-7faf1cd33000 ---p 00017000 08:0a 136823                     /lib/x86_64-linux-gnu/libnsl-2.27.so
7faf1cd33000-7faf1cd34000 r--p 00016000 08:0a 136823                     /lib/x86_64-linux-gnu/libnsl-2.27.so
7faf1cd34000-7faf1cd35000 rw-p 00017000 08:0a 136823                     /lib/x86_64-linux-gnu/libnsl-2.27.so
7faf1cd35000-7faf1cd37000 rw-p 00000000 00:00 0 
7faf1cd37000-7faf1cd42000 r-xp 00000000 08:0a 136840                     /lib/x86_64-linux-gnu/libnss_nis-2.27.so
7faf1cd42000-7faf1cf41000 ---p 0000b000 08:0a 136840                     /lib/x86_64-linux-gnu/libnss_nis-2.27.so
7faf1cf41000-7faf1cf42000 r--p 0000a000 08:0a 136840                     /lib/x86_64-linux-gnu/libnss_nis-2.27.so
7faf1cf42000-7faf1cf43000 rw-p 0000b000 08:0a 136840                     /lib/x86_64-linux-gnu/libnss_nis-2.27.so
7faf1cf43000-7faf1cf4b000 r-xp 00000000 08:0a 136825                     /lib/x86_64-linux-gnu/libnss_compat-2.27.so
7faf1cf4b000-7faf1d14b000 ---p 00008000 08:0a 136825                     /lib/x86_64-linux-gnu/libnss_compat-2.27.so
7faf1d14b000-7faf1d14c000 r--p 00008000 08:0a 136825                     /lib/x86_64-linux-gnu/libnss_compat-2.27.so
7faf1d14c000-7faf1d14d000 rw-p 00009000 08:0a 136825                     /lib/x86_64-linux-gnu/libnss_compat-2.27.so
7faf1d14d000-7faf1d157000 r-xp 00000000 08:0c 18089958                   /usr/lib/jvm/java-11-openjdk-amd64/lib/libinstrument.so
7faf1d157000-7faf1d356000 ---p 0000a000 08:0c 18089958                   /usr/lib/jvm/java-11-openjdk-amd64/lib/libinstrument.so
7faf1d356000-7faf1d357000 r--p 00009000 08:0c 18089958                   /usr/lib/jvm/java-11-openjdk-amd64/lib/libinstrument.so
7faf1d357000-7faf1d358000 rw-p 0000a000 08:0c 18089958                   /usr/lib/jvm/java-11-openjdk-amd64/lib/libinstrument.so
7faf1d358000-7faf1d395000 r-xp 00000000 08:0c 18089966                   /usr/lib/jvm/java-11-openjdk-amd64/lib/libjdwp.so
7faf1d395000-7faf1d594000 ---p 0003d000 08:0c 18089966                   /usr/lib/jvm/java-11-openjdk-amd64/lib/libjdwp.so
7faf1d594000-7faf1d595000 r--p 0003c000 08:0c 18089966                   /usr/lib/jvm/java-11-openjdk-amd64/lib/libjdwp.so
7faf1d595000-7faf1d596000 rw-p 0003d000 08:0c 18089966                   /usr/lib/jvm/java-11-openjdk-amd64/lib/libjdwp.so
7faf1d596000-7faf1d5c2000 r-xp 00000000 08:0c 18089963                   /usr/lib/jvm/java-11-openjdk-amd64/lib/libjava.so
7faf1d5c2000-7faf1d7c1000 ---p 0002c000 08:0c 18089963                   /usr/lib/jvm/java-11-openjdk-amd64/lib/libjava.so
7faf1d7c1000-7faf1d7c2000 r--p 0002b000 08:0c 18089963                   /usr/lib/jvm/java-11-openjdk-amd64/lib/libjava.so
7faf1d7c2000-7faf1d7c4000 rw-p 0002c000 08:0c 18089963                   /usr/lib/jvm/java-11-openjdk-amd64/lib/libjava.so
7faf1d7c4000-7faf1d7d1000 r-xp 00000000 08:0c 18089983                   /usr/lib/jvm/java-11-openjdk-amd64/lib/libverify.so
7faf1d7d1000-7faf1d9d0000 ---p 0000d000 08:0c 18089983                   /usr/lib/jvm/java-11-openjdk-amd64/lib/libverify.so
7faf1d9d0000-7faf1d9d2000 r--p 0000c000 08:0c 18089983                   /usr/lib/jvm/java-11-openjdk-amd64/lib/libverify.so
7faf1d9d2000-7faf1d9d3000 rw-p 0000e000 08:0c 18089983                   /usr/lib/jvm/java-11-openjdk-amd64/lib/libverify.so
7faf1d9d3000-7faf1d9da000 r-xp 00000000 08:0a 136880                     /lib/x86_64-linux-gnu/librt-2.27.so
7faf1d9da000-7faf1dbd9000 ---p 00007000 08:0a 136880                     /lib/x86_64-linux-gnu/librt-2.27.so
7faf1dbd9000-7faf1dbda000 r--p 00006000 08:0a 136880                     /lib/x86_64-linux-gnu/librt-2.27.so
7faf1dbda000-7faf1dbdb000 rw-p 00007000 08:0a 136880                     /lib/x86_64-linux-gnu/librt-2.27.so
7faf1dbdb000-7faf1dbf2000 r-xp 00000000 08:0a 136276                     /lib/x86_64-linux-gnu/libgcc_s.so.1
7faf1dbf2000-7faf1ddf1000 ---p 00017000 08:0a 136276                     /lib/x86_64-linux-gnu/libgcc_s.so.1
7faf1ddf1000-7faf1ddf2000 r--p 00016000 08:0a 136276                     /lib/x86_64-linux-gnu/libgcc_s.so.1
7faf1ddf2000-7faf1ddf3000 rw-p 00017000 08:0a 136276                     /lib/x86_64-linux-gnu/libgcc_s.so.1
7faf1ddf3000-7faf1df90000 r-xp 00000000 08:0a 136802                     /lib/x86_64-linux-gnu/libm-2.27.so
7faf1df90000-7faf1e18f000 ---p 0019d000 08:0a 136802                     /lib/x86_64-linux-gnu/libm-2.27.so
7faf1e18f000-7faf1e190000 r--p 0019c000 08:0a 136802                     /lib/x86_64-linux-gnu/libm-2.27.so
7faf1e190000-7faf1e191000 rw-p 0019d000 08:0a 136802                     /lib/x86_64-linux-gnu/libm-2.27.so
7faf1e191000-7faf1e30a000 r-xp 00000000 08:0c 15991317                   /usr/lib/x86_64-linux-gnu/libstdc++.so.6.0.25
7faf1e30a000-7faf1e50a000 ---p 00179000 08:0c 15991317                   /usr/lib/x86_64-linux-gnu/libstdc++.so.6.0.25
7faf1e50a000-7faf1e514000 r--p 00179000 08:0c 15991317                   /usr/lib/x86_64-linux-gnu/libstdc++.so.6.0.25
7faf1e514000-7faf1e516000 rw-p 00183000 08:0c 15991317                   /usr/lib/x86_64-linux-gnu/libstdc++.so.6.0.25
7faf1e516000-7faf1e51a000 rw-p 00000000 00:00 0 
7faf1e51a000-7faf1f4b7000 r-xp 00000000 08:0c 18089990                   /usr/lib/jvm/java-11-openjdk-amd64/lib/server/libjvm.so
7faf1f4b7000-7faf1f6b7000 ---p 00f9d000 08:0c 18089990                   /usr/lib/jvm/java-11-openjdk-amd64/lib/server/libjvm.so
7faf1f6b7000-7faf1f77b000 r--p 00f9d000 08:0c 18089990                   /usr/lib/jvm/java-11-openjdk-amd64/lib/server/libjvm.so
7faf1f77b000-7faf1f7b3000 rw-p 01061000 08:0c 18089990                   /usr/lib/jvm/java-11-openjdk-amd64/lib/server/libjvm.so
7faf1f7b3000-7faf1f7fc000 rw-p 00000000 00:00 0 
7faf1f7fc000-7faf1f816000 r-xp 00000000 08:0a 136872                     /lib/x86_64-linux-gnu/libpthread-2.27.so
7faf1f816000-7faf1fa15000 ---p 0001a000 08:0a 136872                     /lib/x86_64-linux-gnu/libpthread-2.27.so
7faf1fa15000-7faf1fa16000 r--p 00019000 08:0a 136872                     /lib/x86_64-linux-gnu/libpthread-2.27.so
7faf1fa16000-7faf1fa17000 rw-p 0001a000 08:0a 136872                     /lib/x86_64-linux-gnu/libpthread-2.27.so
7faf1fa17000-7faf1fa1b000 rw-p 00000000 00:00 0 
7faf1fa1b000-7faf1fa1e000 r-xp 00000000 08:0a 136762                     /lib/x86_64-linux-gnu/libdl-2.27.so
7faf1fa1e000-7faf1fc1d000 ---p 00003000 08:0a 136762                     /lib/x86_64-linux-gnu/libdl-2.27.so
7faf1fc1d000-7faf1fc1e000 r--p 00002000 08:0a 136762                     /lib/x86_64-linux-gnu/libdl-2.27.so
7faf1fc1e000-7faf1fc1f000 rw-p 00003000 08:0a 136762                     /lib/x86_64-linux-gnu/libdl-2.27.so
7faf1fc1f000-7faf1fc3b000 r-xp 00000000 08:0a 136911                     /lib/x86_64-linux-gnu/libz.so.1.2.11
7faf1fc3b000-7faf1fe3a000 ---p 0001c000 08:0a 136911                     /lib/x86_64-linux-gnu/libz.so.1.2.11
7faf1fe3a000-7faf1fe3b000 r--p 0001b000 08:0a 136911                     /lib/x86_64-linux-gnu/libz.so.1.2.11
7faf1fe3b000-7faf1fe3c000 rw-p 0001c000 08:0a 136911                     /lib/x86_64-linux-gnu/libz.so.1.2.11
7faf1fe3c000-7faf20023000 r-xp 00000000 08:0a 136739                     /lib/x86_64-linux-gnu/libc-2.27.so
7faf20023000-7faf20223000 ---p 001e7000 08:0a 136739                     /lib/x86_64-linux-gnu/libc-2.27.so
7faf20223000-7faf20227000 r--p 001e7000 08:0a 136739                     /lib/x86_64-linux-gnu/libc-2.27.so
7faf20227000-7faf20229000 rw-p 001eb000 08:0a 136739                     /lib/x86_64-linux-gnu/libc-2.27.so
7faf20229000-7faf2022d000 rw-p 00000000 00:00 0 
7faf2022d000-7faf2023c000 r-xp 00000000 08:0c 18089948                   /usr/lib/jvm/java-11-openjdk-amd64/lib/jli/libjli.so
7faf2023c000-7faf2043b000 ---p 0000f000 08:0c 18089948                   /usr/lib/jvm/java-11-openjdk-amd64/lib/jli/libjli.so
7faf2043b000-7faf2043c000 r--p 0000e000 08:0c 18089948                   /usr/lib/jvm/java-11-openjdk-amd64/lib/jli/libjli.so
7faf2043c000-7faf2043d000 rw-p 0000f000 08:0c 18089948                   /usr/lib/jvm/java-11-openjdk-amd64/lib/jli/libjli.so
7faf2043d000-7faf20464000 r-xp 00000000 08:0a 136711                     /lib/x86_64-linux-gnu/ld-2.27.so
7faf20481000-7faf20488000 r--s 00000000 08:0c 16256106                   /usr/lib/x86_64-linux-gnu/gconv/gconv-modules.cache
7faf20488000-7faf20545000 rw-p 00000000 00:00 0 
7faf20545000-7faf20549000 ---p 00000000 00:00 0 
7faf20549000-7faf20648000 rw-p 00000000 00:00 0 
7faf2064b000-7faf20651000 rw-p 00000000 00:00 0 
7faf20651000-7faf20658000 ---p 00000000 00:00 0 
7faf20658000-7faf20660000 rw-s 00000000 08:0a 132839                     /tmp/hsperfdata_poorlemon/20115
7faf20660000-7faf20661000 ---p 00000000 00:00 0 
7faf20661000-7faf20662000 r--p 00000000 00:00 0 
7faf20662000-7faf20664000 rw-p 00000000 00:00 0 
7faf20664000-7faf20665000 r--p 00027000 08:0a 136711                     /lib/x86_64-linux-gnu/ld-2.27.so
7faf20665000-7faf20666000 rw-p 00028000 08:0a 136711                     /lib/x86_64-linux-gnu/ld-2.27.so
7faf20666000-7faf20667000 rw-p 00000000 00:00 0 
7fff2b9d9000-7fff2b9fa000 rw-p 00000000 00:00 0                          [stack]
7fff2b9fa000-7fff2b9fd000 r--p 00000000 00:00 0                          [vvar]
7fff2b9fd000-7fff2b9ff000 r-xp 00000000 00:00 0                          [vdso]
ffffffffff600000-ffffffffff601000 r-xp 00000000 00:00 0                  [vsyscall]


VM Arguments:
jvm_args: -agentlib:jdwp=transport=dt_socket,suspend=y,address=localhost:46183 -javaagent:/home/poorlemon/SoftWare/eclipse/configuration/org.eclipse.osgi/216/0/.cp/lib/javaagent-shaded.jar -Dfile.encoding=UTF-8 
java_command: com.huawei.Test
java_class_path (initial): /home/poorlemon/Work/HuaWei/SDK/SDK_java/code/CodeCraft-2019/bin:/home/poorlemon/Work/HuaWei/SDK/SDK_java/code/CodeCraft-2019/lib/commons-logging-1.2.jar:/home/poorlemon/Work/HuaWei/SDK/SDK_java/code/CodeCraft-2019/lib/log4j-1.2.17.jar
Launcher Type: SUN_STANDARD

Logging:
Log output configuration:
#0: stdout all=warning uptime,level,tags
#1: stderr all=off uptime,level,tags

Environment Variables:
JAVA_HOME=/usr/lib/jvm/java-8-openjdk-amd64
JRE_HOME=/usr/java/jdk1.8.0_191/jre
CLASSPATH=.:/usr/java/jdk1.8.0_191/lib:/usr/java/jdk1.8.0_191/jre/lib:
PATH=/home/poorlemon/.local/bin:/usr/local/sbt/sbt/:/usr/local/spark/bin:/usr/local/sbin:/usr/local/bin:/usr/sbin:/usr/bin:/sbin:/bin:/usr/games:/usr/local/games:/usr/java/jdk1.8.0_191/bin:/usr/java/jdk1.8.0_191/jre/bin:/snap/bin
USERNAME=poorlemon
SHELL=/bin/bash
DISPLAY=:0

Signal Handlers:
SIGSEGV: [libjvm.so+0xd28b70], sa_mask[0]=11111111011111111101111111111110, sa_flags=SA_RESTART|SA_SIGINFO
SIGBUS: [libjvm.so+0xd28b70], sa_mask[0]=11111111011111111101111111111110, sa_flags=SA_RESTART|SA_SIGINFO
SIGFPE: [libjvm.so+0xd28b70], sa_mask[0]=11111111011111111101111111111110, sa_flags=SA_RESTART|SA_SIGINFO
SIGPIPE: [libjvm.so+0xb2a1f0], sa_mask[0]=11111111011111111101111111111110, sa_flags=SA_RESTART|SA_SIGINFO
SIGXFSZ: [libjvm.so+0xb2a1f0], sa_mask[0]=11111111011111111101111111111110, sa_flags=SA_RESTART|SA_SIGINFO
SIGILL: [libjvm.so+0xd28b70], sa_mask[0]=11111111011111111101111111111110, sa_flags=SA_RESTART|SA_SIGINFO
SIGUSR2: [libjvm.so+0xb2a030], sa_mask[0]=00100000000000000000000000000000, sa_flags=SA_RESTART|SA_SIGINFO
SIGHUP: [libjvm.so+0xb2a180], sa_mask[0]=11111111011111111101111111111110, sa_flags=SA_RESTART|SA_SIGINFO
SIGINT: [libjvm.so+0xb2a180], sa_mask[0]=11111111011111111101111111111110, sa_flags=SA_RESTART|SA_SIGINFO
SIGTERM: [libjvm.so+0xb2a180], sa_mask[0]=11111111011111111101111111111110, sa_flags=SA_RESTART|SA_SIGINFO
SIGQUIT: [libjvm.so+0xb2a180], sa_mask[0]=11111111011111111101111111111110, sa_flags=SA_RESTART|SA_SIGINFO


---------------  S Y S T E M  ---------------

OS:DISTRIB_ID=Ubuntu
DISTRIB_RELEASE=18.04
DISTRIB_CODENAME=bionic
DISTRIB_DESCRIPTION="Ubuntu 18.04.1 LTS"
uname:Linux 4.15.0-46-generic #49-Ubuntu SMP Wed Feb 6 09:33:07 UTC 2019 x86_64
libc:glibc 2.27 NPTL 2.27 
rlimit: STACK 8192k, CORE 0k, NPROC 30913, NOFILE 1048576, AS infinity, DATA infinity, FSIZE infinity
load average:1.34 1.54 1.48

/proc/meminfo:
MemTotal:        8024260 kB
MemFree:          337640 kB
MemAvailable:    2786720 kB
Buffers:          348536 kB
Cached:          2903276 kB
SwapCached:            0 kB
Active:          4942432 kB
Inactive:        2188420 kB
Active(anon):    3837424 kB
Inactive(anon):   865296 kB
Active(file):    1105008 kB
Inactive(file):  1323124 kB
Unevictable:          80 kB
Mlocked:              80 kB
SwapTotal:       8000508 kB
SwapFree:        8000508 kB
Dirty:               288 kB
Writeback:             0 kB
AnonPages:       3879116 kB
Mapped:           919320 kB
Shmem:            866628 kB
Slab:             397072 kB
SReclaimable:     329764 kB
SUnreclaim:        67308 kB
KernelStack:       18960 kB
PageTables:        70572 kB
NFS_Unstable:          0 kB
Bounce:                0 kB
WritebackTmp:          0 kB
CommitLimit:    12012636 kB
Committed_AS:   10842448 kB
VmallocTotal:   34359738367 kB
VmallocUsed:           0 kB
VmallocChunk:          0 kB
HardwareCorrupted:     0 kB
AnonHugePages:         0 kB
ShmemHugePages:        0 kB
ShmemPmdMapped:        0 kB
CmaTotal:              0 kB
CmaFree:               0 kB
HugePages_Total:       0
HugePages_Free:        0
HugePages_Rsvd:        0
HugePages_Surp:        0
Hugepagesize:       2048 kB
DirectMap4k:      179872 kB
DirectMap2M:     7016448 kB
DirectMap1G:     1048576 kB

container (cgroup) information:
container_type: cgroupv1
cpu_cpuset_cpus: 0-5
cpu_memory_nodes: 0
active_processor_count: 6
cpu_quota: -1
cpu_period: 100000
cpu_shares: -1
memory_limit_in_bytes: -1
memory_and_swap_limit_in_bytes: -2
memory_soft_limit_in_bytes: -1
memory_usage_in_bytes: 7302082560
memory_max_usage_in_bytes: 0


CPU:total 6 (initial active 6) (6 cores per cpu, 1 threads per core) family 6 model 158 stepping 10, cmov, cx8, fxsr, mmx, sse, sse2, sse3, ssse3, sse4.1, sse4.2, popcnt, avx, avx2, aes, clmul, erms, rtm, 3dnowpref, lzcnt, tsc, tscinvbit, bmi1, bmi2, adx, fma
CPU Model and flags from /proc/cpuinfo:
model name	: Intel(R) Core(TM) i5-8500 CPU @ 3.00GHz
flags		: fpu vme de pse tsc msr pae mce cx8 apic sep mtrr pge mca cmov pat pse36 clflush dts acpi mmx fxsr sse sse2 ss ht tm pbe syscall nx pdpe1gb rdtscp lm constant_tsc art arch_perfmon pebs bts rep_good nopl xtopology nonstop_tsc cpuid aperfmperf tsc_known_freq pni pclmulqdq dtes64 monitor ds_cpl vmx smx est tm2 ssse3 sdbg fma cx16 xtpr pdcm pcid sse4_1 sse4_2 x2apic movbe popcnt tsc_deadline_timer aes xsave avx f16c rdrand lahf_lm abm 3dnowprefetch cpuid_fault epb invpcid_single pti ssbd ibrs ibpb stibp tpr_shadow vnmi flexpriority ept vpid fsgsbase tsc_adjust bmi1 hle avx2 smep bmi2 erms invpcid rtm mpx rdseed adx smap clflushopt intel_pt xsaveopt xsavec xgetbv1 xsaves dtherm ida arat pln pts hwp hwp_notify hwp_act_window hwp_epp flush_l1d

Memory: 4k page, physical 8024260k(337640k free), swap 8000508k(8000508k free)

vm_info: OpenJDK 64-Bit Server VM (10.0.2+13-Ubuntu-1ubuntu0.18.04.4) for linux-amd64 JRE (10.0.2+13-Ubuntu-1ubuntu0.18.04.4), built on Nov 13 2018 12:53:39 by "buildd" with gcc 7.3.0

END.
