#
# A fatal error has been detected by the Java Runtime Environment:
#
#  SIGSEGV (0xb) at pc=0x00007f4d8d7a4a8b, pid=1642, tid=1666
#
# JRE version: OpenJDK Runtime Environment (10.0.2+13) (build 10.0.2+13-Ubuntu-1ubuntu0.18.04.4)
# Java VM: OpenJDK 64-Bit Server VM (10.0.2+13-Ubuntu-1ubuntu0.18.04.4, mixed mode, tiered, compressed oops, g1 gc, linux-amd64)
# Problematic frame:
# V  [libjvm.so+0x937a8b]
#
# Core dump will be written. Default location: Core dumps may be processed with "/usr/share/apport/apport %p %s %c %d %P" (or dumping to /home/poorlemon/Work/HuaWei/SDK/SDK_java/code/CodeCraft-2019/core.1642)
#
# If you would like to submit a bug report, please visit:
#   http://bugreport.java.com/bugreport/crash.jsp
#

---------------  S U M M A R Y ------------

Command Line: -agentlib:jdwp=transport=dt_socket,suspend=y,address=localhost:41131 -javaagent:/home/poorlemon/SoftWare/eclipse/configuration/org.eclipse.osgi/216/0/.cp/lib/javaagent-shaded.jar -Dfile.encoding=UTF-8 com.huawei.Test

Host: Intel(R) Core(TM) i5-8500 CPU @ 3.00GHz, 6 cores, 7G, Ubuntu 18.04.1 LTS
Time: Wed Mar 27 21:17:58 2019 CST elapsed time: 246 seconds (0d 0h 4m 6s)

---------------  T H R E A D  ---------------

Current thread (0x00007f4d88159800):  VMThread "VM Thread" [stack: 0x00007f4d54048000,0x00007f4d54148000] [id=1666] _threads_hazard_ptr=0x00007f4d8832d290

Stack: [0x00007f4d54048000,0x00007f4d54148000],  sp=0x00007f4d541469e0,  free space=1018k
Native frames: (J=compiled Java code, A=aot compiled Java code, j=interpreted, Vv=VM code, C=native code)
V  [libjvm.so+0x937a8b]
V  [libjvm.so+0x937d42]
V  [libjvm.so+0xd38871]
V  [libjvm.so+0xd35b3b]
V  [libjvm.so+0xd3715e]
V  [libjvm.so+0xd37588]
V  [libjvm.so+0xb33d40]


siginfo: si_signo: 11 (SIGSEGV), si_code: 1 (SEGV_MAPERR), si_addr: 0x000000007f4d6ea2

Register to memory mapping:

RAX=0x000000007f4d6e8a is an unknown value
RBX=0x00007f4d88104530 is an unknown value
RCX=0x00007f4d54146a20 is an unknown value
RDX=
[error occurred during error reporting (printing register info), id 0xb]

Registers:
RAX=0x000000007f4d6e8a, RBX=0x00007f4d88104530, RCX=0x00007f4d54146a20, RDX=0x00000000ffffff76
RSP=0x00007f4d541469e0, RBP=0x00007f4d54146a90, RSI=0x00007f4cf396db78, RDI=0x00007f4d40522b70
R8 =0x0000000000000071, R9 =0x00007f4d0c0eea08, R10=0x0000000000001210, R11=0x00007f4d54146980
R12=0x00007f4cf396db98, R13=0x00007f4d88156ba0, R14=0x00007f4d88104540, R15=0x00007f4d0c0ed7d0
RIP=0x00007f4d8d7a4a8b, EFLAGS=0x0000000000010202, CSGSFS=0x002b000000000033, ERR=0x0000000000000004
  TRAPNO=0x000000000000000e

Top of Stack: (sp=0x00007f4d541469e0)
0x00007f4d541469e0:   00007f4d40522b70 00007f4d40522b68
0x00007f4d541469f0:   00000000000003d8 00007f4d88013000
0x00007f4d54146a00:   00007f4d54146a20 00007f4d88104918
0x00007f4d54146a10:   00007f4cf396db98 0000000000000000 

Instructions: (pc=0x00007f4d8d7a4a8b)
0x00007f4d8d7a4a6b:   ff 48 c7 00 ff ff ff ff 49 8b 44 24 08 4d 85 e4
0x00007f4d8d7a4a7b:   4c 89 65 80 48 8b 40 08 48 c7 45 88 00 00 00 00
0x00007f4d8d7a4a8b:   4c 8b 40 18 74 47 4c 89 85 68 ff ff ff 66 48 8d
0x00007f4d8d7a4a9b:   3d 30 95 92 00 66 66 48 e8 08 a9 94 ff 4c 8b 85 

VM_Operation (0x00007f4d405229d0): GetFrameLocation, mode: safepoint, requested by thread 0x00007f4d88247800


---------------  P R O C E S S  ---------------

Threads class SMR info:
_java_thread_list=0x00007f4d8832d290, length=13, elements={
0x00007f4d88013000, 0x00007f4d88163800, 0x00007f4d88165800, 0x00007f4d8817a000,
0x00007f4d8817c000, 0x00007f4d8817e000, 0x00007f4d88180000, 0x00007f4d88182000,
0x00007f4d88247800, 0x00007f4d8824b800, 0x00007f4cfc001800, 0x00007f4d8825f000,
0x00007f4d88331800
}

Java Threads: ( => current thread )
  0x00007f4d88013000 JavaThread "main" [_thread_blocked, id=1647, stack(0x00007f4d8ee98000,0x00007f4d8ef99000)]
  0x00007f4d88163800 JavaThread "Reference Handler" daemon [_thread_blocked, id=1667, stack(0x00007f4d416ff000,0x00007f4d41800000)]
  0x00007f4d88165800 JavaThread "Finalizer" daemon [_thread_blocked, id=1668, stack(0x00007f4d415fe000,0x00007f4d416ff000)]
  0x00007f4d8817a000 JavaThread "Signal Dispatcher" daemon [_thread_blocked, id=1669, stack(0x00007f4d40b2e000,0x00007f4d40c2f000)]
  0x00007f4d8817c000 JavaThread "C2 CompilerThread0" daemon [_thread_blocked, id=1670, stack(0x00007f4d40a2d000,0x00007f4d40b2e000)]
  0x00007f4d8817e000 JavaThread "C2 CompilerThread1" daemon [_thread_blocked, id=1671, stack(0x00007f4d4092c000,0x00007f4d40a2d000)]
  0x00007f4d88180000 JavaThread "C1 CompilerThread2" daemon [_thread_blocked, id=1672, stack(0x00007f4d4082b000,0x00007f4d4092c000)]
  0x00007f4d88182000 JavaThread "Sweeper thread" daemon [_thread_blocked, id=1673, stack(0x00007f4d4072a000,0x00007f4d4082b000)]
  0x00007f4d88247800 JavaThread "JDWP Transport Listener: dt_socket" daemon [_thread_blocked, id=1675, stack(0x00007f4d40423000,0x00007f4d40524000)] _threads_hazard_ptr=0x00007f4d8832d290
  0x00007f4d8824b800 JavaThread "JDWP Event Helper Thread" daemon [_thread_blocked, id=1678, stack(0x00007f4d40322000,0x00007f4d40423000)]
  0x00007f4cfc001800 JavaThread "JDWP Command Reader" daemon [_thread_in_native, id=1679, stack(0x00007f4d40221000,0x00007f4d40322000)]
  0x00007f4d8825f000 JavaThread "Common-Cleaner" daemon [_thread_blocked, id=1682, stack(0x00007f4d40120000,0x00007f4d40221000)]
  0x00007f4d88331800 JavaThread "Service Thread" daemon [_thread_blocked, id=1683, stack(0x00007f4d4001f000,0x00007f4d40120000)]

Other Threads:
=>0x00007f4d88159800 VMThread "VM Thread" [stack: 0x00007f4d54048000,0x00007f4d54148000] [id=1666] _threads_hazard_ptr=0x00007f4d8832d290
  0x00007f4d88333800 WatcherThread [stack: 0x00007f4cf3ad6000,0x00007f4cf3bd6000] [id=1684]
  0x00007f4d8802a000 GCTaskThread "GC Thread#0" [stack: 0x00007f4d6e673000,0x00007f4d6e773000] [id=1649]
  0x00007f4d8802b800 GCTaskThread "GC Thread#1" [stack: 0x00007f4d6e571000,0x00007f4d6e671000] [id=1650]
  0x00007f4d8802d000 GCTaskThread "GC Thread#2" [stack: 0x00007f4d6e46f000,0x00007f4d6e56f000] [id=1651]
  0x00007f4d8802e800 GCTaskThread "GC Thread#3" [stack: 0x00007f4d6e36d000,0x00007f4d6e46d000] [id=1652]
  0x00007f4d88030800 GCTaskThread "GC Thread#4" [stack: 0x00007f4d6e26b000,0x00007f4d6e36b000] [id=1653]
  0x00007f4d88032000 GCTaskThread "GC Thread#5" [stack: 0x00007f4d6e169000,0x00007f4d6e269000] [id=1655]
  0x00007f4d8805b800 ConcurrentGCThread "G1 Main Marker" [stack: 0x00007f4d6cee5000,0x00007f4d6cfe5000] [id=1656]
  0x00007f4d8805d000 ConcurrentGCThread "G1 Conc#0" [stack: 0x00007f4d6cde3000,0x00007f4d6cee3000] [id=1657]
  0x00007f4d8805f000 ConcurrentGCThread "G1 Conc#1" [stack: 0x00007f4d6cce1000,0x00007f4d6cde1000] [id=1658]
  0x00007f4d880c7000 ConcurrentGCThread "G1 Refine#0" [stack: 0x00007f4d6c5d9000,0x00007f4d6c6d9000] [id=1659]
  0x00007f4d880c8800 ConcurrentGCThread "G1 Refine#1" [stack: 0x00007f4d6c4d7000,0x00007f4d6c5d7000] [id=1660]
  0x00007f4d880ca800 ConcurrentGCThread "G1 Refine#2" [stack: 0x00007f4d6c3d5000,0x00007f4d6c4d5000] [id=1661]
  0x00007f4d880cc000 ConcurrentGCThread "G1 Refine#3" [stack: 0x00007f4d6c2d3000,0x00007f4d6c3d3000] [id=1662]
  0x00007f4d880ce000 ConcurrentGCThread "G1 Refine#4" [stack: 0x00007f4d6c1d1000,0x00007f4d6c2d1000] [id=1663]
  0x00007f4d880cf800 ConcurrentGCThread "G1 Refine#5" [stack: 0x00007f4d6c0cf000,0x00007f4d6c1cf000] [id=1664]
  0x00007f4d880d1800 ConcurrentGCThread "G1 Young RemSet Sampling" [stack: 0x00007f4d541c0000,0x00007f4d542c0000] [id=1665]

Threads with active compile tasks:

VM state:at safepoint (normal execution)

VM Mutex/Monitor currently owned by a thread:  ([mutex/lock_event])
[0x00007f4d8800f4f0] Threads_lock - owner thread: 0x00007f4d88159800

Heap address: 0x0000000085800000, size: 1960 MB, Compressed Oops mode: 32-bit
Narrow klass base: 0x0000000000000000, Narrow klass shift: 3
Compressed class space size: 1073741824 Address: 0x0000000100000000

Heap:
 garbage-first heap   total 126976K, used 9216K [0x0000000085800000, 0x0000000100000000)
  region size 1024K, 10 young (10240K), 0 survivors (0K)
 Metaspace       used 9699K, capacity 9829K, committed 10112K, reserved 1058816K
  class space    used 801K, capacity 848K, committed 896K, reserved 1048576K
Heap Regions: E=young(eden), S=young(survivor), O=old, HS=humongous(starts), HC=humongous(continues), CS=collection set, F=free, A=archive, TS=gc time stamp, AC=allocation context, TAMS=top-at-mark-start (previous, next)
|   0|0x0000000085800000, 0x0000000085800000, 0x0000000085900000|  0%| F|  |TS  0|AC  0|TAMS 0x0000000085800000, 0x0000000085800000|
|   1|0x0000000085900000, 0x0000000085900000, 0x0000000085a00000|  0%| F|  |TS  0|AC  0|TAMS 0x0000000085900000, 0x0000000085900000|
|   2|0x0000000085a00000, 0x0000000085a00000, 0x0000000085b00000|  0%| F|  |TS  0|AC  0|TAMS 0x0000000085a00000, 0x0000000085a00000|
|   3|0x0000000085b00000, 0x0000000085b00000, 0x0000000085c00000|  0%| F|  |TS  0|AC  0|TAMS 0x0000000085b00000, 0x0000000085b00000|
|   4|0x0000000085c00000, 0x0000000085c00000, 0x0000000085d00000|  0%| F|  |TS  0|AC  0|TAMS 0x0000000085c00000, 0x0000000085c00000|
|   5|0x0000000085d00000, 0x0000000085d00000, 0x0000000085e00000|  0%| F|  |TS  0|AC  0|TAMS 0x0000000085d00000, 0x0000000085d00000|
|   6|0x0000000085e00000, 0x0000000085e00000, 0x0000000085f00000|  0%| F|  |TS  0|AC  0|TAMS 0x0000000085e00000, 0x0000000085e00000|
|   7|0x0000000085f00000, 0x0000000085f00000, 0x0000000086000000|  0%| F|  |TS  0|AC  0|TAMS 0x0000000085f00000, 0x0000000085f00000|
|   8|0x0000000086000000, 0x0000000086000000, 0x0000000086100000|  0%| F|  |TS  0|AC  0|TAMS 0x0000000086000000, 0x0000000086000000|
|   9|0x0000000086100000, 0x0000000086100000, 0x0000000086200000|  0%| F|  |TS  0|AC  0|TAMS 0x0000000086100000, 0x0000000086100000|
|  10|0x0000000086200000, 0x0000000086200000, 0x0000000086300000|  0%| F|  |TS  0|AC  0|TAMS 0x0000000086200000, 0x0000000086200000|
|  11|0x0000000086300000, 0x0000000086300000, 0x0000000086400000|  0%| F|  |TS  0|AC  0|TAMS 0x0000000086300000, 0x0000000086300000|
|  12|0x0000000086400000, 0x0000000086400000, 0x0000000086500000|  0%| F|  |TS  0|AC  0|TAMS 0x0000000086400000, 0x0000000086400000|
|  13|0x0000000086500000, 0x0000000086500000, 0x0000000086600000|  0%| F|  |TS  0|AC  0|TAMS 0x0000000086500000, 0x0000000086500000|
|  14|0x0000000086600000, 0x0000000086600000, 0x0000000086700000|  0%| F|  |TS  0|AC  0|TAMS 0x0000000086600000, 0x0000000086600000|
|  15|0x0000000086700000, 0x0000000086700000, 0x0000000086800000|  0%| F|  |TS  0|AC  0|TAMS 0x0000000086700000, 0x0000000086700000|
|  16|0x0000000086800000, 0x0000000086800000, 0x0000000086900000|  0%| F|  |TS  0|AC  0|TAMS 0x0000000086800000, 0x0000000086800000|
|  17|0x0000000086900000, 0x0000000086900000, 0x0000000086a00000|  0%| F|  |TS  0|AC  0|TAMS 0x0000000086900000, 0x0000000086900000|
|  18|0x0000000086a00000, 0x0000000086a00000, 0x0000000086b00000|  0%| F|  |TS  0|AC  0|TAMS 0x0000000086a00000, 0x0000000086a00000|
|  19|0x0000000086b00000, 0x0000000086b00000, 0x0000000086c00000|  0%| F|  |TS  0|AC  0|TAMS 0x0000000086b00000, 0x0000000086b00000|
|  20|0x0000000086c00000, 0x0000000086c00000, 0x0000000086d00000|  0%| F|  |TS  0|AC  0|TAMS 0x0000000086c00000, 0x0000000086c00000|
|  21|0x0000000086d00000, 0x0000000086d00000, 0x0000000086e00000|  0%| F|  |TS  0|AC  0|TAMS 0x0000000086d00000, 0x0000000086d00000|
|  22|0x0000000086e00000, 0x0000000086e00000, 0x0000000086f00000|  0%| F|  |TS  0|AC  0|TAMS 0x0000000086e00000, 0x0000000086e00000|
|  23|0x0000000086f00000, 0x0000000086f00000, 0x0000000087000000|  0%| F|  |TS  0|AC  0|TAMS 0x0000000086f00000, 0x0000000086f00000|
|  24|0x0000000087000000, 0x0000000087000000, 0x0000000087100000|  0%| F|  |TS  0|AC  0|TAMS 0x0000000087000000, 0x0000000087000000|
|  25|0x0000000087100000, 0x0000000087100000, 0x0000000087200000|  0%| F|  |TS  0|AC  0|TAMS 0x0000000087100000, 0x0000000087100000|
|  26|0x0000000087200000, 0x0000000087200000, 0x0000000087300000|  0%| F|  |TS  0|AC  0|TAMS 0x0000000087200000, 0x0000000087200000|
|  27|0x0000000087300000, 0x0000000087300000, 0x0000000087400000|  0%| F|  |TS  0|AC  0|TAMS 0x0000000087300000, 0x0000000087300000|
|  28|0x0000000087400000, 0x0000000087400000, 0x0000000087500000|  0%| F|  |TS  0|AC  0|TAMS 0x0000000087400000, 0x0000000087400000|
|  29|0x0000000087500000, 0x0000000087500000, 0x0000000087600000|  0%| F|  |TS  0|AC  0|TAMS 0x0000000087500000, 0x0000000087500000|
|  30|0x0000000087600000, 0x0000000087600000, 0x0000000087700000|  0%| F|  |TS  0|AC  0|TAMS 0x0000000087600000, 0x0000000087600000|
|  31|0x0000000087700000, 0x0000000087700000, 0x0000000087800000|  0%| F|  |TS  0|AC  0|TAMS 0x0000000087700000, 0x0000000087700000|
|  32|0x0000000087800000, 0x0000000087800000, 0x0000000087900000|  0%| F|  |TS  0|AC  0|TAMS 0x0000000087800000, 0x0000000087800000|
|  33|0x0000000087900000, 0x0000000087900000, 0x0000000087a00000|  0%| F|  |TS  0|AC  0|TAMS 0x0000000087900000, 0x0000000087900000|
|  34|0x0000000087a00000, 0x0000000087a00000, 0x0000000087b00000|  0%| F|  |TS  0|AC  0|TAMS 0x0000000087a00000, 0x0000000087a00000|
|  35|0x0000000087b00000, 0x0000000087b00000, 0x0000000087c00000|  0%| F|  |TS  0|AC  0|TAMS 0x0000000087b00000, 0x0000000087b00000|
|  36|0x0000000087c00000, 0x0000000087c00000, 0x0000000087d00000|  0%| F|  |TS  0|AC  0|TAMS 0x0000000087c00000, 0x0000000087c00000|
|  37|0x0000000087d00000, 0x0000000087d00000, 0x0000000087e00000|  0%| F|  |TS  0|AC  0|TAMS 0x0000000087d00000, 0x0000000087d00000|
|  38|0x0000000087e00000, 0x0000000087e00000, 0x0000000087f00000|  0%| F|  |TS  0|AC  0|TAMS 0x0000000087e00000, 0x0000000087e00000|
|  39|0x0000000087f00000, 0x0000000087f00000, 0x0000000088000000|  0%| F|  |TS  0|AC  0|TAMS 0x0000000087f00000, 0x0000000087f00000|
|  40|0x0000000088000000, 0x0000000088000000, 0x0000000088100000|  0%| F|  |TS  0|AC  0|TAMS 0x0000000088000000, 0x0000000088000000|
|  41|0x0000000088100000, 0x0000000088100000, 0x0000000088200000|  0%| F|  |TS  0|AC  0|TAMS 0x0000000088100000, 0x0000000088100000|
|  42|0x0000000088200000, 0x0000000088200000, 0x0000000088300000|  0%| F|  |TS  0|AC  0|TAMS 0x0000000088200000, 0x0000000088200000|
|  43|0x0000000088300000, 0x0000000088300000, 0x0000000088400000|  0%| F|  |TS  0|AC  0|TAMS 0x0000000088300000, 0x0000000088300000|
|  44|0x0000000088400000, 0x0000000088400000, 0x0000000088500000|  0%| F|  |TS  0|AC  0|TAMS 0x0000000088400000, 0x0000000088400000|
|  45|0x0000000088500000, 0x0000000088500000, 0x0000000088600000|  0%| F|  |TS  0|AC  0|TAMS 0x0000000088500000, 0x0000000088500000|
|  46|0x0000000088600000, 0x0000000088600000, 0x0000000088700000|  0%| F|  |TS  0|AC  0|TAMS 0x0000000088600000, 0x0000000088600000|
|  47|0x0000000088700000, 0x0000000088700000, 0x0000000088800000|  0%| F|  |TS  0|AC  0|TAMS 0x0000000088700000, 0x0000000088700000|
|  48|0x0000000088800000, 0x0000000088800000, 0x0000000088900000|  0%| F|  |TS  0|AC  0|TAMS 0x0000000088800000, 0x0000000088800000|
|  49|0x0000000088900000, 0x0000000088900000, 0x0000000088a00000|  0%| F|  |TS  0|AC  0|TAMS 0x0000000088900000, 0x0000000088900000|
|  50|0x0000000088a00000, 0x0000000088a00000, 0x0000000088b00000|  0%| F|  |TS  0|AC  0|TAMS 0x0000000088a00000, 0x0000000088a00000|
|  51|0x0000000088b00000, 0x0000000088b00000, 0x0000000088c00000|  0%| F|  |TS  0|AC  0|TAMS 0x0000000088b00000, 0x0000000088b00000|
|  52|0x0000000088c00000, 0x0000000088c00000, 0x0000000088d00000|  0%| F|  |TS  0|AC  0|TAMS 0x0000000088c00000, 0x0000000088c00000|
|  53|0x0000000088d00000, 0x0000000088d00000, 0x0000000088e00000|  0%| F|  |TS  0|AC  0|TAMS 0x0000000088d00000, 0x0000000088d00000|
|  54|0x0000000088e00000, 0x0000000088e00000, 0x0000000088f00000|  0%| F|  |TS  0|AC  0|TAMS 0x0000000088e00000, 0x0000000088e00000|
|  55|0x0000000088f00000, 0x0000000088f00000, 0x0000000089000000|  0%| F|  |TS  0|AC  0|TAMS 0x0000000088f00000, 0x0000000088f00000|
|  56|0x0000000089000000, 0x0000000089000000, 0x0000000089100000|  0%| F|  |TS  0|AC  0|TAMS 0x0000000089000000, 0x0000000089000000|
|  57|0x0000000089100000, 0x0000000089100000, 0x0000000089200000|  0%| F|  |TS  0|AC  0|TAMS 0x0000000089100000, 0x0000000089100000|
|  58|0x0000000089200000, 0x0000000089200000, 0x0000000089300000|  0%| F|  |TS  0|AC  0|TAMS 0x0000000089200000, 0x0000000089200000|
|  59|0x0000000089300000, 0x0000000089300000, 0x0000000089400000|  0%| F|  |TS  0|AC  0|TAMS 0x0000000089300000, 0x0000000089300000|
|  60|0x0000000089400000, 0x0000000089400000, 0x0000000089500000|  0%| F|  |TS  0|AC  0|TAMS 0x0000000089400000, 0x0000000089400000|
|  61|0x0000000089500000, 0x0000000089500000, 0x0000000089600000|  0%| F|  |TS  0|AC  0|TAMS 0x0000000089500000, 0x0000000089500000|
|  62|0x0000000089600000, 0x0000000089600000, 0x0000000089700000|  0%| F|  |TS  0|AC  0|TAMS 0x0000000089600000, 0x0000000089600000|
|  63|0x0000000089700000, 0x0000000089700000, 0x0000000089800000|  0%| F|  |TS  0|AC  0|TAMS 0x0000000089700000, 0x0000000089700000|
|  64|0x0000000089800000, 0x0000000089800000, 0x0000000089900000|  0%| F|  |TS  0|AC  0|TAMS 0x0000000089800000, 0x0000000089800000|
|  65|0x0000000089900000, 0x0000000089900000, 0x0000000089a00000|  0%| F|  |TS  0|AC  0|TAMS 0x0000000089900000, 0x0000000089900000|
|  66|0x0000000089a00000, 0x0000000089a00000, 0x0000000089b00000|  0%| F|  |TS  0|AC  0|TAMS 0x0000000089a00000, 0x0000000089a00000|
|  67|0x0000000089b00000, 0x0000000089b00000, 0x0000000089c00000|  0%| F|  |TS  0|AC  0|TAMS 0x0000000089b00000, 0x0000000089b00000|
|  68|0x0000000089c00000, 0x0000000089c00000, 0x0000000089d00000|  0%| F|  |TS  0|AC  0|TAMS 0x0000000089c00000, 0x0000000089c00000|
|  69|0x0000000089d00000, 0x0000000089d00000, 0x0000000089e00000|  0%| F|  |TS  0|AC  0|TAMS 0x0000000089d00000, 0x0000000089d00000|
|  70|0x0000000089e00000, 0x0000000089e00000, 0x0000000089f00000|  0%| F|  |TS  0|AC  0|TAMS 0x0000000089e00000, 0x0000000089e00000|
|  71|0x0000000089f00000, 0x0000000089f00000, 0x000000008a000000|  0%| F|  |TS  0|AC  0|TAMS 0x0000000089f00000, 0x0000000089f00000|
|  72|0x000000008a000000, 0x000000008a000000, 0x000000008a100000|  0%| F|  |TS  0|AC  0|TAMS 0x000000008a000000, 0x000000008a000000|
|  73|0x000000008a100000, 0x000000008a100000, 0x000000008a200000|  0%| F|  |TS  0|AC  0|TAMS 0x000000008a100000, 0x000000008a100000|
|  74|0x000000008a200000, 0x000000008a200000, 0x000000008a300000|  0%| F|  |TS  0|AC  0|TAMS 0x000000008a200000, 0x000000008a200000|
|  75|0x000000008a300000, 0x000000008a300000, 0x000000008a400000|  0%| F|  |TS  0|AC  0|TAMS 0x000000008a300000, 0x000000008a300000|
|  76|0x000000008a400000, 0x000000008a400000, 0x000000008a500000|  0%| F|  |TS  0|AC  0|TAMS 0x000000008a400000, 0x000000008a400000|
|  77|0x000000008a500000, 0x000000008a500000, 0x000000008a600000|  0%| F|  |TS  0|AC  0|TAMS 0x000000008a500000, 0x000000008a500000|
|  78|0x000000008a600000, 0x000000008a600000, 0x000000008a700000|  0%| F|  |TS  0|AC  0|TAMS 0x000000008a600000, 0x000000008a600000|
|  79|0x000000008a700000, 0x000000008a700000, 0x000000008a800000|  0%| F|  |TS  0|AC  0|TAMS 0x000000008a700000, 0x000000008a700000|
|  80|0x000000008a800000, 0x000000008a800000, 0x000000008a900000|  0%| F|  |TS  0|AC  0|TAMS 0x000000008a800000, 0x000000008a800000|
|  81|0x000000008a900000, 0x000000008a900000, 0x000000008aa00000|  0%| F|  |TS  0|AC  0|TAMS 0x000000008a900000, 0x000000008a900000|
|  82|0x000000008aa00000, 0x000000008aa00000, 0x000000008ab00000|  0%| F|  |TS  0|AC  0|TAMS 0x000000008aa00000, 0x000000008aa00000|
|  83|0x000000008ab00000, 0x000000008ab00000, 0x000000008ac00000|  0%| F|  |TS  0|AC  0|TAMS 0x000000008ab00000, 0x000000008ab00000|
|  84|0x000000008ac00000, 0x000000008ac00000, 0x000000008ad00000|  0%| F|  |TS  0|AC  0|TAMS 0x000000008ac00000, 0x000000008ac00000|
|  85|0x000000008ad00000, 0x000000008ad00000, 0x000000008ae00000|  0%| F|  |TS  0|AC  0|TAMS 0x000000008ad00000, 0x000000008ad00000|
|  86|0x000000008ae00000, 0x000000008ae00000, 0x000000008af00000|  0%| F|  |TS  0|AC  0|TAMS 0x000000008ae00000, 0x000000008ae00000|
|  87|0x000000008af00000, 0x000000008af00000, 0x000000008b000000|  0%| F|  |TS  0|AC  0|TAMS 0x000000008af00000, 0x000000008af00000|
|  88|0x000000008b000000, 0x000000008b000000, 0x000000008b100000|  0%| F|  |TS  0|AC  0|TAMS 0x000000008b000000, 0x000000008b000000|
|  89|0x000000008b100000, 0x000000008b100000, 0x000000008b200000|  0%| F|  |TS  0|AC  0|TAMS 0x000000008b100000, 0x000000008b100000|
|  90|0x000000008b200000, 0x000000008b200000, 0x000000008b300000|  0%| F|  |TS  0|AC  0|TAMS 0x000000008b200000, 0x000000008b200000|
|  91|0x000000008b300000, 0x000000008b300000, 0x000000008b400000|  0%| F|  |TS  0|AC  0|TAMS 0x000000008b300000, 0x000000008b300000|
|  92|0x000000008b400000, 0x000000008b400000, 0x000000008b500000|  0%| F|  |TS  0|AC  0|TAMS 0x000000008b400000, 0x000000008b400000|
|  93|0x000000008b500000, 0x000000008b500000, 0x000000008b600000|  0%| F|  |TS  0|AC  0|TAMS 0x000000008b500000, 0x000000008b500000|
|  94|0x000000008b600000, 0x000000008b600000, 0x000000008b700000|  0%| F|  |TS  0|AC  0|TAMS 0x000000008b600000, 0x000000008b600000|
|  95|0x000000008b700000, 0x000000008b700000, 0x000000008b800000|  0%| F|  |TS  0|AC  0|TAMS 0x000000008b700000, 0x000000008b700000|
|  96|0x000000008b800000, 0x000000008b800000, 0x000000008b900000|  0%| F|  |TS  0|AC  0|TAMS 0x000000008b800000, 0x000000008b800000|
|  97|0x000000008b900000, 0x000000008b900000, 0x000000008ba00000|  0%| F|  |TS  0|AC  0|TAMS 0x000000008b900000, 0x000000008b900000|
|  98|0x000000008ba00000, 0x000000008ba00000, 0x000000008bb00000|  0%| F|  |TS  0|AC  0|TAMS 0x000000008ba00000, 0x000000008ba00000|
|  99|0x000000008bb00000, 0x000000008bb00000, 0x000000008bc00000|  0%| F|  |TS  0|AC  0|TAMS 0x000000008bb00000, 0x000000008bb00000|
| 100|0x000000008bc00000, 0x000000008bc00000, 0x000000008bd00000|  0%| F|  |TS  0|AC  0|TAMS 0x000000008bc00000, 0x000000008bc00000|
| 101|0x000000008bd00000, 0x000000008bd00000, 0x000000008be00000|  0%| F|  |TS  0|AC  0|TAMS 0x000000008bd00000, 0x000000008bd00000|
| 102|0x000000008be00000, 0x000000008be00000, 0x000000008bf00000|  0%| F|  |TS  0|AC  0|TAMS 0x000000008be00000, 0x000000008be00000|
| 103|0x000000008bf00000, 0x000000008bf00000, 0x000000008c000000|  0%| F|  |TS  0|AC  0|TAMS 0x000000008bf00000, 0x000000008bf00000|
| 104|0x000000008c000000, 0x000000008c000000, 0x000000008c100000|  0%| F|  |TS  0|AC  0|TAMS 0x000000008c000000, 0x000000008c000000|
| 105|0x000000008c100000, 0x000000008c100000, 0x000000008c200000|  0%| F|  |TS  0|AC  0|TAMS 0x000000008c100000, 0x000000008c100000|
| 106|0x000000008c200000, 0x000000008c200000, 0x000000008c300000|  0%| F|  |TS  0|AC  0|TAMS 0x000000008c200000, 0x000000008c200000|
| 107|0x000000008c300000, 0x000000008c300000, 0x000000008c400000|  0%| F|  |TS  0|AC  0|TAMS 0x000000008c300000, 0x000000008c300000|
| 108|0x000000008c400000, 0x000000008c400000, 0x000000008c500000|  0%| F|  |TS  0|AC  0|TAMS 0x000000008c400000, 0x000000008c400000|
| 109|0x000000008c500000, 0x000000008c500000, 0x000000008c600000|  0%| F|  |TS  0|AC  0|TAMS 0x000000008c500000, 0x000000008c500000|
| 110|0x000000008c600000, 0x000000008c600000, 0x000000008c700000|  0%| F|  |TS  0|AC  0|TAMS 0x000000008c600000, 0x000000008c600000|
| 111|0x000000008c700000, 0x000000008c700000, 0x000000008c800000|  0%| F|  |TS  0|AC  0|TAMS 0x000000008c700000, 0x000000008c700000|
| 112|0x000000008c800000, 0x000000008c800000, 0x000000008c900000|  0%| F|  |TS  0|AC  0|TAMS 0x000000008c800000, 0x000000008c800000|
| 113|0x000000008c900000, 0x000000008c900000, 0x000000008ca00000|  0%| F|  |TS  0|AC  0|TAMS 0x000000008c900000, 0x000000008c900000|
| 114|0x000000008ca00000, 0x000000008cae1cb8, 0x000000008cb00000| 88%| E|  |TS  0|AC  0|TAMS 0x000000008ca00000, 0x000000008ca00000|
| 115|0x000000008cb00000, 0x000000008cc00000, 0x000000008cc00000|100%| E|CS|TS  0|AC  0|TAMS 0x000000008cb00000, 0x000000008cb00000|
| 116|0x000000008cc00000, 0x000000008cd00000, 0x000000008cd00000|100%| E|CS|TS  0|AC  0|TAMS 0x000000008cc00000, 0x000000008cc00000|
| 117|0x000000008cd00000, 0x000000008ce00000, 0x000000008ce00000|100%| E|CS|TS  0|AC  0|TAMS 0x000000008cd00000, 0x000000008cd00000|
| 118|0x000000008ce00000, 0x000000008cf00000, 0x000000008cf00000|100%| E|CS|TS  0|AC  0|TAMS 0x000000008ce00000, 0x000000008ce00000|
| 119|0x000000008cf00000, 0x000000008d000000, 0x000000008d000000|100%| E|CS|TS  0|AC  0|TAMS 0x000000008cf00000, 0x000000008cf00000|
| 120|0x000000008d000000, 0x000000008d100000, 0x000000008d100000|100%| E|CS|TS  0|AC  0|TAMS 0x000000008d000000, 0x000000008d000000|
| 121|0x000000008d100000, 0x000000008d200000, 0x000000008d200000|100%| E|CS|TS  0|AC  0|TAMS 0x000000008d100000, 0x000000008d100000|
| 122|0x000000008d200000, 0x000000008d300000, 0x000000008d300000|100%| E|CS|TS  0|AC  0|TAMS 0x000000008d200000, 0x000000008d200000|
| 123|0x000000008d300000, 0x000000008d400000, 0x000000008d400000|100%| E|CS|TS  0|AC  0|TAMS 0x000000008d300000, 0x000000008d300000|

Card table byte_map: [0x00007f4d6d3b9000,0x00007f4d6d78d000] byte_map_base: 0x00007f4d6cf8d000

Marking Bits (Prev, Next): (CMBitMap*) 0x00007f4d8805a8b0, (CMBitMap*) 0x00007f4d8805a8e8
 Prev Bits: [0x00007f4d56160000, 0x00007f4d58000000)
 Next Bits: [0x00007f4d542c0000, 0x00007f4d56160000)

Polling page: 0x00007f4d8efb3000

CodeHeap 'non-profiled nmethods': size=120032Kb used=253Kb max_used=253Kb free=119778Kb
 bounds [0x00007f4d76326000, 0x00007f4d76596000, 0x00007f4d7d85e000]
CodeHeap 'profiled nmethods': size=120032Kb used=1151Kb max_used=1151Kb free=118880Kb
 bounds [0x00007f4d6edee000, 0x00007f4d6f05e000, 0x00007f4d76326000]
CodeHeap 'non-nmethods': size=5696Kb used=1110Kb max_used=1129Kb free=4585Kb
 bounds [0x00007f4d6e85e000, 0x00007f4d6eace000, 0x00007f4d6edee000]
 total_blobs=1222 nmethods=676 adapters=267
 compilation: enabled

Compilation events (10 events):
Event: 246.420 Thread 0x00007f4d88180000  668       3       org.eclipse.jdt.launching.internal.org.objectweb.asm.MethodWriter::canCopyMethodAttributes (181 bytes)
Event: 246.421 Thread 0x00007f4d88180000 nmethod 668 0x00007f4d6ef05a90 code [0x00007f4d6ef05ca0, 0x00007f4d6ef06450]
Event: 246.421 Thread 0x00007f4d8817e000  673       4       org.eclipse.jdt.launching.internal.org.objectweb.asm.MethodWriter::visitVarInsn (302 bytes)
Event: 246.424 Thread 0x00007f4d8817e000 nmethod 673 0x00007f4d76364a10 code [0x00007f4d76364be0, 0x00007f4d76365138]
Event: 246.424 Thread 0x00007f4d88180000  674       3       org.eclipse.jdt.launching.internal.org.objectweb.asm.MethodWriter::computeMethodInfoSize (704 bytes)
Event: 246.426 Thread 0x00007f4d88180000 nmethod 674 0x00007f4d6ef06710 code [0x00007f4d6ef06ae0, 0x00007f4d6ef08258]
Event: 246.428 Thread 0x00007f4d88180000  676       3       org.eclipse.jdt.launching.internal.org.objectweb.asm.MethodWriter::putMethodInfo (1431 bytes)
Event: 246.439 Thread 0x00007f4d88180000 nmethod 676 0x00007f4d6ef08b90 code [0x00007f4d6ef09340, 0x00007f4d6ef0c468]
Event: 246.439 Thread 0x00007f4d88180000  675       3       org.eclipse.jdt.launching.internal.org.objectweb.asm.MethodWriter::hasFrames (13 bytes)
Event: 246.440 Thread 0x00007f4d88180000 nmethod 675 0x00007f4d6ef0db10 code [0x00007f4d6ef0dcc0, 0x00007f4d6ef0de70]

GC Heap History (0 events):
No events

Deoptimization events (5 events):
Event: 0.155 Thread 0x00007f4d88013000 Uncommon trap: reason=unstable_if action=reinterpret pc=0x00007f4d7632f610 method=java.util.HashMap.putVal(ILjava/lang/Object;Ljava/lang/Object;ZZ)Ljava/lang/Object; @ 69 c2
Event: 0.223 Thread 0x00007f4d88013000 Uncommon trap: reason=unstable_if action=reinterpret pc=0x00007f4d7632a488 method=java.lang.String.hashCode()I @ 14 c2
Event: 0.314 Thread 0x00007f4d88013000 Uncommon trap: reason=unstable_if action=reinterpret pc=0x00007f4d763356e8 method=java.lang.String.isLatin1()Z @ 10 c2
Event: 0.314 Thread 0x00007f4d88013000 Uncommon trap: reason=unstable_if action=reinterpret pc=0x00007f4d7632b07c method=java.lang.String.isLatin1()Z @ 10 c2
Event: 0.382 Thread 0x00007f4d88013000 Uncommon trap: reason=unstable_if action=reinterpret pc=0x00007f4d76343db4 method=java.lang.String.hashCode()I @ 22 c2

Classes redefined (3 events):
Event: 188.364 Thread 0x00007f4d88159800 redefined class name=main.java.com.huawei.system.Simulation, count=1
Event: 241.029 Thread 0x00007f4d88159800 redefined class name=main.java.com.huawei.system.Simulation, count=2
Event: 246.430 Thread 0x00007f4d88159800 redefined class name=main.java.com.huawei.system.Simulation, count=3

Internal exceptions (3 events):
Event: 0.398 Thread 0x00007f4d88013000 Exception <a 'java/lang/NoSuchMethodError'{0x000000008cd079f0}: method resolution failed> (0x000000008cd079f0) thrown at [/build/openjdk-lts-Ae5PRQ/openjdk-lts-10.0.2+13/src/hotspot/share/prims/methodHandles.cpp, line 1226]
Event: 0.402 Thread 0x00007f4d88013000 Exception <a 'java/lang/NoSuchMethodError'{0x000000008cd243b0}: java.lang.invoke.DirectMethodHandle$Holder.invokeStatic(Ljava/lang/Object;Ljava/lang/Object;)I> (0x000000008cd243b0) thrown at [/build/openjdk-lts-Ae5PRQ/openjdk-lts-10.0.2+13/src/hotspot/sha
Event: 0.406 Thread 0x00007f4d88013000 Exception <a 'java/lang/NoSuchMethodError'{0x000000008cd356d8}: java.lang.Object.of([Ljava/lang/Object;)Ljava/util/stream/Stream;> (0x000000008cd356d8) thrown at [/build/openjdk-lts-Ae5PRQ/openjdk-lts-10.0.2+13/src/hotspot/share/interpreter/linkResolver.c

Events (10 events):
Event: 246.431 Executing VM operation: RedefineClasses done
Event: 246.444 Executing VM operation: ChangeBreakpoints
Event: 246.444 Executing VM operation: ChangeBreakpoints done
Event: 246.458 Executing VM operation: ChangeBreakpoints
Event: 246.459 Executing VM operation: ChangeBreakpoints done
Event: 246.462 Executing VM operation: ChangeBreakpoints
Event: 246.462 Executing VM operation: ChangeBreakpoints done
Event: 246.464 Executing VM operation: GetFrameCount
Event: 246.464 Executing VM operation: GetFrameCount done
Event: 246.464 Executing VM operation: GetFrameLocation


Dynamic libraries:
85800000-8d400000 rw-p 00000000 00:00 0 
8d400000-100000000 ---p 00000000 00:00 0 
100000000-1000e0000 rw-p 00000000 00:00 0 
1000e0000-140000000 ---p 00000000 00:00 0 
563802b1e000-563802b1f000 r-xp 00000000 08:0c 16123179                   /usr/lib/jvm/java-11-openjdk-amd64/bin/java
563802d1f000-563802d20000 r--p 00001000 08:0c 16123179                   /usr/lib/jvm/java-11-openjdk-amd64/bin/java
563802d20000-563802d21000 rw-p 00002000 08:0c 16123179                   /usr/lib/jvm/java-11-openjdk-amd64/bin/java
563803d61000-563803d82000 rw-p 00000000 00:00 0                          [heap]
7f4ce4000000-7f4ce4021000 rw-p 00000000 00:00 0 
7f4ce4021000-7f4ce8000000 ---p 00000000 00:00 0 
7f4cec000000-7f4cec021000 rw-p 00000000 00:00 0 
7f4cec021000-7f4cf0000000 ---p 00000000 00:00 0 
7f4cf38d4000-7f4cf39d4000 rw-p 00000000 00:00 0 
7f4cf39d4000-7f4cf3ad4000 ---p 00000000 00:00 0 
7f4cf3ad4000-7f4cf3ad5000 ---p 00000000 00:00 0 
7f4cf3ad5000-7f4cf3bd6000 rw-p 00000000 00:00 0 
7f4cf3bd6000-7f4cf3bed000 r-xp 00000000 08:0c 18089975                   /usr/lib/jvm/java-11-openjdk-amd64/lib/libnet.so
7f4cf3bed000-7f4cf3dec000 ---p 00017000 08:0c 18089975                   /usr/lib/jvm/java-11-openjdk-amd64/lib/libnet.so
7f4cf3dec000-7f4cf3ded000 r--p 00016000 08:0c 18089975                   /usr/lib/jvm/java-11-openjdk-amd64/lib/libnet.so
7f4cf3ded000-7f4cf3dee000 rw-p 00017000 08:0c 18089975                   /usr/lib/jvm/java-11-openjdk-amd64/lib/libnet.so
7f4cf3dee000-7f4cf3dff000 r-xp 00000000 08:0c 18089976                   /usr/lib/jvm/java-11-openjdk-amd64/lib/libnio.so
7f4cf3dff000-7f4cf3ffe000 ---p 00011000 08:0c 18089976                   /usr/lib/jvm/java-11-openjdk-amd64/lib/libnio.so
7f4cf3ffe000-7f4cf3fff000 r--p 00010000 08:0c 18089976                   /usr/lib/jvm/java-11-openjdk-amd64/lib/libnio.so
7f4cf3fff000-7f4cf4000000 rw-p 00011000 08:0c 18089976                   /usr/lib/jvm/java-11-openjdk-amd64/lib/libnio.so
7f4cf4000000-7f4cf4021000 rw-p 00000000 00:00 0 
7f4cf4021000-7f4cf8000000 ---p 00000000 00:00 0 
7f4cf8000000-7f4cf8021000 rw-p 00000000 00:00 0 
7f4cf8021000-7f4cfc000000 ---p 00000000 00:00 0 
7f4cfc000000-7f4cfc07a000 rw-p 00000000 00:00 0 
7f4cfc07a000-7f4d00000000 ---p 00000000 00:00 0 
7f4d00000000-7f4d00021000 rw-p 00000000 00:00 0 
7f4d00021000-7f4d04000000 ---p 00000000 00:00 0 
7f4d04000000-7f4d04462000 rw-p 00000000 00:00 0 
7f4d04462000-7f4d08000000 ---p 00000000 00:00 0 
7f4d08000000-7f4d08021000 rw-p 00000000 00:00 0 
7f4d08021000-7f4d0c000000 ---p 00000000 00:00 0 
7f4d0c000000-7f4d0c216000 rw-p 00000000 00:00 0 
7f4d0c216000-7f4d10000000 ---p 00000000 00:00 0 
7f4d10000000-7f4d10372000 rw-p 00000000 00:00 0 
7f4d10372000-7f4d14000000 ---p 00000000 00:00 0 
7f4d14000000-7f4d14021000 rw-p 00000000 00:00 0 
7f4d14021000-7f4d18000000 ---p 00000000 00:00 0 
7f4d18000000-7f4d18021000 rw-p 00000000 00:00 0 
7f4d18021000-7f4d1c000000 ---p 00000000 00:00 0 
7f4d1c000000-7f4d1c021000 rw-p 00000000 00:00 0 
7f4d1c021000-7f4d20000000 ---p 00000000 00:00 0 
7f4d20000000-7f4d20021000 rw-p 00000000 00:00 0 
7f4d20021000-7f4d24000000 ---p 00000000 00:00 0 
7f4d24000000-7f4d24021000 rw-p 00000000 00:00 0 
7f4d24021000-7f4d28000000 ---p 00000000 00:00 0 
7f4d28000000-7f4d28021000 rw-p 00000000 00:00 0 
7f4d28021000-7f4d2c000000 ---p 00000000 00:00 0 
7f4d2c000000-7f4d2c021000 rw-p 00000000 00:00 0 
7f4d2c021000-7f4d30000000 ---p 00000000 00:00 0 
7f4d30000000-7f4d30021000 rw-p 00000000 00:00 0 
7f4d30021000-7f4d34000000 ---p 00000000 00:00 0 
7f4d34000000-7f4d34021000 rw-p 00000000 00:00 0 
7f4d34021000-7f4d38000000 ---p 00000000 00:00 0 
7f4d38000000-7f4d38021000 rw-p 00000000 00:00 0 
7f4d38021000-7f4d3c000000 ---p 00000000 00:00 0 
7f4d3c000000-7f4d3c021000 rw-p 00000000 00:00 0 
7f4d3c021000-7f4d40000000 ---p 00000000 00:00 0 
7f4d4001f000-7f4d40023000 ---p 00000000 00:00 0 
7f4d40023000-7f4d40120000 rw-p 00000000 00:00 0 
7f4d40120000-7f4d40124000 ---p 00000000 00:00 0 
7f4d40124000-7f4d40221000 rw-p 00000000 00:00 0 
7f4d40221000-7f4d40225000 ---p 00000000 00:00 0 
7f4d40225000-7f4d40322000 rw-p 00000000 00:00 0 
7f4d40322000-7f4d40326000 ---p 00000000 00:00 0 
7f4d40326000-7f4d40423000 rw-p 00000000 00:00 0 
7f4d40423000-7f4d40427000 ---p 00000000 00:00 0 
7f4d40427000-7f4d40524000 rw-p 00000000 00:00 0 
7f4d40524000-7f4d40529000 r-xp 00000000 08:0c 18089955                   /usr/lib/jvm/java-11-openjdk-amd64/lib/libdt_socket.so
7f4d40529000-7f4d40728000 ---p 00005000 08:0c 18089955                   /usr/lib/jvm/java-11-openjdk-amd64/lib/libdt_socket.so
7f4d40728000-7f4d40729000 r--p 00004000 08:0c 18089955                   /usr/lib/jvm/java-11-openjdk-amd64/lib/libdt_socket.so
7f4d40729000-7f4d4072a000 rw-p 00005000 08:0c 18089955                   /usr/lib/jvm/java-11-openjdk-amd64/lib/libdt_socket.so
7f4d4072a000-7f4d4072e000 ---p 00000000 00:00 0 
7f4d4072e000-7f4d4082b000 rw-p 00000000 00:00 0 
7f4d4082b000-7f4d4082f000 ---p 00000000 00:00 0 
7f4d4082f000-7f4d4092c000 rw-p 00000000 00:00 0 
7f4d4092c000-7f4d40930000 ---p 00000000 00:00 0 
7f4d40930000-7f4d40a2d000 rw-p 00000000 00:00 0 
7f4d40a2d000-7f4d40a31000 ---p 00000000 00:00 0 
7f4d40a31000-7f4d40b2e000 rw-p 00000000 00:00 0 
7f4d40b2e000-7f4d40b32000 ---p 00000000 00:00 0 
7f4d40b32000-7f4d40c2f000 rw-p 00000000 00:00 0 
7f4d40c2f000-7f4d415fe000 r--p 00000000 08:0c 15995895                   /usr/lib/locale/locale-archive
7f4d415fe000-7f4d41602000 ---p 00000000 00:00 0 
7f4d41602000-7f4d416ff000 rw-p 00000000 00:00 0 
7f4d416ff000-7f4d41703000 ---p 00000000 00:00 0 
7f4d41703000-7f4d44000000 rw-p 00000000 00:00 0 
7f4d44000000-7f4d44021000 rw-p 00000000 00:00 0 
7f4d44021000-7f4d48000000 ---p 00000000 00:00 0 
7f4d48000000-7f4d48021000 rw-p 00000000 00:00 0 
7f4d48021000-7f4d4c000000 ---p 00000000 00:00 0 
7f4d4c000000-7f4d4c021000 rw-p 00000000 00:00 0 
7f4d4c021000-7f4d50000000 ---p 00000000 00:00 0 
7f4d50000000-7f4d50021000 rw-p 00000000 00:00 0 
7f4d50021000-7f4d54000000 ---p 00000000 00:00 0 
7f4d54046000-7f4d54047000 ---p 00000000 00:00 0 
7f4d54047000-7f4d541be000 rw-p 00000000 00:00 0 
7f4d541be000-7f4d541bf000 ---p 00000000 00:00 0 
7f4d541bf000-7f4d544b0000 rw-p 00000000 00:00 0 
7f4d544b0000-7f4d56160000 ---p 00000000 00:00 0 
7f4d56160000-7f4d56350000 rw-p 00000000 00:00 0 
7f4d56350000-7f4d58000000 ---p 00000000 00:00 0 
7f4d58000000-7f4d58021000 rw-p 00000000 00:00 0 
7f4d58021000-7f4d5c000000 ---p 00000000 00:00 0 
7f4d5c000000-7f4d5c021000 rw-p 00000000 00:00 0 
7f4d5c021000-7f4d60000000 ---p 00000000 00:00 0 
7f4d60000000-7f4d60021000 rw-p 00000000 00:00 0 
7f4d60021000-7f4d64000000 ---p 00000000 00:00 0 
7f4d64000000-7f4d64021000 rw-p 00000000 00:00 0 
7f4d64021000-7f4d68000000 ---p 00000000 00:00 0 
7f4d68000000-7f4d68021000 rw-p 00000000 00:00 0 
7f4d68021000-7f4d6c000000 ---p 00000000 00:00 0 
7f4d6c072000-7f4d6c0cd000 rw-p 00000000 00:00 0 
7f4d6c0cd000-7f4d6c0ce000 ---p 00000000 00:00 0 
7f4d6c0ce000-7f4d6c1cf000 rw-p 00000000 00:00 0 
7f4d6c1cf000-7f4d6c1d0000 ---p 00000000 00:00 0 
7f4d6c1d0000-7f4d6c2d1000 rw-p 00000000 00:00 0 
7f4d6c2d1000-7f4d6c2d2000 ---p 00000000 00:00 0 
7f4d6c2d2000-7f4d6c3d3000 rw-p 00000000 00:00 0 
7f4d6c3d3000-7f4d6c3d4000 ---p 00000000 00:00 0 
7f4d6c3d4000-7f4d6c4d5000 rw-p 00000000 00:00 0 
7f4d6c4d5000-7f4d6c4d6000 ---p 00000000 00:00 0 
7f4d6c4d6000-7f4d6c5d7000 rw-p 00000000 00:00 0 
7f4d6c5d7000-7f4d6c5d8000 ---p 00000000 00:00 0 
7f4d6c5d8000-7f4d6ccdf000 rw-p 00000000 00:00 0 
7f4d6ccdf000-7f4d6cce0000 ---p 00000000 00:00 0 
7f4d6cce0000-7f4d6cde1000 rw-p 00000000 00:00 0 
7f4d6cde1000-7f4d6cde2000 ---p 00000000 00:00 0 
7f4d6cde2000-7f4d6cee3000 rw-p 00000000 00:00 0 
7f4d6cee3000-7f4d6cee4000 ---p 00000000 00:00 0 
7f4d6cee4000-7f4d6d023000 rw-p 00000000 00:00 0 
7f4d6d023000-7f4d6d3b9000 ---p 00000000 00:00 0 
7f4d6d3b9000-7f4d6d3f7000 rw-p 00000000 00:00 0 
7f4d6d3f7000-7f4d6d78d000 ---p 00000000 00:00 0 
7f4d6d78d000-7f4d6d7cb000 rw-p 00000000 00:00 0 
7f4d6d7cb000-7f4d6db61000 ---p 00000000 00:00 0 
7f4d6db61000-7f4d6e167000 rw-p 00000000 00:00 0 
7f4d6e167000-7f4d6e168000 ---p 00000000 00:00 0 
7f4d6e168000-7f4d6e269000 rw-p 00000000 00:00 0 
7f4d6e269000-7f4d6e26a000 ---p 00000000 00:00 0 
7f4d6e26a000-7f4d6e36b000 rw-p 00000000 00:00 0 
7f4d6e36b000-7f4d6e36c000 ---p 00000000 00:00 0 
7f4d6e36c000-7f4d6e46d000 rw-p 00000000 00:00 0 
7f4d6e46d000-7f4d6e46e000 ---p 00000000 00:00 0 
7f4d6e46e000-7f4d6e56f000 rw-p 00000000 00:00 0 
7f4d6e56f000-7f4d6e570000 ---p 00000000 00:00 0 
7f4d6e570000-7f4d6e671000 rw-p 00000000 00:00 0 
7f4d6e671000-7f4d6e672000 ---p 00000000 00:00 0 
7f4d6e672000-7f4d6e778000 rw-p 00000000 00:00 0 
7f4d6e778000-7f4d6e85e000 ---p 00000000 00:00 0 
7f4d6e85e000-7f4d6eace000 rwxp 00000000 00:00 0 
7f4d6eace000-7f4d6edee000 ---p 00000000 00:00 0 
7f4d6edee000-7f4d6f05e000 rwxp 00000000 00:00 0 
7f4d6f05e000-7f4d76326000 ---p 00000000 00:00 0 
7f4d76326000-7f4d76596000 rwxp 00000000 00:00 0 
7f4d76596000-7f4d7d85e000 ---p 00000000 00:00 0 
7f4d7d85e000-7f4d86d39000 r--s 00000000 08:0c 18089985                   /usr/lib/jvm/java-11-openjdk-amd64/lib/modules
7f4d86d39000-7f4d86d3e000 r-xp 00000000 08:0c 18089967                   /usr/lib/jvm/java-11-openjdk-amd64/lib/libjimage.so
7f4d86d3e000-7f4d86f3d000 ---p 00005000 08:0c 18089967                   /usr/lib/jvm/java-11-openjdk-amd64/lib/libjimage.so
7f4d86f3d000-7f4d86f3e000 r--p 00004000 08:0c 18089967                   /usr/lib/jvm/java-11-openjdk-amd64/lib/libjimage.so
7f4d86f3e000-7f4d86f3f000 rw-p 00005000 08:0c 18089967                   /usr/lib/jvm/java-11-openjdk-amd64/lib/libjimage.so
7f4d86f3f000-7f4d86f46000 r-xp 00000000 08:0c 18089984                   /usr/lib/jvm/java-11-openjdk-amd64/lib/libzip.so
7f4d86f46000-7f4d87145000 ---p 00007000 08:0c 18089984                   /usr/lib/jvm/java-11-openjdk-amd64/lib/libzip.so
7f4d87145000-7f4d87146000 r--p 00006000 08:0c 18089984                   /usr/lib/jvm/java-11-openjdk-amd64/lib/libzip.so
7f4d87146000-7f4d87147000 rw-p 00007000 08:0c 18089984                   /usr/lib/jvm/java-11-openjdk-amd64/lib/libzip.so
7f4d87147000-7f4d87152000 r-xp 00000000 08:0a 136829                     /lib/x86_64-linux-gnu/libnss_files-2.27.so
7f4d87152000-7f4d87351000 ---p 0000b000 08:0a 136829                     /lib/x86_64-linux-gnu/libnss_files-2.27.so
7f4d87351000-7f4d87352000 r--p 0000a000 08:0a 136829                     /lib/x86_64-linux-gnu/libnss_files-2.27.so
7f4d87352000-7f4d87353000 rw-p 0000b000 08:0a 136829                     /lib/x86_64-linux-gnu/libnss_files-2.27.so
7f4d87353000-7f4d87359000 rw-p 00000000 00:00 0 
7f4d87359000-7f4d87370000 r-xp 00000000 08:0a 136823                     /lib/x86_64-linux-gnu/libnsl-2.27.so
7f4d87370000-7f4d8756f000 ---p 00017000 08:0a 136823                     /lib/x86_64-linux-gnu/libnsl-2.27.so
7f4d8756f000-7f4d87570000 r--p 00016000 08:0a 136823                     /lib/x86_64-linux-gnu/libnsl-2.27.so
7f4d87570000-7f4d87571000 rw-p 00017000 08:0a 136823                     /lib/x86_64-linux-gnu/libnsl-2.27.so
7f4d87571000-7f4d87573000 rw-p 00000000 00:00 0 
7f4d87573000-7f4d8757e000 r-xp 00000000 08:0a 136840                     /lib/x86_64-linux-gnu/libnss_nis-2.27.so
7f4d8757e000-7f4d8777d000 ---p 0000b000 08:0a 136840                     /lib/x86_64-linux-gnu/libnss_nis-2.27.so
7f4d8777d000-7f4d8777e000 r--p 0000a000 08:0a 136840                     /lib/x86_64-linux-gnu/libnss_nis-2.27.so
7f4d8777e000-7f4d8777f000 rw-p 0000b000 08:0a 136840                     /lib/x86_64-linux-gnu/libnss_nis-2.27.so
7f4d8777f000-7f4d87787000 r-xp 00000000 08:0a 136825                     /lib/x86_64-linux-gnu/libnss_compat-2.27.so
7f4d87787000-7f4d87987000 ---p 00008000 08:0a 136825                     /lib/x86_64-linux-gnu/libnss_compat-2.27.so
7f4d87987000-7f4d87988000 r--p 00008000 08:0a 136825                     /lib/x86_64-linux-gnu/libnss_compat-2.27.so
7f4d87988000-7f4d87989000 rw-p 00009000 08:0a 136825                     /lib/x86_64-linux-gnu/libnss_compat-2.27.so
7f4d87989000-7f4d87993000 r-xp 00000000 08:0c 18089958                   /usr/lib/jvm/java-11-openjdk-amd64/lib/libinstrument.so
7f4d87993000-7f4d87b92000 ---p 0000a000 08:0c 18089958                   /usr/lib/jvm/java-11-openjdk-amd64/lib/libinstrument.so
7f4d87b92000-7f4d87b93000 r--p 00009000 08:0c 18089958                   /usr/lib/jvm/java-11-openjdk-amd64/lib/libinstrument.so
7f4d87b93000-7f4d87b94000 rw-p 0000a000 08:0c 18089958                   /usr/lib/jvm/java-11-openjdk-amd64/lib/libinstrument.so
7f4d87b94000-7f4d87bd1000 r-xp 00000000 08:0c 18089966                   /usr/lib/jvm/java-11-openjdk-amd64/lib/libjdwp.so
7f4d87bd1000-7f4d87dd0000 ---p 0003d000 08:0c 18089966                   /usr/lib/jvm/java-11-openjdk-amd64/lib/libjdwp.so
7f4d87dd0000-7f4d87dd1000 r--p 0003c000 08:0c 18089966                   /usr/lib/jvm/java-11-openjdk-amd64/lib/libjdwp.so
7f4d87dd1000-7f4d87dd2000 rw-p 0003d000 08:0c 18089966                   /usr/lib/jvm/java-11-openjdk-amd64/lib/libjdwp.so
7f4d87dd2000-7f4d87dfe000 r-xp 00000000 08:0c 18089963                   /usr/lib/jvm/java-11-openjdk-amd64/lib/libjava.so
7f4d87dfe000-7f4d87ffd000 ---p 0002c000 08:0c 18089963                   /usr/lib/jvm/java-11-openjdk-amd64/lib/libjava.so
7f4d87ffd000-7f4d87ffe000 r--p 0002b000 08:0c 18089963                   /usr/lib/jvm/java-11-openjdk-amd64/lib/libjava.so
7f4d87ffe000-7f4d88000000 rw-p 0002c000 08:0c 18089963                   /usr/lib/jvm/java-11-openjdk-amd64/lib/libjava.so
7f4d88000000-7f4d884cf000 rw-p 00000000 00:00 0 
7f4d884cf000-7f4d8c000000 ---p 00000000 00:00 0 
7f4d8c02c000-7f4d8c031000 rw-p 00000000 00:00 0 
7f4d8c031000-7f4d8c117000 ---p 00000000 00:00 0 
7f4d8c117000-7f4d8c124000 r-xp 00000000 08:0c 18089983                   /usr/lib/jvm/java-11-openjdk-amd64/lib/libverify.so
7f4d8c124000-7f4d8c323000 ---p 0000d000 08:0c 18089983                   /usr/lib/jvm/java-11-openjdk-amd64/lib/libverify.so
7f4d8c323000-7f4d8c325000 r--p 0000c000 08:0c 18089983                   /usr/lib/jvm/java-11-openjdk-amd64/lib/libverify.so
7f4d8c325000-7f4d8c326000 rw-p 0000e000 08:0c 18089983                   /usr/lib/jvm/java-11-openjdk-amd64/lib/libverify.so
7f4d8c326000-7f4d8c32d000 r-xp 00000000 08:0a 136880                     /lib/x86_64-linux-gnu/librt-2.27.so
7f4d8c32d000-7f4d8c52c000 ---p 00007000 08:0a 136880                     /lib/x86_64-linux-gnu/librt-2.27.so
7f4d8c52c000-7f4d8c52d000 r--p 00006000 08:0a 136880                     /lib/x86_64-linux-gnu/librt-2.27.so
7f4d8c52d000-7f4d8c52e000 rw-p 00007000 08:0a 136880                     /lib/x86_64-linux-gnu/librt-2.27.so
7f4d8c52e000-7f4d8c545000 r-xp 00000000 08:0a 136276                     /lib/x86_64-linux-gnu/libgcc_s.so.1
7f4d8c545000-7f4d8c744000 ---p 00017000 08:0a 136276                     /lib/x86_64-linux-gnu/libgcc_s.so.1
7f4d8c744000-7f4d8c745000 r--p 00016000 08:0a 136276                     /lib/x86_64-linux-gnu/libgcc_s.so.1
7f4d8c745000-7f4d8c746000 rw-p 00017000 08:0a 136276                     /lib/x86_64-linux-gnu/libgcc_s.so.1
7f4d8c746000-7f4d8c8e3000 r-xp 00000000 08:0a 136802                     /lib/x86_64-linux-gnu/libm-2.27.so
7f4d8c8e3000-7f4d8cae2000 ---p 0019d000 08:0a 136802                     /lib/x86_64-linux-gnu/libm-2.27.so
7f4d8cae2000-7f4d8cae3000 r--p 0019c000 08:0a 136802                     /lib/x86_64-linux-gnu/libm-2.27.so
7f4d8cae3000-7f4d8cae4000 rw-p 0019d000 08:0a 136802                     /lib/x86_64-linux-gnu/libm-2.27.so
7f4d8cae4000-7f4d8cc5d000 r-xp 00000000 08:0c 15991317                   /usr/lib/x86_64-linux-gnu/libstdc++.so.6.0.25
7f4d8cc5d000-7f4d8ce5d000 ---p 00179000 08:0c 15991317                   /usr/lib/x86_64-linux-gnu/libstdc++.so.6.0.25
7f4d8ce5d000-7f4d8ce67000 r--p 00179000 08:0c 15991317                   /usr/lib/x86_64-linux-gnu/libstdc++.so.6.0.25
7f4d8ce67000-7f4d8ce69000 rw-p 00183000 08:0c 15991317                   /usr/lib/x86_64-linux-gnu/libstdc++.so.6.0.25
7f4d8ce69000-7f4d8ce6d000 rw-p 00000000 00:00 0 
7f4d8ce6d000-7f4d8de0a000 r-xp 00000000 08:0c 18089990                   /usr/lib/jvm/java-11-openjdk-amd64/lib/server/libjvm.so
7f4d8de0a000-7f4d8e00a000 ---p 00f9d000 08:0c 18089990                   /usr/lib/jvm/java-11-openjdk-amd64/lib/server/libjvm.so
7f4d8e00a000-7f4d8e0ce000 r--p 00f9d000 08:0c 18089990                   /usr/lib/jvm/java-11-openjdk-amd64/lib/server/libjvm.so
7f4d8e0ce000-7f4d8e106000 rw-p 01061000 08:0c 18089990                   /usr/lib/jvm/java-11-openjdk-amd64/lib/server/libjvm.so
7f4d8e106000-7f4d8e14f000 rw-p 00000000 00:00 0 
7f4d8e14f000-7f4d8e169000 r-xp 00000000 08:0a 136872                     /lib/x86_64-linux-gnu/libpthread-2.27.so
7f4d8e169000-7f4d8e368000 ---p 0001a000 08:0a 136872                     /lib/x86_64-linux-gnu/libpthread-2.27.so
7f4d8e368000-7f4d8e369000 r--p 00019000 08:0a 136872                     /lib/x86_64-linux-gnu/libpthread-2.27.so
7f4d8e369000-7f4d8e36a000 rw-p 0001a000 08:0a 136872                     /lib/x86_64-linux-gnu/libpthread-2.27.so
7f4d8e36a000-7f4d8e36e000 rw-p 00000000 00:00 0 
7f4d8e36e000-7f4d8e371000 r-xp 00000000 08:0a 136762                     /lib/x86_64-linux-gnu/libdl-2.27.so
7f4d8e371000-7f4d8e570000 ---p 00003000 08:0a 136762                     /lib/x86_64-linux-gnu/libdl-2.27.so
7f4d8e570000-7f4d8e571000 r--p 00002000 08:0a 136762                     /lib/x86_64-linux-gnu/libdl-2.27.so
7f4d8e571000-7f4d8e572000 rw-p 00003000 08:0a 136762                     /lib/x86_64-linux-gnu/libdl-2.27.so
7f4d8e572000-7f4d8e58e000 r-xp 00000000 08:0a 136911                     /lib/x86_64-linux-gnu/libz.so.1.2.11
7f4d8e58e000-7f4d8e78d000 ---p 0001c000 08:0a 136911                     /lib/x86_64-linux-gnu/libz.so.1.2.11
7f4d8e78d000-7f4d8e78e000 r--p 0001b000 08:0a 136911                     /lib/x86_64-linux-gnu/libz.so.1.2.11
7f4d8e78e000-7f4d8e78f000 rw-p 0001c000 08:0a 136911                     /lib/x86_64-linux-gnu/libz.so.1.2.11
7f4d8e78f000-7f4d8e976000 r-xp 00000000 08:0a 136739                     /lib/x86_64-linux-gnu/libc-2.27.so
7f4d8e976000-7f4d8eb76000 ---p 001e7000 08:0a 136739                     /lib/x86_64-linux-gnu/libc-2.27.so
7f4d8eb76000-7f4d8eb7a000 r--p 001e7000 08:0a 136739                     /lib/x86_64-linux-gnu/libc-2.27.so
7f4d8eb7a000-7f4d8eb7c000 rw-p 001eb000 08:0a 136739                     /lib/x86_64-linux-gnu/libc-2.27.so
7f4d8eb7c000-7f4d8eb80000 rw-p 00000000 00:00 0 
7f4d8eb80000-7f4d8eb8f000 r-xp 00000000 08:0c 18089948                   /usr/lib/jvm/java-11-openjdk-amd64/lib/jli/libjli.so
7f4d8eb8f000-7f4d8ed8e000 ---p 0000f000 08:0c 18089948                   /usr/lib/jvm/java-11-openjdk-amd64/lib/jli/libjli.so
7f4d8ed8e000-7f4d8ed8f000 r--p 0000e000 08:0c 18089948                   /usr/lib/jvm/java-11-openjdk-amd64/lib/jli/libjli.so
7f4d8ed8f000-7f4d8ed90000 rw-p 0000f000 08:0c 18089948                   /usr/lib/jvm/java-11-openjdk-amd64/lib/jli/libjli.so
7f4d8ed90000-7f4d8edb7000 r-xp 00000000 08:0a 136711                     /lib/x86_64-linux-gnu/ld-2.27.so
7f4d8edd4000-7f4d8eddb000 r--s 00000000 08:0c 16256106                   /usr/lib/x86_64-linux-gnu/gconv/gconv-modules.cache
7f4d8eddb000-7f4d8ee98000 rw-p 00000000 00:00 0 
7f4d8ee98000-7f4d8ee9c000 ---p 00000000 00:00 0 
7f4d8ee9c000-7f4d8ef9b000 rw-p 00000000 00:00 0 
7f4d8ef9e000-7f4d8efa4000 rw-p 00000000 00:00 0 
7f4d8efa4000-7f4d8efab000 ---p 00000000 00:00 0 
7f4d8efab000-7f4d8efb3000 rw-s 00000000 08:0a 132873                     /tmp/hsperfdata_poorlemon/1642
7f4d8efb3000-7f4d8efb4000 ---p 00000000 00:00 0 
7f4d8efb4000-7f4d8efb5000 r--p 00000000 00:00 0 
7f4d8efb5000-7f4d8efb7000 rw-p 00000000 00:00 0 
7f4d8efb7000-7f4d8efb8000 r--p 00027000 08:0a 136711                     /lib/x86_64-linux-gnu/ld-2.27.so
7f4d8efb8000-7f4d8efb9000 rw-p 00028000 08:0a 136711                     /lib/x86_64-linux-gnu/ld-2.27.so
7f4d8efb9000-7f4d8efba000 rw-p 00000000 00:00 0 
7fffa30e1000-7fffa3102000 rw-p 00000000 00:00 0                          [stack]
7fffa315b000-7fffa315e000 r--p 00000000 00:00 0                          [vvar]
7fffa315e000-7fffa3160000 r-xp 00000000 00:00 0                          [vdso]
ffffffffff600000-ffffffffff601000 r-xp 00000000 00:00 0                  [vsyscall]


VM Arguments:
jvm_args: -agentlib:jdwp=transport=dt_socket,suspend=y,address=localhost:41131 -javaagent:/home/poorlemon/SoftWare/eclipse/configuration/org.eclipse.osgi/216/0/.cp/lib/javaagent-shaded.jar -Dfile.encoding=UTF-8 
java_command: com.huawei.Test
java_class_path (initial): /home/poorlemon/Work/HuaWei/SDK/SDK_java/code/CodeCraft-2019/bin:/home/poorlemon/Work/HuaWei/SDK/SDK_java/code/CodeCraft-2019/lib/commons-logging-1.2.jar:/home/poorlemon/Work/HuaWei/SDK/SDK_java/code/CodeCraft-2019/lib/log4j-1.2.17.jar
Launcher Type: SUN_STANDARD

Logging:
Log output configuration:
#0: stdout all=warning uptime,level,tags
#1: stderr all=off uptime,level,tags

Environment Variables:
JAVA_HOME=/usr/lib/jvm/java-8-openjdk-amd64
JRE_HOME=/usr/java/jdk1.8.0_191/jre
CLASSPATH=.:/usr/java/jdk1.8.0_191/lib:/usr/java/jdk1.8.0_191/jre/lib:
PATH=/home/poorlemon/.local/bin:/usr/local/sbt/sbt/:/usr/local/spark/bin:/usr/local/sbin:/usr/local/bin:/usr/sbin:/usr/bin:/sbin:/bin:/usr/games:/usr/local/games:/usr/java/jdk1.8.0_191/bin:/usr/java/jdk1.8.0_191/jre/bin:/snap/bin
USERNAME=poorlemon
SHELL=/bin/bash
DISPLAY=:0

Signal Handlers:
SIGSEGV: [libjvm.so+0xd28b70], sa_mask[0]=11111111011111111101111111111110, sa_flags=SA_RESTART|SA_SIGINFO
SIGBUS: [libjvm.so+0xd28b70], sa_mask[0]=11111111011111111101111111111110, sa_flags=SA_RESTART|SA_SIGINFO
SIGFPE: [libjvm.so+0xd28b70], sa_mask[0]=11111111011111111101111111111110, sa_flags=SA_RESTART|SA_SIGINFO
SIGPIPE: [libjvm.so+0xb2a1f0], sa_mask[0]=11111111011111111101111111111110, sa_flags=SA_RESTART|SA_SIGINFO
SIGXFSZ: [libjvm.so+0xb2a1f0], sa_mask[0]=11111111011111111101111111111110, sa_flags=SA_RESTART|SA_SIGINFO
SIGILL: [libjvm.so+0xd28b70], sa_mask[0]=11111111011111111101111111111110, sa_flags=SA_RESTART|SA_SIGINFO
SIGUSR2: [libjvm.so+0xb2a030], sa_mask[0]=00100000000000000000000000000000, sa_flags=SA_RESTART|SA_SIGINFO
SIGHUP: [libjvm.so+0xb2a180], sa_mask[0]=11111111011111111101111111111110, sa_flags=SA_RESTART|SA_SIGINFO
SIGINT: [libjvm.so+0xb2a180], sa_mask[0]=11111111011111111101111111111110, sa_flags=SA_RESTART|SA_SIGINFO
SIGTERM: [libjvm.so+0xb2a180], sa_mask[0]=11111111011111111101111111111110, sa_flags=SA_RESTART|SA_SIGINFO
SIGQUIT: [libjvm.so+0xb2a180], sa_mask[0]=11111111011111111101111111111110, sa_flags=SA_RESTART|SA_SIGINFO


---------------  S Y S T E M  ---------------

OS:DISTRIB_ID=Ubuntu
DISTRIB_RELEASE=18.04
DISTRIB_CODENAME=bionic
DISTRIB_DESCRIPTION="Ubuntu 18.04.1 LTS"
uname:Linux 4.15.0-46-generic #49-Ubuntu SMP Wed Feb 6 09:33:07 UTC 2019 x86_64
libc:glibc 2.27 NPTL 2.27 
rlimit: STACK 8192k, CORE 0k, NPROC 30906, NOFILE 1048576, AS infinity, DATA infinity, FSIZE infinity
load average:3.12 3.63 3.54

/proc/meminfo:
MemTotal:        8024260 kB
MemFree:          126736 kB
MemAvailable:     985392 kB
Buffers:          103616 kB
Cached:          2034616 kB
SwapCached:           16 kB
Active:          5922688 kB
Inactive:        1546344 kB
Active(anon):    5322696 kB
Inactive(anon):  1168280 kB
Active(file):     599992 kB
Inactive(file):   378064 kB
Unevictable:          80 kB
Mlocked:              80 kB
SwapTotal:       8000508 kB
SwapFree:        7999216 kB
Dirty:               424 kB
Writeback:            76 kB
AnonPages:       5331032 kB
Mapped:           656368 kB
Shmem:           1173668 kB
Slab:             264220 kB
SReclaimable:     189416 kB
SUnreclaim:        74804 kB
KernelStack:       20144 kB
PageTables:        73776 kB
NFS_Unstable:          0 kB
Bounce:                0 kB
WritebackTmp:          0 kB
CommitLimit:    12012636 kB
Committed_AS:   12990468 kB
VmallocTotal:   34359738367 kB
VmallocUsed:           0 kB
VmallocChunk:          0 kB
HardwareCorrupted:     0 kB
AnonHugePages:         0 kB
ShmemHugePages:        0 kB
ShmemPmdMapped:        0 kB
CmaTotal:              0 kB
CmaFree:               0 kB
HugePages_Total:       0
HugePages_Free:        0
HugePages_Rsvd:        0
HugePages_Surp:        0
Hugepagesize:       2048 kB
DirectMap4k:      251552 kB
DirectMap2M:     6944768 kB
DirectMap1G:     1048576 kB

container (cgroup) information:
container_type: cgroupv1
cpu_cpuset_cpus: 0-5
cpu_memory_nodes: 0
active_processor_count: 6
cpu_quota: -1
cpu_period: 100000
cpu_shares: -1
memory_limit_in_bytes: -1
memory_and_swap_limit_in_bytes: -2
memory_soft_limit_in_bytes: -1
memory_usage_in_bytes: 7649013760
memory_max_usage_in_bytes: 0


CPU:total 6 (initial active 6) (6 cores per cpu, 1 threads per core) family 6 model 158 stepping 10, cmov, cx8, fxsr, mmx, sse, sse2, sse3, ssse3, sse4.1, sse4.2, popcnt, avx, avx2, aes, clmul, erms, rtm, 3dnowpref, lzcnt, tsc, tscinvbit, bmi1, bmi2, adx, fma
CPU Model and flags from /proc/cpuinfo:
model name	: Intel(R) Core(TM) i5-8500 CPU @ 3.00GHz
flags		: fpu vme de pse tsc msr pae mce cx8 apic sep mtrr pge mca cmov pat pse36 clflush dts acpi mmx fxsr sse sse2 ss ht tm pbe syscall nx pdpe1gb rdtscp lm constant_tsc art arch_perfmon pebs bts rep_good nopl xtopology nonstop_tsc cpuid aperfmperf tsc_known_freq pni pclmulqdq dtes64 monitor ds_cpl vmx smx est tm2 ssse3 sdbg fma cx16 xtpr pdcm pcid sse4_1 sse4_2 x2apic movbe popcnt tsc_deadline_timer aes xsave avx f16c rdrand lahf_lm abm 3dnowprefetch cpuid_fault epb invpcid_single pti ssbd ibrs ibpb stibp tpr_shadow vnmi flexpriority ept vpid fsgsbase tsc_adjust bmi1 hle avx2 smep bmi2 erms invpcid rtm mpx rdseed adx smap clflushopt intel_pt xsaveopt xsavec xgetbv1 xsaves dtherm ida arat pln pts hwp hwp_notify hwp_act_window hwp_epp flush_l1d

Memory: 4k page, physical 8024260k(126736k free), swap 8000508k(7999216k free)

vm_info: OpenJDK 64-Bit Server VM (10.0.2+13-Ubuntu-1ubuntu0.18.04.4) for linux-amd64 JRE (10.0.2+13-Ubuntu-1ubuntu0.18.04.4), built on Nov 13 2018 12:53:39 by "buildd" with gcc 7.3.0

END.
