#
# A fatal error has been detected by the Java Runtime Environment:
#
#  Internal Error (generateOopMap.cpp:2162), pid=27293, tid=27316
#  fatal error: Illegal class file encountered. Try running with -Xverify:all in method driveCarIndWaitState
#
# JRE version: OpenJDK Runtime Environment (10.0.2+13) (build 10.0.2+13-Ubuntu-1ubuntu0.18.04.4)
# Java VM: OpenJDK 64-Bit Server VM (10.0.2+13-Ubuntu-1ubuntu0.18.04.4, mixed mode, tiered, compressed oops, g1 gc, linux-amd64)
# Core dump will be written. Default location: Core dumps may be processed with "/usr/share/apport/apport %p %s %c %d %P" (or dumping to /home/poorlemon/Work/HuaWei/SDK/SDK_java/code/CodeCraft-2019/core.27293)
#
# If you would like to submit a bug report, please visit:
#   http://bugreport.java.com/bugreport/crash.jsp
#

---------------  S U M M A R Y ------------

Command Line: -agentlib:jdwp=transport=dt_socket,suspend=y,address=localhost:34323 -javaagent:/home/poorlemon/SoftWare/eclipse/configuration/org.eclipse.osgi/216/0/.cp/lib/javaagent-shaded.jar -Dfile.encoding=UTF-8 com.huawei.Test

Host: Intel(R) Core(TM) i5-8500 CPU @ 3.00GHz, 6 cores, 7G, Ubuntu 18.04.1 LTS
Time: Wed Apr  3 17:43:44 2019 CST elapsed time: 379 seconds (0d 0h 6m 19s)

---------------  T H R E A D  ---------------

Current thread (0x00007fcca8159800):  VMThread "VM Thread" [stack: 0x00007fcc8c2c1000,0x00007fcc8c3c1000] [id=27316]

Stack: [0x00007fcc8c2c1000,0x00007fcc8c3c1000],  sp=0x00007fcc8c3beeb0,  free space=1015k
Native frames: (J=compiled Java code, A=aot compiled Java code, j=interpreted, Vv=VM code, C=native code)
V  [libjvm.so+0xd27ea4]
V  [libjvm.so+0xd28a0f]
V  [libjvm.so+0x64d328]
V  [libjvm.so+0x7a72e5]
V  [libjvm.so+0x7a73bb]
V  [libjvm.so+0x7ab33d]
V  [libjvm.so+0x7ac026]
V  [libjvm.so+0x7aea0d]
V  [libjvm.so+0x7aedb9]
V  [libjvm.so+0xb1f14a]
V  [libjvm.so+0xb1f7d1]
V  [libjvm.so+0xabde16]
V  [libjvm.so+0x95085c]
V  [libjvm.so+0xd38871]
V  [libjvm.so+0xd35b3b]
V  [libjvm.so+0xd3715e]
V  [libjvm.so+0xd37588]
V  [libjvm.so+0xb33d40]

VM_Operation (0x00007fcc609269d0): GetOrSetLocal, mode: safepoint, requested by thread 0x00007fcca821b800


---------------  P R O C E S S  ---------------

Threads class SMR info:
_java_thread_list=0x00007fcca8312f10, length=13, elements={
0x00007fcca8013000, 0x00007fcca8163800, 0x00007fcca8165800, 0x00007fcca8178000,
0x00007fcca817a000, 0x00007fcca817c000, 0x00007fcca817e000, 0x00007fcca8180000,
0x00007fcca821b800, 0x00007fcca821e800, 0x00007fcc1c001800, 0x00007fcca8236000,
0x00007fcca8317000
}

Java Threads: ( => current thread )
  0x00007fcca8013000 JavaThread "main" [_thread_blocked, id=27297, stack(0x00007fccaf350000,0x00007fccaf451000)]
  0x00007fcca8163800 JavaThread "Reference Handler" daemon [_thread_blocked, id=27317, stack(0x00007fcc8c1be000,0x00007fcc8c2bf000)]
  0x00007fcca8165800 JavaThread "Finalizer" daemon [_thread_blocked, id=27318, stack(0x00007fcc8c0bd000,0x00007fcc8c1be000)]
  0x00007fcca8178000 JavaThread "Signal Dispatcher" daemon [_thread_blocked, id=27319, stack(0x00007fcc741bf000,0x00007fcc742c0000)]
  0x00007fcca817a000 JavaThread "C2 CompilerThread0" daemon [_thread_blocked, id=27320, stack(0x00007fcc740be000,0x00007fcc741bf000)]
  0x00007fcca817c000 JavaThread "C2 CompilerThread1" daemon [_thread_in_native, id=27321, stack(0x00007fcc60d30000,0x00007fcc60e31000)]
  0x00007fcca817e000 JavaThread "C1 CompilerThread2" daemon [_thread_blocked, id=27323, stack(0x00007fcc60c2f000,0x00007fcc60d30000)]
  0x00007fcca8180000 JavaThread "Sweeper thread" daemon [_thread_blocked, id=27324, stack(0x00007fcc60b2e000,0x00007fcc60c2f000)]
  0x00007fcca821b800 JavaThread "JDWP Transport Listener: dt_socket" daemon [_thread_blocked, id=27334, stack(0x00007fcc60827000,0x00007fcc60928000)] _threads_hazard_ptr=0x00007fcca8312f10
  0x00007fcca821e800 JavaThread "JDWP Event Helper Thread" daemon [_thread_blocked, id=27336, stack(0x00007fcc60726000,0x00007fcc60827000)]
  0x00007fcc1c001800 JavaThread "JDWP Command Reader" daemon [_thread_in_native, id=27337, stack(0x00007fcc60625000,0x00007fcc60726000)]
  0x00007fcca8236000 JavaThread "Common-Cleaner" daemon [_thread_blocked, id=27353, stack(0x00007fcc60524000,0x00007fcc60625000)]
  0x00007fcca8317000 JavaThread "Service Thread" daemon [_thread_blocked, id=27354, stack(0x00007fcc13eff000,0x00007fcc14000000)]

Other Threads:
=>0x00007fcca8159800 VMThread "VM Thread" [stack: 0x00007fcc8c2c1000,0x00007fcc8c3c1000] [id=27316]
  0x00007fcca8319000 WatcherThread [stack: 0x00007fcc13dff000,0x00007fcc13eff000] [id=27355]
  0x00007fcca802a000 GCTaskThread "GC Thread#0" [stack: 0x00007fcc8eadf000,0x00007fcc8ebdf000] [id=27298]
  0x00007fcca802b800 GCTaskThread "GC Thread#1" [stack: 0x00007fcc8e9dd000,0x00007fcc8eadd000] [id=27299]
  0x00007fcca802d000 GCTaskThread "GC Thread#2" [stack: 0x00007fcc8e8db000,0x00007fcc8e9db000] [id=27300]
  0x00007fcca802e800 GCTaskThread "GC Thread#3" [stack: 0x00007fcc8e7d9000,0x00007fcc8e8d9000] [id=27301]
  0x00007fcca8030800 GCTaskThread "GC Thread#4" [stack: 0x00007fcc8e6d7000,0x00007fcc8e7d7000] [id=27302]
  0x00007fcca8032000 GCTaskThread "GC Thread#5" [stack: 0x00007fcc8e5d5000,0x00007fcc8e6d5000] [id=27303]
  0x00007fcca805b800 ConcurrentGCThread "G1 Main Marker" [stack: 0x00007fcc8d351000,0x00007fcc8d451000] [id=27305]
  0x00007fcca805d000 ConcurrentGCThread "G1 Conc#0" [stack: 0x00007fcc8d24f000,0x00007fcc8d34f000] [id=27306]
  0x00007fcca805f000 ConcurrentGCThread "G1 Conc#1" [stack: 0x00007fcc8d14d000,0x00007fcc8d24d000] [id=27307]
  0x00007fcca80c7000 ConcurrentGCThread "G1 Refine#0" [stack: 0x00007fcc8ca45000,0x00007fcc8cb45000] [id=27309]
  0x00007fcca80c8800 ConcurrentGCThread "G1 Refine#1" [stack: 0x00007fcc8c943000,0x00007fcc8ca43000] [id=27310]
  0x00007fcca80ca800 ConcurrentGCThread "G1 Refine#2" [stack: 0x00007fcc8c841000,0x00007fcc8c941000] [id=27311]
  0x00007fcca80cc000 ConcurrentGCThread "G1 Refine#3" [stack: 0x00007fcc8c73f000,0x00007fcc8c83f000] [id=27312]
  0x00007fcca80ce000 ConcurrentGCThread "G1 Refine#4" [stack: 0x00007fcc8c63d000,0x00007fcc8c73d000] [id=27313]
  0x00007fcca80cf800 ConcurrentGCThread "G1 Refine#5" [stack: 0x00007fcc8c53b000,0x00007fcc8c63b000] [id=27314]
  0x00007fcca80d1800 ConcurrentGCThread "G1 Young RemSet Sampling" [stack: 0x00007fcc8c439000,0x00007fcc8c539000] [id=27315]

Threads with active compile tasks:
C2 CompilerThread1 731       4       org.eclipse.jdt.launching.internal.org.objectweb.asm.SymbolTable::addConstantMemberReference (147 bytes)

VM state:at safepoint (normal execution)

VM Mutex/Monitor currently owned by a thread:  ([mutex/lock_event])
[0x00007fcca800f4f0] Threads_lock - owner thread: 0x00007fcca8159800

Heap address: 0x0000000085800000, size: 1960 MB, Compressed Oops mode: 32-bit
Narrow klass base: 0x0000000000000000, Narrow klass shift: 3
Compressed class space size: 1073741824 Address: 0x0000000100000000

Heap:
 garbage-first heap   total 126976K, used 65165K [0x0000000085800000, 0x0000000100000000)
  region size 1024K, 41 young (41984K), 9 survivors (9216K)
 Metaspace       used 9021K, capacity 9099K, committed 9216K, reserved 1058816K
  class space    used 694K, capacity 731K, committed 768K, reserved 1048576K
Heap Regions: E=young(eden), S=young(survivor), O=old, HS=humongous(starts), HC=humongous(continues), CS=collection set, F=free, A=archive, TS=gc time stamp, AC=allocation context, TAMS=top-at-mark-start (previous, next)
|   0|0x0000000085800000, 0x0000000085900000, 0x0000000085900000|100%| O|  |TS  1|AC  0|TAMS 0x0000000085800000, 0x0000000085800000|
|   1|0x0000000085900000, 0x0000000085a00000, 0x0000000085a00000|100%| O|  |TS  1|AC  0|TAMS 0x0000000085900000, 0x0000000085900000|
|   2|0x0000000085a00000, 0x0000000085b00000, 0x0000000085b00000|100%| O|  |TS  1|AC  0|TAMS 0x0000000085a00000, 0x0000000085a00000|
|   3|0x0000000085b00000, 0x0000000085c00000, 0x0000000085c00000|100%| O|  |TS  2|AC  0|TAMS 0x0000000085b00000, 0x0000000085b00000|
|   4|0x0000000085c00000, 0x0000000085d00000, 0x0000000085d00000|100%| O|  |TS  2|AC  0|TAMS 0x0000000085c00000, 0x0000000085c00000|
|   5|0x0000000085d00000, 0x0000000085e00000, 0x0000000085e00000|100%| O|  |TS  2|AC  0|TAMS 0x0000000085d00000, 0x0000000085d00000|
|   6|0x0000000085e00000, 0x0000000085f00000, 0x0000000085f00000|100%| O|  |TS  4|AC  0|TAMS 0x0000000085e00000, 0x0000000085e00000|
|   7|0x0000000085f00000, 0x0000000086000000, 0x0000000086000000|100%|HS|  |TS  0|AC  0|TAMS 0x0000000085f00000, 0x0000000085f00000|
|   8|0x0000000086000000, 0x0000000086100000, 0x0000000086100000|100%| O|  |TS  4|AC  0|TAMS 0x0000000086000000, 0x0000000086000000|
|   9|0x0000000086100000, 0x0000000086200000, 0x0000000086200000|100%| O|  |TS  4|AC  0|TAMS 0x0000000086100000, 0x0000000086100000|
|  10|0x0000000086200000, 0x0000000086300000, 0x0000000086300000|100%| O|  |TS  4|AC  0|TAMS 0x0000000086200000, 0x0000000086200000|
|  11|0x0000000086300000, 0x0000000086400000, 0x0000000086400000|100%| O|  |TS  4|AC  0|TAMS 0x0000000086300000, 0x0000000086300000|
|  12|0x0000000086400000, 0x0000000086500000, 0x0000000086500000|100%| O|  |TS  4|AC  0|TAMS 0x0000000086400000, 0x0000000086400000|
|  13|0x0000000086500000, 0x0000000086600000, 0x0000000086600000|100%| O|  |TS  4|AC  0|TAMS 0x0000000086500000, 0x0000000086500000|
|  14|0x0000000086600000, 0x0000000086700000, 0x0000000086700000|100%| O|  |TS  4|AC  0|TAMS 0x0000000086600000, 0x0000000086600000|
|  15|0x0000000086700000, 0x0000000086800000, 0x0000000086800000|100%| O|  |TS  4|AC  0|TAMS 0x0000000086700000, 0x0000000086700000|
|  16|0x0000000086800000, 0x0000000086900000, 0x0000000086900000|100%| O|  |TS  4|AC  0|TAMS 0x0000000086800000, 0x0000000086800000|
|  17|0x0000000086900000, 0x0000000086a00000, 0x0000000086a00000|100%| O|  |TS  4|AC  0|TAMS 0x0000000086900000, 0x0000000086900000|
|  18|0x0000000086a00000, 0x0000000086b00000, 0x0000000086b00000|100%| O|  |TS  4|AC  0|TAMS 0x0000000086a00000, 0x0000000086a00000|
|  19|0x0000000086b00000, 0x0000000086c00000, 0x0000000086c00000|100%| O|  |TS  4|AC  0|TAMS 0x0000000086b00000, 0x0000000086b00000|
|  20|0x0000000086c00000, 0x0000000086d00000, 0x0000000086d00000|100%| O|  |TS  4|AC  0|TAMS 0x0000000086c00000, 0x0000000086c00000|
|  21|0x0000000086d00000, 0x0000000086e00000, 0x0000000086e00000|100%| O|  |TS  4|AC  0|TAMS 0x0000000086d00000, 0x0000000086d00000|
|  22|0x0000000086e00000, 0x0000000086f00000, 0x0000000086f00000|100%| O|  |TS  4|AC  0|TAMS 0x0000000086e00000, 0x0000000086e00000|
|  23|0x0000000086f00000, 0x0000000086fa3400, 0x0000000087000000| 63%| O|  |TS  4|AC  0|TAMS 0x0000000086f00000, 0x0000000086f00000|
|  24|0x0000000087000000, 0x0000000087000000, 0x0000000087100000|  0%| F|  |TS  0|AC  0|TAMS 0x0000000087000000, 0x0000000087000000|
|  25|0x0000000087100000, 0x0000000087100000, 0x0000000087200000|  0%| F|  |TS  0|AC  0|TAMS 0x0000000087100000, 0x0000000087100000|
|  26|0x0000000087200000, 0x0000000087200000, 0x0000000087300000|  0%| F|  |TS  0|AC  0|TAMS 0x0000000087200000, 0x0000000087200000|
|  27|0x0000000087300000, 0x0000000087300000, 0x0000000087400000|  0%| F|  |TS  0|AC  0|TAMS 0x0000000087300000, 0x0000000087300000|
|  28|0x0000000087400000, 0x0000000087400000, 0x0000000087500000|  0%| F|  |TS  0|AC  0|TAMS 0x0000000087400000, 0x0000000087400000|
|  29|0x0000000087500000, 0x0000000087500000, 0x0000000087600000|  0%| F|  |TS  0|AC  0|TAMS 0x0000000087500000, 0x0000000087500000|
|  30|0x0000000087600000, 0x0000000087600000, 0x0000000087700000|  0%| F|  |TS  0|AC  0|TAMS 0x0000000087600000, 0x0000000087600000|
|  31|0x0000000087700000, 0x0000000087700000, 0x0000000087800000|  0%| F|  |TS  0|AC  0|TAMS 0x0000000087700000, 0x0000000087700000|
|  32|0x0000000087800000, 0x0000000087800000, 0x0000000087900000|  0%| F|  |TS  0|AC  0|TAMS 0x0000000087800000, 0x0000000087800000|
|  33|0x0000000087900000, 0x0000000087900000, 0x0000000087a00000|  0%| F|  |TS  0|AC  0|TAMS 0x0000000087900000, 0x0000000087900000|
|  34|0x0000000087a00000, 0x0000000087a00000, 0x0000000087b00000|  0%| F|  |TS  0|AC  0|TAMS 0x0000000087a00000, 0x0000000087a00000|
|  35|0x0000000087b00000, 0x0000000087b00000, 0x0000000087c00000|  0%| F|  |TS  0|AC  0|TAMS 0x0000000087b00000, 0x0000000087b00000|
|  36|0x0000000087c00000, 0x0000000087c00000, 0x0000000087d00000|  0%| F|  |TS  0|AC  0|TAMS 0x0000000087c00000, 0x0000000087c00000|
|  37|0x0000000087d00000, 0x0000000087d00000, 0x0000000087e00000|  0%| F|  |TS  0|AC  0|TAMS 0x0000000087d00000, 0x0000000087d00000|
|  38|0x0000000087e00000, 0x0000000087e00000, 0x0000000087f00000|  0%| F|  |TS  0|AC  0|TAMS 0x0000000087e00000, 0x0000000087e00000|
|  39|0x0000000087f00000, 0x0000000087f00000, 0x0000000088000000|  0%| F|  |TS  0|AC  0|TAMS 0x0000000087f00000, 0x0000000087f00000|
|  40|0x0000000088000000, 0x0000000088000000, 0x0000000088100000|  0%| F|  |TS  0|AC  0|TAMS 0x0000000088000000, 0x0000000088000000|
|  41|0x0000000088100000, 0x0000000088100000, 0x0000000088200000|  0%| F|  |TS  0|AC  0|TAMS 0x0000000088100000, 0x0000000088100000|
|  42|0x0000000088200000, 0x0000000088200000, 0x0000000088300000|  0%| F|  |TS  0|AC  0|TAMS 0x0000000088200000, 0x0000000088200000|
|  43|0x0000000088300000, 0x0000000088300000, 0x0000000088400000|  0%| F|  |TS  0|AC  0|TAMS 0x0000000088300000, 0x0000000088300000|
|  44|0x0000000088400000, 0x0000000088400000, 0x0000000088500000|  0%| F|  |TS  0|AC  0|TAMS 0x0000000088400000, 0x0000000088400000|
|  45|0x0000000088500000, 0x0000000088500000, 0x0000000088600000|  0%| F|  |TS  0|AC  0|TAMS 0x0000000088500000, 0x0000000088500000|
|  46|0x0000000088600000, 0x0000000088600000, 0x0000000088700000|  0%| F|  |TS  0|AC  0|TAMS 0x0000000088600000, 0x0000000088600000|
|  47|0x0000000088700000, 0x0000000088800000, 0x0000000088800000|100%| S|CS|TS  4|AC  0|TAMS 0x0000000088700000, 0x0000000088700000|
|  48|0x0000000088800000, 0x0000000088900000, 0x0000000088900000|100%| S|CS|TS  4|AC  0|TAMS 0x0000000088800000, 0x0000000088800000|
|  49|0x0000000088900000, 0x0000000088a00000, 0x0000000088a00000|100%| S|CS|TS  4|AC  0|TAMS 0x0000000088900000, 0x0000000088900000|
|  50|0x0000000088a00000, 0x0000000088b00000, 0x0000000088b00000|100%| S|CS|TS  4|AC  0|TAMS 0x0000000088a00000, 0x0000000088a00000|
|  51|0x0000000088b00000, 0x0000000088c00000, 0x0000000088c00000|100%| S|CS|TS  4|AC  0|TAMS 0x0000000088b00000, 0x0000000088b00000|
|  52|0x0000000088c00000, 0x0000000088d00000, 0x0000000088d00000|100%| S|CS|TS  4|AC  0|TAMS 0x0000000088c00000, 0x0000000088c00000|
|  53|0x0000000088d00000, 0x0000000088e00000, 0x0000000088e00000|100%| S|CS|TS  4|AC  0|TAMS 0x0000000088d00000, 0x0000000088d00000|
|  54|0x0000000088e00000, 0x0000000088f00000, 0x0000000088f00000|100%| S|CS|TS  4|AC  0|TAMS 0x0000000088e00000, 0x0000000088e00000|
|  55|0x0000000088f00000, 0x0000000089000000, 0x0000000089000000|100%| S|CS|TS  4|AC  0|TAMS 0x0000000088f00000, 0x0000000088f00000|
|  56|0x0000000089000000, 0x0000000089000000, 0x0000000089100000|  0%| F|  |TS  4|AC  0|TAMS 0x0000000089000000, 0x0000000089000000|
|  57|0x0000000089100000, 0x0000000089100000, 0x0000000089200000|  0%| F|  |TS  4|AC  0|TAMS 0x0000000089100000, 0x0000000089100000|
|  58|0x0000000089200000, 0x0000000089200000, 0x0000000089300000|  0%| F|  |TS  4|AC  0|TAMS 0x0000000089200000, 0x0000000089200000|
|  59|0x0000000089300000, 0x0000000089300000, 0x0000000089400000|  0%| F|  |TS  4|AC  0|TAMS 0x0000000089300000, 0x0000000089300000|
|  60|0x0000000089400000, 0x0000000089400000, 0x0000000089500000|  0%| F|  |TS  4|AC  0|TAMS 0x0000000089400000, 0x0000000089400000|
|  61|0x0000000089500000, 0x0000000089500000, 0x0000000089600000|  0%| F|  |TS  4|AC  0|TAMS 0x0000000089500000, 0x0000000089500000|
|  62|0x0000000089600000, 0x0000000089600000, 0x0000000089700000|  0%| F|  |TS  4|AC  0|TAMS 0x0000000089600000, 0x0000000089600000|
|  63|0x0000000089700000, 0x0000000089700000, 0x0000000089800000|  0%| F|  |TS  4|AC  0|TAMS 0x0000000089700000, 0x0000000089700000|
|  64|0x0000000089800000, 0x0000000089800000, 0x0000000089900000|  0%| F|  |TS  4|AC  0|TAMS 0x0000000089800000, 0x0000000089800000|
|  65|0x0000000089900000, 0x0000000089900000, 0x0000000089a00000|  0%| F|  |TS  4|AC  0|TAMS 0x0000000089900000, 0x0000000089900000|
|  66|0x0000000089a00000, 0x0000000089a00000, 0x0000000089b00000|  0%| F|  |TS  4|AC  0|TAMS 0x0000000089a00000, 0x0000000089a00000|
|  67|0x0000000089b00000, 0x0000000089b00000, 0x0000000089c00000|  0%| F|  |TS  4|AC  0|TAMS 0x0000000089b00000, 0x0000000089b00000|
|  68|0x0000000089c00000, 0x0000000089c00000, 0x0000000089d00000|  0%| F|  |TS  4|AC  0|TAMS 0x0000000089c00000, 0x0000000089c00000|
|  69|0x0000000089d00000, 0x0000000089d00000, 0x0000000089e00000|  0%| F|  |TS  4|AC  0|TAMS 0x0000000089d00000, 0x0000000089d00000|
|  70|0x0000000089e00000, 0x0000000089e00000, 0x0000000089f00000|  0%| F|  |TS  4|AC  0|TAMS 0x0000000089e00000, 0x0000000089e00000|
|  71|0x0000000089f00000, 0x0000000089f00000, 0x000000008a000000|  0%| F|  |TS  4|AC  0|TAMS 0x0000000089f00000, 0x0000000089f00000|
|  72|0x000000008a000000, 0x000000008a000000, 0x000000008a100000|  0%| F|  |TS  4|AC  0|TAMS 0x000000008a000000, 0x000000008a000000|
|  73|0x000000008a100000, 0x000000008a100000, 0x000000008a200000|  0%| F|  |TS  4|AC  0|TAMS 0x000000008a100000, 0x000000008a100000|
|  74|0x000000008a200000, 0x000000008a200000, 0x000000008a300000|  0%| F|  |TS  4|AC  0|TAMS 0x000000008a200000, 0x000000008a200000|
|  75|0x000000008a300000, 0x000000008a300000, 0x000000008a400000|  0%| F|  |TS  4|AC  0|TAMS 0x000000008a300000, 0x000000008a300000|
|  76|0x000000008a400000, 0x000000008a400000, 0x000000008a500000|  0%| F|  |TS  4|AC  0|TAMS 0x000000008a400000, 0x000000008a400000|
|  77|0x000000008a500000, 0x000000008a500000, 0x000000008a600000|  0%| F|  |TS  4|AC  0|TAMS 0x000000008a500000, 0x000000008a500000|
|  78|0x000000008a600000, 0x000000008a600000, 0x000000008a700000|  0%| F|  |TS  4|AC  0|TAMS 0x000000008a600000, 0x000000008a600000|
|  79|0x000000008a700000, 0x000000008a700000, 0x000000008a800000|  0%| F|  |TS  4|AC  0|TAMS 0x000000008a700000, 0x000000008a700000|
|  80|0x000000008a800000, 0x000000008a800000, 0x000000008a900000|  0%| F|  |TS  4|AC  0|TAMS 0x000000008a800000, 0x000000008a800000|
|  81|0x000000008a900000, 0x000000008a900000, 0x000000008aa00000|  0%| F|  |TS  4|AC  0|TAMS 0x000000008a900000, 0x000000008a900000|
|  82|0x000000008aa00000, 0x000000008aa00000, 0x000000008ab00000|  0%| F|  |TS  4|AC  0|TAMS 0x000000008aa00000, 0x000000008aa00000|
|  83|0x000000008ab00000, 0x000000008ab00000, 0x000000008ac00000|  0%| F|  |TS  4|AC  0|TAMS 0x000000008ab00000, 0x000000008ab00000|
|  84|0x000000008ac00000, 0x000000008ac00000, 0x000000008ad00000|  0%| F|  |TS  4|AC  0|TAMS 0x000000008ac00000, 0x000000008ac00000|
|  85|0x000000008ad00000, 0x000000008ad00000, 0x000000008ae00000|  0%| F|  |TS  4|AC  0|TAMS 0x000000008ad00000, 0x000000008ad00000|
|  86|0x000000008ae00000, 0x000000008ae00000, 0x000000008af00000|  0%| F|  |TS  4|AC  0|TAMS 0x000000008ae00000, 0x000000008ae00000|
|  87|0x000000008af00000, 0x000000008af00000, 0x000000008b000000|  0%| F|  |TS  4|AC  0|TAMS 0x000000008af00000, 0x000000008af00000|
|  88|0x000000008b000000, 0x000000008b000000, 0x000000008b100000|  0%| F|  |TS  4|AC  0|TAMS 0x000000008b000000, 0x000000008b000000|
|  89|0x000000008b100000, 0x000000008b100000, 0x000000008b200000|  0%| F|  |TS  4|AC  0|TAMS 0x000000008b100000, 0x000000008b100000|
|  90|0x000000008b200000, 0x000000008b200000, 0x000000008b300000|  0%| F|  |TS  4|AC  0|TAMS 0x000000008b200000, 0x000000008b200000|
|  91|0x000000008b300000, 0x000000008b300000, 0x000000008b400000|  0%| F|  |TS  4|AC  0|TAMS 0x000000008b300000, 0x000000008b300000|
|  92|0x000000008b400000, 0x000000008b4ec1b0, 0x000000008b500000| 92%| E|  |TS  4|AC  0|TAMS 0x000000008b400000, 0x000000008b400000|
|  93|0x000000008b500000, 0x000000008b600000, 0x000000008b600000|100%| E|CS|TS  4|AC  0|TAMS 0x000000008b500000, 0x000000008b500000|
|  94|0x000000008b600000, 0x000000008b700000, 0x000000008b700000|100%| E|CS|TS  4|AC  0|TAMS 0x000000008b600000, 0x000000008b600000|
|  95|0x000000008b700000, 0x000000008b800000, 0x000000008b800000|100%| E|CS|TS  4|AC  0|TAMS 0x000000008b700000, 0x000000008b700000|
|  96|0x000000008b800000, 0x000000008b900000, 0x000000008b900000|100%| E|CS|TS  4|AC  0|TAMS 0x000000008b800000, 0x000000008b800000|
|  97|0x000000008b900000, 0x000000008ba00000, 0x000000008ba00000|100%| E|CS|TS  4|AC  0|TAMS 0x000000008b900000, 0x000000008b900000|
|  98|0x000000008ba00000, 0x000000008bb00000, 0x000000008bb00000|100%| E|CS|TS  4|AC  0|TAMS 0x000000008ba00000, 0x000000008ba00000|
|  99|0x000000008bb00000, 0x000000008bc00000, 0x000000008bc00000|100%| E|CS|TS  4|AC  0|TAMS 0x000000008bb00000, 0x000000008bb00000|
| 100|0x000000008bc00000, 0x000000008bd00000, 0x000000008bd00000|100%| E|CS|TS  4|AC  0|TAMS 0x000000008bc00000, 0x000000008bc00000|
| 101|0x000000008bd00000, 0x000000008be00000, 0x000000008be00000|100%| E|CS|TS  4|AC  0|TAMS 0x000000008bd00000, 0x000000008bd00000|
| 102|0x000000008be00000, 0x000000008bf00000, 0x000000008bf00000|100%| E|CS|TS  4|AC  0|TAMS 0x000000008be00000, 0x000000008be00000|
| 103|0x000000008bf00000, 0x000000008c000000, 0x000000008c000000|100%| E|CS|TS  4|AC  0|TAMS 0x000000008bf00000, 0x000000008bf00000|
| 104|0x000000008c000000, 0x000000008c100000, 0x000000008c100000|100%| E|CS|TS  4|AC  0|TAMS 0x000000008c000000, 0x000000008c000000|
| 105|0x000000008c100000, 0x000000008c200000, 0x000000008c200000|100%| E|CS|TS  4|AC  0|TAMS 0x000000008c100000, 0x000000008c100000|
| 106|0x000000008c200000, 0x000000008c300000, 0x000000008c300000|100%| E|CS|TS  4|AC  0|TAMS 0x000000008c200000, 0x000000008c200000|
| 107|0x000000008c300000, 0x000000008c400000, 0x000000008c400000|100%| E|CS|TS  4|AC  0|TAMS 0x000000008c300000, 0x000000008c300000|
| 108|0x000000008c400000, 0x000000008c500000, 0x000000008c500000|100%| E|CS|TS  4|AC  0|TAMS 0x000000008c400000, 0x000000008c400000|
| 109|0x000000008c500000, 0x000000008c600000, 0x000000008c600000|100%| E|CS|TS  4|AC  0|TAMS 0x000000008c500000, 0x000000008c500000|
| 110|0x000000008c600000, 0x000000008c700000, 0x000000008c700000|100%| E|CS|TS  4|AC  0|TAMS 0x000000008c600000, 0x000000008c600000|
| 111|0x000000008c700000, 0x000000008c800000, 0x000000008c800000|100%| E|CS|TS  4|AC  0|TAMS 0x000000008c700000, 0x000000008c700000|
| 112|0x000000008c800000, 0x000000008c900000, 0x000000008c900000|100%| E|CS|TS  4|AC  0|TAMS 0x000000008c800000, 0x000000008c800000|
| 113|0x000000008c900000, 0x000000008ca00000, 0x000000008ca00000|100%| E|CS|TS  4|AC  0|TAMS 0x000000008c900000, 0x000000008c900000|
| 114|0x000000008ca00000, 0x000000008cb00000, 0x000000008cb00000|100%| E|CS|TS  4|AC  0|TAMS 0x000000008ca00000, 0x000000008ca00000|
| 115|0x000000008cb00000, 0x000000008cc00000, 0x000000008cc00000|100%| E|CS|TS  4|AC  0|TAMS 0x000000008cb00000, 0x000000008cb00000|
| 116|0x000000008cc00000, 0x000000008cd00000, 0x000000008cd00000|100%| E|CS|TS  4|AC  0|TAMS 0x000000008cc00000, 0x000000008cc00000|
| 117|0x000000008cd00000, 0x000000008ce00000, 0x000000008ce00000|100%| E|CS|TS  4|AC  0|TAMS 0x000000008cd00000, 0x000000008cd00000|
| 118|0x000000008ce00000, 0x000000008cf00000, 0x000000008cf00000|100%| E|CS|TS  4|AC  0|TAMS 0x000000008ce00000, 0x000000008ce00000|
| 119|0x000000008cf00000, 0x000000008d000000, 0x000000008d000000|100%| E|CS|TS  4|AC  0|TAMS 0x000000008cf00000, 0x000000008cf00000|
| 120|0x000000008d000000, 0x000000008d100000, 0x000000008d100000|100%| E|CS|TS  4|AC  0|TAMS 0x000000008d000000, 0x000000008d000000|
| 121|0x000000008d100000, 0x000000008d200000, 0x000000008d200000|100%| E|CS|TS  4|AC  0|TAMS 0x000000008d100000, 0x000000008d100000|
| 122|0x000000008d200000, 0x000000008d300000, 0x000000008d300000|100%| E|CS|TS  4|AC  0|TAMS 0x000000008d200000, 0x000000008d200000|
| 123|0x000000008d300000, 0x000000008d400000, 0x000000008d400000|100%| E|CS|TS  4|AC  0|TAMS 0x000000008d300000, 0x000000008d300000|

Card table byte_map: [0x00007fcc8d825000,0x00007fcc8dbf9000] byte_map_base: 0x00007fcc8d3f9000

Marking Bits (Prev, Next): (CMBitMap*) 0x00007fcca805a8b0, (CMBitMap*) 0x00007fcca805a8e8
 Prev Bits: [0x00007fcc76160000, 0x00007fcc78000000)
 Next Bits: [0x00007fcc742c0000, 0x00007fcc76160000)

Polling page: 0x00007fccaf46b000

CodeHeap 'non-profiled nmethods': size=120032Kb used=414Kb max_used=485Kb free=119617Kb
 bounds [0x00007fcc96792000, 0x00007fcc96a02000, 0x00007fcc9dcca000]
CodeHeap 'profiled nmethods': size=120032Kb used=1009Kb max_used=1448Kb free=119022Kb
 bounds [0x00007fcc8f25a000, 0x00007fcc8f4ca000, 0x00007fcc96792000]
CodeHeap 'non-nmethods': size=5696Kb used=1109Kb max_used=1148Kb free=4586Kb
 bounds [0x00007fcc8ecca000, 0x00007fcc8ef3a000, 0x00007fcc8f25a000]
 total_blobs=1398 nmethods=571 adapters=268
 compilation: enabled

Compilation events (10 events):
Event: 289.840 Thread 0x00007fcca817e000 nmethod 726 0x00007fcc8f3bf890 code [0x00007fcc8f3bfe80, 0x00007fcc8f3c32f8]
Event: 289.840 Thread 0x00007fcca817c000  727       4       org.eclipse.jdt.launching.internal.org.objectweb.asm.MethodWriter::visitVarInsn (302 bytes)
Event: 289.846 Thread 0x00007fcca817c000 nmethod 727 0x00007fcc9680ac90 code [0x00007fcc9680ae60, 0x00007fcc9680b3b8]
Event: 379.681 Thread 0x00007fcca817e000  728       3       java.lang.String::getBytes (44 bytes)
Event: 379.681 Thread 0x00007fcca817e000 nmethod 728 0x00007fcc8f2f2a10 code [0x00007fcc8f2f2c00, 0x00007fcc8f2f2fb8]
Event: 379.682 Thread 0x00007fcca817a000  729       4       org.eclipse.jdt.launching.internal.org.objectweb.asm.SymbolTable::put (150 bytes)
Event: 379.687 Thread 0x00007fcca817c000  731       4       org.eclipse.jdt.launching.internal.org.objectweb.asm.SymbolTable::addConstantMemberReference (147 bytes)
Event: 379.689 Thread 0x00007fcca817e000  730       3       org.eclipse.jdt.launching.internal.org.objectweb.asm.ByteVector::encodeUtf8 (337 bytes)
Event: 379.690 Thread 0x00007fcca817e000 nmethod 730 0x00007fcc8f2f0a90 code [0x00007fcc8f2f0dc0, 0x00007fcc8f2f20d8]
Event: 379.701 Thread 0x00007fcca817a000 nmethod 729 0x00007fcc9679ba10 code [0x00007fcc9679bbe0, 0x00007fcc9679c858]

GC Heap History (8 events):
Event: 0.373 GC heap before
{Heap before GC invocations=0 (full 0):
 garbage-first heap   total 126976K, used 22528K [0x0000000085800000, 0x0000000100000000)
  region size 1024K, 22 young (22528K), 0 survivors (0K)
 Metaspace       used 8557K, capacity 8651K, committed 8704K, reserved 1056768K
  class space    used 682K, capacity 731K, committed 768K, reserved 1048576K
}
Event: 0.378 GC heap after
{Heap after GC invocations=1 (full 0):
 garbage-first heap   total 126976K, used 6542K [0x0000000085800000, 0x0000000100000000)
  region size 1024K, 3 young (3072K), 3 survivors (3072K)
 Metaspace       used 8557K, capacity 8651K, committed 8704K, reserved 1056768K
  class space    used 682K, capacity 731K, committed 768K, reserved 1048576K
}
Event: 0.409 GC heap before
{Heap before GC invocations=1 (full 0):
 garbage-first heap   total 126976K, used 27022K [0x0000000085800000, 0x0000000100000000)
  region size 1024K, 23 young (23552K), 3 survivors (3072K)
 Metaspace       used 8560K, capacity 8651K, committed 8704K, reserved 1056768K
  class space    used 682K, capacity 731K, committed 768K, reserved 1048576K
}
Event: 0.414 GC heap after
{Heap after GC invocations=2 (full 0):
 garbage-first heap   total 126976K, used 8931K [0x0000000085800000, 0x0000000100000000)
  region size 1024K, 3 young (3072K), 3 survivors (3072K)
 Metaspace       used 8560K, capacity 8651K, committed 8704K, reserved 1056768K
  class space    used 682K, capacity 731K, committed 768K, reserved 1048576K
}
Event: 0.481 GC heap before
{Heap before GC invocations=2 (full 0):
 garbage-first heap   total 126976K, used 55011K [0x0000000085800000, 0x0000000100000000)
  region size 1024K, 48 young (49152K), 3 survivors (3072K)
 Metaspace       used 8560K, capacity 8651K, committed 8704K, reserved 1056768K
  class space    used 682K, capacity 731K, committed 768K, reserved 1048576K
}
Event: 0.510 GC heap after
{Heap after GC invocations=3 (full 0):
 garbage-first heap   total 126976K, used 13281K [0x0000000085800000, 0x0000000100000000)
  region size 1024K, 6 young (6144K), 6 survivors (6144K)
 Metaspace       used 8560K, capacity 8651K, committed 8704K, reserved 1056768K
  class space    used 682K, capacity 731K, committed 768K, reserved 1048576K
}
Event: 0.628 GC heap before
{Heap before GC invocations=3 (full 0):
 garbage-first heap   total 126976K, used 77793K [0x0000000085800000, 0x0000000100000000)
  region size 1024K, 68 young (69632K), 6 survivors (6144K)
 Metaspace       used 8640K, capacity 8715K, committed 8960K, reserved 1056768K
  class space    used 685K, capacity 731K, committed 768K, reserved 1048576K
}
Event: 0.651 GC heap after
{Heap after GC invocations=4 (full 0):
 garbage-first heap   total 126976K, used 33421K [0x0000000085800000, 0x0000000100000000)
  region size 1024K, 9 young (9216K), 9 survivors (9216K)
 Metaspace       used 8640K, capacity 8715K, committed 8960K, reserved 1056768K
  class space    used 685K, capacity 731K, committed 768K, reserved 1048576K
}

Deoptimization events (10 events):
Event: 0.520 Thread 0x00007fcca8013000 Uncommon trap: reason=unstable_if action=reinterpret pc=0x00007fcc967ba26c method=java.lang.StringUTF16.compress([CII)[B @ 13 c2
Event: 0.520 Thread 0x00007fcca8013000 Uncommon trap: reason=unstable_if action=reinterpret pc=0x00007fcc967b2238 method=java.lang.String.hashCode()I @ 22 c2
Event: 0.561 Thread 0x00007fcca8013000 Uncommon trap: reason=unstable_if action=reinterpret pc=0x00007fcc967c11c8 method=java.lang.Integer.parseInt(Ljava/lang/String;I)I @ 119 c2
Event: 0.748 Thread 0x00007fcca8013000 Uncommon trap: reason=unstable_if action=reinterpret pc=0x00007fcc967b5e64 method=java.lang.AbstractStringBuilder.putStringAt(ILjava/lang/String;)V @ 8 c2
Event: 0.748 Thread 0x00007fcca8013000 Uncommon trap: reason=unstable_if action=reinterpret pc=0x00007fcc967bd37c method=java.lang.AbstractStringBuilder.isLatin1()Z @ 10 c2
Event: 0.748 Thread 0x00007fcca8013000 Uncommon trap: reason=unstable_if action=reinterpret pc=0x00007fcc967bb348 method=java.lang.AbstractStringBuilder.putStringAt(ILjava/lang/String;)V @ 8 c2
Event: 0.748 Thread 0x00007fcca8013000 Uncommon trap: reason=unstable_if action=reinterpret pc=0x00007fcc967b3f88 method=java.lang.String.getBytes([BIB)V @ 5 c2
Event: 0.748 Thread 0x00007fcca8013000 Uncommon trap: reason=unstable_if action=reinterpret pc=0x00007fcc967b4f68 method=java.lang.AbstractStringBuilder.putStringAt(ILjava/lang/String;)V @ 8 c2
Event: 0.748 Thread 0x00007fcca8013000 Uncommon trap: reason=unstable_if action=reinterpret pc=0x00007fcc967b76d4 method=java.lang.AbstractStringBuilder.isLatin1()Z @ 10 c2
Event: 0.762 Thread 0x00007fcca8013000 Uncommon trap: reason=unstable_if action=reinterpret pc=0x00007fcc967dffa8 method=main.java.com.huawei.unit.Car.setAllRoutes()V @ 4 c2

Classes redefined (3 events):
Event: 188.381 Thread 0x00007fcca8159800 redefined class name=main.java.com.huawei.system.Simulation, count=1
Event: 289.845 Thread 0x00007fcca8159800 redefined class name=main.java.com.huawei.system.Simulation, count=2
Event: 379.689 Thread 0x00007fcca8159800 redefined class name=main.java.com.huawei.system.Simulation, count=3

Internal exceptions (0 events):
No events

Events (10 events):
Event: 379.740 Executing VM operation: GetFrameLocation done
Event: 379.740 Executing VM operation: EnterInterpOnlyMode
Event: 379.740 Executing VM operation: EnterInterpOnlyMode done
Event: 379.740 Executing VM operation: GetCurrentLocation
Event: 379.740 Executing VM operation: GetCurrentLocation done
Event: 379.740 Executing VM operation: ChangeSingleStep
Event: 379.740 Executing VM operation: ChangeSingleStep done
Event: 379.740 Executing VM operation: GetFrameLocation
Event: 379.740 Executing VM operation: GetFrameLocation done
Event: 379.740 Executing VM operation: GetOrSetLocal


Dynamic libraries:
85800000-8d400000 rw-p 00000000 00:00 0 
8d400000-100000000 ---p 00000000 00:00 0 
100000000-1000c0000 rw-p 00000000 00:00 0 
1000c0000-140000000 ---p 00000000 00:00 0 
55efeeacc000-55efeeacd000 r-xp 00000000 08:0c 16123179                   /usr/lib/jvm/java-11-openjdk-amd64/bin/java
55efeeccd000-55efeecce000 r--p 00001000 08:0c 16123179                   /usr/lib/jvm/java-11-openjdk-amd64/bin/java
55efeecce000-55efeeccf000 rw-p 00002000 08:0c 16123179                   /usr/lib/jvm/java-11-openjdk-amd64/bin/java
55eff0696000-55eff06b7000 rw-p 00000000 00:00 0                          [heap]
7fcc04000000-7fcc04021000 rw-p 00000000 00:00 0 
7fcc04021000-7fcc08000000 ---p 00000000 00:00 0 
7fcc0c000000-7fcc0c021000 rw-p 00000000 00:00 0 
7fcc0c021000-7fcc10000000 ---p 00000000 00:00 0 
7fcc13bfd000-7fcc13c3d000 rw-p 00000000 00:00 0 
7fcc13c3d000-7fcc13dfd000 ---p 00000000 00:00 0 
7fcc13dfd000-7fcc13dfe000 ---p 00000000 00:00 0 
7fcc13dfe000-7fcc13eff000 rw-p 00000000 00:00 0 
7fcc13eff000-7fcc13f03000 ---p 00000000 00:00 0 
7fcc13f03000-7fcc14000000 rw-p 00000000 00:00 0 
7fcc14000000-7fcc14021000 rw-p 00000000 00:00 0 
7fcc14021000-7fcc18000000 ---p 00000000 00:00 0 
7fcc18000000-7fcc18021000 rw-p 00000000 00:00 0 
7fcc18021000-7fcc1c000000 ---p 00000000 00:00 0 
7fcc1c000000-7fcc1c094000 rw-p 00000000 00:00 0 
7fcc1c094000-7fcc20000000 ---p 00000000 00:00 0 
7fcc20000000-7fcc20021000 rw-p 00000000 00:00 0 
7fcc20021000-7fcc24000000 ---p 00000000 00:00 0 
7fcc24000000-7fcc24526000 rw-p 00000000 00:00 0 
7fcc24526000-7fcc28000000 ---p 00000000 00:00 0 
7fcc28000000-7fcc28021000 rw-p 00000000 00:00 0 
7fcc28021000-7fcc2c000000 ---p 00000000 00:00 0 
7fcc2c000000-7fcc2ca5c000 rw-p 00000000 00:00 0 
7fcc2ca5c000-7fcc30000000 ---p 00000000 00:00 0 
7fcc30000000-7fcc30dd8000 rw-p 00000000 00:00 0 
7fcc30dd8000-7fcc34000000 ---p 00000000 00:00 0 
7fcc34000000-7fcc34021000 rw-p 00000000 00:00 0 
7fcc34021000-7fcc38000000 ---p 00000000 00:00 0 
7fcc38000000-7fcc38021000 rw-p 00000000 00:00 0 
7fcc38021000-7fcc3c000000 ---p 00000000 00:00 0 
7fcc3c000000-7fcc3c021000 rw-p 00000000 00:00 0 
7fcc3c021000-7fcc40000000 ---p 00000000 00:00 0 
7fcc40000000-7fcc40021000 rw-p 00000000 00:00 0 
7fcc40021000-7fcc44000000 ---p 00000000 00:00 0 
7fcc44000000-7fcc44021000 rw-p 00000000 00:00 0 
7fcc44021000-7fcc48000000 ---p 00000000 00:00 0 
7fcc48000000-7fcc48021000 rw-p 00000000 00:00 0 
7fcc48021000-7fcc4c000000 ---p 00000000 00:00 0 
7fcc4c000000-7fcc4c021000 rw-p 00000000 00:00 0 
7fcc4c021000-7fcc50000000 ---p 00000000 00:00 0 
7fcc50000000-7fcc50021000 rw-p 00000000 00:00 0 
7fcc50021000-7fcc54000000 ---p 00000000 00:00 0 
7fcc54000000-7fcc54021000 rw-p 00000000 00:00 0 
7fcc54021000-7fcc58000000 ---p 00000000 00:00 0 
7fcc58000000-7fcc58021000 rw-p 00000000 00:00 0 
7fcc58021000-7fcc5c000000 ---p 00000000 00:00 0 
7fcc5c000000-7fcc5c021000 rw-p 00000000 00:00 0 
7fcc5c021000-7fcc60000000 ---p 00000000 00:00 0 
7fcc600fa000-7fcc60111000 r-xp 00000000 08:0c 18089975                   /usr/lib/jvm/java-11-openjdk-amd64/lib/libnet.so
7fcc60111000-7fcc60310000 ---p 00017000 08:0c 18089975                   /usr/lib/jvm/java-11-openjdk-amd64/lib/libnet.so
7fcc60310000-7fcc60311000 r--p 00016000 08:0c 18089975                   /usr/lib/jvm/java-11-openjdk-amd64/lib/libnet.so
7fcc60311000-7fcc60312000 rw-p 00017000 08:0c 18089975                   /usr/lib/jvm/java-11-openjdk-amd64/lib/libnet.so
7fcc60312000-7fcc60323000 r-xp 00000000 08:0c 18089976                   /usr/lib/jvm/java-11-openjdk-amd64/lib/libnio.so
7fcc60323000-7fcc60522000 ---p 00011000 08:0c 18089976                   /usr/lib/jvm/java-11-openjdk-amd64/lib/libnio.so
7fcc60522000-7fcc60523000 r--p 00010000 08:0c 18089976                   /usr/lib/jvm/java-11-openjdk-amd64/lib/libnio.so
7fcc60523000-7fcc60524000 rw-p 00011000 08:0c 18089976                   /usr/lib/jvm/java-11-openjdk-amd64/lib/libnio.so
7fcc60524000-7fcc60528000 ---p 00000000 00:00 0 
7fcc60528000-7fcc60625000 rw-p 00000000 00:00 0 
7fcc60625000-7fcc60629000 ---p 00000000 00:00 0 
7fcc60629000-7fcc60726000 rw-p 00000000 00:00 0 
7fcc60726000-7fcc6072a000 ---p 00000000 00:00 0 
7fcc6072a000-7fcc60827000 rw-p 00000000 00:00 0 
7fcc60827000-7fcc6082b000 ---p 00000000 00:00 0 
7fcc6082b000-7fcc60928000 rw-p 00000000 00:00 0 
7fcc60928000-7fcc6092d000 r-xp 00000000 08:0c 18089955                   /usr/lib/jvm/java-11-openjdk-amd64/lib/libdt_socket.so
7fcc6092d000-7fcc60b2c000 ---p 00005000 08:0c 18089955                   /usr/lib/jvm/java-11-openjdk-amd64/lib/libdt_socket.so
7fcc60b2c000-7fcc60b2d000 r--p 00004000 08:0c 18089955                   /usr/lib/jvm/java-11-openjdk-amd64/lib/libdt_socket.so
7fcc60b2d000-7fcc60b2e000 rw-p 00005000 08:0c 18089955                   /usr/lib/jvm/java-11-openjdk-amd64/lib/libdt_socket.so
7fcc60b2e000-7fcc60b32000 ---p 00000000 00:00 0 
7fcc60b32000-7fcc60c2f000 rw-p 00000000 00:00 0 
7fcc60c2f000-7fcc60c33000 ---p 00000000 00:00 0 
7fcc60c33000-7fcc60d30000 rw-p 00000000 00:00 0 
7fcc60d30000-7fcc60d34000 ---p 00000000 00:00 0 
7fcc60d34000-7fcc60e31000 rw-p 00000000 00:00 0 
7fcc60e31000-7fcc61800000 r--p 00000000 08:0c 15995895                   /usr/lib/locale/locale-archive
7fcc61800000-7fcc64000000 rw-p 00000000 00:00 0 
7fcc64000000-7fcc64021000 rw-p 00000000 00:00 0 
7fcc64021000-7fcc68000000 ---p 00000000 00:00 0 
7fcc68000000-7fcc68021000 rw-p 00000000 00:00 0 
7fcc68021000-7fcc6c000000 ---p 00000000 00:00 0 
7fcc6c000000-7fcc6c021000 rw-p 00000000 00:00 0 
7fcc6c021000-7fcc70000000 ---p 00000000 00:00 0 
7fcc70000000-7fcc70021000 rw-p 00000000 00:00 0 
7fcc70021000-7fcc74000000 ---p 00000000 00:00 0 
7fcc740be000-7fcc740c2000 ---p 00000000 00:00 0 
7fcc740c2000-7fcc741bf000 rw-p 00000000 00:00 0 
7fcc741bf000-7fcc741c3000 ---p 00000000 00:00 0 
7fcc741c3000-7fcc744b0000 rw-p 00000000 00:00 0 
7fcc744b0000-7fcc76160000 ---p 00000000 00:00 0 
7fcc76160000-7fcc76350000 rw-p 00000000 00:00 0 
7fcc76350000-7fcc78000000 ---p 00000000 00:00 0 
7fcc78000000-7fcc78021000 rw-p 00000000 00:00 0 
7fcc78021000-7fcc7c000000 ---p 00000000 00:00 0 
7fcc7c000000-7fcc7c021000 rw-p 00000000 00:00 0 
7fcc7c021000-7fcc80000000 ---p 00000000 00:00 0 
7fcc80000000-7fcc80021000 rw-p 00000000 00:00 0 
7fcc80021000-7fcc84000000 ---p 00000000 00:00 0 
7fcc84000000-7fcc84021000 rw-p 00000000 00:00 0 
7fcc84021000-7fcc88000000 ---p 00000000 00:00 0 
7fcc88000000-7fcc88021000 rw-p 00000000 00:00 0 
7fcc88021000-7fcc8c000000 ---p 00000000 00:00 0 
7fcc8c0bd000-7fcc8c0c1000 ---p 00000000 00:00 0 
7fcc8c0c1000-7fcc8c1be000 rw-p 00000000 00:00 0 
7fcc8c1be000-7fcc8c1c2000 ---p 00000000 00:00 0 
7fcc8c1c2000-7fcc8c2bf000 rw-p 00000000 00:00 0 
7fcc8c2bf000-7fcc8c2c0000 ---p 00000000 00:00 0 
7fcc8c2c0000-7fcc8c437000 rw-p 00000000 00:00 0 
7fcc8c437000-7fcc8c438000 ---p 00000000 00:00 0 
7fcc8c438000-7fcc8c539000 rw-p 00000000 00:00 0 
7fcc8c539000-7fcc8c53a000 ---p 00000000 00:00 0 
7fcc8c53a000-7fcc8c63b000 rw-p 00000000 00:00 0 
7fcc8c63b000-7fcc8c63c000 ---p 00000000 00:00 0 
7fcc8c63c000-7fcc8c73d000 rw-p 00000000 00:00 0 
7fcc8c73d000-7fcc8c73e000 ---p 00000000 00:00 0 
7fcc8c73e000-7fcc8c83f000 rw-p 00000000 00:00 0 
7fcc8c83f000-7fcc8c840000 ---p 00000000 00:00 0 
7fcc8c840000-7fcc8c941000 rw-p 00000000 00:00 0 
7fcc8c941000-7fcc8c942000 ---p 00000000 00:00 0 
7fcc8c942000-7fcc8ca43000 rw-p 00000000 00:00 0 
7fcc8ca43000-7fcc8ca44000 ---p 00000000 00:00 0 
7fcc8ca44000-7fcc8d14b000 rw-p 00000000 00:00 0 
7fcc8d14b000-7fcc8d14c000 ---p 00000000 00:00 0 
7fcc8d14c000-7fcc8d24d000 rw-p 00000000 00:00 0 
7fcc8d24d000-7fcc8d24e000 ---p 00000000 00:00 0 
7fcc8d24e000-7fcc8d34f000 rw-p 00000000 00:00 0 
7fcc8d34f000-7fcc8d350000 ---p 00000000 00:00 0 
7fcc8d350000-7fcc8d48f000 rw-p 00000000 00:00 0 
7fcc8d48f000-7fcc8d825000 ---p 00000000 00:00 0 
7fcc8d825000-7fcc8d863000 rw-p 00000000 00:00 0 
7fcc8d863000-7fcc8dbf9000 ---p 00000000 00:00 0 
7fcc8dbf9000-7fcc8dc37000 rw-p 00000000 00:00 0 
7fcc8dc37000-7fcc8dfcd000 ---p 00000000 00:00 0 
7fcc8dfcd000-7fcc8e5d3000 rw-p 00000000 00:00 0 
7fcc8e5d3000-7fcc8e5d4000 ---p 00000000 00:00 0 
7fcc8e5d4000-7fcc8e6d5000 rw-p 00000000 00:00 0 
7fcc8e6d5000-7fcc8e6d6000 ---p 00000000 00:00 0 
7fcc8e6d6000-7fcc8e7d7000 rw-p 00000000 00:00 0 
7fcc8e7d7000-7fcc8e7d8000 ---p 00000000 00:00 0 
7fcc8e7d8000-7fcc8e8d9000 rw-p 00000000 00:00 0 
7fcc8e8d9000-7fcc8e8da000 ---p 00000000 00:00 0 
7fcc8e8da000-7fcc8e9db000 rw-p 00000000 00:00 0 
7fcc8e9db000-7fcc8e9dc000 ---p 00000000 00:00 0 
7fcc8e9dc000-7fcc8eadd000 rw-p 00000000 00:00 0 
7fcc8eadd000-7fcc8eade000 ---p 00000000 00:00 0 
7fcc8eade000-7fcc8ebe4000 rw-p 00000000 00:00 0 
7fcc8ebe4000-7fcc8ecca000 ---p 00000000 00:00 0 
7fcc8ecca000-7fcc8ef3a000 rwxp 00000000 00:00 0 
7fcc8ef3a000-7fcc8f25a000 ---p 00000000 00:00 0 
7fcc8f25a000-7fcc8f4ca000 rwxp 00000000 00:00 0 
7fcc8f4ca000-7fcc96792000 ---p 00000000 00:00 0 
7fcc96792000-7fcc96a02000 rwxp 00000000 00:00 0 
7fcc96a02000-7fcc9dcca000 ---p 00000000 00:00 0 
7fcc9dcca000-7fcca71a5000 r--s 00000000 08:0c 18089985                   /usr/lib/jvm/java-11-openjdk-amd64/lib/modules
7fcca71a5000-7fcca71aa000 r-xp 00000000 08:0c 18089967                   /usr/lib/jvm/java-11-openjdk-amd64/lib/libjimage.so
7fcca71aa000-7fcca73a9000 ---p 00005000 08:0c 18089967                   /usr/lib/jvm/java-11-openjdk-amd64/lib/libjimage.so
7fcca73a9000-7fcca73aa000 r--p 00004000 08:0c 18089967                   /usr/lib/jvm/java-11-openjdk-amd64/lib/libjimage.so
7fcca73aa000-7fcca73ab000 rw-p 00005000 08:0c 18089967                   /usr/lib/jvm/java-11-openjdk-amd64/lib/libjimage.so
7fcca73ab000-7fcca73b2000 r-xp 00000000 08:0c 18089984                   /usr/lib/jvm/java-11-openjdk-amd64/lib/libzip.so
7fcca73b2000-7fcca75b1000 ---p 00007000 08:0c 18089984                   /usr/lib/jvm/java-11-openjdk-amd64/lib/libzip.so
7fcca75b1000-7fcca75b2000 r--p 00006000 08:0c 18089984                   /usr/lib/jvm/java-11-openjdk-amd64/lib/libzip.so
7fcca75b2000-7fcca75b3000 rw-p 00007000 08:0c 18089984                   /usr/lib/jvm/java-11-openjdk-amd64/lib/libzip.so
7fcca75b3000-7fcca75be000 r-xp 00000000 08:0a 136829                     /lib/x86_64-linux-gnu/libnss_files-2.27.so
7fcca75be000-7fcca77bd000 ---p 0000b000 08:0a 136829                     /lib/x86_64-linux-gnu/libnss_files-2.27.so
7fcca77bd000-7fcca77be000 r--p 0000a000 08:0a 136829                     /lib/x86_64-linux-gnu/libnss_files-2.27.so
7fcca77be000-7fcca77bf000 rw-p 0000b000 08:0a 136829                     /lib/x86_64-linux-gnu/libnss_files-2.27.so
7fcca77bf000-7fcca77c5000 rw-p 00000000 00:00 0 
7fcca77c5000-7fcca77dc000 r-xp 00000000 08:0a 136823                     /lib/x86_64-linux-gnu/libnsl-2.27.so
7fcca77dc000-7fcca79db000 ---p 00017000 08:0a 136823                     /lib/x86_64-linux-gnu/libnsl-2.27.so
7fcca79db000-7fcca79dc000 r--p 00016000 08:0a 136823                     /lib/x86_64-linux-gnu/libnsl-2.27.so
7fcca79dc000-7fcca79dd000 rw-p 00017000 08:0a 136823                     /lib/x86_64-linux-gnu/libnsl-2.27.so
7fcca79dd000-7fcca79df000 rw-p 00000000 00:00 0 
7fcca79df000-7fcca79ea000 r-xp 00000000 08:0a 136840                     /lib/x86_64-linux-gnu/libnss_nis-2.27.so
7fcca79ea000-7fcca7be9000 ---p 0000b000 08:0a 136840                     /lib/x86_64-linux-gnu/libnss_nis-2.27.so
7fcca7be9000-7fcca7bea000 r--p 0000a000 08:0a 136840                     /lib/x86_64-linux-gnu/libnss_nis-2.27.so
7fcca7bea000-7fcca7beb000 rw-p 0000b000 08:0a 136840                     /lib/x86_64-linux-gnu/libnss_nis-2.27.so
7fcca7beb000-7fcca7bf3000 r-xp 00000000 08:0a 136825                     /lib/x86_64-linux-gnu/libnss_compat-2.27.so
7fcca7bf3000-7fcca7df3000 ---p 00008000 08:0a 136825                     /lib/x86_64-linux-gnu/libnss_compat-2.27.so
7fcca7df3000-7fcca7df4000 r--p 00008000 08:0a 136825                     /lib/x86_64-linux-gnu/libnss_compat-2.27.so
7fcca7df4000-7fcca7df5000 rw-p 00009000 08:0a 136825                     /lib/x86_64-linux-gnu/libnss_compat-2.27.so
7fcca7df5000-7fcca7dff000 r-xp 00000000 08:0c 18089958                   /usr/lib/jvm/java-11-openjdk-amd64/lib/libinstrument.so
7fcca7dff000-7fcca7ffe000 ---p 0000a000 08:0c 18089958                   /usr/lib/jvm/java-11-openjdk-amd64/lib/libinstrument.so
7fcca7ffe000-7fcca7fff000 r--p 00009000 08:0c 18089958                   /usr/lib/jvm/java-11-openjdk-amd64/lib/libinstrument.so
7fcca7fff000-7fcca8000000 rw-p 0000a000 08:0c 18089958                   /usr/lib/jvm/java-11-openjdk-amd64/lib/libinstrument.so
7fcca8000000-7fcca83c4000 rw-p 00000000 00:00 0 
7fcca83c4000-7fccac000000 ---p 00000000 00:00 0 
7fccac01d000-7fccac07d000 rw-p 00000000 00:00 0 
7fccac07d000-7fccac163000 ---p 00000000 00:00 0 
7fccac163000-7fccac1a0000 r-xp 00000000 08:0c 18089966                   /usr/lib/jvm/java-11-openjdk-amd64/lib/libjdwp.so
7fccac1a0000-7fccac39f000 ---p 0003d000 08:0c 18089966                   /usr/lib/jvm/java-11-openjdk-amd64/lib/libjdwp.so
7fccac39f000-7fccac3a0000 r--p 0003c000 08:0c 18089966                   /usr/lib/jvm/java-11-openjdk-amd64/lib/libjdwp.so
7fccac3a0000-7fccac3a1000 rw-p 0003d000 08:0c 18089966                   /usr/lib/jvm/java-11-openjdk-amd64/lib/libjdwp.so
7fccac3a1000-7fccac3cd000 r-xp 00000000 08:0c 18089963                   /usr/lib/jvm/java-11-openjdk-amd64/lib/libjava.so
7fccac3cd000-7fccac5cc000 ---p 0002c000 08:0c 18089963                   /usr/lib/jvm/java-11-openjdk-amd64/lib/libjava.so
7fccac5cc000-7fccac5cd000 r--p 0002b000 08:0c 18089963                   /usr/lib/jvm/java-11-openjdk-amd64/lib/libjava.so
7fccac5cd000-7fccac5cf000 rw-p 0002c000 08:0c 18089963                   /usr/lib/jvm/java-11-openjdk-amd64/lib/libjava.so
7fccac5cf000-7fccac5dc000 r-xp 00000000 08:0c 18089983                   /usr/lib/jvm/java-11-openjdk-amd64/lib/libverify.so
7fccac5dc000-7fccac7db000 ---p 0000d000 08:0c 18089983                   /usr/lib/jvm/java-11-openjdk-amd64/lib/libverify.so
7fccac7db000-7fccac7dd000 r--p 0000c000 08:0c 18089983                   /usr/lib/jvm/java-11-openjdk-amd64/lib/libverify.so
7fccac7dd000-7fccac7de000 rw-p 0000e000 08:0c 18089983                   /usr/lib/jvm/java-11-openjdk-amd64/lib/libverify.so
7fccac7de000-7fccac7e5000 r-xp 00000000 08:0a 136880                     /lib/x86_64-linux-gnu/librt-2.27.so
7fccac7e5000-7fccac9e4000 ---p 00007000 08:0a 136880                     /lib/x86_64-linux-gnu/librt-2.27.so
7fccac9e4000-7fccac9e5000 r--p 00006000 08:0a 136880                     /lib/x86_64-linux-gnu/librt-2.27.so
7fccac9e5000-7fccac9e6000 rw-p 00007000 08:0a 136880                     /lib/x86_64-linux-gnu/librt-2.27.so
7fccac9e6000-7fccac9fd000 r-xp 00000000 08:0a 136276                     /lib/x86_64-linux-gnu/libgcc_s.so.1
7fccac9fd000-7fccacbfc000 ---p 00017000 08:0a 136276                     /lib/x86_64-linux-gnu/libgcc_s.so.1
7fccacbfc000-7fccacbfd000 r--p 00016000 08:0a 136276                     /lib/x86_64-linux-gnu/libgcc_s.so.1
7fccacbfd000-7fccacbfe000 rw-p 00017000 08:0a 136276                     /lib/x86_64-linux-gnu/libgcc_s.so.1
7fccacbfe000-7fccacd9b000 r-xp 00000000 08:0a 136802                     /lib/x86_64-linux-gnu/libm-2.27.so
7fccacd9b000-7fccacf9a000 ---p 0019d000 08:0a 136802                     /lib/x86_64-linux-gnu/libm-2.27.so
7fccacf9a000-7fccacf9b000 r--p 0019c000 08:0a 136802                     /lib/x86_64-linux-gnu/libm-2.27.so
7fccacf9b000-7fccacf9c000 rw-p 0019d000 08:0a 136802                     /lib/x86_64-linux-gnu/libm-2.27.so
7fccacf9c000-7fccad115000 r-xp 00000000 08:0c 15991317                   /usr/lib/x86_64-linux-gnu/libstdc++.so.6.0.25
7fccad115000-7fccad315000 ---p 00179000 08:0c 15991317                   /usr/lib/x86_64-linux-gnu/libstdc++.so.6.0.25
7fccad315000-7fccad31f000 r--p 00179000 08:0c 15991317                   /usr/lib/x86_64-linux-gnu/libstdc++.so.6.0.25
7fccad31f000-7fccad321000 rw-p 00183000 08:0c 15991317                   /usr/lib/x86_64-linux-gnu/libstdc++.so.6.0.25
7fccad321000-7fccad325000 rw-p 00000000 00:00 0 
7fccad325000-7fccae2c2000 r-xp 00000000 08:0c 18089990                   /usr/lib/jvm/java-11-openjdk-amd64/lib/server/libjvm.so
7fccae2c2000-7fccae4c2000 ---p 00f9d000 08:0c 18089990                   /usr/lib/jvm/java-11-openjdk-amd64/lib/server/libjvm.so
7fccae4c2000-7fccae586000 r--p 00f9d000 08:0c 18089990                   /usr/lib/jvm/java-11-openjdk-amd64/lib/server/libjvm.so
7fccae586000-7fccae5be000 rw-p 01061000 08:0c 18089990                   /usr/lib/jvm/java-11-openjdk-amd64/lib/server/libjvm.so
7fccae5be000-7fccae607000 rw-p 00000000 00:00 0 
7fccae607000-7fccae621000 r-xp 00000000 08:0a 136872                     /lib/x86_64-linux-gnu/libpthread-2.27.so
7fccae621000-7fccae820000 ---p 0001a000 08:0a 136872                     /lib/x86_64-linux-gnu/libpthread-2.27.so
7fccae820000-7fccae821000 r--p 00019000 08:0a 136872                     /lib/x86_64-linux-gnu/libpthread-2.27.so
7fccae821000-7fccae822000 rw-p 0001a000 08:0a 136872                     /lib/x86_64-linux-gnu/libpthread-2.27.so
7fccae822000-7fccae826000 rw-p 00000000 00:00 0 
7fccae826000-7fccae829000 r-xp 00000000 08:0a 136762                     /lib/x86_64-linux-gnu/libdl-2.27.so
7fccae829000-7fccaea28000 ---p 00003000 08:0a 136762                     /lib/x86_64-linux-gnu/libdl-2.27.so
7fccaea28000-7fccaea29000 r--p 00002000 08:0a 136762                     /lib/x86_64-linux-gnu/libdl-2.27.so
7fccaea29000-7fccaea2a000 rw-p 00003000 08:0a 136762                     /lib/x86_64-linux-gnu/libdl-2.27.so
7fccaea2a000-7fccaea46000 r-xp 00000000 08:0a 136911                     /lib/x86_64-linux-gnu/libz.so.1.2.11
7fccaea46000-7fccaec45000 ---p 0001c000 08:0a 136911                     /lib/x86_64-linux-gnu/libz.so.1.2.11
7fccaec45000-7fccaec46000 r--p 0001b000 08:0a 136911                     /lib/x86_64-linux-gnu/libz.so.1.2.11
7fccaec46000-7fccaec47000 rw-p 0001c000 08:0a 136911                     /lib/x86_64-linux-gnu/libz.so.1.2.11
7fccaec47000-7fccaee2e000 r-xp 00000000 08:0a 136739                     /lib/x86_64-linux-gnu/libc-2.27.so
7fccaee2e000-7fccaf02e000 ---p 001e7000 08:0a 136739                     /lib/x86_64-linux-gnu/libc-2.27.so
7fccaf02e000-7fccaf032000 r--p 001e7000 08:0a 136739                     /lib/x86_64-linux-gnu/libc-2.27.so
7fccaf032000-7fccaf034000 rw-p 001eb000 08:0a 136739                     /lib/x86_64-linux-gnu/libc-2.27.so
7fccaf034000-7fccaf038000 rw-p 00000000 00:00 0 
7fccaf038000-7fccaf047000 r-xp 00000000 08:0c 18089948                   /usr/lib/jvm/java-11-openjdk-amd64/lib/jli/libjli.so
7fccaf047000-7fccaf246000 ---p 0000f000 08:0c 18089948                   /usr/lib/jvm/java-11-openjdk-amd64/lib/jli/libjli.so
7fccaf246000-7fccaf247000 r--p 0000e000 08:0c 18089948                   /usr/lib/jvm/java-11-openjdk-amd64/lib/jli/libjli.so
7fccaf247000-7fccaf248000 rw-p 0000f000 08:0c 18089948                   /usr/lib/jvm/java-11-openjdk-amd64/lib/jli/libjli.so
7fccaf248000-7fccaf26f000 r-xp 00000000 08:0a 136711                     /lib/x86_64-linux-gnu/ld-2.27.so
7fccaf28c000-7fccaf293000 r--s 00000000 08:0c 16256106                   /usr/lib/x86_64-linux-gnu/gconv/gconv-modules.cache
7fccaf293000-7fccaf350000 rw-p 00000000 00:00 0 
7fccaf350000-7fccaf354000 ---p 00000000 00:00 0 
7fccaf354000-7fccaf453000 rw-p 00000000 00:00 0 
7fccaf456000-7fccaf45c000 rw-p 00000000 00:00 0 
7fccaf45c000-7fccaf463000 ---p 00000000 00:00 0 
7fccaf463000-7fccaf46b000 rw-s 00000000 08:0a 132872                     /tmp/hsperfdata_poorlemon/27293
7fccaf46b000-7fccaf46c000 ---p 00000000 00:00 0 
7fccaf46c000-7fccaf46d000 r--p 00000000 00:00 0 
7fccaf46d000-7fccaf46f000 rw-p 00000000 00:00 0 
7fccaf46f000-7fccaf470000 r--p 00027000 08:0a 136711                     /lib/x86_64-linux-gnu/ld-2.27.so
7fccaf470000-7fccaf471000 rw-p 00028000 08:0a 136711                     /lib/x86_64-linux-gnu/ld-2.27.so
7fccaf471000-7fccaf472000 rw-p 00000000 00:00 0 
7ffce350f000-7ffce3530000 rw-p 00000000 00:00 0                          [stack]
7ffce35f3000-7ffce35f6000 r--p 00000000 00:00 0                          [vvar]
7ffce35f6000-7ffce35f8000 r-xp 00000000 00:00 0                          [vdso]
ffffffffff600000-ffffffffff601000 r-xp 00000000 00:00 0                  [vsyscall]


VM Arguments:
jvm_args: -agentlib:jdwp=transport=dt_socket,suspend=y,address=localhost:34323 -javaagent:/home/poorlemon/SoftWare/eclipse/configuration/org.eclipse.osgi/216/0/.cp/lib/javaagent-shaded.jar -Dfile.encoding=UTF-8 
java_command: com.huawei.Test
java_class_path (initial): /home/poorlemon/Work/HuaWei/SDK/SDK_java/code/CodeCraft-2019/bin:/home/poorlemon/Work/HuaWei/SDK/SDK_java/code/CodeCraft-2019/lib/commons-logging-1.2.jar:/home/poorlemon/Work/HuaWei/SDK/SDK_java/code/CodeCraft-2019/lib/log4j-1.2.17.jar
Launcher Type: SUN_STANDARD

Logging:
Log output configuration:
#0: stdout all=warning uptime,level,tags
#1: stderr all=off uptime,level,tags

Environment Variables:
JAVA_HOME=/usr/lib/jvm/java-8-openjdk-amd64
JRE_HOME=/usr/java/jdk1.8.0_191/jre
CLASSPATH=.:/usr/java/jdk1.8.0_191/lib:/usr/java/jdk1.8.0_191/jre/lib:
PATH=/home/poorlemon/.local/bin:/usr/local/sbt/sbt/:/usr/local/spark/bin:/usr/local/sbin:/usr/local/bin:/usr/sbin:/usr/bin:/sbin:/bin:/usr/games:/usr/local/games:/usr/java/jdk1.8.0_191/bin:/usr/java/jdk1.8.0_191/jre/bin:/snap/bin
USERNAME=poorlemon
SHELL=/bin/bash
DISPLAY=:0

Signal Handlers:
SIGSEGV: [libjvm.so+0xd28b70], sa_mask[0]=11111111011111111101111111111110, sa_flags=SA_RESTART|SA_SIGINFO
SIGBUS: [libjvm.so+0xd28b70], sa_mask[0]=11111111011111111101111111111110, sa_flags=SA_RESTART|SA_SIGINFO
SIGFPE: [libjvm.so+0xd28b70], sa_mask[0]=11111111011111111101111111111110, sa_flags=SA_RESTART|SA_SIGINFO
SIGPIPE: [libjvm.so+0xb2a1f0], sa_mask[0]=11111111011111111101111111111110, sa_flags=SA_RESTART|SA_SIGINFO
SIGXFSZ: [libjvm.so+0xb2a1f0], sa_mask[0]=11111111011111111101111111111110, sa_flags=SA_RESTART|SA_SIGINFO
SIGILL: [libjvm.so+0xd28b70], sa_mask[0]=11111111011111111101111111111110, sa_flags=SA_RESTART|SA_SIGINFO
SIGUSR2: [libjvm.so+0xb2a030], sa_mask[0]=00100000000000000000000000000000, sa_flags=SA_RESTART|SA_SIGINFO
SIGHUP: [libjvm.so+0xb2a180], sa_mask[0]=11111111011111111101111111111110, sa_flags=SA_RESTART|SA_SIGINFO
SIGINT: [libjvm.so+0xb2a180], sa_mask[0]=11111111011111111101111111111110, sa_flags=SA_RESTART|SA_SIGINFO
SIGTERM: [libjvm.so+0xb2a180], sa_mask[0]=11111111011111111101111111111110, sa_flags=SA_RESTART|SA_SIGINFO
SIGQUIT: [libjvm.so+0xb2a180], sa_mask[0]=11111111011111111101111111111110, sa_flags=SA_RESTART|SA_SIGINFO


---------------  S Y S T E M  ---------------

OS:DISTRIB_ID=Ubuntu
DISTRIB_RELEASE=18.04
DISTRIB_CODENAME=bionic
DISTRIB_DESCRIPTION="Ubuntu 18.04.1 LTS"
uname:Linux 4.15.0-46-generic #49-Ubuntu SMP Wed Feb 6 09:33:07 UTC 2019 x86_64
libc:glibc 2.27 NPTL 2.27 
rlimit: STACK 8192k, CORE 0k, NPROC 30914, NOFILE 1048576, AS infinity, DATA infinity, FSIZE infinity
load average:1.11 1.23 1.11

/proc/meminfo:
MemTotal:        8024260 kB
MemFree:         1843456 kB
MemAvailable:    3592728 kB
Buffers:          171388 kB
Cached:          2452540 kB
SwapCached:            0 kB
Active:          4183092 kB
Inactive:        1683088 kB
Active(anon):    3243808 kB
Inactive(anon):   696444 kB
Active(file):     939284 kB
Inactive(file):   986644 kB
Unevictable:         112 kB
Mlocked:             112 kB
SwapTotal:       8000508 kB
SwapFree:        8000508 kB
Dirty:              2720 kB
Writeback:            36 kB
AnonPages:       3242316 kB
Mapped:           700972 kB
Shmem:            698016 kB
Slab:             164440 kB
SReclaimable:      95392 kB
SUnreclaim:        69048 kB
KernelStack:       18200 kB
PageTables:        64420 kB
NFS_Unstable:          0 kB
Bounce:                0 kB
WritebackTmp:          0 kB
CommitLimit:    12012636 kB
Committed_AS:    9329420 kB
VmallocTotal:   34359738367 kB
VmallocUsed:           0 kB
VmallocChunk:          0 kB
HardwareCorrupted:     0 kB
AnonHugePages:         0 kB
ShmemHugePages:        0 kB
ShmemPmdMapped:        0 kB
CmaTotal:              0 kB
CmaFree:               0 kB
HugePages_Total:       0
HugePages_Free:        0
HugePages_Rsvd:        0
HugePages_Surp:        0
Hugepagesize:       2048 kB
DirectMap4k:      204448 kB
DirectMap2M:     6991872 kB
DirectMap1G:     1048576 kB

container (cgroup) information:
container_type: cgroupv1
cpu_cpuset_cpus: 0-5
cpu_memory_nodes: 0
active_processor_count: 6
cpu_quota: -1
cpu_period: 100000
cpu_shares: -1
memory_limit_in_bytes: -1
memory_and_swap_limit_in_bytes: -2
memory_soft_limit_in_bytes: -1
memory_usage_in_bytes: 6007754752
memory_max_usage_in_bytes: 0


CPU:total 6 (initial active 6) (6 cores per cpu, 1 threads per core) family 6 model 158 stepping 10, cmov, cx8, fxsr, mmx, sse, sse2, sse3, ssse3, sse4.1, sse4.2, popcnt, avx, avx2, aes, clmul, erms, rtm, 3dnowpref, lzcnt, tsc, tscinvbit, bmi1, bmi2, adx, fma
CPU Model and flags from /proc/cpuinfo:
model name	: Intel(R) Core(TM) i5-8500 CPU @ 3.00GHz
flags		: fpu vme de pse tsc msr pae mce cx8 apic sep mtrr pge mca cmov pat pse36 clflush dts acpi mmx fxsr sse sse2 ss ht tm pbe syscall nx pdpe1gb rdtscp lm constant_tsc art arch_perfmon pebs bts rep_good nopl xtopology nonstop_tsc cpuid aperfmperf tsc_known_freq pni pclmulqdq dtes64 monitor ds_cpl vmx smx est tm2 ssse3 sdbg fma cx16 xtpr pdcm pcid sse4_1 sse4_2 x2apic movbe popcnt tsc_deadline_timer aes xsave avx f16c rdrand lahf_lm abm 3dnowprefetch cpuid_fault epb invpcid_single pti ssbd ibrs ibpb stibp tpr_shadow vnmi flexpriority ept vpid fsgsbase tsc_adjust bmi1 hle avx2 smep bmi2 erms invpcid rtm mpx rdseed adx smap clflushopt intel_pt xsaveopt xsavec xgetbv1 xsaves dtherm ida arat pln pts hwp hwp_notify hwp_act_window hwp_epp flush_l1d

Memory: 4k page, physical 8024260k(1843456k free), swap 8000508k(8000508k free)

vm_info: OpenJDK 64-Bit Server VM (10.0.2+13-Ubuntu-1ubuntu0.18.04.4) for linux-amd64 JRE (10.0.2+13-Ubuntu-1ubuntu0.18.04.4), built on Nov 13 2018 12:53:39 by "buildd" with gcc 7.3.0

END.
