#
# A fatal error has been detected by the Java Runtime Environment:
#
#  Internal Error (generateOopMap.cpp:2162), pid=17197, tid=17222
#  fatal error: Illegal class file encountered. Try running with -Xverify:all in method mightPassCross
#
# JRE version: OpenJDK Runtime Environment (10.0.2+13) (build 10.0.2+13-Ubuntu-1ubuntu0.18.04.4)
# Java VM: OpenJDK 64-Bit Server VM (10.0.2+13-Ubuntu-1ubuntu0.18.04.4, mixed mode, tiered, compressed oops, g1 gc, linux-amd64)
# Core dump will be written. Default location: Core dumps may be processed with "/usr/share/apport/apport %p %s %c %d %P" (or dumping to /home/poorlemon/Work/HuaWei/SDK/SDK_java/code/CodeCraft-2019/core.17197)
#
# If you would like to submit a bug report, please visit:
#   http://bugreport.java.com/bugreport/crash.jsp
#

---------------  S U M M A R Y ------------

Command Line: -agentlib:jdwp=transport=dt_socket,suspend=y,address=localhost:45211 -javaagent:/home/poorlemon/SoftWare/eclipse/configuration/org.eclipse.osgi/216/0/.cp/lib/javaagent-shaded.jar -Dfile.encoding=UTF-8 com.huawei.Test

Host: Intel(R) Core(TM) i5-8500 CPU @ 3.00GHz, 6 cores, 7G, Ubuntu 18.04.1 LTS
Time: Sat Mar 16 12:04:37 2019 CST elapsed time: 1036 seconds (0d 0h 17m 16s)

---------------  T H R E A D  ---------------

Current thread (0x00007ff650159800):  VMThread "VM Thread" [stack: 0x00007ff61c0be000,0x00007ff61c1be000] [id=17222]

Stack: [0x00007ff61c0be000,0x00007ff61c1be000],  sp=0x00007ff61c1bbeb0,  free space=1015k
Native frames: (J=compiled Java code, A=aot compiled Java code, j=interpreted, Vv=VM code, C=native code)
V  [libjvm.so+0xd27ea4]
V  [libjvm.so+0xd28a0f]
V  [libjvm.so+0x64d328]
V  [libjvm.so+0x7a72e5]
V  [libjvm.so+0x7a73bb]
V  [libjvm.so+0x7ab649]
V  [libjvm.so+0x7abf44]
V  [libjvm.so+0x7aea0d]
V  [libjvm.so+0x7aedb9]
V  [libjvm.so+0xb1f14a]
V  [libjvm.so+0xb1f7d1]
V  [libjvm.so+0xabde16]
V  [libjvm.so+0x95085c]
V  [libjvm.so+0xd38871]
V  [libjvm.so+0xd35b3b]
V  [libjvm.so+0xd3715e]
V  [libjvm.so+0xd37588]
V  [libjvm.so+0xb33d40]

VM_Operation (0x00007ff6085229d0): GetOrSetLocal, mode: safepoint, requested by thread 0x00007ff650209800


---------------  P R O C E S S  ---------------

Threads class SMR info:
_java_thread_list=0x00007ff6502f1490, length=13, elements={
0x00007ff650013000, 0x00007ff650163800, 0x00007ff650165800, 0x00007ff650178000,
0x00007ff65017a000, 0x00007ff65017c000, 0x00007ff65017e000, 0x00007ff650180000,
0x00007ff650209800, 0x00007ff65020d000, 0x00007ff5c4001800, 0x00007ff650224800,
0x00007ff6502f5800
}

Java Threads: ( => current thread )
  0x00007ff650013000 JavaThread "main" [_thread_blocked, id=17202, stack(0x00007ff656ee5000,0x00007ff656fe6000)]
  0x00007ff650163800 JavaThread "Reference Handler" daemon [_thread_blocked, id=17223, stack(0x00007ff6096ff000,0x00007ff609800000)]
  0x00007ff650165800 JavaThread "Finalizer" daemon [_thread_blocked, id=17224, stack(0x00007ff6095fe000,0x00007ff6096ff000)]
  0x00007ff650178000 JavaThread "Signal Dispatcher" daemon [_thread_blocked, id=17225, stack(0x00007ff608b2e000,0x00007ff608c2f000)]
  0x00007ff65017a000 JavaThread "C2 CompilerThread0" daemon [_thread_blocked, id=17226, stack(0x00007ff608a2d000,0x00007ff608b2e000)]
  0x00007ff65017c000 JavaThread "C2 CompilerThread1" daemon [_thread_in_native, id=17227, stack(0x00007ff60892c000,0x00007ff608a2d000)]
  0x00007ff65017e000 JavaThread "C1 CompilerThread2" daemon [_thread_blocked, id=17228, stack(0x00007ff60882b000,0x00007ff60892c000)]
  0x00007ff650180000 JavaThread "Sweeper thread" daemon [_thread_blocked, id=17229, stack(0x00007ff60872a000,0x00007ff60882b000)]
  0x00007ff650209800 JavaThread "JDWP Transport Listener: dt_socket" daemon [_thread_blocked, id=17231, stack(0x00007ff608423000,0x00007ff608524000)] _threads_hazard_ptr=0x00007ff6502f1490
  0x00007ff65020d000 JavaThread "JDWP Event Helper Thread" daemon [_thread_blocked, id=17234, stack(0x00007ff608322000,0x00007ff608423000)]
  0x00007ff5c4001800 JavaThread "JDWP Command Reader" daemon [_thread_in_native, id=17235, stack(0x00007ff608221000,0x00007ff608322000)]
  0x00007ff650224800 JavaThread "Common-Cleaner" daemon [_thread_blocked, id=17238, stack(0x00007ff608120000,0x00007ff608221000)]
  0x00007ff6502f5800 JavaThread "Service Thread" daemon [_thread_blocked, id=17239, stack(0x00007ff60801f000,0x00007ff608120000)]

Other Threads:
=>0x00007ff650159800 VMThread "VM Thread" [stack: 0x00007ff61c0be000,0x00007ff61c1be000] [id=17222]
  0x00007ff6502f7800 WatcherThread [stack: 0x00007ff5bbad6000,0x00007ff5bbbd6000] [id=17240]
  0x00007ff65002a000 GCTaskThread "GC Thread#0" [stack: 0x00007ff636673000,0x00007ff636773000] [id=17203]
  0x00007ff65002b800 GCTaskThread "GC Thread#1" [stack: 0x00007ff636571000,0x00007ff636671000] [id=17204]
  0x00007ff65002d000 GCTaskThread "GC Thread#2" [stack: 0x00007ff63646f000,0x00007ff63656f000] [id=17205]
  0x00007ff65002e800 GCTaskThread "GC Thread#3" [stack: 0x00007ff63636d000,0x00007ff63646d000] [id=17206]
  0x00007ff650030800 GCTaskThread "GC Thread#4" [stack: 0x00007ff63626b000,0x00007ff63636b000] [id=17207]
  0x00007ff650032000 GCTaskThread "GC Thread#5" [stack: 0x00007ff636169000,0x00007ff636269000] [id=17208]
  0x00007ff65005b800 ConcurrentGCThread "G1 Main Marker" [stack: 0x00007ff634ee5000,0x00007ff634fe5000] [id=17210]
  0x00007ff65005d000 ConcurrentGCThread "G1 Conc#0" [stack: 0x00007ff634de3000,0x00007ff634ee3000] [id=17211]
  0x00007ff65005f000 ConcurrentGCThread "G1 Conc#1" [stack: 0x00007ff634ce1000,0x00007ff634de1000] [id=17212]
  0x00007ff6500c7000 ConcurrentGCThread "G1 Refine#0" [stack: 0x00007ff6345d9000,0x00007ff6346d9000] [id=17213]
  0x00007ff6500c8800 ConcurrentGCThread "G1 Refine#1" [stack: 0x00007ff6344d7000,0x00007ff6345d7000] [id=17214]
  0x00007ff6500ca800 ConcurrentGCThread "G1 Refine#2" [stack: 0x00007ff6343d5000,0x00007ff6344d5000] [id=17216]
  0x00007ff6500cc000 ConcurrentGCThread "G1 Refine#3" [stack: 0x00007ff6342d3000,0x00007ff6343d3000] [id=17217]
  0x00007ff6500ce000 ConcurrentGCThread "G1 Refine#4" [stack: 0x00007ff6341d1000,0x00007ff6342d1000] [id=17218]
  0x00007ff6500cf800 ConcurrentGCThread "G1 Refine#5" [stack: 0x00007ff6340cf000,0x00007ff6341cf000] [id=17219]
  0x00007ff6500d1800 ConcurrentGCThread "G1 Young RemSet Sampling" [stack: 0x00007ff61c1c0000,0x00007ff61c2c0000] [id=17220]

Threads with active compile tasks:
C2 CompilerThread1 996       4       org.eclipse.jdt.launching.internal.org.objectweb.asm.ClassReader::readCode (5089 bytes)

VM state:at safepoint (normal execution)

VM Mutex/Monitor currently owned by a thread:  ([mutex/lock_event])
[0x00007ff65000f4f0] Threads_lock - owner thread: 0x00007ff650159800

Heap address: 0x0000000085800000, size: 1960 MB, Compressed Oops mode: 32-bit
Narrow klass base: 0x0000000000000000, Narrow klass shift: 3
Compressed class space size: 1073741824 Address: 0x0000000100000000

Heap:
 garbage-first heap   total 126976K, used 57136K [0x0000000085800000, 0x0000000100000000)
  region size 1024K, 57 young (58368K), 2 survivors (2048K)
 Metaspace       used 9999K, capacity 10149K, committed 10368K, reserved 1058816K
  class space    used 806K, capacity 848K, committed 896K, reserved 1048576K
Heap Regions: E=young(eden), S=young(survivor), O=old, HS=humongous(starts), HC=humongous(continues), CS=collection set, F=free, A=archive, TS=gc time stamp, AC=allocation context, TAMS=top-at-mark-start (previous, next)
|   0|0x0000000085800000, 0x0000000085800000, 0x0000000085900000|  0%| F|  |TS  0|AC  0|TAMS 0x0000000085800000, 0x0000000085800000|
|   1|0x0000000085900000, 0x0000000085900000, 0x0000000085a00000|  0%| F|  |TS  0|AC  0|TAMS 0x0000000085900000, 0x0000000085900000|
|   2|0x0000000085a00000, 0x0000000085a00000, 0x0000000085b00000|  0%| F|  |TS  0|AC  0|TAMS 0x0000000085a00000, 0x0000000085a00000|
|   3|0x0000000085b00000, 0x0000000085b00000, 0x0000000085c00000|  0%| F|  |TS  0|AC  0|TAMS 0x0000000085b00000, 0x0000000085b00000|
|   4|0x0000000085c00000, 0x0000000085c00000, 0x0000000085d00000|  0%| F|  |TS  0|AC  0|TAMS 0x0000000085c00000, 0x0000000085c00000|
|   5|0x0000000085d00000, 0x0000000085d00000, 0x0000000085e00000|  0%| F|  |TS  0|AC  0|TAMS 0x0000000085d00000, 0x0000000085d00000|
|   6|0x0000000085e00000, 0x0000000085e00000, 0x0000000085f00000|  0%| F|  |TS  0|AC  0|TAMS 0x0000000085e00000, 0x0000000085e00000|
|   7|0x0000000085f00000, 0x0000000085f00000, 0x0000000086000000|  0%| F|  |TS  0|AC  0|TAMS 0x0000000085f00000, 0x0000000085f00000|
|   8|0x0000000086000000, 0x0000000086000000, 0x0000000086100000|  0%| F|  |TS  0|AC  0|TAMS 0x0000000086000000, 0x0000000086000000|
|   9|0x0000000086100000, 0x0000000086100000, 0x0000000086200000|  0%| F|  |TS  0|AC  0|TAMS 0x0000000086100000, 0x0000000086100000|
|  10|0x0000000086200000, 0x0000000086200000, 0x0000000086300000|  0%| F|  |TS  0|AC  0|TAMS 0x0000000086200000, 0x0000000086200000|
|  11|0x0000000086300000, 0x0000000086300000, 0x0000000086400000|  0%| F|  |TS  0|AC  0|TAMS 0x0000000086300000, 0x0000000086300000|
|  12|0x0000000086400000, 0x0000000086400000, 0x0000000086500000|  0%| F|  |TS  0|AC  0|TAMS 0x0000000086400000, 0x0000000086400000|
|  13|0x0000000086500000, 0x0000000086500000, 0x0000000086600000|  0%| F|  |TS  0|AC  0|TAMS 0x0000000086500000, 0x0000000086500000|
|  14|0x0000000086600000, 0x0000000086600000, 0x0000000086700000|  0%| F|  |TS  0|AC  0|TAMS 0x0000000086600000, 0x0000000086600000|
|  15|0x0000000086700000, 0x0000000086700000, 0x0000000086800000|  0%| F|  |TS  0|AC  0|TAMS 0x0000000086700000, 0x0000000086700000|
|  16|0x0000000086800000, 0x0000000086800000, 0x0000000086900000|  0%| F|  |TS  0|AC  0|TAMS 0x0000000086800000, 0x0000000086800000|
|  17|0x0000000086900000, 0x0000000086900000, 0x0000000086a00000|  0%| F|  |TS  0|AC  0|TAMS 0x0000000086900000, 0x0000000086900000|
|  18|0x0000000086a00000, 0x0000000086a00000, 0x0000000086b00000|  0%| F|  |TS  0|AC  0|TAMS 0x0000000086a00000, 0x0000000086a00000|
|  19|0x0000000086b00000, 0x0000000086b00000, 0x0000000086c00000|  0%| F|  |TS  0|AC  0|TAMS 0x0000000086b00000, 0x0000000086b00000|
|  20|0x0000000086c00000, 0x0000000086c00000, 0x0000000086d00000|  0%| F|  |TS  0|AC  0|TAMS 0x0000000086c00000, 0x0000000086c00000|
|  21|0x0000000086d00000, 0x0000000086d00000, 0x0000000086e00000|  0%| F|  |TS  0|AC  0|TAMS 0x0000000086d00000, 0x0000000086d00000|
|  22|0x0000000086e00000, 0x0000000086e00000, 0x0000000086f00000|  0%| F|  |TS  0|AC  0|TAMS 0x0000000086e00000, 0x0000000086e00000|
|  23|0x0000000086f00000, 0x0000000086f00000, 0x0000000087000000|  0%| F|  |TS  0|AC  0|TAMS 0x0000000086f00000, 0x0000000086f00000|
|  24|0x0000000087000000, 0x0000000087000000, 0x0000000087100000|  0%| F|  |TS  0|AC  0|TAMS 0x0000000087000000, 0x0000000087000000|
|  25|0x0000000087100000, 0x0000000087100000, 0x0000000087200000|  0%| F|  |TS  0|AC  0|TAMS 0x0000000087100000, 0x0000000087100000|
|  26|0x0000000087200000, 0x0000000087200000, 0x0000000087300000|  0%| F|  |TS  0|AC  0|TAMS 0x0000000087200000, 0x0000000087200000|
|  27|0x0000000087300000, 0x0000000087300000, 0x0000000087400000|  0%| F|  |TS  0|AC  0|TAMS 0x0000000087300000, 0x0000000087300000|
|  28|0x0000000087400000, 0x0000000087400000, 0x0000000087500000|  0%| F|  |TS  0|AC  0|TAMS 0x0000000087400000, 0x0000000087400000|
|  29|0x0000000087500000, 0x0000000087500000, 0x0000000087600000|  0%| F|  |TS  0|AC  0|TAMS 0x0000000087500000, 0x0000000087500000|
|  30|0x0000000087600000, 0x0000000087600000, 0x0000000087700000|  0%| F|  |TS  0|AC  0|TAMS 0x0000000087600000, 0x0000000087600000|
|  31|0x0000000087700000, 0x0000000087700000, 0x0000000087800000|  0%| F|  |TS  0|AC  0|TAMS 0x0000000087700000, 0x0000000087700000|
|  32|0x0000000087800000, 0x0000000087800000, 0x0000000087900000|  0%| F|  |TS  0|AC  0|TAMS 0x0000000087800000, 0x0000000087800000|
|  33|0x0000000087900000, 0x0000000087900000, 0x0000000087a00000|  0%| F|  |TS  0|AC  0|TAMS 0x0000000087900000, 0x0000000087900000|
|  34|0x0000000087a00000, 0x0000000087a00000, 0x0000000087b00000|  0%| F|  |TS  0|AC  0|TAMS 0x0000000087a00000, 0x0000000087a00000|
|  35|0x0000000087b00000, 0x0000000087b00000, 0x0000000087c00000|  0%| F|  |TS  0|AC  0|TAMS 0x0000000087b00000, 0x0000000087b00000|
|  36|0x0000000087c00000, 0x0000000087c00000, 0x0000000087d00000|  0%| F|  |TS  0|AC  0|TAMS 0x0000000087c00000, 0x0000000087c00000|
|  37|0x0000000087d00000, 0x0000000087d00000, 0x0000000087e00000|  0%| F|  |TS  0|AC  0|TAMS 0x0000000087d00000, 0x0000000087d00000|
|  38|0x0000000087e00000, 0x0000000087e00000, 0x0000000087f00000|  0%| F|  |TS  0|AC  0|TAMS 0x0000000087e00000, 0x0000000087e00000|
|  39|0x0000000087f00000, 0x0000000087f00000, 0x0000000088000000|  0%| F|  |TS  0|AC  0|TAMS 0x0000000087f00000, 0x0000000087f00000|
|  40|0x0000000088000000, 0x0000000088000000, 0x0000000088100000|  0%| F|  |TS  0|AC  0|TAMS 0x0000000088000000, 0x0000000088000000|
|  41|0x0000000088100000, 0x0000000088100000, 0x0000000088200000|  0%| F|  |TS  0|AC  0|TAMS 0x0000000088100000, 0x0000000088100000|
|  42|0x0000000088200000, 0x0000000088200000, 0x0000000088300000|  0%| F|  |TS  0|AC  0|TAMS 0x0000000088200000, 0x0000000088200000|
|  43|0x0000000088300000, 0x0000000088300000, 0x0000000088400000|  0%| F|  |TS  0|AC  0|TAMS 0x0000000088300000, 0x0000000088300000|
|  44|0x0000000088400000, 0x0000000088400000, 0x0000000088500000|  0%| F|  |TS  0|AC  0|TAMS 0x0000000088400000, 0x0000000088400000|
|  45|0x0000000088500000, 0x0000000088500000, 0x0000000088600000|  0%| F|  |TS  0|AC  0|TAMS 0x0000000088500000, 0x0000000088500000|
|  46|0x0000000088600000, 0x0000000088600000, 0x0000000088700000|  0%| F|  |TS  0|AC  0|TAMS 0x0000000088600000, 0x0000000088600000|
|  47|0x0000000088700000, 0x0000000088700000, 0x0000000088800000|  0%| F|  |TS  0|AC  0|TAMS 0x0000000088700000, 0x0000000088700000|
|  48|0x0000000088800000, 0x0000000088800000, 0x0000000088900000|  0%| F|  |TS  0|AC  0|TAMS 0x0000000088800000, 0x0000000088800000|
|  49|0x0000000088900000, 0x0000000088900000, 0x0000000088a00000|  0%| F|  |TS  0|AC  0|TAMS 0x0000000088900000, 0x0000000088900000|
|  50|0x0000000088a00000, 0x0000000088a00000, 0x0000000088b00000|  0%| F|  |TS  0|AC  0|TAMS 0x0000000088a00000, 0x0000000088a00000|
|  51|0x0000000088b00000, 0x0000000088b00000, 0x0000000088c00000|  0%| F|  |TS  0|AC  0|TAMS 0x0000000088b00000, 0x0000000088b00000|
|  52|0x0000000088c00000, 0x0000000088c00000, 0x0000000088d00000|  0%| F|  |TS  0|AC  0|TAMS 0x0000000088c00000, 0x0000000088c00000|
|  53|0x0000000088d00000, 0x0000000088d00000, 0x0000000088e00000|  0%| F|  |TS  0|AC  0|TAMS 0x0000000088d00000, 0x0000000088d00000|
|  54|0x0000000088e00000, 0x0000000088e00000, 0x0000000088f00000|  0%| F|  |TS  0|AC  0|TAMS 0x0000000088e00000, 0x0000000088e00000|
|  55|0x0000000088f00000, 0x0000000088f00000, 0x0000000089000000|  0%| F|  |TS  0|AC  0|TAMS 0x0000000088f00000, 0x0000000088f00000|
|  56|0x0000000089000000, 0x0000000089000000, 0x0000000089100000|  0%| F|  |TS  0|AC  0|TAMS 0x0000000089000000, 0x0000000089000000|
|  57|0x0000000089100000, 0x0000000089100000, 0x0000000089200000|  0%| F|  |TS  0|AC  0|TAMS 0x0000000089100000, 0x0000000089100000|
|  58|0x0000000089200000, 0x0000000089200000, 0x0000000089300000|  0%| F|  |TS  0|AC  0|TAMS 0x0000000089200000, 0x0000000089200000|
|  59|0x0000000089300000, 0x0000000089300000, 0x0000000089400000|  0%| F|  |TS  0|AC  0|TAMS 0x0000000089300000, 0x0000000089300000|
|  60|0x0000000089400000, 0x0000000089400000, 0x0000000089500000|  0%| F|  |TS  0|AC  0|TAMS 0x0000000089400000, 0x0000000089400000|
|  61|0x0000000089500000, 0x0000000089500000, 0x0000000089600000|  0%| F|  |TS  0|AC  0|TAMS 0x0000000089500000, 0x0000000089500000|
|  62|0x0000000089600000, 0x0000000089600000, 0x0000000089700000|  0%| F|  |TS  0|AC  0|TAMS 0x0000000089600000, 0x0000000089600000|
|  63|0x0000000089700000, 0x0000000089700000, 0x0000000089800000|  0%| F|  |TS  0|AC  0|TAMS 0x0000000089700000, 0x0000000089700000|
|  64|0x0000000089800000, 0x0000000089800000, 0x0000000089900000|  0%| F|  |TS  0|AC  0|TAMS 0x0000000089800000, 0x0000000089800000|
|  65|0x0000000089900000, 0x0000000089900000, 0x0000000089a00000|  0%| F|  |TS  0|AC  0|TAMS 0x0000000089900000, 0x0000000089900000|
|  66|0x0000000089a00000, 0x0000000089a00000, 0x0000000089b00000|  0%| F|  |TS  0|AC  0|TAMS 0x0000000089a00000, 0x0000000089a00000|
|  67|0x0000000089b00000, 0x0000000089c00000, 0x0000000089c00000|100%| E|  |TS  0|AC  0|TAMS 0x0000000089b00000, 0x0000000089b00000|
|  68|0x0000000089c00000, 0x0000000089d00000, 0x0000000089d00000|100%| E|CS|TS  0|AC  0|TAMS 0x0000000089c00000, 0x0000000089c00000|
|  69|0x0000000089d00000, 0x0000000089e00000, 0x0000000089e00000|100%| E|CS|TS  0|AC  0|TAMS 0x0000000089d00000, 0x0000000089d00000|
|  70|0x0000000089e00000, 0x0000000089f00000, 0x0000000089f00000|100%| E|CS|TS  0|AC  0|TAMS 0x0000000089e00000, 0x0000000089e00000|
|  71|0x0000000089f00000, 0x000000008a000000, 0x000000008a000000|100%| E|CS|TS  0|AC  0|TAMS 0x0000000089f00000, 0x0000000089f00000|
|  72|0x000000008a000000, 0x000000008a100000, 0x000000008a100000|100%| E|CS|TS  0|AC  0|TAMS 0x000000008a000000, 0x000000008a000000|
|  73|0x000000008a100000, 0x000000008a200000, 0x000000008a200000|100%| E|CS|TS  0|AC  0|TAMS 0x000000008a100000, 0x000000008a100000|
|  74|0x000000008a200000, 0x000000008a300000, 0x000000008a300000|100%| E|CS|TS  0|AC  0|TAMS 0x000000008a200000, 0x000000008a200000|
|  75|0x000000008a300000, 0x000000008a400000, 0x000000008a400000|100%| E|CS|TS  0|AC  0|TAMS 0x000000008a300000, 0x000000008a300000|
|  76|0x000000008a400000, 0x000000008a500000, 0x000000008a500000|100%| E|CS|TS  0|AC  0|TAMS 0x000000008a400000, 0x000000008a400000|
|  77|0x000000008a500000, 0x000000008a600000, 0x000000008a600000|100%| E|CS|TS  0|AC  0|TAMS 0x000000008a500000, 0x000000008a500000|
|  78|0x000000008a600000, 0x000000008a700000, 0x000000008a700000|100%| E|CS|TS  0|AC  0|TAMS 0x000000008a600000, 0x000000008a600000|
|  79|0x000000008a700000, 0x000000008a800000, 0x000000008a800000|100%| E|CS|TS  0|AC  0|TAMS 0x000000008a700000, 0x000000008a700000|
|  80|0x000000008a800000, 0x000000008a900000, 0x000000008a900000|100%| E|CS|TS  0|AC  0|TAMS 0x000000008a800000, 0x000000008a800000|
|  81|0x000000008a900000, 0x000000008aa00000, 0x000000008aa00000|100%| E|CS|TS  0|AC  0|TAMS 0x000000008a900000, 0x000000008a900000|
|  82|0x000000008aa00000, 0x000000008ab00000, 0x000000008ab00000|100%| E|CS|TS  0|AC  0|TAMS 0x000000008aa00000, 0x000000008aa00000|
|  83|0x000000008ab00000, 0x000000008ac00000, 0x000000008ac00000|100%| E|CS|TS  0|AC  0|TAMS 0x000000008ab00000, 0x000000008ab00000|
|  84|0x000000008ac00000, 0x000000008ad00000, 0x000000008ad00000|100%| E|CS|TS  0|AC  0|TAMS 0x000000008ac00000, 0x000000008ac00000|
|  85|0x000000008ad00000, 0x000000008ae00000, 0x000000008ae00000|100%| E|CS|TS  0|AC  0|TAMS 0x000000008ad00000, 0x000000008ad00000|
|  86|0x000000008ae00000, 0x000000008af00000, 0x000000008af00000|100%| E|CS|TS  0|AC  0|TAMS 0x000000008ae00000, 0x000000008ae00000|
|  87|0x000000008af00000, 0x000000008b000000, 0x000000008b000000|100%| E|CS|TS  0|AC  0|TAMS 0x000000008af00000, 0x000000008af00000|
|  88|0x000000008b000000, 0x000000008b100000, 0x000000008b100000|100%| E|CS|TS  0|AC  0|TAMS 0x000000008b000000, 0x000000008b000000|
|  89|0x000000008b100000, 0x000000008b200000, 0x000000008b200000|100%| E|CS|TS  0|AC  0|TAMS 0x000000008b100000, 0x000000008b100000|
|  90|0x000000008b200000, 0x000000008b300000, 0x000000008b300000|100%| E|CS|TS  0|AC  0|TAMS 0x000000008b200000, 0x000000008b200000|
|  91|0x000000008b300000, 0x000000008b400000, 0x000000008b400000|100%| E|CS|TS  0|AC  0|TAMS 0x000000008b300000, 0x000000008b300000|
|  92|0x000000008b400000, 0x000000008b500000, 0x000000008b500000|100%| E|CS|TS  0|AC  0|TAMS 0x000000008b400000, 0x000000008b400000|
|  93|0x000000008b500000, 0x000000008b600000, 0x000000008b600000|100%| E|CS|TS  0|AC  0|TAMS 0x000000008b500000, 0x000000008b500000|
|  94|0x000000008b600000, 0x000000008b700000, 0x000000008b700000|100%| E|CS|TS  0|AC  0|TAMS 0x000000008b600000, 0x000000008b600000|
|  95|0x000000008b700000, 0x000000008b800000, 0x000000008b800000|100%| E|CS|TS  0|AC  0|TAMS 0x000000008b700000, 0x000000008b700000|
|  96|0x000000008b800000, 0x000000008b900000, 0x000000008b900000|100%| E|CS|TS  0|AC  0|TAMS 0x000000008b800000, 0x000000008b800000|
|  97|0x000000008b900000, 0x000000008ba00000, 0x000000008ba00000|100%| E|CS|TS  0|AC  0|TAMS 0x000000008b900000, 0x000000008b900000|
|  98|0x000000008ba00000, 0x000000008bb00000, 0x000000008bb00000|100%| E|CS|TS  0|AC  0|TAMS 0x000000008ba00000, 0x000000008ba00000|
|  99|0x000000008bb00000, 0x000000008bc00000, 0x000000008bc00000|100%| E|CS|TS  0|AC  0|TAMS 0x000000008bb00000, 0x000000008bb00000|
| 100|0x000000008bc00000, 0x000000008bccc1a0, 0x000000008bd00000| 79%| S|CS|TS  1|AC  0|TAMS 0x000000008bc00000, 0x000000008bc00000|
| 101|0x000000008bd00000, 0x000000008be00000, 0x000000008be00000|100%| S|CS|TS  1|AC  0|TAMS 0x000000008bd00000, 0x000000008bd00000|
| 102|0x000000008be00000, 0x000000008bf00000, 0x000000008bf00000|100%| E|CS|TS  1|AC  0|TAMS 0x000000008be00000, 0x000000008be00000|
| 103|0x000000008bf00000, 0x000000008c000000, 0x000000008c000000|100%| E|CS|TS  1|AC  0|TAMS 0x000000008bf00000, 0x000000008bf00000|
| 104|0x000000008c000000, 0x000000008c100000, 0x000000008c100000|100%| E|CS|TS  1|AC  0|TAMS 0x000000008c000000, 0x000000008c000000|
| 105|0x000000008c100000, 0x000000008c200000, 0x000000008c200000|100%| E|CS|TS  1|AC  0|TAMS 0x000000008c100000, 0x000000008c100000|
| 106|0x000000008c200000, 0x000000008c300000, 0x000000008c300000|100%| E|CS|TS  1|AC  0|TAMS 0x000000008c200000, 0x000000008c200000|
| 107|0x000000008c300000, 0x000000008c400000, 0x000000008c400000|100%| E|CS|TS  1|AC  0|TAMS 0x000000008c300000, 0x000000008c300000|
| 108|0x000000008c400000, 0x000000008c500000, 0x000000008c500000|100%| E|CS|TS  1|AC  0|TAMS 0x000000008c400000, 0x000000008c400000|
| 109|0x000000008c500000, 0x000000008c600000, 0x000000008c600000|100%| E|CS|TS  1|AC  0|TAMS 0x000000008c500000, 0x000000008c500000|
| 110|0x000000008c600000, 0x000000008c700000, 0x000000008c700000|100%| E|CS|TS  1|AC  0|TAMS 0x000000008c600000, 0x000000008c600000|
| 111|0x000000008c700000, 0x000000008c800000, 0x000000008c800000|100%| E|CS|TS  1|AC  0|TAMS 0x000000008c700000, 0x000000008c700000|
| 112|0x000000008c800000, 0x000000008c900000, 0x000000008c900000|100%| E|CS|TS  1|AC  0|TAMS 0x000000008c800000, 0x000000008c800000|
| 113|0x000000008c900000, 0x000000008ca00000, 0x000000008ca00000|100%| E|CS|TS  1|AC  0|TAMS 0x000000008c900000, 0x000000008c900000|
| 114|0x000000008ca00000, 0x000000008cb00000, 0x000000008cb00000|100%| E|CS|TS  1|AC  0|TAMS 0x000000008ca00000, 0x000000008ca00000|
| 115|0x000000008cb00000, 0x000000008cc00000, 0x000000008cc00000|100%| E|CS|TS  1|AC  0|TAMS 0x000000008cb00000, 0x000000008cb00000|
| 116|0x000000008cc00000, 0x000000008cd00000, 0x000000008cd00000|100%| E|CS|TS  1|AC  0|TAMS 0x000000008cc00000, 0x000000008cc00000|
| 117|0x000000008cd00000, 0x000000008ce00000, 0x000000008ce00000|100%| E|CS|TS  1|AC  0|TAMS 0x000000008cd00000, 0x000000008cd00000|
| 118|0x000000008ce00000, 0x000000008cf00000, 0x000000008cf00000|100%| E|CS|TS  1|AC  0|TAMS 0x000000008ce00000, 0x000000008ce00000|
| 119|0x000000008cf00000, 0x000000008d000000, 0x000000008d000000|100%| E|CS|TS  1|AC  0|TAMS 0x000000008cf00000, 0x000000008cf00000|
| 120|0x000000008d000000, 0x000000008d100000, 0x000000008d100000|100%| E|CS|TS  1|AC  0|TAMS 0x000000008d000000, 0x000000008d000000|
| 121|0x000000008d100000, 0x000000008d200000, 0x000000008d200000|100%| E|CS|TS  1|AC  0|TAMS 0x000000008d100000, 0x000000008d100000|
| 122|0x000000008d200000, 0x000000008d300000, 0x000000008d300000|100%| E|CS|TS  1|AC  0|TAMS 0x000000008d200000, 0x000000008d200000|
| 123|0x000000008d300000, 0x000000008d400000, 0x000000008d400000|100%| E|CS|TS  1|AC  0|TAMS 0x000000008d300000, 0x000000008d300000|

Card table byte_map: [0x00007ff6353b9000,0x00007ff63578d000] byte_map_base: 0x00007ff634f8d000

Marking Bits (Prev, Next): (CMBitMap*) 0x00007ff65005a8b0, (CMBitMap*) 0x00007ff65005a8e8
 Prev Bits: [0x00007ff61e160000, 0x00007ff620000000)
 Next Bits: [0x00007ff61c2c0000, 0x00007ff61e160000)

Polling page: 0x00007ff657000000

CodeHeap 'non-profiled nmethods': size=120032Kb used=765Kb max_used=765Kb free=119266Kb
 bounds [0x00007ff63e326000, 0x00007ff63e596000, 0x00007ff64585e000]
CodeHeap 'profiled nmethods': size=120032Kb used=1503Kb max_used=2114Kb free=118528Kb
 bounds [0x00007ff636dee000, 0x00007ff63705e000, 0x00007ff63e326000]
CodeHeap 'non-nmethods': size=5696Kb used=1111Kb max_used=1204Kb free=4584Kb
 bounds [0x00007ff63685e000, 0x00007ff636ace000, 0x00007ff636dee000]
 total_blobs=1709 nmethods=780 adapters=268
 compilation: enabled

Compilation events (10 events):
Event: 1036.668 Thread 0x00007ff65017e000 nmethod 1001 0x00007ff636df8010 code [0x00007ff636df8220, 0x00007ff636df89d0]
Event: 1036.668 Thread 0x00007ff65017e000 1004       3       org.eclipse.jdt.launching.internal.org.objectweb.asm.MethodWriter::putMethodInfo (1431 bytes)
Event: 1036.673 Thread 0x00007ff65017e000 nmethod 1004 0x00007ff636fa3090 code [0x00007ff636fa3840, 0x00007ff636fa6968]
Event: 1036.673 Thread 0x00007ff65017e000 1002       3       org.eclipse.jdt.launching.internal.org.objectweb.asm.MethodWriter::computeMethodInfoSize (704 bytes)
Event: 1036.675 Thread 0x00007ff65017e000 nmethod 1002 0x00007ff636dfba10 code [0x00007ff636dfbde0, 0x00007ff636dfd558]
Event: 1036.675 Thread 0x00007ff65017e000 1003       3       org.eclipse.jdt.launching.internal.org.objectweb.asm.MethodWriter::hasFrames (13 bytes)
Event: 1036.675 Thread 0x00007ff65017e000 nmethod 1003 0x00007ff636df1010 code [0x00007ff636df11c0, 0x00007ff636df1370]
Event: 1036.681 Thread 0x00007ff65017a000 nmethod 998 0x00007ff63e376410 code [0x00007ff63e376620, 0x00007ff63e377a68]
Event: 1036.681 Thread 0x00007ff65017a000  999       4       org.eclipse.jdt.launching.internal.org.objectweb.asm.Label::resolve (219 bytes)
Event: 1036.685 Thread 0x00007ff65017a000 nmethod 999 0x00007ff63e363810 code [0x00007ff63e3639c0, 0x00007ff63e363e58]

GC Heap History (2 events):
Event: 0.354 GC heap before
{Heap before GC invocations=0 (full 0):
 garbage-first heap   total 126976K, used 22528K [0x0000000085800000, 0x0000000100000000)
  region size 1024K, 22 young (22528K), 0 survivors (0K)
 Metaspace       used 9534K, capacity 9605K, committed 9856K, reserved 1058816K
  class space    used 798K, capacity 816K, committed 896K, reserved 1048576K
}
Event: 0.356 GC heap after
{Heap after GC invocations=1 (full 0):
 garbage-first heap   total 126976K, used 1840K [0x0000000085800000, 0x0000000100000000)
  region size 1024K, 2 young (2048K), 2 survivors (2048K)
 Metaspace       used 9534K, capacity 9605K, committed 9856K, reserved 1058816K
  class space    used 798K, capacity 816K, committed 896K, reserved 1048576K
}

Deoptimization events (10 events):
Event: 0.748 Thread 0x00007ff650013000 Uncommon trap: reason=unstable_if action=reinterpret pc=0x00007ff63e3a4ca8 method=java.lang.AbstractStringBuilder.putStringAt(ILjava/lang/String;)V @ 8 c2
Event: 0.748 Thread 0x00007ff650013000 Uncommon trap: reason=unstable_if action=reinterpret pc=0x00007ff63e393608 method=java.lang.AbstractStringBuilder.isLatin1()Z @ 10 c2
Event: 0.748 Thread 0x00007ff650013000 Uncommon trap: reason=unstable_if action=reinterpret pc=0x00007ff63e3a263c method=java.lang.AbstractStringBuilder.isLatin1()Z @ 10 c2
Event: 0.748 Thread 0x00007ff650013000 Uncommon trap: reason=unstable_if action=reinterpret pc=0x00007ff63e35c9fc method=java.lang.AbstractStringBuilder.isLatin1()Z @ 10 c2
Event: 0.748 Thread 0x00007ff650013000 Uncommon trap: reason=unstable_if action=reinterpret pc=0x00007ff63e3675b8 method=java.lang.AbstractStringBuilder.putStringAt(ILjava/lang/String;)V @ 8 c2
Event: 0.748 Thread 0x00007ff650013000 Uncommon trap: reason=unstable_if action=reinterpret pc=0x00007ff63e368688 method=java.lang.String.getBytes([BIB)V @ 5 c2
Event: 0.748 Thread 0x00007ff650013000 Uncommon trap: reason=unstable_if action=reinterpret pc=0x00007ff63e363b0c method=java.lang.AbstractStringBuilder.putStringAt(ILjava/lang/String;)V @ 8 c2
Event: 0.748 Thread 0x00007ff650013000 Uncommon trap: reason=unstable_if action=reinterpret pc=0x00007ff63e36a054 method=java.lang.AbstractStringBuilder.isLatin1()Z @ 10 c2
Event: 0.766 Thread 0x00007ff650013000 Uncommon trap: reason=unstable_if action=reinterpret pc=0x00007ff63e377040 method=java.io.BufferedOutputStream.write([BII)V @ 6 c2
Event: 0.767 Thread 0x00007ff650013000 Uncommon trap: reason=unstable_if action=reinterpret pc=0x00007ff63e38253c method=java.io.BufferedOutputStream.write([BII)V @ 6 c2

Classes redefined (10 events):
Event: 258.223 Thread 0x00007ff650159800 redefined class name=com.huawei.Test, count=1
Event: 260.379 Thread 0x00007ff650159800 redefined class name=main.java.com.huawei.system.Simulation, count=2
Event: 277.662 Thread 0x00007ff650159800 redefined class name=com.huawei.Test, count=2
Event: 279.930 Thread 0x00007ff650159800 redefined class name=com.huawei.Test, count=3
Event: 282.549 Thread 0x00007ff650159800 redefined class name=com.huawei.Test, count=4
Event: 285.057 Thread 0x00007ff650159800 redefined class name=com.huawei.Test, count=5
Event: 287.747 Thread 0x00007ff650159800 redefined class name=com.huawei.Test, count=6
Event: 542.876 Thread 0x00007ff650159800 redefined class name=main.java.com.huawei.system.Simulation, count=3
Event: 604.943 Thread 0x00007ff650159800 redefined class name=main.java.com.huawei.system.Simulation, count=4
Event: 1036.671 Thread 0x00007ff650159800 redefined class name=main.java.com.huawei.system.Simulation, count=5

Internal exceptions (3 events):
Event: 0.270 Thread 0x00007ff650013000 Exception <a 'java/lang/NoSuchMethodError'{0x000000008cd68f78}: method resolution failed> (0x000000008cd68f78) thrown at [/build/openjdk-lts-Ae5PRQ/openjdk-lts-10.0.2+13/src/hotspot/share/prims/methodHandles.cpp, line 1226]
Event: 0.274 Thread 0x00007ff650013000 Exception <a 'java/lang/NoSuchMethodError'{0x000000008cd85bb8}: java.lang.invoke.DirectMethodHandle$Holder.invokeStatic(Ljava/lang/Object;Ljava/lang/Object;)I> (0x000000008cd85bb8) thrown at [/build/openjdk-lts-Ae5PRQ/openjdk-lts-10.0.2+13/src/hotspot/sha
Event: 0.276 Thread 0x00007ff650013000 Exception <a 'java/lang/NoSuchMethodError'{0x000000008cd96ee0}: java.lang.Object.of([Ljava/lang/Object;)Ljava/util/stream/Stream;> (0x000000008cd96ee0) thrown at [/build/openjdk-lts-Ae5PRQ/openjdk-lts-10.0.2+13/src/hotspot/share/interpreter/linkResolver.c

Events (10 events):
Event: 1036.710 Executing VM operation: GetCurrentContendedMonitor done
Event: 1036.710 Executing VM operation: GetOwnedMonitorInfo
Event: 1036.710 Executing VM operation: GetOwnedMonitorInfo done
Event: 1036.722 Executing VM operation: GetCurrentContendedMonitor
Event: 1036.722 Executing VM operation: GetCurrentContendedMonitor done
Event: 1036.722 Executing VM operation: GetOwnedMonitorInfo
Event: 1036.722 Executing VM operation: GetOwnedMonitorInfo done
Event: 1036.898 Executing VM operation: GetFrameLocation
Event: 1036.898 Executing VM operation: GetFrameLocation done
Event: 1036.898 Executing VM operation: GetOrSetLocal


Dynamic libraries:
85800000-8d400000 rw-p 00000000 00:00 0 
8d400000-100000000 ---p 00000000 00:00 0 
100000000-1000e0000 rw-p 00000000 00:00 0 
1000e0000-140000000 ---p 00000000 00:00 0 
560667c52000-560667c53000 r-xp 00000000 08:0c 16123179                   /usr/lib/jvm/java-11-openjdk-amd64/bin/java
560667e53000-560667e54000 r--p 00001000 08:0c 16123179                   /usr/lib/jvm/java-11-openjdk-amd64/bin/java
560667e54000-560667e55000 rw-p 00002000 08:0c 16123179                   /usr/lib/jvm/java-11-openjdk-amd64/bin/java
560667efb000-560667f1c000 rw-p 00000000 00:00 0                          [heap]
7ff5ac000000-7ff5ac021000 rw-p 00000000 00:00 0 
7ff5ac021000-7ff5b0000000 ---p 00000000 00:00 0 
7ff5b4000000-7ff5b4021000 rw-p 00000000 00:00 0 
7ff5b4021000-7ff5b8000000 ---p 00000000 00:00 0 
7ff5bb8d4000-7ff5bba14000 rw-p 00000000 00:00 0 
7ff5bba14000-7ff5bbad4000 ---p 00000000 00:00 0 
7ff5bbad4000-7ff5bbad5000 ---p 00000000 00:00 0 
7ff5bbad5000-7ff5bbbd6000 rw-p 00000000 00:00 0 
7ff5bbbd6000-7ff5bbbed000 r-xp 00000000 08:0c 18089975                   /usr/lib/jvm/java-11-openjdk-amd64/lib/libnet.so
7ff5bbbed000-7ff5bbdec000 ---p 00017000 08:0c 18089975                   /usr/lib/jvm/java-11-openjdk-amd64/lib/libnet.so
7ff5bbdec000-7ff5bbded000 r--p 00016000 08:0c 18089975                   /usr/lib/jvm/java-11-openjdk-amd64/lib/libnet.so
7ff5bbded000-7ff5bbdee000 rw-p 00017000 08:0c 18089975                   /usr/lib/jvm/java-11-openjdk-amd64/lib/libnet.so
7ff5bbdee000-7ff5bbdff000 r-xp 00000000 08:0c 18089976                   /usr/lib/jvm/java-11-openjdk-amd64/lib/libnio.so
7ff5bbdff000-7ff5bbffe000 ---p 00011000 08:0c 18089976                   /usr/lib/jvm/java-11-openjdk-amd64/lib/libnio.so
7ff5bbffe000-7ff5bbfff000 r--p 00010000 08:0c 18089976                   /usr/lib/jvm/java-11-openjdk-amd64/lib/libnio.so
7ff5bbfff000-7ff5bc000000 rw-p 00011000 08:0c 18089976                   /usr/lib/jvm/java-11-openjdk-amd64/lib/libnio.so
7ff5bc000000-7ff5bc021000 rw-p 00000000 00:00 0 
7ff5bc021000-7ff5c0000000 ---p 00000000 00:00 0 
7ff5c0000000-7ff5c0021000 rw-p 00000000 00:00 0 
7ff5c0021000-7ff5c4000000 ---p 00000000 00:00 0 
7ff5c4000000-7ff5c406b000 rw-p 00000000 00:00 0 
7ff5c406b000-7ff5c8000000 ---p 00000000 00:00 0 
7ff5c8000000-7ff5c8021000 rw-p 00000000 00:00 0 
7ff5c8021000-7ff5cc000000 ---p 00000000 00:00 0 
7ff5cc000000-7ff5cc71a000 rw-p 00000000 00:00 0 
7ff5cc71a000-7ff5d0000000 ---p 00000000 00:00 0 
7ff5d0000000-7ff5d0029000 rw-p 00000000 00:00 0 
7ff5d0029000-7ff5d4000000 ---p 00000000 00:00 0 
7ff5d4000000-7ff5d7a88000 rw-p 00000000 00:00 0 
7ff5d7a88000-7ff5d8000000 ---p 00000000 00:00 0 
7ff5d8000000-7ff5da4ac000 rw-p 00000000 00:00 0 
7ff5da4ac000-7ff5dc000000 ---p 00000000 00:00 0 
7ff5dc000000-7ff5dc021000 rw-p 00000000 00:00 0 
7ff5dc021000-7ff5e0000000 ---p 00000000 00:00 0 
7ff5e0000000-7ff5e0021000 rw-p 00000000 00:00 0 
7ff5e0021000-7ff5e4000000 ---p 00000000 00:00 0 
7ff5e4000000-7ff5e40cd000 rw-p 00000000 00:00 0 
7ff5e40cd000-7ff5e8000000 ---p 00000000 00:00 0 
7ff5e8000000-7ff5e8021000 rw-p 00000000 00:00 0 
7ff5e8021000-7ff5ec000000 ---p 00000000 00:00 0 
7ff5ec000000-7ff5ec021000 rw-p 00000000 00:00 0 
7ff5ec021000-7ff5f0000000 ---p 00000000 00:00 0 
7ff5f0000000-7ff5f0021000 rw-p 00000000 00:00 0 
7ff5f0021000-7ff5f4000000 ---p 00000000 00:00 0 
7ff5f4000000-7ff5f4021000 rw-p 00000000 00:00 0 
7ff5f4021000-7ff5f8000000 ---p 00000000 00:00 0 
7ff5f8000000-7ff5f8021000 rw-p 00000000 00:00 0 
7ff5f8021000-7ff5fc000000 ---p 00000000 00:00 0 
7ff5fc000000-7ff5fc021000 rw-p 00000000 00:00 0 
7ff5fc021000-7ff600000000 ---p 00000000 00:00 0 
7ff600000000-7ff600021000 rw-p 00000000 00:00 0 
7ff600021000-7ff604000000 ---p 00000000 00:00 0 
7ff604000000-7ff604021000 rw-p 00000000 00:00 0 
7ff604021000-7ff608000000 ---p 00000000 00:00 0 
7ff60801f000-7ff608023000 ---p 00000000 00:00 0 
7ff608023000-7ff608120000 rw-p 00000000 00:00 0 
7ff608120000-7ff608124000 ---p 00000000 00:00 0 
7ff608124000-7ff608221000 rw-p 00000000 00:00 0 
7ff608221000-7ff608225000 ---p 00000000 00:00 0 
7ff608225000-7ff608322000 rw-p 00000000 00:00 0 
7ff608322000-7ff608326000 ---p 00000000 00:00 0 
7ff608326000-7ff608423000 rw-p 00000000 00:00 0 
7ff608423000-7ff608427000 ---p 00000000 00:00 0 
7ff608427000-7ff608524000 rw-p 00000000 00:00 0 
7ff608524000-7ff608529000 r-xp 00000000 08:0c 18089955                   /usr/lib/jvm/java-11-openjdk-amd64/lib/libdt_socket.so
7ff608529000-7ff608728000 ---p 00005000 08:0c 18089955                   /usr/lib/jvm/java-11-openjdk-amd64/lib/libdt_socket.so
7ff608728000-7ff608729000 r--p 00004000 08:0c 18089955                   /usr/lib/jvm/java-11-openjdk-amd64/lib/libdt_socket.so
7ff608729000-7ff60872a000 rw-p 00005000 08:0c 18089955                   /usr/lib/jvm/java-11-openjdk-amd64/lib/libdt_socket.so
7ff60872a000-7ff60872e000 ---p 00000000 00:00 0 
7ff60872e000-7ff60882b000 rw-p 00000000 00:00 0 
7ff60882b000-7ff60882f000 ---p 00000000 00:00 0 
7ff60882f000-7ff60892c000 rw-p 00000000 00:00 0 
7ff60892c000-7ff608930000 ---p 00000000 00:00 0 
7ff608930000-7ff608a2d000 rw-p 00000000 00:00 0 
7ff608a2d000-7ff608a31000 ---p 00000000 00:00 0 
7ff608a31000-7ff608b2e000 rw-p 00000000 00:00 0 
7ff608b2e000-7ff608b32000 ---p 00000000 00:00 0 
7ff608b32000-7ff608c2f000 rw-p 00000000 00:00 0 
7ff608c2f000-7ff6095fe000 r--p 00000000 08:0c 15995895                   /usr/lib/locale/locale-archive
7ff6095fe000-7ff609602000 ---p 00000000 00:00 0 
7ff609602000-7ff6096ff000 rw-p 00000000 00:00 0 
7ff6096ff000-7ff609703000 ---p 00000000 00:00 0 
7ff609703000-7ff60c000000 rw-p 00000000 00:00 0 
7ff60c000000-7ff60c021000 rw-p 00000000 00:00 0 
7ff60c021000-7ff610000000 ---p 00000000 00:00 0 
7ff610000000-7ff610021000 rw-p 00000000 00:00 0 
7ff610021000-7ff614000000 ---p 00000000 00:00 0 
7ff614000000-7ff614021000 rw-p 00000000 00:00 0 
7ff614021000-7ff618000000 ---p 00000000 00:00 0 
7ff618000000-7ff618021000 rw-p 00000000 00:00 0 
7ff618021000-7ff61c000000 ---p 00000000 00:00 0 
7ff61c0bc000-7ff61c0bd000 ---p 00000000 00:00 0 
7ff61c0bd000-7ff61c1be000 rw-p 00000000 00:00 0 
7ff61c1be000-7ff61c1bf000 ---p 00000000 00:00 0 
7ff61c1bf000-7ff61c4b0000 rw-p 00000000 00:00 0 
7ff61c4b0000-7ff61e160000 ---p 00000000 00:00 0 
7ff61e160000-7ff61e350000 rw-p 00000000 00:00 0 
7ff61e350000-7ff620000000 ---p 00000000 00:00 0 
7ff620000000-7ff620021000 rw-p 00000000 00:00 0 
7ff620021000-7ff624000000 ---p 00000000 00:00 0 
7ff624000000-7ff624021000 rw-p 00000000 00:00 0 
7ff624021000-7ff628000000 ---p 00000000 00:00 0 
7ff628000000-7ff628021000 rw-p 00000000 00:00 0 
7ff628021000-7ff62c000000 ---p 00000000 00:00 0 
7ff62c000000-7ff62c021000 rw-p 00000000 00:00 0 
7ff62c021000-7ff630000000 ---p 00000000 00:00 0 
7ff630000000-7ff630021000 rw-p 00000000 00:00 0 
7ff630021000-7ff634000000 ---p 00000000 00:00 0 
7ff634057000-7ff6340cd000 rw-p 00000000 00:00 0 
7ff6340cd000-7ff6340ce000 ---p 00000000 00:00 0 
7ff6340ce000-7ff6341cf000 rw-p 00000000 00:00 0 
7ff6341cf000-7ff6341d0000 ---p 00000000 00:00 0 
7ff6341d0000-7ff6342d1000 rw-p 00000000 00:00 0 
7ff6342d1000-7ff6342d2000 ---p 00000000 00:00 0 
7ff6342d2000-7ff6343d3000 rw-p 00000000 00:00 0 
7ff6343d3000-7ff6343d4000 ---p 00000000 00:00 0 
7ff6343d4000-7ff6344d5000 rw-p 00000000 00:00 0 
7ff6344d5000-7ff6344d6000 ---p 00000000 00:00 0 
7ff6344d6000-7ff6345d7000 rw-p 00000000 00:00 0 
7ff6345d7000-7ff6345d8000 ---p 00000000 00:00 0 
7ff6345d8000-7ff634cdf000 rw-p 00000000 00:00 0 
7ff634cdf000-7ff634ce0000 ---p 00000000 00:00 0 
7ff634ce0000-7ff634de1000 rw-p 00000000 00:00 0 
7ff634de1000-7ff634de2000 ---p 00000000 00:00 0 
7ff634de2000-7ff634ee3000 rw-p 00000000 00:00 0 
7ff634ee3000-7ff634ee4000 ---p 00000000 00:00 0 
7ff634ee4000-7ff635023000 rw-p 00000000 00:00 0 
7ff635023000-7ff6353b9000 ---p 00000000 00:00 0 
7ff6353b9000-7ff6353f7000 rw-p 00000000 00:00 0 
7ff6353f7000-7ff63578d000 ---p 00000000 00:00 0 
7ff63578d000-7ff6357cb000 rw-p 00000000 00:00 0 
7ff6357cb000-7ff635b61000 ---p 00000000 00:00 0 
7ff635b61000-7ff636167000 rw-p 00000000 00:00 0 
7ff636167000-7ff636168000 ---p 00000000 00:00 0 
7ff636168000-7ff636269000 rw-p 00000000 00:00 0 
7ff636269000-7ff63626a000 ---p 00000000 00:00 0 
7ff63626a000-7ff63636b000 rw-p 00000000 00:00 0 
7ff63636b000-7ff63636c000 ---p 00000000 00:00 0 
7ff63636c000-7ff63646d000 rw-p 00000000 00:00 0 
7ff63646d000-7ff63646e000 ---p 00000000 00:00 0 
7ff63646e000-7ff63656f000 rw-p 00000000 00:00 0 
7ff63656f000-7ff636570000 ---p 00000000 00:00 0 
7ff636570000-7ff636671000 rw-p 00000000 00:00 0 
7ff636671000-7ff636672000 ---p 00000000 00:00 0 
7ff636672000-7ff636778000 rw-p 00000000 00:00 0 
7ff636778000-7ff63685e000 ---p 00000000 00:00 0 
7ff63685e000-7ff636ace000 rwxp 00000000 00:00 0 
7ff636ace000-7ff636dee000 ---p 00000000 00:00 0 
7ff636dee000-7ff63705e000 rwxp 00000000 00:00 0 
7ff63705e000-7ff63e326000 ---p 00000000 00:00 0 
7ff63e326000-7ff63e596000 rwxp 00000000 00:00 0 
7ff63e596000-7ff64585e000 ---p 00000000 00:00 0 
7ff64585e000-7ff64ed39000 r--s 00000000 08:0c 18089985                   /usr/lib/jvm/java-11-openjdk-amd64/lib/modules
7ff64ed39000-7ff64ed3e000 r-xp 00000000 08:0c 18089967                   /usr/lib/jvm/java-11-openjdk-amd64/lib/libjimage.so
7ff64ed3e000-7ff64ef3d000 ---p 00005000 08:0c 18089967                   /usr/lib/jvm/java-11-openjdk-amd64/lib/libjimage.so
7ff64ef3d000-7ff64ef3e000 r--p 00004000 08:0c 18089967                   /usr/lib/jvm/java-11-openjdk-amd64/lib/libjimage.so
7ff64ef3e000-7ff64ef3f000 rw-p 00005000 08:0c 18089967                   /usr/lib/jvm/java-11-openjdk-amd64/lib/libjimage.so
7ff64ef3f000-7ff64ef46000 r-xp 00000000 08:0c 18089984                   /usr/lib/jvm/java-11-openjdk-amd64/lib/libzip.so
7ff64ef46000-7ff64f145000 ---p 00007000 08:0c 18089984                   /usr/lib/jvm/java-11-openjdk-amd64/lib/libzip.so
7ff64f145000-7ff64f146000 r--p 00006000 08:0c 18089984                   /usr/lib/jvm/java-11-openjdk-amd64/lib/libzip.so
7ff64f146000-7ff64f147000 rw-p 00007000 08:0c 18089984                   /usr/lib/jvm/java-11-openjdk-amd64/lib/libzip.so
7ff64f147000-7ff64f152000 r-xp 00000000 08:0a 136829                     /lib/x86_64-linux-gnu/libnss_files-2.27.so
7ff64f152000-7ff64f351000 ---p 0000b000 08:0a 136829                     /lib/x86_64-linux-gnu/libnss_files-2.27.so
7ff64f351000-7ff64f352000 r--p 0000a000 08:0a 136829                     /lib/x86_64-linux-gnu/libnss_files-2.27.so
7ff64f352000-7ff64f353000 rw-p 0000b000 08:0a 136829                     /lib/x86_64-linux-gnu/libnss_files-2.27.so
7ff64f353000-7ff64f359000 rw-p 00000000 00:00 0 
7ff64f359000-7ff64f370000 r-xp 00000000 08:0a 136823                     /lib/x86_64-linux-gnu/libnsl-2.27.so
7ff64f370000-7ff64f56f000 ---p 00017000 08:0a 136823                     /lib/x86_64-linux-gnu/libnsl-2.27.so
7ff64f56f000-7ff64f570000 r--p 00016000 08:0a 136823                     /lib/x86_64-linux-gnu/libnsl-2.27.so
7ff64f570000-7ff64f571000 rw-p 00017000 08:0a 136823                     /lib/x86_64-linux-gnu/libnsl-2.27.so
7ff64f571000-7ff64f573000 rw-p 00000000 00:00 0 
7ff64f573000-7ff64f57e000 r-xp 00000000 08:0a 136840                     /lib/x86_64-linux-gnu/libnss_nis-2.27.so
7ff64f57e000-7ff64f77d000 ---p 0000b000 08:0a 136840                     /lib/x86_64-linux-gnu/libnss_nis-2.27.so
7ff64f77d000-7ff64f77e000 r--p 0000a000 08:0a 136840                     /lib/x86_64-linux-gnu/libnss_nis-2.27.so
7ff64f77e000-7ff64f77f000 rw-p 0000b000 08:0a 136840                     /lib/x86_64-linux-gnu/libnss_nis-2.27.so
7ff64f77f000-7ff64f787000 r-xp 00000000 08:0a 136825                     /lib/x86_64-linux-gnu/libnss_compat-2.27.so
7ff64f787000-7ff64f987000 ---p 00008000 08:0a 136825                     /lib/x86_64-linux-gnu/libnss_compat-2.27.so
7ff64f987000-7ff64f988000 r--p 00008000 08:0a 136825                     /lib/x86_64-linux-gnu/libnss_compat-2.27.so
7ff64f988000-7ff64f989000 rw-p 00009000 08:0a 136825                     /lib/x86_64-linux-gnu/libnss_compat-2.27.so
7ff64f989000-7ff64f993000 r-xp 00000000 08:0c 18089958                   /usr/lib/jvm/java-11-openjdk-amd64/lib/libinstrument.so
7ff64f993000-7ff64fb92000 ---p 0000a000 08:0c 18089958                   /usr/lib/jvm/java-11-openjdk-amd64/lib/libinstrument.so
7ff64fb92000-7ff64fb93000 r--p 00009000 08:0c 18089958                   /usr/lib/jvm/java-11-openjdk-amd64/lib/libinstrument.so
7ff64fb93000-7ff64fb94000 rw-p 0000a000 08:0c 18089958                   /usr/lib/jvm/java-11-openjdk-amd64/lib/libinstrument.so
7ff64fb94000-7ff64fbd1000 r-xp 00000000 08:0c 18089966                   /usr/lib/jvm/java-11-openjdk-amd64/lib/libjdwp.so
7ff64fbd1000-7ff64fdd0000 ---p 0003d000 08:0c 18089966                   /usr/lib/jvm/java-11-openjdk-amd64/lib/libjdwp.so
7ff64fdd0000-7ff64fdd1000 r--p 0003c000 08:0c 18089966                   /usr/lib/jvm/java-11-openjdk-amd64/lib/libjdwp.so
7ff64fdd1000-7ff64fdd2000 rw-p 0003d000 08:0c 18089966                   /usr/lib/jvm/java-11-openjdk-amd64/lib/libjdwp.so
7ff64fdd2000-7ff64fdfe000 r-xp 00000000 08:0c 18089963                   /usr/lib/jvm/java-11-openjdk-amd64/lib/libjava.so
7ff64fdfe000-7ff64fffd000 ---p 0002c000 08:0c 18089963                   /usr/lib/jvm/java-11-openjdk-amd64/lib/libjava.so
7ff64fffd000-7ff64fffe000 r--p 0002b000 08:0c 18089963                   /usr/lib/jvm/java-11-openjdk-amd64/lib/libjava.so
7ff64fffe000-7ff650000000 rw-p 0002c000 08:0c 18089963                   /usr/lib/jvm/java-11-openjdk-amd64/lib/libjava.so
7ff650000000-7ff65044d000 rw-p 00000000 00:00 0 
7ff65044d000-7ff654000000 ---p 00000000 00:00 0 
7ff65401e000-7ff65407e000 rw-p 00000000 00:00 0 
7ff65407e000-7ff654164000 ---p 00000000 00:00 0 
7ff654164000-7ff654171000 r-xp 00000000 08:0c 18089983                   /usr/lib/jvm/java-11-openjdk-amd64/lib/libverify.so
7ff654171000-7ff654370000 ---p 0000d000 08:0c 18089983                   /usr/lib/jvm/java-11-openjdk-amd64/lib/libverify.so
7ff654370000-7ff654372000 r--p 0000c000 08:0c 18089983                   /usr/lib/jvm/java-11-openjdk-amd64/lib/libverify.so
7ff654372000-7ff654373000 rw-p 0000e000 08:0c 18089983                   /usr/lib/jvm/java-11-openjdk-amd64/lib/libverify.so
7ff654373000-7ff65437a000 r-xp 00000000 08:0a 136880                     /lib/x86_64-linux-gnu/librt-2.27.so
7ff65437a000-7ff654579000 ---p 00007000 08:0a 136880                     /lib/x86_64-linux-gnu/librt-2.27.so
7ff654579000-7ff65457a000 r--p 00006000 08:0a 136880                     /lib/x86_64-linux-gnu/librt-2.27.so
7ff65457a000-7ff65457b000 rw-p 00007000 08:0a 136880                     /lib/x86_64-linux-gnu/librt-2.27.so
7ff65457b000-7ff654592000 r-xp 00000000 08:0a 136276                     /lib/x86_64-linux-gnu/libgcc_s.so.1
7ff654592000-7ff654791000 ---p 00017000 08:0a 136276                     /lib/x86_64-linux-gnu/libgcc_s.so.1
7ff654791000-7ff654792000 r--p 00016000 08:0a 136276                     /lib/x86_64-linux-gnu/libgcc_s.so.1
7ff654792000-7ff654793000 rw-p 00017000 08:0a 136276                     /lib/x86_64-linux-gnu/libgcc_s.so.1
7ff654793000-7ff654930000 r-xp 00000000 08:0a 136802                     /lib/x86_64-linux-gnu/libm-2.27.so
7ff654930000-7ff654b2f000 ---p 0019d000 08:0a 136802                     /lib/x86_64-linux-gnu/libm-2.27.so
7ff654b2f000-7ff654b30000 r--p 0019c000 08:0a 136802                     /lib/x86_64-linux-gnu/libm-2.27.so
7ff654b30000-7ff654b31000 rw-p 0019d000 08:0a 136802                     /lib/x86_64-linux-gnu/libm-2.27.so
7ff654b31000-7ff654caa000 r-xp 00000000 08:0c 15991317                   /usr/lib/x86_64-linux-gnu/libstdc++.so.6.0.25
7ff654caa000-7ff654eaa000 ---p 00179000 08:0c 15991317                   /usr/lib/x86_64-linux-gnu/libstdc++.so.6.0.25
7ff654eaa000-7ff654eb4000 r--p 00179000 08:0c 15991317                   /usr/lib/x86_64-linux-gnu/libstdc++.so.6.0.25
7ff654eb4000-7ff654eb6000 rw-p 00183000 08:0c 15991317                   /usr/lib/x86_64-linux-gnu/libstdc++.so.6.0.25
7ff654eb6000-7ff654eba000 rw-p 00000000 00:00 0 
7ff654eba000-7ff655e57000 r-xp 00000000 08:0c 18089990                   /usr/lib/jvm/java-11-openjdk-amd64/lib/server/libjvm.so
7ff655e57000-7ff656057000 ---p 00f9d000 08:0c 18089990                   /usr/lib/jvm/java-11-openjdk-amd64/lib/server/libjvm.so
7ff656057000-7ff65611b000 r--p 00f9d000 08:0c 18089990                   /usr/lib/jvm/java-11-openjdk-amd64/lib/server/libjvm.so
7ff65611b000-7ff656153000 rw-p 01061000 08:0c 18089990                   /usr/lib/jvm/java-11-openjdk-amd64/lib/server/libjvm.so
7ff656153000-7ff65619c000 rw-p 00000000 00:00 0 
7ff65619c000-7ff6561b6000 r-xp 00000000 08:0a 136872                     /lib/x86_64-linux-gnu/libpthread-2.27.so
7ff6561b6000-7ff6563b5000 ---p 0001a000 08:0a 136872                     /lib/x86_64-linux-gnu/libpthread-2.27.so
7ff6563b5000-7ff6563b6000 r--p 00019000 08:0a 136872                     /lib/x86_64-linux-gnu/libpthread-2.27.so
7ff6563b6000-7ff6563b7000 rw-p 0001a000 08:0a 136872                     /lib/x86_64-linux-gnu/libpthread-2.27.so
7ff6563b7000-7ff6563bb000 rw-p 00000000 00:00 0 
7ff6563bb000-7ff6563be000 r-xp 00000000 08:0a 136762                     /lib/x86_64-linux-gnu/libdl-2.27.so
7ff6563be000-7ff6565bd000 ---p 00003000 08:0a 136762                     /lib/x86_64-linux-gnu/libdl-2.27.so
7ff6565bd000-7ff6565be000 r--p 00002000 08:0a 136762                     /lib/x86_64-linux-gnu/libdl-2.27.so
7ff6565be000-7ff6565bf000 rw-p 00003000 08:0a 136762                     /lib/x86_64-linux-gnu/libdl-2.27.so
7ff6565bf000-7ff6565db000 r-xp 00000000 08:0a 136911                     /lib/x86_64-linux-gnu/libz.so.1.2.11
7ff6565db000-7ff6567da000 ---p 0001c000 08:0a 136911                     /lib/x86_64-linux-gnu/libz.so.1.2.11
7ff6567da000-7ff6567db000 r--p 0001b000 08:0a 136911                     /lib/x86_64-linux-gnu/libz.so.1.2.11
7ff6567db000-7ff6567dc000 rw-p 0001c000 08:0a 136911                     /lib/x86_64-linux-gnu/libz.so.1.2.11
7ff6567dc000-7ff6569c3000 r-xp 00000000 08:0a 136739                     /lib/x86_64-linux-gnu/libc-2.27.so
7ff6569c3000-7ff656bc3000 ---p 001e7000 08:0a 136739                     /lib/x86_64-linux-gnu/libc-2.27.so
7ff656bc3000-7ff656bc7000 r--p 001e7000 08:0a 136739                     /lib/x86_64-linux-gnu/libc-2.27.so
7ff656bc7000-7ff656bc9000 rw-p 001eb000 08:0a 136739                     /lib/x86_64-linux-gnu/libc-2.27.so
7ff656bc9000-7ff656bcd000 rw-p 00000000 00:00 0 
7ff656bcd000-7ff656bdc000 r-xp 00000000 08:0c 18089948                   /usr/lib/jvm/java-11-openjdk-amd64/lib/jli/libjli.so
7ff656bdc000-7ff656ddb000 ---p 0000f000 08:0c 18089948                   /usr/lib/jvm/java-11-openjdk-amd64/lib/jli/libjli.so
7ff656ddb000-7ff656ddc000 r--p 0000e000 08:0c 18089948                   /usr/lib/jvm/java-11-openjdk-amd64/lib/jli/libjli.so
7ff656ddc000-7ff656ddd000 rw-p 0000f000 08:0c 18089948                   /usr/lib/jvm/java-11-openjdk-amd64/lib/jli/libjli.so
7ff656ddd000-7ff656e04000 r-xp 00000000 08:0a 136711                     /lib/x86_64-linux-gnu/ld-2.27.so
7ff656e21000-7ff656e28000 r--s 00000000 08:0c 16256106                   /usr/lib/x86_64-linux-gnu/gconv/gconv-modules.cache
7ff656e28000-7ff656ee5000 rw-p 00000000 00:00 0 
7ff656ee5000-7ff656ee9000 ---p 00000000 00:00 0 
7ff656ee9000-7ff656fe8000 rw-p 00000000 00:00 0 
7ff656feb000-7ff656ff1000 rw-p 00000000 00:00 0 
7ff656ff1000-7ff656ff8000 ---p 00000000 00:00 0 
7ff656ff8000-7ff657000000 rw-s 00000000 08:0a 131647                     /tmp/hsperfdata_poorlemon/17197
7ff657000000-7ff657001000 ---p 00000000 00:00 0 
7ff657001000-7ff657002000 r--p 00000000 00:00 0 
7ff657002000-7ff657004000 rw-p 00000000 00:00 0 
7ff657004000-7ff657005000 r--p 00027000 08:0a 136711                     /lib/x86_64-linux-gnu/ld-2.27.so
7ff657005000-7ff657006000 rw-p 00028000 08:0a 136711                     /lib/x86_64-linux-gnu/ld-2.27.so
7ff657006000-7ff657007000 rw-p 00000000 00:00 0 
7ffdc32e0000-7ffdc3301000 rw-p 00000000 00:00 0                          [stack]
7ffdc3373000-7ffdc3376000 r--p 00000000 00:00 0                          [vvar]
7ffdc3376000-7ffdc3378000 r-xp 00000000 00:00 0                          [vdso]
ffffffffff600000-ffffffffff601000 r-xp 00000000 00:00 0                  [vsyscall]


VM Arguments:
jvm_args: -agentlib:jdwp=transport=dt_socket,suspend=y,address=localhost:45211 -javaagent:/home/poorlemon/SoftWare/eclipse/configuration/org.eclipse.osgi/216/0/.cp/lib/javaagent-shaded.jar -Dfile.encoding=UTF-8 
java_command: com.huawei.Test
java_class_path (initial): /home/poorlemon/Work/HuaWei/SDK/SDK_java/code/CodeCraft-2019/bin:/home/poorlemon/Work/HuaWei/SDK/SDK_java/code/CodeCraft-2019/lib/commons-logging-1.2.jar:/home/poorlemon/Work/HuaWei/SDK/SDK_java/code/CodeCraft-2019/lib/log4j-1.2.17.jar
Launcher Type: SUN_STANDARD

Logging:
Log output configuration:
#0: stdout all=warning uptime,level,tags
#1: stderr all=off uptime,level,tags

Environment Variables:
JAVA_HOME=/usr/lib/jvm/java-8-openjdk-amd64
JRE_HOME=/usr/java/jdk1.8.0_191/jre
CLASSPATH=.:/usr/java/jdk1.8.0_191/lib:/usr/java/jdk1.8.0_191/jre/lib:
PATH=/home/poorlemon/.local/bin:/usr/local/sbt/sbt/:/usr/local/spark/bin:/usr/local/sbin:/usr/local/bin:/usr/sbin:/usr/bin:/sbin:/bin:/usr/games:/usr/local/games:/usr/java/jdk1.8.0_191/bin:/usr/java/jdk1.8.0_191/jre/bin:/snap/bin
USERNAME=poorlemon
SHELL=/bin/bash
DISPLAY=:0

Signal Handlers:
SIGSEGV: [libjvm.so+0xd28b70], sa_mask[0]=11111111011111111101111111111110, sa_flags=SA_RESTART|SA_SIGINFO
SIGBUS: [libjvm.so+0xd28b70], sa_mask[0]=11111111011111111101111111111110, sa_flags=SA_RESTART|SA_SIGINFO
SIGFPE: [libjvm.so+0xd28b70], sa_mask[0]=11111111011111111101111111111110, sa_flags=SA_RESTART|SA_SIGINFO
SIGPIPE: [libjvm.so+0xb2a1f0], sa_mask[0]=11111111011111111101111111111110, sa_flags=SA_RESTART|SA_SIGINFO
SIGXFSZ: [libjvm.so+0xb2a1f0], sa_mask[0]=11111111011111111101111111111110, sa_flags=SA_RESTART|SA_SIGINFO
SIGILL: [libjvm.so+0xd28b70], sa_mask[0]=11111111011111111101111111111110, sa_flags=SA_RESTART|SA_SIGINFO
SIGUSR2: [libjvm.so+0xb2a030], sa_mask[0]=00100000000000000000000000000000, sa_flags=SA_RESTART|SA_SIGINFO
SIGHUP: [libjvm.so+0xb2a180], sa_mask[0]=11111111011111111101111111111110, sa_flags=SA_RESTART|SA_SIGINFO
SIGINT: [libjvm.so+0xb2a180], sa_mask[0]=11111111011111111101111111111110, sa_flags=SA_RESTART|SA_SIGINFO
SIGTERM: [libjvm.so+0xb2a180], sa_mask[0]=11111111011111111101111111111110, sa_flags=SA_RESTART|SA_SIGINFO
SIGQUIT: [libjvm.so+0xb2a180], sa_mask[0]=11111111011111111101111111111110, sa_flags=SA_RESTART|SA_SIGINFO


---------------  S Y S T E M  ---------------

OS:DISTRIB_ID=Ubuntu
DISTRIB_RELEASE=18.04
DISTRIB_CODENAME=bionic
DISTRIB_DESCRIPTION="Ubuntu 18.04.1 LTS"
uname:Linux 4.15.0-46-generic #49-Ubuntu SMP Wed Feb 6 09:33:07 UTC 2019 x86_64
libc:glibc 2.27 NPTL 2.27 
rlimit: STACK 8192k, CORE 0k, NPROC 30913, NOFILE 1048576, AS infinity, DATA infinity, FSIZE infinity
load average:1.32 0.94 0.96

/proc/meminfo:
MemTotal:        8024260 kB
MemFree:         1250144 kB
MemAvailable:    3757488 kB
Buffers:          351356 kB
Cached:          2929476 kB
SwapCached:            0 kB
Active:          3912504 kB
Inactive:        2313040 kB
Active(anon):    2904648 kB
Inactive(anon):   839780 kB
Active(file):    1007856 kB
Inactive(file):  1473260 kB
Unevictable:          80 kB
Mlocked:              80 kB
SwapTotal:       8000508 kB
SwapFree:        8000508 kB
Dirty:               276 kB
Writeback:             0 kB
AnonPages:       2944840 kB
Mapped:           903716 kB
Shmem:            841112 kB
Slab:             399800 kB
SReclaimable:     335044 kB
SUnreclaim:        64756 kB
KernelStack:       16768 kB
PageTables:        66560 kB
NFS_Unstable:          0 kB
Bounce:                0 kB
WritebackTmp:          0 kB
CommitLimit:    12012636 kB
Committed_AS:    9918968 kB
VmallocTotal:   34359738367 kB
VmallocUsed:           0 kB
VmallocChunk:          0 kB
HardwareCorrupted:     0 kB
AnonHugePages:         0 kB
ShmemHugePages:        0 kB
ShmemPmdMapped:        0 kB
CmaTotal:              0 kB
CmaFree:               0 kB
HugePages_Total:       0
HugePages_Free:        0
HugePages_Rsvd:        0
HugePages_Surp:        0
Hugepagesize:       2048 kB
DirectMap4k:      175776 kB
DirectMap2M:     5971968 kB
DirectMap1G:     2097152 kB

container (cgroup) information:
container_type: cgroupv1
cpu_cpuset_cpus: 0-5
cpu_memory_nodes: 0
active_processor_count: 6
cpu_quota: -1
cpu_period: 100000
cpu_shares: -1
memory_limit_in_bytes: -1
memory_and_swap_limit_in_bytes: -2
memory_soft_limit_in_bytes: -1
memory_usage_in_bytes: 6375800832
memory_max_usage_in_bytes: 0


CPU:total 6 (initial active 6) (6 cores per cpu, 1 threads per core) family 6 model 158 stepping 10, cmov, cx8, fxsr, mmx, sse, sse2, sse3, ssse3, sse4.1, sse4.2, popcnt, avx, avx2, aes, clmul, erms, rtm, 3dnowpref, lzcnt, tsc, tscinvbit, bmi1, bmi2, adx, fma
CPU Model and flags from /proc/cpuinfo:
model name	: Intel(R) Core(TM) i5-8500 CPU @ 3.00GHz
flags		: fpu vme de pse tsc msr pae mce cx8 apic sep mtrr pge mca cmov pat pse36 clflush dts acpi mmx fxsr sse sse2 ss ht tm pbe syscall nx pdpe1gb rdtscp lm constant_tsc art arch_perfmon pebs bts rep_good nopl xtopology nonstop_tsc cpuid aperfmperf tsc_known_freq pni pclmulqdq dtes64 monitor ds_cpl vmx smx est tm2 ssse3 sdbg fma cx16 xtpr pdcm pcid sse4_1 sse4_2 x2apic movbe popcnt tsc_deadline_timer aes xsave avx f16c rdrand lahf_lm abm 3dnowprefetch cpuid_fault epb invpcid_single pti ssbd ibrs ibpb stibp tpr_shadow vnmi flexpriority ept vpid fsgsbase tsc_adjust bmi1 hle avx2 smep bmi2 erms invpcid rtm mpx rdseed adx smap clflushopt intel_pt xsaveopt xsavec xgetbv1 xsaves dtherm ida arat pln pts hwp hwp_notify hwp_act_window hwp_epp flush_l1d

Memory: 4k page, physical 8024260k(1249648k free), swap 8000508k(8000508k free)

vm_info: OpenJDK 64-Bit Server VM (10.0.2+13-Ubuntu-1ubuntu0.18.04.4) for linux-amd64 JRE (10.0.2+13-Ubuntu-1ubuntu0.18.04.4), built on Nov 13 2018 12:53:39 by "buildd" with gcc 7.3.0

END.
