#
# A fatal error has been detected by the Java Runtime Environment:
#
#  Internal Error (generateOopMap.cpp:2162), pid=11885, tid=11910
#  fatal error: Illegal class file encountered. Try running with -Xverify:all in method mightPassCross
#
# JRE version: OpenJDK Runtime Environment (10.0.2+13) (build 10.0.2+13-Ubuntu-1ubuntu0.18.04.4)
# Java VM: OpenJDK 64-Bit Server VM (10.0.2+13-Ubuntu-1ubuntu0.18.04.4, mixed mode, tiered, compressed oops, g1 gc, linux-amd64)
# Core dump will be written. Default location: Core dumps may be processed with "/usr/share/apport/apport %p %s %c %d %P" (or dumping to /home/poorlemon/Work/HuaWei/SDK/SDK_java/code/CodeCraft-2019/core.11885)
#
# If you would like to submit a bug report, please visit:
#   http://bugreport.java.com/bugreport/crash.jsp
#

---------------  S U M M A R Y ------------

Command Line: -agentlib:jdwp=transport=dt_socket,suspend=y,address=localhost:42601 -javaagent:/home/poorlemon/SoftWare/eclipse/configuration/org.eclipse.osgi/216/0/.cp/lib/javaagent-shaded.jar -Dfile.encoding=UTF-8 com.huawei.Test

Host: Intel(R) Core(TM) i5-8500 CPU @ 3.00GHz, 6 cores, 7G, Ubuntu 18.04.1 LTS
Time: Sat Mar 16 11:14:55 2019 CST elapsed time: 472 seconds (0d 0h 7m 52s)

---------------  T H R E A D  ---------------

Current thread (0x00007fa0cc159800):  VMThread "VM Thread" [stack: 0x00007fa0b007b000,0x00007fa0b017b000] [id=11910]

Stack: [0x00007fa0b007b000,0x00007fa0b017b000],  sp=0x00007fa0b0178eb0,  free space=1015k
Native frames: (J=compiled Java code, A=aot compiled Java code, j=interpreted, Vv=VM code, C=native code)
V  [libjvm.so+0xd27ea4]
V  [libjvm.so+0xd28a0f]
V  [libjvm.so+0x64d328]
V  [libjvm.so+0x7a72e5]
V  [libjvm.so+0x7a73bb]
V  [libjvm.so+0x7a9e17]
V  [libjvm.so+0x7abf44]
V  [libjvm.so+0x7aea0d]
V  [libjvm.so+0x7aedb9]
V  [libjvm.so+0xb1f14a]
V  [libjvm.so+0xb1f7d1]
V  [libjvm.so+0xabde16]
V  [libjvm.so+0x95085c]
V  [libjvm.so+0xd38871]
V  [libjvm.so+0xd35b3b]
V  [libjvm.so+0xd3715e]
V  [libjvm.so+0xd37588]
V  [libjvm.so+0xb33d40]

VM_Operation (0x00007fa06e6239d0): GetOrSetLocal, mode: safepoint, requested by thread 0x00007fa0cc20a000


---------------  P R O C E S S  ---------------

Threads class SMR info:
_java_thread_list=0x00007fa0cc2f1c00, length=13, elements={
0x00007fa0cc013000, 0x00007fa0cc163800, 0x00007fa0cc165800, 0x00007fa0cc178000,
0x00007fa0cc17a000, 0x00007fa0cc17c000, 0x00007fa0cc17e000, 0x00007fa0cc180000,
0x00007fa0cc20a000, 0x00007fa0cc20d800, 0x00007fa048001800, 0x00007fa0cc224800,
0x00007fa0cc2f6000
}

Java Threads: ( => current thread )
  0x00007fa0cc013000 JavaThread "main" [_thread_blocked, id=11893, stack(0x00007fa0d5001000,0x00007fa0d5102000)]
  0x00007fa0cc163800 JavaThread "Reference Handler" daemon [_thread_blocked, id=11911, stack(0x00007fa09805f000,0x00007fa098160000)]
  0x00007fa0cc165800 JavaThread "Finalizer" daemon [_thread_blocked, id=11912, stack(0x00007fa06f6ff000,0x00007fa06f800000)]
  0x00007fa0cc178000 JavaThread "Signal Dispatcher" daemon [_thread_blocked, id=11913, stack(0x00007fa06ec2f000,0x00007fa06ed30000)]
  0x00007fa0cc17a000 JavaThread "C2 CompilerThread0" daemon [_thread_blocked, id=11914, stack(0x00007fa06eb2e000,0x00007fa06ec2f000)]
  0x00007fa0cc17c000 JavaThread "C2 CompilerThread1" daemon [_thread_blocked, id=11915, stack(0x00007fa06ea2d000,0x00007fa06eb2e000)]
  0x00007fa0cc17e000 JavaThread "C1 CompilerThread2" daemon [_thread_blocked, id=11916, stack(0x00007fa06e92c000,0x00007fa06ea2d000)]
  0x00007fa0cc180000 JavaThread "Sweeper thread" daemon [_thread_blocked, id=11917, stack(0x00007fa06e82b000,0x00007fa06e92c000)]
  0x00007fa0cc20a000 JavaThread "JDWP Transport Listener: dt_socket" daemon [_thread_blocked, id=11919, stack(0x00007fa06e524000,0x00007fa06e625000)] _threads_hazard_ptr=0x00007fa0cc2f1c00
  0x00007fa0cc20d800 JavaThread "JDWP Event Helper Thread" daemon [_thread_blocked, id=11921, stack(0x00007fa06e423000,0x00007fa06e524000)]
  0x00007fa048001800 JavaThread "JDWP Command Reader" daemon [_thread_in_native, id=11922, stack(0x00007fa06e322000,0x00007fa06e423000)]
  0x00007fa0cc224800 JavaThread "Common-Cleaner" daemon [_thread_blocked, id=11926, stack(0x00007fa06e221000,0x00007fa06e322000)]
  0x00007fa0cc2f6000 JavaThread "Service Thread" daemon [_thread_blocked, id=11927, stack(0x00007fa06dcf6000,0x00007fa06ddf7000)]

Other Threads:
=>0x00007fa0cc159800 VMThread "VM Thread" [stack: 0x00007fa0b007b000,0x00007fa0b017b000] [id=11910]
  0x00007fa0cc2f8000 WatcherThread [stack: 0x00007fa06dbf6000,0x00007fa06dcf6000] [id=11928]
  0x00007fa0cc02a000 GCTaskThread "GC Thread#0" [stack: 0x00007fa0d0ce3000,0x00007fa0d0de3000] [id=11894]
  0x00007fa0cc02b800 GCTaskThread "GC Thread#1" [stack: 0x00007fa0d0be1000,0x00007fa0d0ce1000] [id=11895]
  0x00007fa0cc02d000 GCTaskThread "GC Thread#2" [stack: 0x00007fa0d0adf000,0x00007fa0d0bdf000] [id=11896]
  0x00007fa0cc02e800 GCTaskThread "GC Thread#3" [stack: 0x00007fa0d09dd000,0x00007fa0d0add000] [id=11897]
  0x00007fa0cc030800 GCTaskThread "GC Thread#4" [stack: 0x00007fa0d08db000,0x00007fa0d09db000] [id=11898]
  0x00007fa0cc032000 GCTaskThread "GC Thread#5" [stack: 0x00007fa0d07d9000,0x00007fa0d08d9000] [id=11899]
  0x00007fa0cc05b800 ConcurrentGCThread "G1 Main Marker" [stack: 0x00007fa0d00d1000,0x00007fa0d01d1000] [id=11900]
  0x00007fa0cc05d000 ConcurrentGCThread "G1 Conc#0" [stack: 0x00007fa0b1009000,0x00007fa0b1109000] [id=11901]
  0x00007fa0cc05f000 ConcurrentGCThread "G1 Conc#1" [stack: 0x00007fa0b0f07000,0x00007fa0b1007000] [id=11902]
  0x00007fa0cc0c7000 ConcurrentGCThread "G1 Refine#0" [stack: 0x00007fa0b07ff000,0x00007fa0b08ff000] [id=11903]
  0x00007fa0cc0c8800 ConcurrentGCThread "G1 Refine#1" [stack: 0x00007fa0b06fd000,0x00007fa0b07fd000] [id=11904]
  0x00007fa0cc0ca800 ConcurrentGCThread "G1 Refine#2" [stack: 0x00007fa0b05fb000,0x00007fa0b06fb000] [id=11905]
  0x00007fa0cc0cc000 ConcurrentGCThread "G1 Refine#3" [stack: 0x00007fa0b04f9000,0x00007fa0b05f9000] [id=11906]
  0x00007fa0cc0ce000 ConcurrentGCThread "G1 Refine#4" [stack: 0x00007fa0b03f7000,0x00007fa0b04f7000] [id=11907]
  0x00007fa0cc0cf800 ConcurrentGCThread "G1 Refine#5" [stack: 0x00007fa0b02f5000,0x00007fa0b03f5000] [id=11908]
  0x00007fa0cc0d1800 ConcurrentGCThread "G1 Young RemSet Sampling" [stack: 0x00007fa0b01f3000,0x00007fa0b02f3000] [id=11909]

Threads with active compile tasks:
C2 CompilerThread1 911       4       org.eclipse.jdt.launching.internal.org.objectweb.asm.SymbolTable::put (150 bytes)

VM state:at safepoint (normal execution)

VM Mutex/Monitor currently owned by a thread:  ([mutex/lock_event])
[0x00007fa0cc00f4f0] Threads_lock - owner thread: 0x00007fa0cc159800

Heap address: 0x0000000085800000, size: 1960 MB, Compressed Oops mode: 32-bit
Narrow klass base: 0x0000000000000000, Narrow klass shift: 3
Compressed class space size: 1073741824 Address: 0x0000000100000000

Heap:
 garbage-first heap   total 126976K, used 20278K [0x0000000085800000, 0x0000000100000000)
  region size 1024K, 21 young (21504K), 2 survivors (2048K)
 Metaspace       used 9945K, capacity 10085K, committed 10368K, reserved 1058816K
  class space    used 805K, capacity 848K, committed 896K, reserved 1048576K
Heap Regions: E=young(eden), S=young(survivor), O=old, HS=humongous(starts), HC=humongous(continues), CS=collection set, F=free, A=archive, TS=gc time stamp, AC=allocation context, TAMS=top-at-mark-start (previous, next)
|   0|0x0000000085800000, 0x0000000085800000, 0x0000000085900000|  0%| F|  |TS  0|AC  0|TAMS 0x0000000085800000, 0x0000000085800000|
|   1|0x0000000085900000, 0x0000000085900000, 0x0000000085a00000|  0%| F|  |TS  0|AC  0|TAMS 0x0000000085900000, 0x0000000085900000|
|   2|0x0000000085a00000, 0x0000000085a00000, 0x0000000085b00000|  0%| F|  |TS  0|AC  0|TAMS 0x0000000085a00000, 0x0000000085a00000|
|   3|0x0000000085b00000, 0x0000000085b00000, 0x0000000085c00000|  0%| F|  |TS  0|AC  0|TAMS 0x0000000085b00000, 0x0000000085b00000|
|   4|0x0000000085c00000, 0x0000000085c00000, 0x0000000085d00000|  0%| F|  |TS  0|AC  0|TAMS 0x0000000085c00000, 0x0000000085c00000|
|   5|0x0000000085d00000, 0x0000000085d00000, 0x0000000085e00000|  0%| F|  |TS  0|AC  0|TAMS 0x0000000085d00000, 0x0000000085d00000|
|   6|0x0000000085e00000, 0x0000000085e00000, 0x0000000085f00000|  0%| F|  |TS  0|AC  0|TAMS 0x0000000085e00000, 0x0000000085e00000|
|   7|0x0000000085f00000, 0x0000000085f00000, 0x0000000086000000|  0%| F|  |TS  0|AC  0|TAMS 0x0000000085f00000, 0x0000000085f00000|
|   8|0x0000000086000000, 0x0000000086000000, 0x0000000086100000|  0%| F|  |TS  0|AC  0|TAMS 0x0000000086000000, 0x0000000086000000|
|   9|0x0000000086100000, 0x0000000086100000, 0x0000000086200000|  0%| F|  |TS  0|AC  0|TAMS 0x0000000086100000, 0x0000000086100000|
|  10|0x0000000086200000, 0x0000000086200000, 0x0000000086300000|  0%| F|  |TS  0|AC  0|TAMS 0x0000000086200000, 0x0000000086200000|
|  11|0x0000000086300000, 0x0000000086300000, 0x0000000086400000|  0%| F|  |TS  0|AC  0|TAMS 0x0000000086300000, 0x0000000086300000|
|  12|0x0000000086400000, 0x0000000086400000, 0x0000000086500000|  0%| F|  |TS  0|AC  0|TAMS 0x0000000086400000, 0x0000000086400000|
|  13|0x0000000086500000, 0x0000000086500000, 0x0000000086600000|  0%| F|  |TS  0|AC  0|TAMS 0x0000000086500000, 0x0000000086500000|
|  14|0x0000000086600000, 0x0000000086600000, 0x0000000086700000|  0%| F|  |TS  0|AC  0|TAMS 0x0000000086600000, 0x0000000086600000|
|  15|0x0000000086700000, 0x0000000086700000, 0x0000000086800000|  0%| F|  |TS  0|AC  0|TAMS 0x0000000086700000, 0x0000000086700000|
|  16|0x0000000086800000, 0x0000000086800000, 0x0000000086900000|  0%| F|  |TS  0|AC  0|TAMS 0x0000000086800000, 0x0000000086800000|
|  17|0x0000000086900000, 0x0000000086900000, 0x0000000086a00000|  0%| F|  |TS  0|AC  0|TAMS 0x0000000086900000, 0x0000000086900000|
|  18|0x0000000086a00000, 0x0000000086a00000, 0x0000000086b00000|  0%| F|  |TS  0|AC  0|TAMS 0x0000000086a00000, 0x0000000086a00000|
|  19|0x0000000086b00000, 0x0000000086b00000, 0x0000000086c00000|  0%| F|  |TS  0|AC  0|TAMS 0x0000000086b00000, 0x0000000086b00000|
|  20|0x0000000086c00000, 0x0000000086c00000, 0x0000000086d00000|  0%| F|  |TS  0|AC  0|TAMS 0x0000000086c00000, 0x0000000086c00000|
|  21|0x0000000086d00000, 0x0000000086d00000, 0x0000000086e00000|  0%| F|  |TS  0|AC  0|TAMS 0x0000000086d00000, 0x0000000086d00000|
|  22|0x0000000086e00000, 0x0000000086e00000, 0x0000000086f00000|  0%| F|  |TS  0|AC  0|TAMS 0x0000000086e00000, 0x0000000086e00000|
|  23|0x0000000086f00000, 0x0000000086f00000, 0x0000000087000000|  0%| F|  |TS  0|AC  0|TAMS 0x0000000086f00000, 0x0000000086f00000|
|  24|0x0000000087000000, 0x0000000087000000, 0x0000000087100000|  0%| F|  |TS  0|AC  0|TAMS 0x0000000087000000, 0x0000000087000000|
|  25|0x0000000087100000, 0x0000000087100000, 0x0000000087200000|  0%| F|  |TS  0|AC  0|TAMS 0x0000000087100000, 0x0000000087100000|
|  26|0x0000000087200000, 0x0000000087200000, 0x0000000087300000|  0%| F|  |TS  0|AC  0|TAMS 0x0000000087200000, 0x0000000087200000|
|  27|0x0000000087300000, 0x0000000087300000, 0x0000000087400000|  0%| F|  |TS  0|AC  0|TAMS 0x0000000087300000, 0x0000000087300000|
|  28|0x0000000087400000, 0x0000000087400000, 0x0000000087500000|  0%| F|  |TS  0|AC  0|TAMS 0x0000000087400000, 0x0000000087400000|
|  29|0x0000000087500000, 0x0000000087500000, 0x0000000087600000|  0%| F|  |TS  0|AC  0|TAMS 0x0000000087500000, 0x0000000087500000|
|  30|0x0000000087600000, 0x0000000087600000, 0x0000000087700000|  0%| F|  |TS  0|AC  0|TAMS 0x0000000087600000, 0x0000000087600000|
|  31|0x0000000087700000, 0x0000000087700000, 0x0000000087800000|  0%| F|  |TS  0|AC  0|TAMS 0x0000000087700000, 0x0000000087700000|
|  32|0x0000000087800000, 0x0000000087800000, 0x0000000087900000|  0%| F|  |TS  0|AC  0|TAMS 0x0000000087800000, 0x0000000087800000|
|  33|0x0000000087900000, 0x0000000087900000, 0x0000000087a00000|  0%| F|  |TS  0|AC  0|TAMS 0x0000000087900000, 0x0000000087900000|
|  34|0x0000000087a00000, 0x0000000087a00000, 0x0000000087b00000|  0%| F|  |TS  0|AC  0|TAMS 0x0000000087a00000, 0x0000000087a00000|
|  35|0x0000000087b00000, 0x0000000087b00000, 0x0000000087c00000|  0%| F|  |TS  0|AC  0|TAMS 0x0000000087b00000, 0x0000000087b00000|
|  36|0x0000000087c00000, 0x0000000087c00000, 0x0000000087d00000|  0%| F|  |TS  0|AC  0|TAMS 0x0000000087c00000, 0x0000000087c00000|
|  37|0x0000000087d00000, 0x0000000087d00000, 0x0000000087e00000|  0%| F|  |TS  0|AC  0|TAMS 0x0000000087d00000, 0x0000000087d00000|
|  38|0x0000000087e00000, 0x0000000087e00000, 0x0000000087f00000|  0%| F|  |TS  0|AC  0|TAMS 0x0000000087e00000, 0x0000000087e00000|
|  39|0x0000000087f00000, 0x0000000087f00000, 0x0000000088000000|  0%| F|  |TS  0|AC  0|TAMS 0x0000000087f00000, 0x0000000087f00000|
|  40|0x0000000088000000, 0x0000000088000000, 0x0000000088100000|  0%| F|  |TS  0|AC  0|TAMS 0x0000000088000000, 0x0000000088000000|
|  41|0x0000000088100000, 0x0000000088100000, 0x0000000088200000|  0%| F|  |TS  0|AC  0|TAMS 0x0000000088100000, 0x0000000088100000|
|  42|0x0000000088200000, 0x0000000088200000, 0x0000000088300000|  0%| F|  |TS  0|AC  0|TAMS 0x0000000088200000, 0x0000000088200000|
|  43|0x0000000088300000, 0x0000000088300000, 0x0000000088400000|  0%| F|  |TS  0|AC  0|TAMS 0x0000000088300000, 0x0000000088300000|
|  44|0x0000000088400000, 0x0000000088400000, 0x0000000088500000|  0%| F|  |TS  0|AC  0|TAMS 0x0000000088400000, 0x0000000088400000|
|  45|0x0000000088500000, 0x0000000088500000, 0x0000000088600000|  0%| F|  |TS  0|AC  0|TAMS 0x0000000088500000, 0x0000000088500000|
|  46|0x0000000088600000, 0x0000000088600000, 0x0000000088700000|  0%| F|  |TS  0|AC  0|TAMS 0x0000000088600000, 0x0000000088600000|
|  47|0x0000000088700000, 0x0000000088700000, 0x0000000088800000|  0%| F|  |TS  0|AC  0|TAMS 0x0000000088700000, 0x0000000088700000|
|  48|0x0000000088800000, 0x0000000088800000, 0x0000000088900000|  0%| F|  |TS  0|AC  0|TAMS 0x0000000088800000, 0x0000000088800000|
|  49|0x0000000088900000, 0x0000000088900000, 0x0000000088a00000|  0%| F|  |TS  0|AC  0|TAMS 0x0000000088900000, 0x0000000088900000|
|  50|0x0000000088a00000, 0x0000000088a00000, 0x0000000088b00000|  0%| F|  |TS  0|AC  0|TAMS 0x0000000088a00000, 0x0000000088a00000|
|  51|0x0000000088b00000, 0x0000000088b00000, 0x0000000088c00000|  0%| F|  |TS  0|AC  0|TAMS 0x0000000088b00000, 0x0000000088b00000|
|  52|0x0000000088c00000, 0x0000000088c00000, 0x0000000088d00000|  0%| F|  |TS  0|AC  0|TAMS 0x0000000088c00000, 0x0000000088c00000|
|  53|0x0000000088d00000, 0x0000000088d00000, 0x0000000088e00000|  0%| F|  |TS  0|AC  0|TAMS 0x0000000088d00000, 0x0000000088d00000|
|  54|0x0000000088e00000, 0x0000000088e00000, 0x0000000088f00000|  0%| F|  |TS  0|AC  0|TAMS 0x0000000088e00000, 0x0000000088e00000|
|  55|0x0000000088f00000, 0x0000000088f00000, 0x0000000089000000|  0%| F|  |TS  0|AC  0|TAMS 0x0000000088f00000, 0x0000000088f00000|
|  56|0x0000000089000000, 0x0000000089000000, 0x0000000089100000|  0%| F|  |TS  0|AC  0|TAMS 0x0000000089000000, 0x0000000089000000|
|  57|0x0000000089100000, 0x0000000089100000, 0x0000000089200000|  0%| F|  |TS  0|AC  0|TAMS 0x0000000089100000, 0x0000000089100000|
|  58|0x0000000089200000, 0x0000000089200000, 0x0000000089300000|  0%| F|  |TS  0|AC  0|TAMS 0x0000000089200000, 0x0000000089200000|
|  59|0x0000000089300000, 0x0000000089300000, 0x0000000089400000|  0%| F|  |TS  0|AC  0|TAMS 0x0000000089300000, 0x0000000089300000|
|  60|0x0000000089400000, 0x0000000089400000, 0x0000000089500000|  0%| F|  |TS  0|AC  0|TAMS 0x0000000089400000, 0x0000000089400000|
|  61|0x0000000089500000, 0x0000000089500000, 0x0000000089600000|  0%| F|  |TS  0|AC  0|TAMS 0x0000000089500000, 0x0000000089500000|
|  62|0x0000000089600000, 0x0000000089600000, 0x0000000089700000|  0%| F|  |TS  0|AC  0|TAMS 0x0000000089600000, 0x0000000089600000|
|  63|0x0000000089700000, 0x0000000089700000, 0x0000000089800000|  0%| F|  |TS  0|AC  0|TAMS 0x0000000089700000, 0x0000000089700000|
|  64|0x0000000089800000, 0x0000000089800000, 0x0000000089900000|  0%| F|  |TS  0|AC  0|TAMS 0x0000000089800000, 0x0000000089800000|
|  65|0x0000000089900000, 0x0000000089900000, 0x0000000089a00000|  0%| F|  |TS  0|AC  0|TAMS 0x0000000089900000, 0x0000000089900000|
|  66|0x0000000089a00000, 0x0000000089a00000, 0x0000000089b00000|  0%| F|  |TS  0|AC  0|TAMS 0x0000000089a00000, 0x0000000089a00000|
|  67|0x0000000089b00000, 0x0000000089b00000, 0x0000000089c00000|  0%| F|  |TS  0|AC  0|TAMS 0x0000000089b00000, 0x0000000089b00000|
|  68|0x0000000089c00000, 0x0000000089c00000, 0x0000000089d00000|  0%| F|  |TS  0|AC  0|TAMS 0x0000000089c00000, 0x0000000089c00000|
|  69|0x0000000089d00000, 0x0000000089d00000, 0x0000000089e00000|  0%| F|  |TS  0|AC  0|TAMS 0x0000000089d00000, 0x0000000089d00000|
|  70|0x0000000089e00000, 0x0000000089e00000, 0x0000000089f00000|  0%| F|  |TS  0|AC  0|TAMS 0x0000000089e00000, 0x0000000089e00000|
|  71|0x0000000089f00000, 0x0000000089f00000, 0x000000008a000000|  0%| F|  |TS  0|AC  0|TAMS 0x0000000089f00000, 0x0000000089f00000|
|  72|0x000000008a000000, 0x000000008a000000, 0x000000008a100000|  0%| F|  |TS  0|AC  0|TAMS 0x000000008a000000, 0x000000008a000000|
|  73|0x000000008a100000, 0x000000008a100000, 0x000000008a200000|  0%| F|  |TS  0|AC  0|TAMS 0x000000008a100000, 0x000000008a100000|
|  74|0x000000008a200000, 0x000000008a200000, 0x000000008a300000|  0%| F|  |TS  0|AC  0|TAMS 0x000000008a200000, 0x000000008a200000|
|  75|0x000000008a300000, 0x000000008a300000, 0x000000008a400000|  0%| F|  |TS  0|AC  0|TAMS 0x000000008a300000, 0x000000008a300000|
|  76|0x000000008a400000, 0x000000008a400000, 0x000000008a500000|  0%| F|  |TS  0|AC  0|TAMS 0x000000008a400000, 0x000000008a400000|
|  77|0x000000008a500000, 0x000000008a500000, 0x000000008a600000|  0%| F|  |TS  0|AC  0|TAMS 0x000000008a500000, 0x000000008a500000|
|  78|0x000000008a600000, 0x000000008a600000, 0x000000008a700000|  0%| F|  |TS  0|AC  0|TAMS 0x000000008a600000, 0x000000008a600000|
|  79|0x000000008a700000, 0x000000008a700000, 0x000000008a800000|  0%| F|  |TS  0|AC  0|TAMS 0x000000008a700000, 0x000000008a700000|
|  80|0x000000008a800000, 0x000000008a800000, 0x000000008a900000|  0%| F|  |TS  0|AC  0|TAMS 0x000000008a800000, 0x000000008a800000|
|  81|0x000000008a900000, 0x000000008a900000, 0x000000008aa00000|  0%| F|  |TS  0|AC  0|TAMS 0x000000008a900000, 0x000000008a900000|
|  82|0x000000008aa00000, 0x000000008aa00000, 0x000000008ab00000|  0%| F|  |TS  0|AC  0|TAMS 0x000000008aa00000, 0x000000008aa00000|
|  83|0x000000008ab00000, 0x000000008ab00000, 0x000000008ac00000|  0%| F|  |TS  0|AC  0|TAMS 0x000000008ab00000, 0x000000008ab00000|
|  84|0x000000008ac00000, 0x000000008ac00000, 0x000000008ad00000|  0%| F|  |TS  0|AC  0|TAMS 0x000000008ac00000, 0x000000008ac00000|
|  85|0x000000008ad00000, 0x000000008ad00000, 0x000000008ae00000|  0%| F|  |TS  0|AC  0|TAMS 0x000000008ad00000, 0x000000008ad00000|
|  86|0x000000008ae00000, 0x000000008ae00000, 0x000000008af00000|  0%| F|  |TS  0|AC  0|TAMS 0x000000008ae00000, 0x000000008ae00000|
|  87|0x000000008af00000, 0x000000008af00000, 0x000000008b000000|  0%| F|  |TS  0|AC  0|TAMS 0x000000008af00000, 0x000000008af00000|
|  88|0x000000008b000000, 0x000000008b000000, 0x000000008b100000|  0%| F|  |TS  0|AC  0|TAMS 0x000000008b000000, 0x000000008b000000|
|  89|0x000000008b100000, 0x000000008b100000, 0x000000008b200000|  0%| F|  |TS  0|AC  0|TAMS 0x000000008b100000, 0x000000008b100000|
|  90|0x000000008b200000, 0x000000008b200000, 0x000000008b300000|  0%| F|  |TS  0|AC  0|TAMS 0x000000008b200000, 0x000000008b200000|
|  91|0x000000008b300000, 0x000000008b300000, 0x000000008b400000|  0%| F|  |TS  0|AC  0|TAMS 0x000000008b300000, 0x000000008b300000|
|  92|0x000000008b400000, 0x000000008b400000, 0x000000008b500000|  0%| F|  |TS  0|AC  0|TAMS 0x000000008b400000, 0x000000008b400000|
|  93|0x000000008b500000, 0x000000008b500000, 0x000000008b600000|  0%| F|  |TS  0|AC  0|TAMS 0x000000008b500000, 0x000000008b500000|
|  94|0x000000008b600000, 0x000000008b600000, 0x000000008b700000|  0%| F|  |TS  0|AC  0|TAMS 0x000000008b600000, 0x000000008b600000|
|  95|0x000000008b700000, 0x000000008b700000, 0x000000008b800000|  0%| F|  |TS  0|AC  0|TAMS 0x000000008b700000, 0x000000008b700000|
|  96|0x000000008b800000, 0x000000008b800000, 0x000000008b900000|  0%| F|  |TS  0|AC  0|TAMS 0x000000008b800000, 0x000000008b800000|
|  97|0x000000008b900000, 0x000000008b900000, 0x000000008ba00000|  0%| F|  |TS  0|AC  0|TAMS 0x000000008b900000, 0x000000008b900000|
|  98|0x000000008ba00000, 0x000000008ba00000, 0x000000008bb00000|  0%| F|  |TS  0|AC  0|TAMS 0x000000008ba00000, 0x000000008ba00000|
|  99|0x000000008bb00000, 0x000000008bb00000, 0x000000008bc00000|  0%| F|  |TS  0|AC  0|TAMS 0x000000008bb00000, 0x000000008bb00000|
| 100|0x000000008bc00000, 0x000000008bccd920, 0x000000008bd00000| 80%| S|CS|TS  1|AC  0|TAMS 0x000000008bc00000, 0x000000008bc00000|
| 101|0x000000008bd00000, 0x000000008be00000, 0x000000008be00000|100%| S|CS|TS  1|AC  0|TAMS 0x000000008bd00000, 0x000000008bd00000|
| 102|0x000000008be00000, 0x000000008be00000, 0x000000008bf00000|  0%| F|  |TS  1|AC  0|TAMS 0x000000008be00000, 0x000000008be00000|
| 103|0x000000008bf00000, 0x000000008bf00000, 0x000000008c000000|  0%| F|  |TS  1|AC  0|TAMS 0x000000008bf00000, 0x000000008bf00000|
| 104|0x000000008c000000, 0x000000008c000000, 0x000000008c100000|  0%| F|  |TS  1|AC  0|TAMS 0x000000008c000000, 0x000000008c000000|
| 105|0x000000008c100000, 0x000000008c180a78, 0x000000008c200000| 50%| E|  |TS  1|AC  0|TAMS 0x000000008c100000, 0x000000008c100000|
| 106|0x000000008c200000, 0x000000008c300000, 0x000000008c300000|100%| E|CS|TS  1|AC  0|TAMS 0x000000008c200000, 0x000000008c200000|
| 107|0x000000008c300000, 0x000000008c400000, 0x000000008c400000|100%| E|CS|TS  1|AC  0|TAMS 0x000000008c300000, 0x000000008c300000|
| 108|0x000000008c400000, 0x000000008c500000, 0x000000008c500000|100%| E|CS|TS  1|AC  0|TAMS 0x000000008c400000, 0x000000008c400000|
| 109|0x000000008c500000, 0x000000008c600000, 0x000000008c600000|100%| E|CS|TS  1|AC  0|TAMS 0x000000008c500000, 0x000000008c500000|
| 110|0x000000008c600000, 0x000000008c700000, 0x000000008c700000|100%| E|CS|TS  1|AC  0|TAMS 0x000000008c600000, 0x000000008c600000|
| 111|0x000000008c700000, 0x000000008c800000, 0x000000008c800000|100%| E|CS|TS  1|AC  0|TAMS 0x000000008c700000, 0x000000008c700000|
| 112|0x000000008c800000, 0x000000008c900000, 0x000000008c900000|100%| E|CS|TS  1|AC  0|TAMS 0x000000008c800000, 0x000000008c800000|
| 113|0x000000008c900000, 0x000000008ca00000, 0x000000008ca00000|100%| E|CS|TS  1|AC  0|TAMS 0x000000008c900000, 0x000000008c900000|
| 114|0x000000008ca00000, 0x000000008cb00000, 0x000000008cb00000|100%| E|CS|TS  1|AC  0|TAMS 0x000000008ca00000, 0x000000008ca00000|
| 115|0x000000008cb00000, 0x000000008cc00000, 0x000000008cc00000|100%| E|CS|TS  1|AC  0|TAMS 0x000000008cb00000, 0x000000008cb00000|
| 116|0x000000008cc00000, 0x000000008cd00000, 0x000000008cd00000|100%| E|CS|TS  1|AC  0|TAMS 0x000000008cc00000, 0x000000008cc00000|
| 117|0x000000008cd00000, 0x000000008ce00000, 0x000000008ce00000|100%| E|CS|TS  1|AC  0|TAMS 0x000000008cd00000, 0x000000008cd00000|
| 118|0x000000008ce00000, 0x000000008cf00000, 0x000000008cf00000|100%| E|CS|TS  1|AC  0|TAMS 0x000000008ce00000, 0x000000008ce00000|
| 119|0x000000008cf00000, 0x000000008d000000, 0x000000008d000000|100%| E|CS|TS  1|AC  0|TAMS 0x000000008cf00000, 0x000000008cf00000|
| 120|0x000000008d000000, 0x000000008d100000, 0x000000008d100000|100%| E|CS|TS  1|AC  0|TAMS 0x000000008d000000, 0x000000008d000000|
| 121|0x000000008d100000, 0x000000008d200000, 0x000000008d200000|100%| E|CS|TS  1|AC  0|TAMS 0x000000008d100000, 0x000000008d100000|
| 122|0x000000008d200000, 0x000000008d300000, 0x000000008d300000|100%| E|CS|TS  1|AC  0|TAMS 0x000000008d200000, 0x000000008d200000|
| 123|0x000000008d300000, 0x000000008d400000, 0x000000008d400000|100%| E|CS|TS  1|AC  0|TAMS 0x000000008d300000, 0x000000008d300000|

Card table byte_map: [0x00007fa0b337d000,0x00007fa0b3751000] byte_map_base: 0x00007fa0b2f51000

Marking Bits (Prev, Next): (CMBitMap*) 0x00007fa0cc05a8b0, (CMBitMap*) 0x00007fa0cc05a8e8
 Prev Bits: [0x00007fa0b1109000, 0x00007fa0b2fa9000)
 Next Bits: [0x00007fa09a160000, 0x00007fa09c000000)

Polling page: 0x00007fa0d511c000

CodeHeap 'non-profiled nmethods': size=120032Kb used=968Kb max_used=968Kb free=119063Kb
 bounds [0x00007fa0bb5ed000, 0x00007fa0bb85d000, 0x00007fa0c2b25000]
CodeHeap 'profiled nmethods': size=120032Kb used=1367Kb max_used=1690Kb free=118664Kb
 bounds [0x00007fa0b40b5000, 0x00007fa0b4325000, 0x00007fa0bb5ed000]
CodeHeap 'non-nmethods': size=5696Kb used=1111Kb max_used=1304Kb free=4584Kb
 bounds [0x00007fa0b3b25000, 0x00007fa0b3d95000, 0x00007fa0b40b5000]
 total_blobs=1560 nmethods=749 adapters=268
 compilation: enabled

Compilation events (10 events):
Event: 400.334 Thread 0x00007fa0cc17e000 nmethod 905 0x00007fa0b40bde10 code [0x00007fa0b40be020, 0x00007fa0b40be7d0]
Event: 400.337 Thread 0x00007fa0cc17c000 nmethod 902 0x00007fa0bb627b90 code [0x00007fa0bb627da0, 0x00007fa0bb629208]
Event: 400.337 Thread 0x00007fa0cc17c000  903       4       java.lang.String::checkIndex (46 bytes)
Event: 400.337 Thread 0x00007fa0cc17c000 nmethod 903 0x00007fa0bb5ed710 code [0x00007fa0bb5ed8a0, 0x00007fa0bb5ed918]
Event: 401.106 Thread 0x00007fa0cc17a000 nmethod 899 0x00007fa0bb6cc610 code [0x00007fa0bb6cd500, 0x00007fa0bb6e2268]
Event: 472.428 Thread 0x00007fa0cc17c000  909       4       org.eclipse.jdt.launching.internal.org.objectweb.asm.ClassReader::readUTF8 (23 bytes)
Event: 472.428 Thread 0x00007fa0cc17a000  910       4       org.eclipse.jdt.launching.internal.org.objectweb.asm.ClassReader::readClass (7 bytes)
Event: 472.429 Thread 0x00007fa0cc17c000 nmethod 909 0x00007fa0bb5f1b90 code [0x00007fa0bb5f1d40, 0x00007fa0bb5f1ee8]
Event: 472.429 Thread 0x00007fa0cc17c000  911       4       org.eclipse.jdt.launching.internal.org.objectweb.asm.SymbolTable::put (150 bytes)
Event: 472.433 Thread 0x00007fa0cc17a000 nmethod 910 0x00007fa0bb61f410 code [0x00007fa0bb61f5c0, 0x00007fa0bb61f8c8]

GC Heap History (2 events):
Event: 0.355 GC heap before
{Heap before GC invocations=0 (full 0):
 garbage-first heap   total 126976K, used 22528K [0x0000000085800000, 0x0000000100000000)
  region size 1024K, 22 young (22528K), 0 survivors (0K)
 Metaspace       used 9541K, capacity 9605K, committed 9856K, reserved 1058816K
  class space    used 798K, capacity 816K, committed 896K, reserved 1048576K
}
Event: 0.357 GC heap after
{Heap after GC invocations=1 (full 0):
 garbage-first heap   total 126976K, used 1846K [0x0000000085800000, 0x0000000100000000)
  region size 1024K, 2 young (2048K), 2 survivors (2048K)
 Metaspace       used 9541K, capacity 9605K, committed 9856K, reserved 1058816K
  class space    used 798K, capacity 816K, committed 896K, reserved 1048576K
}

Deoptimization events (8 events):
Event: 0.134 Thread 0x00007fa0cc013000 Uncommon trap: reason=unstable_if action=reinterpret pc=0x00007fa0bb5f1f24 method=java.lang.String.hashCode()I @ 14 c2
Event: 0.216 Thread 0x00007fa0cc013000 Uncommon trap: reason=unstable_if action=reinterpret pc=0x00007fa0bb5fd468 method=java.lang.String.isLatin1()Z @ 10 c2
Event: 0.216 Thread 0x00007fa0cc013000 Uncommon trap: reason=unstable_if action=reinterpret pc=0x00007fa0bb5f767c method=java.lang.String.isLatin1()Z @ 10 c2
Event: 0.430 Thread 0x00007fa0cc013000 Uncommon trap: reason=unstable_if action=reinterpret pc=0x00007fa0bb63b610 method=java.lang.String.getChars(II[CI)V @ 23 c2
Event: 0.430 Thread 0x00007fa0cc013000 Uncommon trap: reason=unstable_if action=reinterpret pc=0x00007fa0bb630940 method=sun.nio.cs.UTF_8$Encoder.encodeArrayLoop(Ljava/nio/CharBuffer;Ljava/nio/ByteBuffer;)Ljava/nio/charset/CoderResult; @ 87 c2
Event: 0.542 Thread 0x00007fa0cc013000 Uncommon trap: reason=unstable_if action=reinterpret pc=0x00007fa0bb65f930 method=java.lang.Integer.stringSize(I)I @ 3 c2
Event: 0.542 Thread 0x00007fa0cc013000 Uncommon trap: reason=unstable_if action=reinterpret pc=0x00007fa0bb644384 method=java.lang.Integer.getChars(II[B)I @ 4 c2
Event: 0.542 Thread 0x00007fa0cc013000 Uncommon trap: reason=unstable_if action=reinterpret pc=0x00007fa0bb647aac method=java.lang.Integer.stringSize(I)I @ 3 c2

Classes redefined (7 events):
Event: 76.032 Thread 0x00007fa0cc159800 redefined class name=main.java.com.huawei.unit.Cross, count=1
Event: 102.971 Thread 0x00007fa0cc159800 redefined class name=main.java.com.huawei.system.Simulation, count=1
Event: 273.374 Thread 0x00007fa0cc159800 redefined class name=main.java.com.huawei.system.Simulation, count=2
Event: 348.965 Thread 0x00007fa0cc159800 redefined class name=main.java.com.huawei.system.Simulation, count=3
Event: 371.523 Thread 0x00007fa0cc159800 redefined class name=main.java.com.huawei.system.Simulation, count=4
Event: 400.329 Thread 0x00007fa0cc159800 redefined class name=main.java.com.huawei.system.Simulation, count=5
Event: 472.432 Thread 0x00007fa0cc159800 redefined class name=main.java.com.huawei.system.Simulation, count=6

Internal exceptions (3 events):
Event: 0.273 Thread 0x00007fa0cc013000 Exception <a 'java/lang/NoSuchMethodError'{0x000000008cd690a8}: method resolution failed> (0x000000008cd690a8) thrown at [/build/openjdk-lts-Ae5PRQ/openjdk-lts-10.0.2+13/src/hotspot/share/prims/methodHandles.cpp, line 1226]
Event: 0.276 Thread 0x00007fa0cc013000 Exception <a 'java/lang/NoSuchMethodError'{0x000000008cd85cd8}: java.lang.invoke.DirectMethodHandle$Holder.invokeStatic(Ljava/lang/Object;Ljava/lang/Object;)I> (0x000000008cd85cd8) thrown at [/build/openjdk-lts-Ae5PRQ/openjdk-lts-10.0.2+13/src/hotspot/sha
Event: 0.278 Thread 0x00007fa0cc013000 Exception <a 'java/lang/NoSuchMethodError'{0x000000008cd97000}: java.lang.Object.of([Ljava/lang/Object;)Ljava/util/stream/Stream;> (0x000000008cd97000) thrown at [/build/openjdk-lts-Ae5PRQ/openjdk-lts-10.0.2+13/src/hotspot/share/interpreter/linkResolver.c

Events (10 events):
Event: 472.445 Executing VM operation: GetFrameLocation done
Event: 472.445 Executing VM operation: EnterInterpOnlyMode
Event: 472.445 Executing VM operation: EnterInterpOnlyMode done
Event: 472.445 Executing VM operation: GetCurrentLocation
Event: 472.445 Executing VM operation: GetCurrentLocation done
Event: 472.445 Executing VM operation: ChangeSingleStep
Event: 472.445 Executing VM operation: ChangeSingleStep done
Event: 472.445 Executing VM operation: GetFrameLocation
Event: 472.445 Executing VM operation: GetFrameLocation done
Event: 472.445 Executing VM operation: GetOrSetLocal


Dynamic libraries:
85800000-8d400000 rw-p 00000000 00:00 0 
8d400000-100000000 ---p 00000000 00:00 0 
100000000-1000e0000 rw-p 00000000 00:00 0 
1000e0000-140000000 ---p 00000000 00:00 0 
55ff1aa82000-55ff1aa83000 r-xp 00000000 08:0c 16123179                   /usr/lib/jvm/java-11-openjdk-amd64/bin/java
55ff1ac83000-55ff1ac84000 r--p 00001000 08:0c 16123179                   /usr/lib/jvm/java-11-openjdk-amd64/bin/java
55ff1ac84000-55ff1ac85000 rw-p 00002000 08:0c 16123179                   /usr/lib/jvm/java-11-openjdk-amd64/bin/java
55ff1b8ce000-55ff1b8ef000 rw-p 00000000 00:00 0                          [heap]
7fa024000000-7fa024a47000 rw-p 00000000 00:00 0 
7fa024a47000-7fa028000000 ---p 00000000 00:00 0 
7fa02c000000-7fa02c021000 rw-p 00000000 00:00 0 
7fa02c021000-7fa030000000 ---p 00000000 00:00 0 
7fa030000000-7fa034000000 rw-p 00000000 00:00 0 
7fa034000000-7fa034021000 rw-p 00000000 00:00 0 
7fa034021000-7fa038000000 ---p 00000000 00:00 0 
7fa038000000-7fa038021000 rw-p 00000000 00:00 0 
7fa038021000-7fa03c000000 ---p 00000000 00:00 0 
7fa03c000000-7fa03c021000 rw-p 00000000 00:00 0 
7fa03c021000-7fa040000000 ---p 00000000 00:00 0 
7fa040000000-7fa040021000 rw-p 00000000 00:00 0 
7fa040021000-7fa044000000 ---p 00000000 00:00 0 
7fa044000000-7fa044021000 rw-p 00000000 00:00 0 
7fa044021000-7fa048000000 ---p 00000000 00:00 0 
7fa048000000-7fa048070000 rw-p 00000000 00:00 0 
7fa048070000-7fa04c000000 ---p 00000000 00:00 0 
7fa04c000000-7fa04ffff000 rw-p 00000000 00:00 0 
7fa04ffff000-7fa050000000 ---p 00000000 00:00 0 
7fa050000000-7fa050403000 rw-p 00000000 00:00 0 
7fa050403000-7fa054000000 ---p 00000000 00:00 0 
7fa054000000-7fa054021000 rw-p 00000000 00:00 0 
7fa054021000-7fa058000000 ---p 00000000 00:00 0 
7fa058000000-7fa05bc8a000 rw-p 00000000 00:00 0 
7fa05bc8a000-7fa05c000000 ---p 00000000 00:00 0 
7fa05c000000-7fa05c021000 rw-p 00000000 00:00 0 
7fa05c021000-7fa060000000 ---p 00000000 00:00 0 
7fa060000000-7fa060021000 rw-p 00000000 00:00 0 
7fa060021000-7fa064000000 ---p 00000000 00:00 0 
7fa064000000-7fa0640fd000 rw-p 00000000 00:00 0 
7fa0640fd000-7fa068000000 ---p 00000000 00:00 0 
7fa068000000-7fa068021000 rw-p 00000000 00:00 0 
7fa068021000-7fa06c000000 ---p 00000000 00:00 0 
7fa06d9f4000-7fa06db34000 rw-p 00000000 00:00 0 
7fa06db34000-7fa06dbf4000 ---p 00000000 00:00 0 
7fa06dbf4000-7fa06dbf5000 ---p 00000000 00:00 0 
7fa06dbf5000-7fa06dcf6000 rw-p 00000000 00:00 0 
7fa06dcf6000-7fa06dcfa000 ---p 00000000 00:00 0 
7fa06dcfa000-7fa06ddf7000 rw-p 00000000 00:00 0 
7fa06ddf7000-7fa06de0e000 r-xp 00000000 08:0c 18089975                   /usr/lib/jvm/java-11-openjdk-amd64/lib/libnet.so
7fa06de0e000-7fa06e00d000 ---p 00017000 08:0c 18089975                   /usr/lib/jvm/java-11-openjdk-amd64/lib/libnet.so
7fa06e00d000-7fa06e00e000 r--p 00016000 08:0c 18089975                   /usr/lib/jvm/java-11-openjdk-amd64/lib/libnet.so
7fa06e00e000-7fa06e00f000 rw-p 00017000 08:0c 18089975                   /usr/lib/jvm/java-11-openjdk-amd64/lib/libnet.so
7fa06e00f000-7fa06e020000 r-xp 00000000 08:0c 18089976                   /usr/lib/jvm/java-11-openjdk-amd64/lib/libnio.so
7fa06e020000-7fa06e21f000 ---p 00011000 08:0c 18089976                   /usr/lib/jvm/java-11-openjdk-amd64/lib/libnio.so
7fa06e21f000-7fa06e220000 r--p 00010000 08:0c 18089976                   /usr/lib/jvm/java-11-openjdk-amd64/lib/libnio.so
7fa06e220000-7fa06e221000 rw-p 00011000 08:0c 18089976                   /usr/lib/jvm/java-11-openjdk-amd64/lib/libnio.so
7fa06e221000-7fa06e225000 ---p 00000000 00:00 0 
7fa06e225000-7fa06e322000 rw-p 00000000 00:00 0 
7fa06e322000-7fa06e326000 ---p 00000000 00:00 0 
7fa06e326000-7fa06e423000 rw-p 00000000 00:00 0 
7fa06e423000-7fa06e427000 ---p 00000000 00:00 0 
7fa06e427000-7fa06e524000 rw-p 00000000 00:00 0 
7fa06e524000-7fa06e528000 ---p 00000000 00:00 0 
7fa06e528000-7fa06e625000 rw-p 00000000 00:00 0 
7fa06e625000-7fa06e62a000 r-xp 00000000 08:0c 18089955                   /usr/lib/jvm/java-11-openjdk-amd64/lib/libdt_socket.so
7fa06e62a000-7fa06e829000 ---p 00005000 08:0c 18089955                   /usr/lib/jvm/java-11-openjdk-amd64/lib/libdt_socket.so
7fa06e829000-7fa06e82a000 r--p 00004000 08:0c 18089955                   /usr/lib/jvm/java-11-openjdk-amd64/lib/libdt_socket.so
7fa06e82a000-7fa06e82b000 rw-p 00005000 08:0c 18089955                   /usr/lib/jvm/java-11-openjdk-amd64/lib/libdt_socket.so
7fa06e82b000-7fa06e82f000 ---p 00000000 00:00 0 
7fa06e82f000-7fa06e92c000 rw-p 00000000 00:00 0 
7fa06e92c000-7fa06e930000 ---p 00000000 00:00 0 
7fa06e930000-7fa06ea2d000 rw-p 00000000 00:00 0 
7fa06ea2d000-7fa06ea31000 ---p 00000000 00:00 0 
7fa06ea31000-7fa06eb2e000 rw-p 00000000 00:00 0 
7fa06eb2e000-7fa06eb32000 ---p 00000000 00:00 0 
7fa06eb32000-7fa06ec2f000 rw-p 00000000 00:00 0 
7fa06ec2f000-7fa06ec33000 ---p 00000000 00:00 0 
7fa06ec33000-7fa06ed30000 rw-p 00000000 00:00 0 
7fa06ed30000-7fa06f6ff000 r--p 00000000 08:0c 15995895                   /usr/lib/locale/locale-archive
7fa06f6ff000-7fa06f703000 ---p 00000000 00:00 0 
7fa06f703000-7fa070000000 rw-p 00000000 00:00 0 
7fa070000000-7fa070021000 rw-p 00000000 00:00 0 
7fa070021000-7fa074000000 ---p 00000000 00:00 0 
7fa074000000-7fa074021000 rw-p 00000000 00:00 0 
7fa074021000-7fa078000000 ---p 00000000 00:00 0 
7fa078000000-7fa078021000 rw-p 00000000 00:00 0 
7fa078021000-7fa07c000000 ---p 00000000 00:00 0 
7fa07c000000-7fa07c021000 rw-p 00000000 00:00 0 
7fa07c021000-7fa080000000 ---p 00000000 00:00 0 
7fa080000000-7fa080021000 rw-p 00000000 00:00 0 
7fa080021000-7fa084000000 ---p 00000000 00:00 0 
7fa084000000-7fa084021000 rw-p 00000000 00:00 0 
7fa084021000-7fa088000000 ---p 00000000 00:00 0 
7fa088000000-7fa088021000 rw-p 00000000 00:00 0 
7fa088021000-7fa08c000000 ---p 00000000 00:00 0 
7fa08c000000-7fa08c021000 rw-p 00000000 00:00 0 
7fa08c021000-7fa090000000 ---p 00000000 00:00 0 
7fa090000000-7fa090021000 rw-p 00000000 00:00 0 
7fa090021000-7fa094000000 ---p 00000000 00:00 0 
7fa094000000-7fa094021000 rw-p 00000000 00:00 0 
7fa094021000-7fa098000000 ---p 00000000 00:00 0 
7fa09805f000-7fa098063000 ---p 00000000 00:00 0 
7fa098063000-7fa09a350000 rw-p 00000000 00:00 0 
7fa09a350000-7fa09c000000 ---p 00000000 00:00 0 
7fa09c000000-7fa09c021000 rw-p 00000000 00:00 0 
7fa09c021000-7fa0a0000000 ---p 00000000 00:00 0 
7fa0a0000000-7fa0a0021000 rw-p 00000000 00:00 0 
7fa0a0021000-7fa0a4000000 ---p 00000000 00:00 0 
7fa0a4000000-7fa0a4021000 rw-p 00000000 00:00 0 
7fa0a4021000-7fa0a8000000 ---p 00000000 00:00 0 
7fa0a8000000-7fa0a8021000 rw-p 00000000 00:00 0 
7fa0a8021000-7fa0ac000000 ---p 00000000 00:00 0 
7fa0ac000000-7fa0ac021000 rw-p 00000000 00:00 0 
7fa0ac021000-7fa0b0000000 ---p 00000000 00:00 0 
7fa0b0079000-7fa0b007a000 ---p 00000000 00:00 0 
7fa0b007a000-7fa0b01f1000 rw-p 00000000 00:00 0 
7fa0b01f1000-7fa0b01f2000 ---p 00000000 00:00 0 
7fa0b01f2000-7fa0b02f3000 rw-p 00000000 00:00 0 
7fa0b02f3000-7fa0b02f4000 ---p 00000000 00:00 0 
7fa0b02f4000-7fa0b03f5000 rw-p 00000000 00:00 0 
7fa0b03f5000-7fa0b03f6000 ---p 00000000 00:00 0 
7fa0b03f6000-7fa0b04f7000 rw-p 00000000 00:00 0 
7fa0b04f7000-7fa0b04f8000 ---p 00000000 00:00 0 
7fa0b04f8000-7fa0b05f9000 rw-p 00000000 00:00 0 
7fa0b05f9000-7fa0b05fa000 ---p 00000000 00:00 0 
7fa0b05fa000-7fa0b06fb000 rw-p 00000000 00:00 0 
7fa0b06fb000-7fa0b06fc000 ---p 00000000 00:00 0 
7fa0b06fc000-7fa0b07fd000 rw-p 00000000 00:00 0 
7fa0b07fd000-7fa0b07fe000 ---p 00000000 00:00 0 
7fa0b07fe000-7fa0b0f05000 rw-p 00000000 00:00 0 
7fa0b0f05000-7fa0b0f06000 ---p 00000000 00:00 0 
7fa0b0f06000-7fa0b1007000 rw-p 00000000 00:00 0 
7fa0b1007000-7fa0b1008000 ---p 00000000 00:00 0 
7fa0b1008000-7fa0b12f9000 rw-p 00000000 00:00 0 
7fa0b12f9000-7fa0b2fa9000 ---p 00000000 00:00 0 
7fa0b2fa9000-7fa0b2fe7000 rw-p 00000000 00:00 0 
7fa0b2fe7000-7fa0b337d000 ---p 00000000 00:00 0 
7fa0b337d000-7fa0b33bb000 rw-p 00000000 00:00 0 
7fa0b33bb000-7fa0b3751000 ---p 00000000 00:00 0 
7fa0b3751000-7fa0b378f000 rw-p 00000000 00:00 0 
7fa0b378f000-7fa0b3b25000 ---p 00000000 00:00 0 
7fa0b3b25000-7fa0b3d95000 rwxp 00000000 00:00 0 
7fa0b3d95000-7fa0b40b5000 ---p 00000000 00:00 0 
7fa0b40b5000-7fa0b4325000 rwxp 00000000 00:00 0 
7fa0b4325000-7fa0bb5ed000 ---p 00000000 00:00 0 
7fa0bb5ed000-7fa0bb85d000 rwxp 00000000 00:00 0 
7fa0bb85d000-7fa0c2b25000 ---p 00000000 00:00 0 
7fa0c2b25000-7fa0cc000000 r--s 00000000 08:0c 18089985                   /usr/lib/jvm/java-11-openjdk-amd64/lib/modules
7fa0cc000000-7fa0cc484000 rw-p 00000000 00:00 0 
7fa0cc484000-7fa0d0000000 ---p 00000000 00:00 0 
7fa0d0074000-7fa0d00cf000 rw-p 00000000 00:00 0 
7fa0d00cf000-7fa0d00d0000 ---p 00000000 00:00 0 
7fa0d00d0000-7fa0d07d7000 rw-p 00000000 00:00 0 
7fa0d07d7000-7fa0d07d8000 ---p 00000000 00:00 0 
7fa0d07d8000-7fa0d08d9000 rw-p 00000000 00:00 0 
7fa0d08d9000-7fa0d08da000 ---p 00000000 00:00 0 
7fa0d08da000-7fa0d09db000 rw-p 00000000 00:00 0 
7fa0d09db000-7fa0d09dc000 ---p 00000000 00:00 0 
7fa0d09dc000-7fa0d0add000 rw-p 00000000 00:00 0 
7fa0d0add000-7fa0d0ade000 ---p 00000000 00:00 0 
7fa0d0ade000-7fa0d0bdf000 rw-p 00000000 00:00 0 
7fa0d0bdf000-7fa0d0be0000 ---p 00000000 00:00 0 
7fa0d0be0000-7fa0d0ce1000 rw-p 00000000 00:00 0 
7fa0d0ce1000-7fa0d0ce2000 ---p 00000000 00:00 0 
7fa0d0ce2000-7fa0d0de8000 rw-p 00000000 00:00 0 
7fa0d0de8000-7fa0d0ece000 ---p 00000000 00:00 0 
7fa0d0ece000-7fa0d0ed3000 rw-p 00000000 00:00 0 
7fa0d0ed3000-7fa0d0fb9000 ---p 00000000 00:00 0 
7fa0d0fb9000-7fa0d0fbe000 r-xp 00000000 08:0c 18089967                   /usr/lib/jvm/java-11-openjdk-amd64/lib/libjimage.so
7fa0d0fbe000-7fa0d11bd000 ---p 00005000 08:0c 18089967                   /usr/lib/jvm/java-11-openjdk-amd64/lib/libjimage.so
7fa0d11bd000-7fa0d11be000 r--p 00004000 08:0c 18089967                   /usr/lib/jvm/java-11-openjdk-amd64/lib/libjimage.so
7fa0d11be000-7fa0d11bf000 rw-p 00005000 08:0c 18089967                   /usr/lib/jvm/java-11-openjdk-amd64/lib/libjimage.so
7fa0d11bf000-7fa0d11c6000 r-xp 00000000 08:0c 18089984                   /usr/lib/jvm/java-11-openjdk-amd64/lib/libzip.so
7fa0d11c6000-7fa0d13c5000 ---p 00007000 08:0c 18089984                   /usr/lib/jvm/java-11-openjdk-amd64/lib/libzip.so
7fa0d13c5000-7fa0d13c6000 r--p 00006000 08:0c 18089984                   /usr/lib/jvm/java-11-openjdk-amd64/lib/libzip.so
7fa0d13c6000-7fa0d13c7000 rw-p 00007000 08:0c 18089984                   /usr/lib/jvm/java-11-openjdk-amd64/lib/libzip.so
7fa0d13c7000-7fa0d13d2000 r-xp 00000000 08:0a 136829                     /lib/x86_64-linux-gnu/libnss_files-2.27.so
7fa0d13d2000-7fa0d15d1000 ---p 0000b000 08:0a 136829                     /lib/x86_64-linux-gnu/libnss_files-2.27.so
7fa0d15d1000-7fa0d15d2000 r--p 0000a000 08:0a 136829                     /lib/x86_64-linux-gnu/libnss_files-2.27.so
7fa0d15d2000-7fa0d15d3000 rw-p 0000b000 08:0a 136829                     /lib/x86_64-linux-gnu/libnss_files-2.27.so
7fa0d15d3000-7fa0d15d9000 rw-p 00000000 00:00 0 
7fa0d15d9000-7fa0d15f0000 r-xp 00000000 08:0a 136823                     /lib/x86_64-linux-gnu/libnsl-2.27.so
7fa0d15f0000-7fa0d17ef000 ---p 00017000 08:0a 136823                     /lib/x86_64-linux-gnu/libnsl-2.27.so
7fa0d17ef000-7fa0d17f0000 r--p 00016000 08:0a 136823                     /lib/x86_64-linux-gnu/libnsl-2.27.so
7fa0d17f0000-7fa0d17f1000 rw-p 00017000 08:0a 136823                     /lib/x86_64-linux-gnu/libnsl-2.27.so
7fa0d17f1000-7fa0d17f3000 rw-p 00000000 00:00 0 
7fa0d17f3000-7fa0d17fe000 r-xp 00000000 08:0a 136840                     /lib/x86_64-linux-gnu/libnss_nis-2.27.so
7fa0d17fe000-7fa0d19fd000 ---p 0000b000 08:0a 136840                     /lib/x86_64-linux-gnu/libnss_nis-2.27.so
7fa0d19fd000-7fa0d19fe000 r--p 0000a000 08:0a 136840                     /lib/x86_64-linux-gnu/libnss_nis-2.27.so
7fa0d19fe000-7fa0d19ff000 rw-p 0000b000 08:0a 136840                     /lib/x86_64-linux-gnu/libnss_nis-2.27.so
7fa0d19ff000-7fa0d1a07000 r-xp 00000000 08:0a 136825                     /lib/x86_64-linux-gnu/libnss_compat-2.27.so
7fa0d1a07000-7fa0d1c07000 ---p 00008000 08:0a 136825                     /lib/x86_64-linux-gnu/libnss_compat-2.27.so
7fa0d1c07000-7fa0d1c08000 r--p 00008000 08:0a 136825                     /lib/x86_64-linux-gnu/libnss_compat-2.27.so
7fa0d1c08000-7fa0d1c09000 rw-p 00009000 08:0a 136825                     /lib/x86_64-linux-gnu/libnss_compat-2.27.so
7fa0d1c09000-7fa0d1c13000 r-xp 00000000 08:0c 18089958                   /usr/lib/jvm/java-11-openjdk-amd64/lib/libinstrument.so
7fa0d1c13000-7fa0d1e12000 ---p 0000a000 08:0c 18089958                   /usr/lib/jvm/java-11-openjdk-amd64/lib/libinstrument.so
7fa0d1e12000-7fa0d1e13000 r--p 00009000 08:0c 18089958                   /usr/lib/jvm/java-11-openjdk-amd64/lib/libinstrument.so
7fa0d1e13000-7fa0d1e14000 rw-p 0000a000 08:0c 18089958                   /usr/lib/jvm/java-11-openjdk-amd64/lib/libinstrument.so
7fa0d1e14000-7fa0d1e51000 r-xp 00000000 08:0c 18089966                   /usr/lib/jvm/java-11-openjdk-amd64/lib/libjdwp.so
7fa0d1e51000-7fa0d2050000 ---p 0003d000 08:0c 18089966                   /usr/lib/jvm/java-11-openjdk-amd64/lib/libjdwp.so
7fa0d2050000-7fa0d2051000 r--p 0003c000 08:0c 18089966                   /usr/lib/jvm/java-11-openjdk-amd64/lib/libjdwp.so
7fa0d2051000-7fa0d2052000 rw-p 0003d000 08:0c 18089966                   /usr/lib/jvm/java-11-openjdk-amd64/lib/libjdwp.so
7fa0d2052000-7fa0d207e000 r-xp 00000000 08:0c 18089963                   /usr/lib/jvm/java-11-openjdk-amd64/lib/libjava.so
7fa0d207e000-7fa0d227d000 ---p 0002c000 08:0c 18089963                   /usr/lib/jvm/java-11-openjdk-amd64/lib/libjava.so
7fa0d227d000-7fa0d227e000 r--p 0002b000 08:0c 18089963                   /usr/lib/jvm/java-11-openjdk-amd64/lib/libjava.so
7fa0d227e000-7fa0d2280000 rw-p 0002c000 08:0c 18089963                   /usr/lib/jvm/java-11-openjdk-amd64/lib/libjava.so
7fa0d2280000-7fa0d228d000 r-xp 00000000 08:0c 18089983                   /usr/lib/jvm/java-11-openjdk-amd64/lib/libverify.so
7fa0d228d000-7fa0d248c000 ---p 0000d000 08:0c 18089983                   /usr/lib/jvm/java-11-openjdk-amd64/lib/libverify.so
7fa0d248c000-7fa0d248e000 r--p 0000c000 08:0c 18089983                   /usr/lib/jvm/java-11-openjdk-amd64/lib/libverify.so
7fa0d248e000-7fa0d248f000 rw-p 0000e000 08:0c 18089983                   /usr/lib/jvm/java-11-openjdk-amd64/lib/libverify.so
7fa0d248f000-7fa0d2496000 r-xp 00000000 08:0a 136880                     /lib/x86_64-linux-gnu/librt-2.27.so
7fa0d2496000-7fa0d2695000 ---p 00007000 08:0a 136880                     /lib/x86_64-linux-gnu/librt-2.27.so
7fa0d2695000-7fa0d2696000 r--p 00006000 08:0a 136880                     /lib/x86_64-linux-gnu/librt-2.27.so
7fa0d2696000-7fa0d2697000 rw-p 00007000 08:0a 136880                     /lib/x86_64-linux-gnu/librt-2.27.so
7fa0d2697000-7fa0d26ae000 r-xp 00000000 08:0a 136276                     /lib/x86_64-linux-gnu/libgcc_s.so.1
7fa0d26ae000-7fa0d28ad000 ---p 00017000 08:0a 136276                     /lib/x86_64-linux-gnu/libgcc_s.so.1
7fa0d28ad000-7fa0d28ae000 r--p 00016000 08:0a 136276                     /lib/x86_64-linux-gnu/libgcc_s.so.1
7fa0d28ae000-7fa0d28af000 rw-p 00017000 08:0a 136276                     /lib/x86_64-linux-gnu/libgcc_s.so.1
7fa0d28af000-7fa0d2a4c000 r-xp 00000000 08:0a 136802                     /lib/x86_64-linux-gnu/libm-2.27.so
7fa0d2a4c000-7fa0d2c4b000 ---p 0019d000 08:0a 136802                     /lib/x86_64-linux-gnu/libm-2.27.so
7fa0d2c4b000-7fa0d2c4c000 r--p 0019c000 08:0a 136802                     /lib/x86_64-linux-gnu/libm-2.27.so
7fa0d2c4c000-7fa0d2c4d000 rw-p 0019d000 08:0a 136802                     /lib/x86_64-linux-gnu/libm-2.27.so
7fa0d2c4d000-7fa0d2dc6000 r-xp 00000000 08:0c 15991317                   /usr/lib/x86_64-linux-gnu/libstdc++.so.6.0.25
7fa0d2dc6000-7fa0d2fc6000 ---p 00179000 08:0c 15991317                   /usr/lib/x86_64-linux-gnu/libstdc++.so.6.0.25
7fa0d2fc6000-7fa0d2fd0000 r--p 00179000 08:0c 15991317                   /usr/lib/x86_64-linux-gnu/libstdc++.so.6.0.25
7fa0d2fd0000-7fa0d2fd2000 rw-p 00183000 08:0c 15991317                   /usr/lib/x86_64-linux-gnu/libstdc++.so.6.0.25
7fa0d2fd2000-7fa0d2fd6000 rw-p 00000000 00:00 0 
7fa0d2fd6000-7fa0d3f73000 r-xp 00000000 08:0c 18089990                   /usr/lib/jvm/java-11-openjdk-amd64/lib/server/libjvm.so
7fa0d3f73000-7fa0d4173000 ---p 00f9d000 08:0c 18089990                   /usr/lib/jvm/java-11-openjdk-amd64/lib/server/libjvm.so
7fa0d4173000-7fa0d4237000 r--p 00f9d000 08:0c 18089990                   /usr/lib/jvm/java-11-openjdk-amd64/lib/server/libjvm.so
7fa0d4237000-7fa0d426f000 rw-p 01061000 08:0c 18089990                   /usr/lib/jvm/java-11-openjdk-amd64/lib/server/libjvm.so
7fa0d426f000-7fa0d42b8000 rw-p 00000000 00:00 0 
7fa0d42b8000-7fa0d42d2000 r-xp 00000000 08:0a 136872                     /lib/x86_64-linux-gnu/libpthread-2.27.so
7fa0d42d2000-7fa0d44d1000 ---p 0001a000 08:0a 136872                     /lib/x86_64-linux-gnu/libpthread-2.27.so
7fa0d44d1000-7fa0d44d2000 r--p 00019000 08:0a 136872                     /lib/x86_64-linux-gnu/libpthread-2.27.so
7fa0d44d2000-7fa0d44d3000 rw-p 0001a000 08:0a 136872                     /lib/x86_64-linux-gnu/libpthread-2.27.so
7fa0d44d3000-7fa0d44d7000 rw-p 00000000 00:00 0 
7fa0d44d7000-7fa0d44da000 r-xp 00000000 08:0a 136762                     /lib/x86_64-linux-gnu/libdl-2.27.so
7fa0d44da000-7fa0d46d9000 ---p 00003000 08:0a 136762                     /lib/x86_64-linux-gnu/libdl-2.27.so
7fa0d46d9000-7fa0d46da000 r--p 00002000 08:0a 136762                     /lib/x86_64-linux-gnu/libdl-2.27.so
7fa0d46da000-7fa0d46db000 rw-p 00003000 08:0a 136762                     /lib/x86_64-linux-gnu/libdl-2.27.so
7fa0d46db000-7fa0d46f7000 r-xp 00000000 08:0a 136911                     /lib/x86_64-linux-gnu/libz.so.1.2.11
7fa0d46f7000-7fa0d48f6000 ---p 0001c000 08:0a 136911                     /lib/x86_64-linux-gnu/libz.so.1.2.11
7fa0d48f6000-7fa0d48f7000 r--p 0001b000 08:0a 136911                     /lib/x86_64-linux-gnu/libz.so.1.2.11
7fa0d48f7000-7fa0d48f8000 rw-p 0001c000 08:0a 136911                     /lib/x86_64-linux-gnu/libz.so.1.2.11
7fa0d48f8000-7fa0d4adf000 r-xp 00000000 08:0a 136739                     /lib/x86_64-linux-gnu/libc-2.27.so
7fa0d4adf000-7fa0d4cdf000 ---p 001e7000 08:0a 136739                     /lib/x86_64-linux-gnu/libc-2.27.so
7fa0d4cdf000-7fa0d4ce3000 r--p 001e7000 08:0a 136739                     /lib/x86_64-linux-gnu/libc-2.27.so
7fa0d4ce3000-7fa0d4ce5000 rw-p 001eb000 08:0a 136739                     /lib/x86_64-linux-gnu/libc-2.27.so
7fa0d4ce5000-7fa0d4ce9000 rw-p 00000000 00:00 0 
7fa0d4ce9000-7fa0d4cf8000 r-xp 00000000 08:0c 18089948                   /usr/lib/jvm/java-11-openjdk-amd64/lib/jli/libjli.so
7fa0d4cf8000-7fa0d4ef7000 ---p 0000f000 08:0c 18089948                   /usr/lib/jvm/java-11-openjdk-amd64/lib/jli/libjli.so
7fa0d4ef7000-7fa0d4ef8000 r--p 0000e000 08:0c 18089948                   /usr/lib/jvm/java-11-openjdk-amd64/lib/jli/libjli.so
7fa0d4ef8000-7fa0d4ef9000 rw-p 0000f000 08:0c 18089948                   /usr/lib/jvm/java-11-openjdk-amd64/lib/jli/libjli.so
7fa0d4ef9000-7fa0d4f20000 r-xp 00000000 08:0a 136711                     /lib/x86_64-linux-gnu/ld-2.27.so
7fa0d4f3d000-7fa0d4f44000 r--s 00000000 08:0c 16256106                   /usr/lib/x86_64-linux-gnu/gconv/gconv-modules.cache
7fa0d4f44000-7fa0d5001000 rw-p 00000000 00:00 0 
7fa0d5001000-7fa0d5005000 ---p 00000000 00:00 0 
7fa0d5005000-7fa0d5104000 rw-p 00000000 00:00 0 
7fa0d5107000-7fa0d510d000 rw-p 00000000 00:00 0 
7fa0d510d000-7fa0d5114000 ---p 00000000 00:00 0 
7fa0d5114000-7fa0d511c000 rw-s 00000000 08:0a 131391                     /tmp/hsperfdata_poorlemon/11885
7fa0d511c000-7fa0d511d000 ---p 00000000 00:00 0 
7fa0d511d000-7fa0d511e000 r--p 00000000 00:00 0 
7fa0d511e000-7fa0d5120000 rw-p 00000000 00:00 0 
7fa0d5120000-7fa0d5121000 r--p 00027000 08:0a 136711                     /lib/x86_64-linux-gnu/ld-2.27.so
7fa0d5121000-7fa0d5122000 rw-p 00028000 08:0a 136711                     /lib/x86_64-linux-gnu/ld-2.27.so
7fa0d5122000-7fa0d5123000 rw-p 00000000 00:00 0 
7fff3b0f7000-7fff3b118000 rw-p 00000000 00:00 0                          [stack]
7fff3b11a000-7fff3b11d000 r--p 00000000 00:00 0                          [vvar]
7fff3b11d000-7fff3b11f000 r-xp 00000000 00:00 0                          [vdso]
ffffffffff600000-ffffffffff601000 r-xp 00000000 00:00 0                  [vsyscall]


VM Arguments:
jvm_args: -agentlib:jdwp=transport=dt_socket,suspend=y,address=localhost:42601 -javaagent:/home/poorlemon/SoftWare/eclipse/configuration/org.eclipse.osgi/216/0/.cp/lib/javaagent-shaded.jar -Dfile.encoding=UTF-8 
java_command: com.huawei.Test
java_class_path (initial): /home/poorlemon/Work/HuaWei/SDK/SDK_java/code/CodeCraft-2019/bin:/home/poorlemon/Work/HuaWei/SDK/SDK_java/code/CodeCraft-2019/lib/commons-logging-1.2.jar:/home/poorlemon/Work/HuaWei/SDK/SDK_java/code/CodeCraft-2019/lib/log4j-1.2.17.jar
Launcher Type: SUN_STANDARD

Logging:
Log output configuration:
#0: stdout all=warning uptime,level,tags
#1: stderr all=off uptime,level,tags

Environment Variables:
JAVA_HOME=/usr/lib/jvm/java-8-openjdk-amd64
JRE_HOME=/usr/java/jdk1.8.0_191/jre
CLASSPATH=.:/usr/java/jdk1.8.0_191/lib:/usr/java/jdk1.8.0_191/jre/lib:
PATH=/home/poorlemon/.local/bin:/usr/local/sbt/sbt/:/usr/local/spark/bin:/usr/local/sbin:/usr/local/bin:/usr/sbin:/usr/bin:/sbin:/bin:/usr/games:/usr/local/games:/usr/java/jdk1.8.0_191/bin:/usr/java/jdk1.8.0_191/jre/bin:/snap/bin
USERNAME=poorlemon
SHELL=/bin/bash
DISPLAY=:0

Signal Handlers:
SIGSEGV: [libjvm.so+0xd28b70], sa_mask[0]=11111111011111111101111111111110, sa_flags=SA_RESTART|SA_SIGINFO
SIGBUS: [libjvm.so+0xd28b70], sa_mask[0]=11111111011111111101111111111110, sa_flags=SA_RESTART|SA_SIGINFO
SIGFPE: [libjvm.so+0xd28b70], sa_mask[0]=11111111011111111101111111111110, sa_flags=SA_RESTART|SA_SIGINFO
SIGPIPE: [libjvm.so+0xb2a1f0], sa_mask[0]=11111111011111111101111111111110, sa_flags=SA_RESTART|SA_SIGINFO
SIGXFSZ: [libjvm.so+0xb2a1f0], sa_mask[0]=11111111011111111101111111111110, sa_flags=SA_RESTART|SA_SIGINFO
SIGILL: [libjvm.so+0xd28b70], sa_mask[0]=11111111011111111101111111111110, sa_flags=SA_RESTART|SA_SIGINFO
SIGUSR2: [libjvm.so+0xb2a030], sa_mask[0]=00100000000000000000000000000000, sa_flags=SA_RESTART|SA_SIGINFO
SIGHUP: [libjvm.so+0xb2a180], sa_mask[0]=11111111011111111101111111111110, sa_flags=SA_RESTART|SA_SIGINFO
SIGINT: [libjvm.so+0xb2a180], sa_mask[0]=11111111011111111101111111111110, sa_flags=SA_RESTART|SA_SIGINFO
SIGTERM: [libjvm.so+0xb2a180], sa_mask[0]=11111111011111111101111111111110, sa_flags=SA_RESTART|SA_SIGINFO
SIGQUIT: [libjvm.so+0xb2a180], sa_mask[0]=11111111011111111101111111111110, sa_flags=SA_RESTART|SA_SIGINFO


---------------  S Y S T E M  ---------------

OS:DISTRIB_ID=Ubuntu
DISTRIB_RELEASE=18.04
DISTRIB_CODENAME=bionic
DISTRIB_DESCRIPTION="Ubuntu 18.04.1 LTS"
uname:Linux 4.15.0-46-generic #49-Ubuntu SMP Wed Feb 6 09:33:07 UTC 2019 x86_64
libc:glibc 2.27 NPTL 2.27 
rlimit: STACK 8192k, CORE 0k, NPROC 30913, NOFILE 1048576, AS infinity, DATA infinity, FSIZE infinity
load average:1.03 1.06 1.05

/proc/meminfo:
MemTotal:        8024260 kB
MemFree:         1545536 kB
MemAvailable:    3986516 kB
Buffers:          346520 kB
Cached:          2865436 kB
SwapCached:            0 kB
Active:          3690732 kB
Inactive:        2246528 kB
Active(anon):    2688440 kB
Inactive(anon):   832092 kB
Active(file):    1002292 kB
Inactive(file):  1414436 kB
Unevictable:          80 kB
Mlocked:              80 kB
SwapTotal:       8000508 kB
SwapFree:        8000508 kB
Dirty:               196 kB
Writeback:             0 kB
AnonPages:       2725384 kB
Mapped:           889208 kB
Shmem:            833424 kB
Slab:             396960 kB
SReclaimable:     333068 kB
SUnreclaim:        63892 kB
KernelStack:       15272 kB
PageTables:        64844 kB
NFS_Unstable:          0 kB
Bounce:                0 kB
WritebackTmp:          0 kB
CommitLimit:    12012636 kB
Committed_AS:    9408176 kB
VmallocTotal:   34359738367 kB
VmallocUsed:           0 kB
VmallocChunk:          0 kB
HardwareCorrupted:     0 kB
AnonHugePages:         0 kB
ShmemHugePages:        0 kB
ShmemPmdMapped:        0 kB
CmaTotal:              0 kB
CmaFree:               0 kB
HugePages_Total:       0
HugePages_Free:        0
HugePages_Rsvd:        0
HugePages_Surp:        0
Hugepagesize:       2048 kB
DirectMap4k:      175776 kB
DirectMap2M:     5971968 kB
DirectMap1G:     2097152 kB

container (cgroup) information:
container_type: cgroupv1
cpu_cpuset_cpus: 0-5
cpu_memory_nodes: 0
active_processor_count: 6
cpu_quota: -1
cpu_period: 100000
cpu_shares: -1
memory_limit_in_bytes: -1
memory_and_swap_limit_in_bytes: -2
memory_soft_limit_in_bytes: -1
memory_usage_in_bytes: 6080270336
memory_max_usage_in_bytes: 0


CPU:total 6 (initial active 6) (6 cores per cpu, 1 threads per core) family 6 model 158 stepping 10, cmov, cx8, fxsr, mmx, sse, sse2, sse3, ssse3, sse4.1, sse4.2, popcnt, avx, avx2, aes, clmul, erms, rtm, 3dnowpref, lzcnt, tsc, tscinvbit, bmi1, bmi2, adx, fma
CPU Model and flags from /proc/cpuinfo:
model name	: Intel(R) Core(TM) i5-8500 CPU @ 3.00GHz
flags		: fpu vme de pse tsc msr pae mce cx8 apic sep mtrr pge mca cmov pat pse36 clflush dts acpi mmx fxsr sse sse2 ss ht tm pbe syscall nx pdpe1gb rdtscp lm constant_tsc art arch_perfmon pebs bts rep_good nopl xtopology nonstop_tsc cpuid aperfmperf tsc_known_freq pni pclmulqdq dtes64 monitor ds_cpl vmx smx est tm2 ssse3 sdbg fma cx16 xtpr pdcm pcid sse4_1 sse4_2 x2apic movbe popcnt tsc_deadline_timer aes xsave avx f16c rdrand lahf_lm abm 3dnowprefetch cpuid_fault epb invpcid_single pti ssbd ibrs ibpb stibp tpr_shadow vnmi flexpriority ept vpid fsgsbase tsc_adjust bmi1 hle avx2 smep bmi2 erms invpcid rtm mpx rdseed adx smap clflushopt intel_pt xsaveopt xsavec xgetbv1 xsaves dtherm ida arat pln pts hwp hwp_notify hwp_act_window hwp_epp flush_l1d

Memory: 4k page, physical 8024260k(1544420k free), swap 8000508k(8000508k free)

vm_info: OpenJDK 64-Bit Server VM (10.0.2+13-Ubuntu-1ubuntu0.18.04.4) for linux-amd64 JRE (10.0.2+13-Ubuntu-1ubuntu0.18.04.4), built on Nov 13 2018 12:53:39 by "buildd" with gcc 7.3.0

END.
