#
# A fatal error has been detected by the Java Runtime Environment:
#
#  Internal Error (generateOopMap.cpp:2162), pid=16436, tid=16459
#  fatal error: Illegal class file encountered. Try running with -Xverify:all in method mightPassCross
#
# JRE version: OpenJDK Runtime Environment (10.0.2+13) (build 10.0.2+13-Ubuntu-1ubuntu0.18.04.4)
# Java VM: OpenJDK 64-Bit Server VM (10.0.2+13-Ubuntu-1ubuntu0.18.04.4, mixed mode, tiered, compressed oops, g1 gc, linux-amd64)
# Core dump will be written. Default location: Core dumps may be processed with "/usr/share/apport/apport %p %s %c %d %P" (or dumping to /home/poorlemon/Work/HuaWei/SDK/SDK_java/code/CodeCraft-2019/core.16436)
#
# If you would like to submit a bug report, please visit:
#   http://bugreport.java.com/bugreport/crash.jsp
#

---------------  S U M M A R Y ------------

Command Line: -agentlib:jdwp=transport=dt_socket,suspend=y,address=localhost:44521 -javaagent:/home/poorlemon/SoftWare/eclipse/configuration/org.eclipse.osgi/216/0/.cp/lib/javaagent-shaded.jar -Dfile.encoding=UTF-8 com.huawei.Test

Host: Intel(R) Core(TM) i5-8500 CPU @ 3.00GHz, 6 cores, 7G, Ubuntu 18.04.1 LTS
Time: Sat Mar 16 12:04:37 2019 CST elapsed time: 1261 seconds (0d 0h 21m 1s)

---------------  T H R E A D  ---------------

Current thread (0x00007fc148159800):  VMThread "VM Thread" [stack: 0x00007fc12cdaa000,0x00007fc12ceaa000] [id=16459]

Stack: [0x00007fc12cdaa000,0x00007fc12ceaa000],  sp=0x00007fc12cea7eb0,  free space=1015k
Native frames: (J=compiled Java code, A=aot compiled Java code, j=interpreted, Vv=VM code, C=native code)
V  [libjvm.so+0xd27ea4]
V  [libjvm.so+0xd28a0f]
V  [libjvm.so+0x64d328]
V  [libjvm.so+0x7a72e5]
V  [libjvm.so+0x7a73bb]
V  [libjvm.so+0x7ab649]
V  [libjvm.so+0x7abf44]
V  [libjvm.so+0x7aea0d]
V  [libjvm.so+0x7aedb9]
V  [libjvm.so+0xb1f14a]
V  [libjvm.so+0xb1f7d1]
V  [libjvm.so+0xabde16]
V  [libjvm.so+0x95085c]
V  [libjvm.so+0xd38871]
V  [libjvm.so+0xd35b3b]
V  [libjvm.so+0xd3715e]
V  [libjvm.so+0xd37588]
V  [libjvm.so+0xb33d40]

VM_Operation (0x00007fc0d3af59d0): GetOrSetLocal, mode: safepoint, requested by thread 0x00007fc1481fa000


---------------  P R O C E S S  ---------------

Threads class SMR info:
_java_thread_list=0x00007fc1482e1470, length=13, elements={
0x00007fc148013000, 0x00007fc148163800, 0x00007fc148165800, 0x00007fc148178000,
0x00007fc14817a000, 0x00007fc14817c000, 0x00007fc14817e000, 0x00007fc148180000,
0x00007fc1481fa000, 0x00007fc1481fd000, 0x00007fc0bc001800, 0x00007fc148214800,
0x00007fc1482e5800
}

Java Threads: ( => current thread )
  0x00007fc148013000 JavaThread "main" [_thread_blocked, id=16439, stack(0x00007fc1524c9000,0x00007fc1525ca000)]
  0x00007fc148163800 JavaThread "Reference Handler" daemon [_thread_blocked, id=16461, stack(0x00007fc12cca7000,0x00007fc12cda8000)]
  0x00007fc148165800 JavaThread "Finalizer" daemon [_thread_blocked, id=16464, stack(0x00007fc12cba6000,0x00007fc12cca7000)]
  0x00007fc148178000 JavaThread "Signal Dispatcher" daemon [_thread_blocked, id=16465, stack(0x00007fc12c0d6000,0x00007fc12c1d7000)]
  0x00007fc14817a000 JavaThread "C2 CompilerThread0" daemon [_thread_blocked, id=16466, stack(0x00007fc11405f000,0x00007fc114160000)]
  0x00007fc14817c000 JavaThread "C2 CompilerThread1" daemon [_thread_blocked, id=16467, stack(0x00007fc0d3eff000,0x00007fc0d4000000)]
  0x00007fc14817e000 JavaThread "C1 CompilerThread2" daemon [_thread_blocked, id=16468, stack(0x00007fc0d3dfe000,0x00007fc0d3eff000)]
  0x00007fc148180000 JavaThread "Sweeper thread" daemon [_thread_blocked, id=16469, stack(0x00007fc0d3cfd000,0x00007fc0d3dfe000)]
  0x00007fc1481fa000 JavaThread "JDWP Transport Listener: dt_socket" daemon [_thread_blocked, id=16472, stack(0x00007fc0d39f6000,0x00007fc0d3af7000)] _threads_hazard_ptr=0x00007fc1482e1470
  0x00007fc1481fd000 JavaThread "JDWP Event Helper Thread" daemon [_thread_blocked, id=16475, stack(0x00007fc0d38f5000,0x00007fc0d39f6000)]
  0x00007fc0bc001800 JavaThread "JDWP Command Reader" daemon [_thread_in_native, id=16476, stack(0x00007fc0d37f4000,0x00007fc0d38f5000)]
  0x00007fc148214800 JavaThread "Common-Cleaner" daemon [_thread_blocked, id=16478, stack(0x00007fc0d36f3000,0x00007fc0d37f4000)]
  0x00007fc1482e5800 JavaThread "Service Thread" daemon [_thread_blocked, id=16481, stack(0x00007fc0d31c8000,0x00007fc0d32c9000)]

Other Threads:
=>0x00007fc148159800 VMThread "VM Thread" [stack: 0x00007fc12cdaa000,0x00007fc12ceaa000] [id=16459]
  0x00007fc1482e7800 WatcherThread [stack: 0x00007fc0d30c8000,0x00007fc0d31c8000] [id=16482]
  0x00007fc14802a000 GCTaskThread "GC Thread#0" [stack: 0x00007fc14e1ab000,0x00007fc14e2ab000] [id=16440]
  0x00007fc14802b800 GCTaskThread "GC Thread#1" [stack: 0x00007fc14e0a9000,0x00007fc14e1a9000] [id=16441]
  0x00007fc14802d000 GCTaskThread "GC Thread#2" [stack: 0x00007fc14dfa7000,0x00007fc14e0a7000] [id=16442]
  0x00007fc14802e800 GCTaskThread "GC Thread#3" [stack: 0x00007fc14dea5000,0x00007fc14dfa5000] [id=16444]
  0x00007fc148030800 GCTaskThread "GC Thread#4" [stack: 0x00007fc14dda3000,0x00007fc14dea3000] [id=16445]
  0x00007fc148032000 GCTaskThread "GC Thread#5" [stack: 0x00007fc14dca1000,0x00007fc14dda1000] [id=16447]
  0x00007fc14805b800 ConcurrentGCThread "G1 Main Marker" [stack: 0x00007fc14ca1d000,0x00007fc14cb1d000] [id=16449]
  0x00007fc14805d000 ConcurrentGCThread "G1 Conc#0" [stack: 0x00007fc14c91b000,0x00007fc14ca1b000] [id=16450]
  0x00007fc14805f000 ConcurrentGCThread "G1 Conc#1" [stack: 0x00007fc14c819000,0x00007fc14c919000] [id=16451]
  0x00007fc1480c7000 ConcurrentGCThread "G1 Refine#0" [stack: 0x00007fc14c111000,0x00007fc14c211000] [id=16452]
  0x00007fc1480c8800 ConcurrentGCThread "G1 Refine#1" [stack: 0x00007fc14c00f000,0x00007fc14c10f000] [id=16453]
  0x00007fc1480ca800 ConcurrentGCThread "G1 Refine#2" [stack: 0x00007fc12db85000,0x00007fc12dc85000] [id=16454]
  0x00007fc1480cc000 ConcurrentGCThread "G1 Refine#3" [stack: 0x00007fc12da83000,0x00007fc12db83000] [id=16455]
  0x00007fc1480ce000 ConcurrentGCThread "G1 Refine#4" [stack: 0x00007fc12d981000,0x00007fc12da81000] [id=16456]
  0x00007fc1480cf800 ConcurrentGCThread "G1 Refine#5" [stack: 0x00007fc12d87f000,0x00007fc12d97f000] [id=16457]
  0x00007fc1480d1800 ConcurrentGCThread "G1 Young RemSet Sampling" [stack: 0x00007fc12d77d000,0x00007fc12d87d000] [id=16458]

Threads with active compile tasks:

VM state:at safepoint (normal execution)

VM Mutex/Monitor currently owned by a thread:  ([mutex/lock_event])
[0x00007fc14800f4f0] Threads_lock - owner thread: 0x00007fc148159800

Heap address: 0x0000000085800000, size: 1960 MB, Compressed Oops mode: 32-bit
Narrow klass base: 0x0000000000000000, Narrow klass shift: 3
Compressed class space size: 1073741824 Address: 0x0000000100000000

Heap:
 garbage-first heap   total 126976K, used 58160K [0x0000000085800000, 0x0000000100000000)
  region size 1024K, 58 young (59392K), 2 survivors (2048K)
 Metaspace       used 10001K, capacity 10149K, committed 10368K, reserved 1058816K
  class space    used 805K, capacity 848K, committed 896K, reserved 1048576K
Heap Regions: E=young(eden), S=young(survivor), O=old, HS=humongous(starts), HC=humongous(continues), CS=collection set, F=free, A=archive, TS=gc time stamp, AC=allocation context, TAMS=top-at-mark-start (previous, next)
|   0|0x0000000085800000, 0x0000000085800000, 0x0000000085900000|  0%| F|  |TS  0|AC  0|TAMS 0x0000000085800000, 0x0000000085800000|
|   1|0x0000000085900000, 0x0000000085900000, 0x0000000085a00000|  0%| F|  |TS  0|AC  0|TAMS 0x0000000085900000, 0x0000000085900000|
|   2|0x0000000085a00000, 0x0000000085a00000, 0x0000000085b00000|  0%| F|  |TS  0|AC  0|TAMS 0x0000000085a00000, 0x0000000085a00000|
|   3|0x0000000085b00000, 0x0000000085b00000, 0x0000000085c00000|  0%| F|  |TS  0|AC  0|TAMS 0x0000000085b00000, 0x0000000085b00000|
|   4|0x0000000085c00000, 0x0000000085c00000, 0x0000000085d00000|  0%| F|  |TS  0|AC  0|TAMS 0x0000000085c00000, 0x0000000085c00000|
|   5|0x0000000085d00000, 0x0000000085d00000, 0x0000000085e00000|  0%| F|  |TS  0|AC  0|TAMS 0x0000000085d00000, 0x0000000085d00000|
|   6|0x0000000085e00000, 0x0000000085e00000, 0x0000000085f00000|  0%| F|  |TS  0|AC  0|TAMS 0x0000000085e00000, 0x0000000085e00000|
|   7|0x0000000085f00000, 0x0000000085f00000, 0x0000000086000000|  0%| F|  |TS  0|AC  0|TAMS 0x0000000085f00000, 0x0000000085f00000|
|   8|0x0000000086000000, 0x0000000086000000, 0x0000000086100000|  0%| F|  |TS  0|AC  0|TAMS 0x0000000086000000, 0x0000000086000000|
|   9|0x0000000086100000, 0x0000000086100000, 0x0000000086200000|  0%| F|  |TS  0|AC  0|TAMS 0x0000000086100000, 0x0000000086100000|
|  10|0x0000000086200000, 0x0000000086200000, 0x0000000086300000|  0%| F|  |TS  0|AC  0|TAMS 0x0000000086200000, 0x0000000086200000|
|  11|0x0000000086300000, 0x0000000086300000, 0x0000000086400000|  0%| F|  |TS  0|AC  0|TAMS 0x0000000086300000, 0x0000000086300000|
|  12|0x0000000086400000, 0x0000000086400000, 0x0000000086500000|  0%| F|  |TS  0|AC  0|TAMS 0x0000000086400000, 0x0000000086400000|
|  13|0x0000000086500000, 0x0000000086500000, 0x0000000086600000|  0%| F|  |TS  0|AC  0|TAMS 0x0000000086500000, 0x0000000086500000|
|  14|0x0000000086600000, 0x0000000086600000, 0x0000000086700000|  0%| F|  |TS  0|AC  0|TAMS 0x0000000086600000, 0x0000000086600000|
|  15|0x0000000086700000, 0x0000000086700000, 0x0000000086800000|  0%| F|  |TS  0|AC  0|TAMS 0x0000000086700000, 0x0000000086700000|
|  16|0x0000000086800000, 0x0000000086800000, 0x0000000086900000|  0%| F|  |TS  0|AC  0|TAMS 0x0000000086800000, 0x0000000086800000|
|  17|0x0000000086900000, 0x0000000086900000, 0x0000000086a00000|  0%| F|  |TS  0|AC  0|TAMS 0x0000000086900000, 0x0000000086900000|
|  18|0x0000000086a00000, 0x0000000086a00000, 0x0000000086b00000|  0%| F|  |TS  0|AC  0|TAMS 0x0000000086a00000, 0x0000000086a00000|
|  19|0x0000000086b00000, 0x0000000086b00000, 0x0000000086c00000|  0%| F|  |TS  0|AC  0|TAMS 0x0000000086b00000, 0x0000000086b00000|
|  20|0x0000000086c00000, 0x0000000086c00000, 0x0000000086d00000|  0%| F|  |TS  0|AC  0|TAMS 0x0000000086c00000, 0x0000000086c00000|
|  21|0x0000000086d00000, 0x0000000086d00000, 0x0000000086e00000|  0%| F|  |TS  0|AC  0|TAMS 0x0000000086d00000, 0x0000000086d00000|
|  22|0x0000000086e00000, 0x0000000086e00000, 0x0000000086f00000|  0%| F|  |TS  0|AC  0|TAMS 0x0000000086e00000, 0x0000000086e00000|
|  23|0x0000000086f00000, 0x0000000086f00000, 0x0000000087000000|  0%| F|  |TS  0|AC  0|TAMS 0x0000000086f00000, 0x0000000086f00000|
|  24|0x0000000087000000, 0x0000000087000000, 0x0000000087100000|  0%| F|  |TS  0|AC  0|TAMS 0x0000000087000000, 0x0000000087000000|
|  25|0x0000000087100000, 0x0000000087100000, 0x0000000087200000|  0%| F|  |TS  0|AC  0|TAMS 0x0000000087100000, 0x0000000087100000|
|  26|0x0000000087200000, 0x0000000087200000, 0x0000000087300000|  0%| F|  |TS  0|AC  0|TAMS 0x0000000087200000, 0x0000000087200000|
|  27|0x0000000087300000, 0x0000000087300000, 0x0000000087400000|  0%| F|  |TS  0|AC  0|TAMS 0x0000000087300000, 0x0000000087300000|
|  28|0x0000000087400000, 0x0000000087400000, 0x0000000087500000|  0%| F|  |TS  0|AC  0|TAMS 0x0000000087400000, 0x0000000087400000|
|  29|0x0000000087500000, 0x0000000087500000, 0x0000000087600000|  0%| F|  |TS  0|AC  0|TAMS 0x0000000087500000, 0x0000000087500000|
|  30|0x0000000087600000, 0x0000000087600000, 0x0000000087700000|  0%| F|  |TS  0|AC  0|TAMS 0x0000000087600000, 0x0000000087600000|
|  31|0x0000000087700000, 0x0000000087700000, 0x0000000087800000|  0%| F|  |TS  0|AC  0|TAMS 0x0000000087700000, 0x0000000087700000|
|  32|0x0000000087800000, 0x0000000087800000, 0x0000000087900000|  0%| F|  |TS  0|AC  0|TAMS 0x0000000087800000, 0x0000000087800000|
|  33|0x0000000087900000, 0x0000000087900000, 0x0000000087a00000|  0%| F|  |TS  0|AC  0|TAMS 0x0000000087900000, 0x0000000087900000|
|  34|0x0000000087a00000, 0x0000000087a00000, 0x0000000087b00000|  0%| F|  |TS  0|AC  0|TAMS 0x0000000087a00000, 0x0000000087a00000|
|  35|0x0000000087b00000, 0x0000000087b00000, 0x0000000087c00000|  0%| F|  |TS  0|AC  0|TAMS 0x0000000087b00000, 0x0000000087b00000|
|  36|0x0000000087c00000, 0x0000000087c00000, 0x0000000087d00000|  0%| F|  |TS  0|AC  0|TAMS 0x0000000087c00000, 0x0000000087c00000|
|  37|0x0000000087d00000, 0x0000000087d00000, 0x0000000087e00000|  0%| F|  |TS  0|AC  0|TAMS 0x0000000087d00000, 0x0000000087d00000|
|  38|0x0000000087e00000, 0x0000000087e00000, 0x0000000087f00000|  0%| F|  |TS  0|AC  0|TAMS 0x0000000087e00000, 0x0000000087e00000|
|  39|0x0000000087f00000, 0x0000000087f00000, 0x0000000088000000|  0%| F|  |TS  0|AC  0|TAMS 0x0000000087f00000, 0x0000000087f00000|
|  40|0x0000000088000000, 0x0000000088000000, 0x0000000088100000|  0%| F|  |TS  0|AC  0|TAMS 0x0000000088000000, 0x0000000088000000|
|  41|0x0000000088100000, 0x0000000088100000, 0x0000000088200000|  0%| F|  |TS  0|AC  0|TAMS 0x0000000088100000, 0x0000000088100000|
|  42|0x0000000088200000, 0x0000000088200000, 0x0000000088300000|  0%| F|  |TS  0|AC  0|TAMS 0x0000000088200000, 0x0000000088200000|
|  43|0x0000000088300000, 0x0000000088300000, 0x0000000088400000|  0%| F|  |TS  0|AC  0|TAMS 0x0000000088300000, 0x0000000088300000|
|  44|0x0000000088400000, 0x0000000088400000, 0x0000000088500000|  0%| F|  |TS  0|AC  0|TAMS 0x0000000088400000, 0x0000000088400000|
|  45|0x0000000088500000, 0x0000000088500000, 0x0000000088600000|  0%| F|  |TS  0|AC  0|TAMS 0x0000000088500000, 0x0000000088500000|
|  46|0x0000000088600000, 0x0000000088600000, 0x0000000088700000|  0%| F|  |TS  0|AC  0|TAMS 0x0000000088600000, 0x0000000088600000|
|  47|0x0000000088700000, 0x0000000088700000, 0x0000000088800000|  0%| F|  |TS  0|AC  0|TAMS 0x0000000088700000, 0x0000000088700000|
|  48|0x0000000088800000, 0x0000000088800000, 0x0000000088900000|  0%| F|  |TS  0|AC  0|TAMS 0x0000000088800000, 0x0000000088800000|
|  49|0x0000000088900000, 0x0000000088900000, 0x0000000088a00000|  0%| F|  |TS  0|AC  0|TAMS 0x0000000088900000, 0x0000000088900000|
|  50|0x0000000088a00000, 0x0000000088a00000, 0x0000000088b00000|  0%| F|  |TS  0|AC  0|TAMS 0x0000000088a00000, 0x0000000088a00000|
|  51|0x0000000088b00000, 0x0000000088b00000, 0x0000000088c00000|  0%| F|  |TS  0|AC  0|TAMS 0x0000000088b00000, 0x0000000088b00000|
|  52|0x0000000088c00000, 0x0000000088c00000, 0x0000000088d00000|  0%| F|  |TS  0|AC  0|TAMS 0x0000000088c00000, 0x0000000088c00000|
|  53|0x0000000088d00000, 0x0000000088d00000, 0x0000000088e00000|  0%| F|  |TS  0|AC  0|TAMS 0x0000000088d00000, 0x0000000088d00000|
|  54|0x0000000088e00000, 0x0000000088e00000, 0x0000000088f00000|  0%| F|  |TS  0|AC  0|TAMS 0x0000000088e00000, 0x0000000088e00000|
|  55|0x0000000088f00000, 0x0000000088f00000, 0x0000000089000000|  0%| F|  |TS  0|AC  0|TAMS 0x0000000088f00000, 0x0000000088f00000|
|  56|0x0000000089000000, 0x0000000089000000, 0x0000000089100000|  0%| F|  |TS  0|AC  0|TAMS 0x0000000089000000, 0x0000000089000000|
|  57|0x0000000089100000, 0x0000000089100000, 0x0000000089200000|  0%| F|  |TS  0|AC  0|TAMS 0x0000000089100000, 0x0000000089100000|
|  58|0x0000000089200000, 0x0000000089200000, 0x0000000089300000|  0%| F|  |TS  0|AC  0|TAMS 0x0000000089200000, 0x0000000089200000|
|  59|0x0000000089300000, 0x0000000089300000, 0x0000000089400000|  0%| F|  |TS  0|AC  0|TAMS 0x0000000089300000, 0x0000000089300000|
|  60|0x0000000089400000, 0x0000000089400000, 0x0000000089500000|  0%| F|  |TS  0|AC  0|TAMS 0x0000000089400000, 0x0000000089400000|
|  61|0x0000000089500000, 0x0000000089500000, 0x0000000089600000|  0%| F|  |TS  0|AC  0|TAMS 0x0000000089500000, 0x0000000089500000|
|  62|0x0000000089600000, 0x0000000089600000, 0x0000000089700000|  0%| F|  |TS  0|AC  0|TAMS 0x0000000089600000, 0x0000000089600000|
|  63|0x0000000089700000, 0x0000000089700000, 0x0000000089800000|  0%| F|  |TS  0|AC  0|TAMS 0x0000000089700000, 0x0000000089700000|
|  64|0x0000000089800000, 0x0000000089800000, 0x0000000089900000|  0%| F|  |TS  0|AC  0|TAMS 0x0000000089800000, 0x0000000089800000|
|  65|0x0000000089900000, 0x0000000089900000, 0x0000000089a00000|  0%| F|  |TS  0|AC  0|TAMS 0x0000000089900000, 0x0000000089900000|
|  66|0x0000000089a00000, 0x0000000089b00000, 0x0000000089b00000|100%| E|  |TS  0|AC  0|TAMS 0x0000000089a00000, 0x0000000089a00000|
|  67|0x0000000089b00000, 0x0000000089c00000, 0x0000000089c00000|100%| E|CS|TS  0|AC  0|TAMS 0x0000000089b00000, 0x0000000089b00000|
|  68|0x0000000089c00000, 0x0000000089d00000, 0x0000000089d00000|100%| E|CS|TS  0|AC  0|TAMS 0x0000000089c00000, 0x0000000089c00000|
|  69|0x0000000089d00000, 0x0000000089e00000, 0x0000000089e00000|100%| E|CS|TS  0|AC  0|TAMS 0x0000000089d00000, 0x0000000089d00000|
|  70|0x0000000089e00000, 0x0000000089f00000, 0x0000000089f00000|100%| E|CS|TS  0|AC  0|TAMS 0x0000000089e00000, 0x0000000089e00000|
|  71|0x0000000089f00000, 0x000000008a000000, 0x000000008a000000|100%| E|CS|TS  0|AC  0|TAMS 0x0000000089f00000, 0x0000000089f00000|
|  72|0x000000008a000000, 0x000000008a100000, 0x000000008a100000|100%| E|CS|TS  0|AC  0|TAMS 0x000000008a000000, 0x000000008a000000|
|  73|0x000000008a100000, 0x000000008a200000, 0x000000008a200000|100%| E|CS|TS  0|AC  0|TAMS 0x000000008a100000, 0x000000008a100000|
|  74|0x000000008a200000, 0x000000008a300000, 0x000000008a300000|100%| E|CS|TS  0|AC  0|TAMS 0x000000008a200000, 0x000000008a200000|
|  75|0x000000008a300000, 0x000000008a400000, 0x000000008a400000|100%| E|CS|TS  0|AC  0|TAMS 0x000000008a300000, 0x000000008a300000|
|  76|0x000000008a400000, 0x000000008a500000, 0x000000008a500000|100%| E|CS|TS  0|AC  0|TAMS 0x000000008a400000, 0x000000008a400000|
|  77|0x000000008a500000, 0x000000008a600000, 0x000000008a600000|100%| E|CS|TS  0|AC  0|TAMS 0x000000008a500000, 0x000000008a500000|
|  78|0x000000008a600000, 0x000000008a700000, 0x000000008a700000|100%| E|CS|TS  0|AC  0|TAMS 0x000000008a600000, 0x000000008a600000|
|  79|0x000000008a700000, 0x000000008a800000, 0x000000008a800000|100%| E|CS|TS  0|AC  0|TAMS 0x000000008a700000, 0x000000008a700000|
|  80|0x000000008a800000, 0x000000008a900000, 0x000000008a900000|100%| E|CS|TS  0|AC  0|TAMS 0x000000008a800000, 0x000000008a800000|
|  81|0x000000008a900000, 0x000000008aa00000, 0x000000008aa00000|100%| E|CS|TS  0|AC  0|TAMS 0x000000008a900000, 0x000000008a900000|
|  82|0x000000008aa00000, 0x000000008ab00000, 0x000000008ab00000|100%| E|CS|TS  0|AC  0|TAMS 0x000000008aa00000, 0x000000008aa00000|
|  83|0x000000008ab00000, 0x000000008ac00000, 0x000000008ac00000|100%| E|CS|TS  0|AC  0|TAMS 0x000000008ab00000, 0x000000008ab00000|
|  84|0x000000008ac00000, 0x000000008ad00000, 0x000000008ad00000|100%| E|CS|TS  0|AC  0|TAMS 0x000000008ac00000, 0x000000008ac00000|
|  85|0x000000008ad00000, 0x000000008ae00000, 0x000000008ae00000|100%| E|CS|TS  0|AC  0|TAMS 0x000000008ad00000, 0x000000008ad00000|
|  86|0x000000008ae00000, 0x000000008af00000, 0x000000008af00000|100%| E|CS|TS  0|AC  0|TAMS 0x000000008ae00000, 0x000000008ae00000|
|  87|0x000000008af00000, 0x000000008b000000, 0x000000008b000000|100%| E|CS|TS  0|AC  0|TAMS 0x000000008af00000, 0x000000008af00000|
|  88|0x000000008b000000, 0x000000008b100000, 0x000000008b100000|100%| E|CS|TS  0|AC  0|TAMS 0x000000008b000000, 0x000000008b000000|
|  89|0x000000008b100000, 0x000000008b200000, 0x000000008b200000|100%| E|CS|TS  0|AC  0|TAMS 0x000000008b100000, 0x000000008b100000|
|  90|0x000000008b200000, 0x000000008b300000, 0x000000008b300000|100%| E|CS|TS  0|AC  0|TAMS 0x000000008b200000, 0x000000008b200000|
|  91|0x000000008b300000, 0x000000008b400000, 0x000000008b400000|100%| E|CS|TS  0|AC  0|TAMS 0x000000008b300000, 0x000000008b300000|
|  92|0x000000008b400000, 0x000000008b500000, 0x000000008b500000|100%| E|CS|TS  0|AC  0|TAMS 0x000000008b400000, 0x000000008b400000|
|  93|0x000000008b500000, 0x000000008b600000, 0x000000008b600000|100%| E|CS|TS  0|AC  0|TAMS 0x000000008b500000, 0x000000008b500000|
|  94|0x000000008b600000, 0x000000008b700000, 0x000000008b700000|100%| E|CS|TS  0|AC  0|TAMS 0x000000008b600000, 0x000000008b600000|
|  95|0x000000008b700000, 0x000000008b800000, 0x000000008b800000|100%| E|CS|TS  0|AC  0|TAMS 0x000000008b700000, 0x000000008b700000|
|  96|0x000000008b800000, 0x000000008b900000, 0x000000008b900000|100%| E|CS|TS  0|AC  0|TAMS 0x000000008b800000, 0x000000008b800000|
|  97|0x000000008b900000, 0x000000008ba00000, 0x000000008ba00000|100%| E|CS|TS  0|AC  0|TAMS 0x000000008b900000, 0x000000008b900000|
|  98|0x000000008ba00000, 0x000000008bb00000, 0x000000008bb00000|100%| E|CS|TS  0|AC  0|TAMS 0x000000008ba00000, 0x000000008ba00000|
|  99|0x000000008bb00000, 0x000000008bc00000, 0x000000008bc00000|100%| E|CS|TS  0|AC  0|TAMS 0x000000008bb00000, 0x000000008bb00000|
| 100|0x000000008bc00000, 0x000000008bccc0e0, 0x000000008bd00000| 79%| S|CS|TS  1|AC  0|TAMS 0x000000008bc00000, 0x000000008bc00000|
| 101|0x000000008bd00000, 0x000000008be00000, 0x000000008be00000|100%| S|CS|TS  1|AC  0|TAMS 0x000000008bd00000, 0x000000008bd00000|
| 102|0x000000008be00000, 0x000000008bf00000, 0x000000008bf00000|100%| E|CS|TS  1|AC  0|TAMS 0x000000008be00000, 0x000000008be00000|
| 103|0x000000008bf00000, 0x000000008c000000, 0x000000008c000000|100%| E|CS|TS  1|AC  0|TAMS 0x000000008bf00000, 0x000000008bf00000|
| 104|0x000000008c000000, 0x000000008c100000, 0x000000008c100000|100%| E|CS|TS  1|AC  0|TAMS 0x000000008c000000, 0x000000008c000000|
| 105|0x000000008c100000, 0x000000008c200000, 0x000000008c200000|100%| E|CS|TS  1|AC  0|TAMS 0x000000008c100000, 0x000000008c100000|
| 106|0x000000008c200000, 0x000000008c300000, 0x000000008c300000|100%| E|CS|TS  1|AC  0|TAMS 0x000000008c200000, 0x000000008c200000|
| 107|0x000000008c300000, 0x000000008c400000, 0x000000008c400000|100%| E|CS|TS  1|AC  0|TAMS 0x000000008c300000, 0x000000008c300000|
| 108|0x000000008c400000, 0x000000008c500000, 0x000000008c500000|100%| E|CS|TS  1|AC  0|TAMS 0x000000008c400000, 0x000000008c400000|
| 109|0x000000008c500000, 0x000000008c600000, 0x000000008c600000|100%| E|CS|TS  1|AC  0|TAMS 0x000000008c500000, 0x000000008c500000|
| 110|0x000000008c600000, 0x000000008c700000, 0x000000008c700000|100%| E|CS|TS  1|AC  0|TAMS 0x000000008c600000, 0x000000008c600000|
| 111|0x000000008c700000, 0x000000008c800000, 0x000000008c800000|100%| E|CS|TS  1|AC  0|TAMS 0x000000008c700000, 0x000000008c700000|
| 112|0x000000008c800000, 0x000000008c900000, 0x000000008c900000|100%| E|CS|TS  1|AC  0|TAMS 0x000000008c800000, 0x000000008c800000|
| 113|0x000000008c900000, 0x000000008ca00000, 0x000000008ca00000|100%| E|CS|TS  1|AC  0|TAMS 0x000000008c900000, 0x000000008c900000|
| 114|0x000000008ca00000, 0x000000008cb00000, 0x000000008cb00000|100%| E|CS|TS  1|AC  0|TAMS 0x000000008ca00000, 0x000000008ca00000|
| 115|0x000000008cb00000, 0x000000008cc00000, 0x000000008cc00000|100%| E|CS|TS  1|AC  0|TAMS 0x000000008cb00000, 0x000000008cb00000|
| 116|0x000000008cc00000, 0x000000008cd00000, 0x000000008cd00000|100%| E|CS|TS  1|AC  0|TAMS 0x000000008cc00000, 0x000000008cc00000|
| 117|0x000000008cd00000, 0x000000008ce00000, 0x000000008ce00000|100%| E|CS|TS  1|AC  0|TAMS 0x000000008cd00000, 0x000000008cd00000|
| 118|0x000000008ce00000, 0x000000008cf00000, 0x000000008cf00000|100%| E|CS|TS  1|AC  0|TAMS 0x000000008ce00000, 0x000000008ce00000|
| 119|0x000000008cf00000, 0x000000008d000000, 0x000000008d000000|100%| E|CS|TS  1|AC  0|TAMS 0x000000008cf00000, 0x000000008cf00000|
| 120|0x000000008d000000, 0x000000008d100000, 0x000000008d100000|100%| E|CS|TS  1|AC  0|TAMS 0x000000008d000000, 0x000000008d000000|
| 121|0x000000008d100000, 0x000000008d200000, 0x000000008d200000|100%| E|CS|TS  1|AC  0|TAMS 0x000000008d100000, 0x000000008d100000|
| 122|0x000000008d200000, 0x000000008d300000, 0x000000008d300000|100%| E|CS|TS  1|AC  0|TAMS 0x000000008d200000, 0x000000008d200000|
| 123|0x000000008d300000, 0x000000008d400000, 0x000000008d400000|100%| E|CS|TS  1|AC  0|TAMS 0x000000008d300000, 0x000000008d300000|

Card table byte_map: [0x00007fc14cef1000,0x00007fc14d2c5000] byte_map_base: 0x00007fc14cac5000

Marking Bits (Prev, Next): (CMBitMap*) 0x00007fc14805a8b0, (CMBitMap*) 0x00007fc14805a8e8
 Prev Bits: [0x00007fc12dc85000, 0x00007fc12fb25000)
 Next Bits: [0x00007fc116160000, 0x00007fc118000000)

Polling page: 0x00007fc1525e4000

CodeHeap 'non-profiled nmethods': size=120032Kb used=980Kb max_used=980Kb free=119051Kb
 bounds [0x00007fc1375ed000, 0x00007fc13785d000, 0x00007fc13eb25000]
CodeHeap 'profiled nmethods': size=120032Kb used=1534Kb max_used=2110Kb free=118497Kb
 bounds [0x00007fc1300b5000, 0x00007fc130325000, 0x00007fc1375ed000]
CodeHeap 'non-nmethods': size=5696Kb used=1111Kb max_used=1299Kb free=4585Kb
 bounds [0x00007fc12fb25000, 0x00007fc12fd95000, 0x00007fc1300b5000]
 total_blobs=1712 nmethods=781 adapters=268
 compilation: enabled

Compilation events (10 events):
Event: 1260.912 Thread 0x00007fc14817e000 nmethod 994 0x00007fc1300bd190 code [0x00007fc1300bd380, 0x00007fc1300bd768]
Event: 1260.912 Thread 0x00007fc14817e000  998       3       org.eclipse.jdt.launching.internal.org.objectweb.asm.MethodWriter::putMethodInfo (1431 bytes)
Event: 1260.921 Thread 0x00007fc14817e000 nmethod 998 0x00007fc130219f90 code [0x00007fc13021a760, 0x00007fc13021d8a8]
Event: 1260.921 Thread 0x00007fc14817e000  996       3       org.eclipse.jdt.launching.internal.org.objectweb.asm.MethodWriter::computeMethodInfoSize (704 bytes)
Event: 1260.922 Thread 0x00007fc14817e000 nmethod 996 0x00007fc1300df910 code [0x00007fc1300dfce0, 0x00007fc1300e1458]
Event: 1260.922 Thread 0x00007fc14817e000  997       3       org.eclipse.jdt.launching.internal.org.objectweb.asm.MethodWriter::hasFrames (13 bytes)
Event: 1260.922 Thread 0x00007fc14817e000 nmethod 997 0x00007fc1300b9e90 code [0x00007fc1300ba040, 0x00007fc1300ba1f0]
Event: 1260.922 Thread 0x00007fc14817e000  995       3       org.eclipse.jdt.launching.internal.org.objectweb.asm.MethodWriter::canCopyMethodAttributes (181 bytes)
Event: 1260.922 Thread 0x00007fc14817e000 nmethod 995 0x00007fc1300c5f10 code [0x00007fc1300c6120, 0x00007fc1300c68d0]
Event: 1260.927 Thread 0x00007fc14817c000 nmethod 992 0x00007fc13764fb90 code [0x00007fc13764fda0, 0x00007fc1376511e8]

GC Heap History (2 events):
Event: 0.356 GC heap before
{Heap before GC invocations=0 (full 0):
 garbage-first heap   total 126976K, used 22528K [0x0000000085800000, 0x0000000100000000)
  region size 1024K, 22 young (22528K), 0 survivors (0K)
 Metaspace       used 9532K, capacity 9605K, committed 9856K, reserved 1058816K
  class space    used 796K, capacity 816K, committed 896K, reserved 1048576K
}
Event: 0.359 GC heap after
{Heap after GC invocations=1 (full 0):
 garbage-first heap   total 126976K, used 1840K [0x0000000085800000, 0x0000000100000000)
  region size 1024K, 2 young (2048K), 2 survivors (2048K)
 Metaspace       used 9532K, capacity 9605K, committed 9856K, reserved 1058816K
  class space    used 796K, capacity 816K, committed 896K, reserved 1048576K
}

Deoptimization events (10 events):
Event: 0.630 Thread 0x00007fc148013000 Uncommon trap: reason=unstable_if action=reinterpret pc=0x00007fc137662fb0 method=java.lang.AbstractStringBuilder.putStringAt(ILjava/lang/String;)V @ 8 c2
Event: 0.630 Thread 0x00007fc148013000 Uncommon trap: reason=unstable_if action=reinterpret pc=0x00007fc13765efc4 method=java.lang.AbstractStringBuilder.isLatin1()Z @ 10 c2
Event: 0.630 Thread 0x00007fc148013000 Uncommon trap: reason=unstable_if action=reinterpret pc=0x00007fc137638ffc method=java.lang.AbstractStringBuilder.isLatin1()Z @ 10 c2
Event: 0.630 Thread 0x00007fc148013000 Uncommon trap: reason=unstable_if action=reinterpret pc=0x00007fc1376387c0 method=java.lang.AbstractStringBuilder.putStringAt(ILjava/lang/String;)V @ 8 c2
Event: 0.630 Thread 0x00007fc148013000 Uncommon trap: reason=unstable_if action=reinterpret pc=0x00007fc137637c08 method=java.lang.String.getBytes([BIB)V @ 5 c2
Event: 0.630 Thread 0x00007fc148013000 Uncommon trap: reason=unstable_if action=reinterpret pc=0x00007fc137637310 method=java.lang.AbstractStringBuilder.putStringAt(ILjava/lang/String;)V @ 8 c2
Event: 0.630 Thread 0x00007fc148013000 Uncommon trap: reason=unstable_if action=reinterpret pc=0x00007fc137661c54 method=java.lang.AbstractStringBuilder.isLatin1()Z @ 10 c2
Event: 0.650 Thread 0x00007fc148013000 Uncommon trap: reason=unstable_if action=reinterpret pc=0x00007fc137650814 method=java.io.BufferedOutputStream.write([BII)V @ 6 c2
Event: 0.651 Thread 0x00007fc148013000 Uncommon trap: reason=unstable_if action=reinterpret pc=0x00007fc13764e740 method=java.io.BufferedOutputStream.write([BII)V @ 6 c2
Event: 0.670 Thread 0x00007fc148013000 Uncommon trap: reason=unstable_if action=reinterpret pc=0x00007fc13764d8bc method=java.io.BufferedOutputStream.write([BII)V @ 6 c2

Classes redefined (10 events):
Event: 482.493 Thread 0x00007fc148159800 redefined class name=com.huawei.Test, count=1
Event: 484.622 Thread 0x00007fc148159800 redefined class name=main.java.com.huawei.system.Simulation, count=2
Event: 501.941 Thread 0x00007fc148159800 redefined class name=com.huawei.Test, count=2
Event: 504.209 Thread 0x00007fc148159800 redefined class name=com.huawei.Test, count=3
Event: 506.828 Thread 0x00007fc148159800 redefined class name=com.huawei.Test, count=4
Event: 509.336 Thread 0x00007fc148159800 redefined class name=com.huawei.Test, count=5
Event: 512.026 Thread 0x00007fc148159800 redefined class name=com.huawei.Test, count=6
Event: 767.142 Thread 0x00007fc148159800 redefined class name=main.java.com.huawei.system.Simulation, count=3
Event: 829.209 Thread 0x00007fc148159800 redefined class name=main.java.com.huawei.system.Simulation, count=4
Event: 1260.917 Thread 0x00007fc148159800 redefined class name=main.java.com.huawei.system.Simulation, count=5

Internal exceptions (3 events):
Event: 0.260 Thread 0x00007fc148013000 Exception <a 'java/lang/NoSuchMethodError'{0x000000008cd68f78}: method resolution failed> (0x000000008cd68f78) thrown at [/build/openjdk-lts-Ae5PRQ/openjdk-lts-10.0.2+13/src/hotspot/share/prims/methodHandles.cpp, line 1226]
Event: 0.264 Thread 0x00007fc148013000 Exception <a 'java/lang/NoSuchMethodError'{0x000000008cd85bb8}: java.lang.invoke.DirectMethodHandle$Holder.invokeStatic(Ljava/lang/Object;Ljava/lang/Object;)I> (0x000000008cd85bb8) thrown at [/build/openjdk-lts-Ae5PRQ/openjdk-lts-10.0.2+13/src/hotspot/sha
Event: 0.266 Thread 0x00007fc148013000 Exception <a 'java/lang/NoSuchMethodError'{0x000000008cd96ee0}: java.lang.Object.of([Ljava/lang/Object;)Ljava/util/stream/Stream;> (0x000000008cd96ee0) thrown at [/build/openjdk-lts-Ae5PRQ/openjdk-lts-10.0.2+13/src/hotspot/share/interpreter/linkResolver.c

Events (10 events):
Event: 1261.769 Executing VM operation: GetOwnedMonitorInfo done
Event: 1261.894 Executing VM operation: GetFrameCount
Event: 1261.894 Executing VM operation: GetFrameCount done
Event: 1261.894 Executing VM operation: GetOwnedMonitorInfo
Event: 1261.894 Executing VM operation: GetOwnedMonitorInfo done
Event: 1261.894 Executing VM operation: GetCurrentContendedMonitor
Event: 1261.894 Executing VM operation: GetCurrentContendedMonitor done
Event: 1261.897 Executing VM operation: GetFrameLocation
Event: 1261.897 Executing VM operation: GetFrameLocation done
Event: 1261.897 Executing VM operation: GetOrSetLocal


Dynamic libraries:
85800000-8d400000 rw-p 00000000 00:00 0 
8d400000-100000000 ---p 00000000 00:00 0 
100000000-1000e0000 rw-p 00000000 00:00 0 
1000e0000-140000000 ---p 00000000 00:00 0 
5564149b3000-5564149b4000 r-xp 00000000 08:0c 16123179                   /usr/lib/jvm/java-11-openjdk-amd64/bin/java
556414bb4000-556414bb5000 r--p 00001000 08:0c 16123179                   /usr/lib/jvm/java-11-openjdk-amd64/bin/java
556414bb5000-556414bb6000 rw-p 00002000 08:0c 16123179                   /usr/lib/jvm/java-11-openjdk-amd64/bin/java
556416593000-5564165b4000 rw-p 00000000 00:00 0                          [heap]
7fc0ac000000-7fc0ac021000 rw-p 00000000 00:00 0 
7fc0ac021000-7fc0b0000000 ---p 00000000 00:00 0 
7fc0b0000000-7fc0b0021000 rw-p 00000000 00:00 0 
7fc0b0021000-7fc0b4000000 ---p 00000000 00:00 0 
7fc0b4000000-7fc0b4021000 rw-p 00000000 00:00 0 
7fc0b4021000-7fc0b8000000 ---p 00000000 00:00 0 
7fc0b8000000-7fc0b8021000 rw-p 00000000 00:00 0 
7fc0b8021000-7fc0bc000000 ---p 00000000 00:00 0 
7fc0bc000000-7fc0bc081000 rw-p 00000000 00:00 0 
7fc0bc081000-7fc0c0000000 ---p 00000000 00:00 0 
7fc0c0000000-7fc0c0021000 rw-p 00000000 00:00 0 
7fc0c0021000-7fc0c4000000 ---p 00000000 00:00 0 
7fc0c4000000-7fc0c47ac000 rw-p 00000000 00:00 0 
7fc0c47ac000-7fc0c8000000 ---p 00000000 00:00 0 
7fc0c8000000-7fc0c8039000 rw-p 00000000 00:00 0 
7fc0c8039000-7fc0cc000000 ---p 00000000 00:00 0 
7fc0cc000000-7fc0cfb46000 rw-p 00000000 00:00 0 
7fc0cfb46000-7fc0d0000000 ---p 00000000 00:00 0 
7fc0d2ec6000-7fc0d3006000 rw-p 00000000 00:00 0 
7fc0d3006000-7fc0d30c6000 ---p 00000000 00:00 0 
7fc0d30c6000-7fc0d30c7000 ---p 00000000 00:00 0 
7fc0d30c7000-7fc0d31c8000 rw-p 00000000 00:00 0 
7fc0d31c8000-7fc0d31cc000 ---p 00000000 00:00 0 
7fc0d31cc000-7fc0d32c9000 rw-p 00000000 00:00 0 
7fc0d32c9000-7fc0d32e0000 r-xp 00000000 08:0c 18089975                   /usr/lib/jvm/java-11-openjdk-amd64/lib/libnet.so
7fc0d32e0000-7fc0d34df000 ---p 00017000 08:0c 18089975                   /usr/lib/jvm/java-11-openjdk-amd64/lib/libnet.so
7fc0d34df000-7fc0d34e0000 r--p 00016000 08:0c 18089975                   /usr/lib/jvm/java-11-openjdk-amd64/lib/libnet.so
7fc0d34e0000-7fc0d34e1000 rw-p 00017000 08:0c 18089975                   /usr/lib/jvm/java-11-openjdk-amd64/lib/libnet.so
7fc0d34e1000-7fc0d34f2000 r-xp 00000000 08:0c 18089976                   /usr/lib/jvm/java-11-openjdk-amd64/lib/libnio.so
7fc0d34f2000-7fc0d36f1000 ---p 00011000 08:0c 18089976                   /usr/lib/jvm/java-11-openjdk-amd64/lib/libnio.so
7fc0d36f1000-7fc0d36f2000 r--p 00010000 08:0c 18089976                   /usr/lib/jvm/java-11-openjdk-amd64/lib/libnio.so
7fc0d36f2000-7fc0d36f3000 rw-p 00011000 08:0c 18089976                   /usr/lib/jvm/java-11-openjdk-amd64/lib/libnio.so
7fc0d36f3000-7fc0d36f7000 ---p 00000000 00:00 0 
7fc0d36f7000-7fc0d37f4000 rw-p 00000000 00:00 0 
7fc0d37f4000-7fc0d37f8000 ---p 00000000 00:00 0 
7fc0d37f8000-7fc0d38f5000 rw-p 00000000 00:00 0 
7fc0d38f5000-7fc0d38f9000 ---p 00000000 00:00 0 
7fc0d38f9000-7fc0d39f6000 rw-p 00000000 00:00 0 
7fc0d39f6000-7fc0d39fa000 ---p 00000000 00:00 0 
7fc0d39fa000-7fc0d3af7000 rw-p 00000000 00:00 0 
7fc0d3af7000-7fc0d3afc000 r-xp 00000000 08:0c 18089955                   /usr/lib/jvm/java-11-openjdk-amd64/lib/libdt_socket.so
7fc0d3afc000-7fc0d3cfb000 ---p 00005000 08:0c 18089955                   /usr/lib/jvm/java-11-openjdk-amd64/lib/libdt_socket.so
7fc0d3cfb000-7fc0d3cfc000 r--p 00004000 08:0c 18089955                   /usr/lib/jvm/java-11-openjdk-amd64/lib/libdt_socket.so
7fc0d3cfc000-7fc0d3cfd000 rw-p 00005000 08:0c 18089955                   /usr/lib/jvm/java-11-openjdk-amd64/lib/libdt_socket.so
7fc0d3cfd000-7fc0d3d01000 ---p 00000000 00:00 0 
7fc0d3d01000-7fc0d3dfe000 rw-p 00000000 00:00 0 
7fc0d3dfe000-7fc0d3e02000 ---p 00000000 00:00 0 
7fc0d3e02000-7fc0d3eff000 rw-p 00000000 00:00 0 
7fc0d3eff000-7fc0d3f03000 ---p 00000000 00:00 0 
7fc0d3f03000-7fc0d4000000 rw-p 00000000 00:00 0 
7fc0d4000000-7fc0d4021000 rw-p 00000000 00:00 0 
7fc0d4021000-7fc0d8000000 ---p 00000000 00:00 0 
7fc0d8000000-7fc0dbffa000 rw-p 00000000 00:00 0 
7fc0dbffa000-7fc0dc000000 ---p 00000000 00:00 0 
7fc0dc000000-7fc0dc021000 rw-p 00000000 00:00 0 
7fc0dc021000-7fc0e0000000 ---p 00000000 00:00 0 
7fc0e0000000-7fc0e0021000 rw-p 00000000 00:00 0 
7fc0e0021000-7fc0e4000000 ---p 00000000 00:00 0 
7fc0e4000000-7fc0e4021000 rw-p 00000000 00:00 0 
7fc0e4021000-7fc0e8000000 ---p 00000000 00:00 0 
7fc0e8000000-7fc0e80b6000 rw-p 00000000 00:00 0 
7fc0e80b6000-7fc0ec000000 ---p 00000000 00:00 0 
7fc0ec000000-7fc0ec021000 rw-p 00000000 00:00 0 
7fc0ec021000-7fc0f0000000 ---p 00000000 00:00 0 
7fc0f0000000-7fc0f0021000 rw-p 00000000 00:00 0 
7fc0f0021000-7fc0f4000000 ---p 00000000 00:00 0 
7fc0f4000000-7fc0f4021000 rw-p 00000000 00:00 0 
7fc0f4021000-7fc0f8000000 ---p 00000000 00:00 0 
7fc0f8000000-7fc0f8021000 rw-p 00000000 00:00 0 
7fc0f8021000-7fc0fc000000 ---p 00000000 00:00 0 
7fc0fc000000-7fc0fc021000 rw-p 00000000 00:00 0 
7fc0fc021000-7fc100000000 ---p 00000000 00:00 0 
7fc100000000-7fc100021000 rw-p 00000000 00:00 0 
7fc100021000-7fc104000000 ---p 00000000 00:00 0 
7fc104000000-7fc104021000 rw-p 00000000 00:00 0 
7fc104021000-7fc108000000 ---p 00000000 00:00 0 
7fc108000000-7fc108021000 rw-p 00000000 00:00 0 
7fc108021000-7fc10c000000 ---p 00000000 00:00 0 
7fc10c000000-7fc10c021000 rw-p 00000000 00:00 0 
7fc10c021000-7fc110000000 ---p 00000000 00:00 0 
7fc110000000-7fc110021000 rw-p 00000000 00:00 0 
7fc110021000-7fc114000000 ---p 00000000 00:00 0 
7fc11405f000-7fc114063000 ---p 00000000 00:00 0 
7fc114063000-7fc116350000 rw-p 00000000 00:00 0 
7fc116350000-7fc118000000 ---p 00000000 00:00 0 
7fc118000000-7fc118021000 rw-p 00000000 00:00 0 
7fc118021000-7fc11c000000 ---p 00000000 00:00 0 
7fc11c000000-7fc11c021000 rw-p 00000000 00:00 0 
7fc11c021000-7fc120000000 ---p 00000000 00:00 0 
7fc120000000-7fc120021000 rw-p 00000000 00:00 0 
7fc120021000-7fc124000000 ---p 00000000 00:00 0 
7fc124000000-7fc124021000 rw-p 00000000 00:00 0 
7fc124021000-7fc128000000 ---p 00000000 00:00 0 
7fc128000000-7fc128021000 rw-p 00000000 00:00 0 
7fc128021000-7fc12c000000 ---p 00000000 00:00 0 
7fc12c0d6000-7fc12c0da000 ---p 00000000 00:00 0 
7fc12c0da000-7fc12c1d7000 rw-p 00000000 00:00 0 
7fc12c1d7000-7fc12cba6000 r--p 00000000 08:0c 15995895                   /usr/lib/locale/locale-archive
7fc12cba6000-7fc12cbaa000 ---p 00000000 00:00 0 
7fc12cbaa000-7fc12cca7000 rw-p 00000000 00:00 0 
7fc12cca7000-7fc12ccab000 ---p 00000000 00:00 0 
7fc12ccab000-7fc12cda8000 rw-p 00000000 00:00 0 
7fc12cda8000-7fc12cda9000 ---p 00000000 00:00 0 
7fc12cda9000-7fc12d77b000 rw-p 00000000 00:00 0 
7fc12d77b000-7fc12d77c000 ---p 00000000 00:00 0 
7fc12d77c000-7fc12d87d000 rw-p 00000000 00:00 0 
7fc12d87d000-7fc12d87e000 ---p 00000000 00:00 0 
7fc12d87e000-7fc12d97f000 rw-p 00000000 00:00 0 
7fc12d97f000-7fc12d980000 ---p 00000000 00:00 0 
7fc12d980000-7fc12da81000 rw-p 00000000 00:00 0 
7fc12da81000-7fc12da82000 ---p 00000000 00:00 0 
7fc12da82000-7fc12db83000 rw-p 00000000 00:00 0 
7fc12db83000-7fc12db84000 ---p 00000000 00:00 0 
7fc12db84000-7fc12de75000 rw-p 00000000 00:00 0 
7fc12de75000-7fc12fb25000 ---p 00000000 00:00 0 
7fc12fb25000-7fc12fd95000 rwxp 00000000 00:00 0 
7fc12fd95000-7fc1300b5000 ---p 00000000 00:00 0 
7fc1300b5000-7fc130325000 rwxp 00000000 00:00 0 
7fc130325000-7fc1375ed000 ---p 00000000 00:00 0 
7fc1375ed000-7fc13785d000 rwxp 00000000 00:00 0 
7fc13785d000-7fc13eb25000 ---p 00000000 00:00 0 
7fc13eb25000-7fc148000000 r--s 00000000 08:0c 18089985                   /usr/lib/jvm/java-11-openjdk-amd64/lib/modules
7fc148000000-7fc14847c000 rw-p 00000000 00:00 0 
7fc14847c000-7fc14c000000 ---p 00000000 00:00 0 
7fc14c00d000-7fc14c00e000 ---p 00000000 00:00 0 
7fc14c00e000-7fc14c10f000 rw-p 00000000 00:00 0 
7fc14c10f000-7fc14c110000 ---p 00000000 00:00 0 
7fc14c110000-7fc14c817000 rw-p 00000000 00:00 0 
7fc14c817000-7fc14c818000 ---p 00000000 00:00 0 
7fc14c818000-7fc14c919000 rw-p 00000000 00:00 0 
7fc14c919000-7fc14c91a000 ---p 00000000 00:00 0 
7fc14c91a000-7fc14ca1b000 rw-p 00000000 00:00 0 
7fc14ca1b000-7fc14ca1c000 ---p 00000000 00:00 0 
7fc14ca1c000-7fc14cb5b000 rw-p 00000000 00:00 0 
7fc14cb5b000-7fc14cef1000 ---p 00000000 00:00 0 
7fc14cef1000-7fc14cf2f000 rw-p 00000000 00:00 0 
7fc14cf2f000-7fc14d2c5000 ---p 00000000 00:00 0 
7fc14d2c5000-7fc14d303000 rw-p 00000000 00:00 0 
7fc14d303000-7fc14d699000 ---p 00000000 00:00 0 
7fc14d699000-7fc14dc9f000 rw-p 00000000 00:00 0 
7fc14dc9f000-7fc14dca0000 ---p 00000000 00:00 0 
7fc14dca0000-7fc14dda1000 rw-p 00000000 00:00 0 
7fc14dda1000-7fc14dda2000 ---p 00000000 00:00 0 
7fc14dda2000-7fc14dea3000 rw-p 00000000 00:00 0 
7fc14dea3000-7fc14dea4000 ---p 00000000 00:00 0 
7fc14dea4000-7fc14dfa5000 rw-p 00000000 00:00 0 
7fc14dfa5000-7fc14dfa6000 ---p 00000000 00:00 0 
7fc14dfa6000-7fc14e0a7000 rw-p 00000000 00:00 0 
7fc14e0a7000-7fc14e0a8000 ---p 00000000 00:00 0 
7fc14e0a8000-7fc14e1a9000 rw-p 00000000 00:00 0 
7fc14e1a9000-7fc14e1aa000 ---p 00000000 00:00 0 
7fc14e1aa000-7fc14e2b0000 rw-p 00000000 00:00 0 
7fc14e2b0000-7fc14e396000 ---p 00000000 00:00 0 
7fc14e396000-7fc14e39b000 rw-p 00000000 00:00 0 
7fc14e39b000-7fc14e481000 ---p 00000000 00:00 0 
7fc14e481000-7fc14e486000 r-xp 00000000 08:0c 18089967                   /usr/lib/jvm/java-11-openjdk-amd64/lib/libjimage.so
7fc14e486000-7fc14e685000 ---p 00005000 08:0c 18089967                   /usr/lib/jvm/java-11-openjdk-amd64/lib/libjimage.so
7fc14e685000-7fc14e686000 r--p 00004000 08:0c 18089967                   /usr/lib/jvm/java-11-openjdk-amd64/lib/libjimage.so
7fc14e686000-7fc14e687000 rw-p 00005000 08:0c 18089967                   /usr/lib/jvm/java-11-openjdk-amd64/lib/libjimage.so
7fc14e687000-7fc14e68e000 r-xp 00000000 08:0c 18089984                   /usr/lib/jvm/java-11-openjdk-amd64/lib/libzip.so
7fc14e68e000-7fc14e88d000 ---p 00007000 08:0c 18089984                   /usr/lib/jvm/java-11-openjdk-amd64/lib/libzip.so
7fc14e88d000-7fc14e88e000 r--p 00006000 08:0c 18089984                   /usr/lib/jvm/java-11-openjdk-amd64/lib/libzip.so
7fc14e88e000-7fc14e88f000 rw-p 00007000 08:0c 18089984                   /usr/lib/jvm/java-11-openjdk-amd64/lib/libzip.so
7fc14e88f000-7fc14e89a000 r-xp 00000000 08:0a 136829                     /lib/x86_64-linux-gnu/libnss_files-2.27.so
7fc14e89a000-7fc14ea99000 ---p 0000b000 08:0a 136829                     /lib/x86_64-linux-gnu/libnss_files-2.27.so
7fc14ea99000-7fc14ea9a000 r--p 0000a000 08:0a 136829                     /lib/x86_64-linux-gnu/libnss_files-2.27.so
7fc14ea9a000-7fc14ea9b000 rw-p 0000b000 08:0a 136829                     /lib/x86_64-linux-gnu/libnss_files-2.27.so
7fc14ea9b000-7fc14eaa1000 rw-p 00000000 00:00 0 
7fc14eaa1000-7fc14eab8000 r-xp 00000000 08:0a 136823                     /lib/x86_64-linux-gnu/libnsl-2.27.so
7fc14eab8000-7fc14ecb7000 ---p 00017000 08:0a 136823                     /lib/x86_64-linux-gnu/libnsl-2.27.so
7fc14ecb7000-7fc14ecb8000 r--p 00016000 08:0a 136823                     /lib/x86_64-linux-gnu/libnsl-2.27.so
7fc14ecb8000-7fc14ecb9000 rw-p 00017000 08:0a 136823                     /lib/x86_64-linux-gnu/libnsl-2.27.so
7fc14ecb9000-7fc14ecbb000 rw-p 00000000 00:00 0 
7fc14ecbb000-7fc14ecc6000 r-xp 00000000 08:0a 136840                     /lib/x86_64-linux-gnu/libnss_nis-2.27.so
7fc14ecc6000-7fc14eec5000 ---p 0000b000 08:0a 136840                     /lib/x86_64-linux-gnu/libnss_nis-2.27.so
7fc14eec5000-7fc14eec6000 r--p 0000a000 08:0a 136840                     /lib/x86_64-linux-gnu/libnss_nis-2.27.so
7fc14eec6000-7fc14eec7000 rw-p 0000b000 08:0a 136840                     /lib/x86_64-linux-gnu/libnss_nis-2.27.so
7fc14eec7000-7fc14eecf000 r-xp 00000000 08:0a 136825                     /lib/x86_64-linux-gnu/libnss_compat-2.27.so
7fc14eecf000-7fc14f0cf000 ---p 00008000 08:0a 136825                     /lib/x86_64-linux-gnu/libnss_compat-2.27.so
7fc14f0cf000-7fc14f0d0000 r--p 00008000 08:0a 136825                     /lib/x86_64-linux-gnu/libnss_compat-2.27.so
7fc14f0d0000-7fc14f0d1000 rw-p 00009000 08:0a 136825                     /lib/x86_64-linux-gnu/libnss_compat-2.27.so
7fc14f0d1000-7fc14f0db000 r-xp 00000000 08:0c 18089958                   /usr/lib/jvm/java-11-openjdk-amd64/lib/libinstrument.so
7fc14f0db000-7fc14f2da000 ---p 0000a000 08:0c 18089958                   /usr/lib/jvm/java-11-openjdk-amd64/lib/libinstrument.so
7fc14f2da000-7fc14f2db000 r--p 00009000 08:0c 18089958                   /usr/lib/jvm/java-11-openjdk-amd64/lib/libinstrument.so
7fc14f2db000-7fc14f2dc000 rw-p 0000a000 08:0c 18089958                   /usr/lib/jvm/java-11-openjdk-amd64/lib/libinstrument.so
7fc14f2dc000-7fc14f319000 r-xp 00000000 08:0c 18089966                   /usr/lib/jvm/java-11-openjdk-amd64/lib/libjdwp.so
7fc14f319000-7fc14f518000 ---p 0003d000 08:0c 18089966                   /usr/lib/jvm/java-11-openjdk-amd64/lib/libjdwp.so
7fc14f518000-7fc14f519000 r--p 0003c000 08:0c 18089966                   /usr/lib/jvm/java-11-openjdk-amd64/lib/libjdwp.so
7fc14f519000-7fc14f51a000 rw-p 0003d000 08:0c 18089966                   /usr/lib/jvm/java-11-openjdk-amd64/lib/libjdwp.so
7fc14f51a000-7fc14f546000 r-xp 00000000 08:0c 18089963                   /usr/lib/jvm/java-11-openjdk-amd64/lib/libjava.so
7fc14f546000-7fc14f745000 ---p 0002c000 08:0c 18089963                   /usr/lib/jvm/java-11-openjdk-amd64/lib/libjava.so
7fc14f745000-7fc14f746000 r--p 0002b000 08:0c 18089963                   /usr/lib/jvm/java-11-openjdk-amd64/lib/libjava.so
7fc14f746000-7fc14f748000 rw-p 0002c000 08:0c 18089963                   /usr/lib/jvm/java-11-openjdk-amd64/lib/libjava.so
7fc14f748000-7fc14f755000 r-xp 00000000 08:0c 18089983                   /usr/lib/jvm/java-11-openjdk-amd64/lib/libverify.so
7fc14f755000-7fc14f954000 ---p 0000d000 08:0c 18089983                   /usr/lib/jvm/java-11-openjdk-amd64/lib/libverify.so
7fc14f954000-7fc14f956000 r--p 0000c000 08:0c 18089983                   /usr/lib/jvm/java-11-openjdk-amd64/lib/libverify.so
7fc14f956000-7fc14f957000 rw-p 0000e000 08:0c 18089983                   /usr/lib/jvm/java-11-openjdk-amd64/lib/libverify.so
7fc14f957000-7fc14f95e000 r-xp 00000000 08:0a 136880                     /lib/x86_64-linux-gnu/librt-2.27.so
7fc14f95e000-7fc14fb5d000 ---p 00007000 08:0a 136880                     /lib/x86_64-linux-gnu/librt-2.27.so
7fc14fb5d000-7fc14fb5e000 r--p 00006000 08:0a 136880                     /lib/x86_64-linux-gnu/librt-2.27.so
7fc14fb5e000-7fc14fb5f000 rw-p 00007000 08:0a 136880                     /lib/x86_64-linux-gnu/librt-2.27.so
7fc14fb5f000-7fc14fb76000 r-xp 00000000 08:0a 136276                     /lib/x86_64-linux-gnu/libgcc_s.so.1
7fc14fb76000-7fc14fd75000 ---p 00017000 08:0a 136276                     /lib/x86_64-linux-gnu/libgcc_s.so.1
7fc14fd75000-7fc14fd76000 r--p 00016000 08:0a 136276                     /lib/x86_64-linux-gnu/libgcc_s.so.1
7fc14fd76000-7fc14fd77000 rw-p 00017000 08:0a 136276                     /lib/x86_64-linux-gnu/libgcc_s.so.1
7fc14fd77000-7fc14ff14000 r-xp 00000000 08:0a 136802                     /lib/x86_64-linux-gnu/libm-2.27.so
7fc14ff14000-7fc150113000 ---p 0019d000 08:0a 136802                     /lib/x86_64-linux-gnu/libm-2.27.so
7fc150113000-7fc150114000 r--p 0019c000 08:0a 136802                     /lib/x86_64-linux-gnu/libm-2.27.so
7fc150114000-7fc150115000 rw-p 0019d000 08:0a 136802                     /lib/x86_64-linux-gnu/libm-2.27.so
7fc150115000-7fc15028e000 r-xp 00000000 08:0c 15991317                   /usr/lib/x86_64-linux-gnu/libstdc++.so.6.0.25
7fc15028e000-7fc15048e000 ---p 00179000 08:0c 15991317                   /usr/lib/x86_64-linux-gnu/libstdc++.so.6.0.25
7fc15048e000-7fc150498000 r--p 00179000 08:0c 15991317                   /usr/lib/x86_64-linux-gnu/libstdc++.so.6.0.25
7fc150498000-7fc15049a000 rw-p 00183000 08:0c 15991317                   /usr/lib/x86_64-linux-gnu/libstdc++.so.6.0.25
7fc15049a000-7fc15049e000 rw-p 00000000 00:00 0 
7fc15049e000-7fc15143b000 r-xp 00000000 08:0c 18089990                   /usr/lib/jvm/java-11-openjdk-amd64/lib/server/libjvm.so
7fc15143b000-7fc15163b000 ---p 00f9d000 08:0c 18089990                   /usr/lib/jvm/java-11-openjdk-amd64/lib/server/libjvm.so
7fc15163b000-7fc1516ff000 r--p 00f9d000 08:0c 18089990                   /usr/lib/jvm/java-11-openjdk-amd64/lib/server/libjvm.so
7fc1516ff000-7fc151737000 rw-p 01061000 08:0c 18089990                   /usr/lib/jvm/java-11-openjdk-amd64/lib/server/libjvm.so
7fc151737000-7fc151780000 rw-p 00000000 00:00 0 
7fc151780000-7fc15179a000 r-xp 00000000 08:0a 136872                     /lib/x86_64-linux-gnu/libpthread-2.27.so
7fc15179a000-7fc151999000 ---p 0001a000 08:0a 136872                     /lib/x86_64-linux-gnu/libpthread-2.27.so
7fc151999000-7fc15199a000 r--p 00019000 08:0a 136872                     /lib/x86_64-linux-gnu/libpthread-2.27.so
7fc15199a000-7fc15199b000 rw-p 0001a000 08:0a 136872                     /lib/x86_64-linux-gnu/libpthread-2.27.so
7fc15199b000-7fc15199f000 rw-p 00000000 00:00 0 
7fc15199f000-7fc1519a2000 r-xp 00000000 08:0a 136762                     /lib/x86_64-linux-gnu/libdl-2.27.so
7fc1519a2000-7fc151ba1000 ---p 00003000 08:0a 136762                     /lib/x86_64-linux-gnu/libdl-2.27.so
7fc151ba1000-7fc151ba2000 r--p 00002000 08:0a 136762                     /lib/x86_64-linux-gnu/libdl-2.27.so
7fc151ba2000-7fc151ba3000 rw-p 00003000 08:0a 136762                     /lib/x86_64-linux-gnu/libdl-2.27.so
7fc151ba3000-7fc151bbf000 r-xp 00000000 08:0a 136911                     /lib/x86_64-linux-gnu/libz.so.1.2.11
7fc151bbf000-7fc151dbe000 ---p 0001c000 08:0a 136911                     /lib/x86_64-linux-gnu/libz.so.1.2.11
7fc151dbe000-7fc151dbf000 r--p 0001b000 08:0a 136911                     /lib/x86_64-linux-gnu/libz.so.1.2.11
7fc151dbf000-7fc151dc0000 rw-p 0001c000 08:0a 136911                     /lib/x86_64-linux-gnu/libz.so.1.2.11
7fc151dc0000-7fc151fa7000 r-xp 00000000 08:0a 136739                     /lib/x86_64-linux-gnu/libc-2.27.so
7fc151fa7000-7fc1521a7000 ---p 001e7000 08:0a 136739                     /lib/x86_64-linux-gnu/libc-2.27.so
7fc1521a7000-7fc1521ab000 r--p 001e7000 08:0a 136739                     /lib/x86_64-linux-gnu/libc-2.27.so
7fc1521ab000-7fc1521ad000 rw-p 001eb000 08:0a 136739                     /lib/x86_64-linux-gnu/libc-2.27.so
7fc1521ad000-7fc1521b1000 rw-p 00000000 00:00 0 
7fc1521b1000-7fc1521c0000 r-xp 00000000 08:0c 18089948                   /usr/lib/jvm/java-11-openjdk-amd64/lib/jli/libjli.so
7fc1521c0000-7fc1523bf000 ---p 0000f000 08:0c 18089948                   /usr/lib/jvm/java-11-openjdk-amd64/lib/jli/libjli.so
7fc1523bf000-7fc1523c0000 r--p 0000e000 08:0c 18089948                   /usr/lib/jvm/java-11-openjdk-amd64/lib/jli/libjli.so
7fc1523c0000-7fc1523c1000 rw-p 0000f000 08:0c 18089948                   /usr/lib/jvm/java-11-openjdk-amd64/lib/jli/libjli.so
7fc1523c1000-7fc1523e8000 r-xp 00000000 08:0a 136711                     /lib/x86_64-linux-gnu/ld-2.27.so
7fc152405000-7fc15240c000 r--s 00000000 08:0c 16256106                   /usr/lib/x86_64-linux-gnu/gconv/gconv-modules.cache
7fc15240c000-7fc1524c9000 rw-p 00000000 00:00 0 
7fc1524c9000-7fc1524cd000 ---p 00000000 00:00 0 
7fc1524cd000-7fc1525cc000 rw-p 00000000 00:00 0 
7fc1525cf000-7fc1525d5000 rw-p 00000000 00:00 0 
7fc1525d5000-7fc1525dc000 ---p 00000000 00:00 0 
7fc1525dc000-7fc1525e4000 rw-s 00000000 08:0a 131391                     /tmp/hsperfdata_poorlemon/16436
7fc1525e4000-7fc1525e5000 ---p 00000000 00:00 0 
7fc1525e5000-7fc1525e6000 r--p 00000000 00:00 0 
7fc1525e6000-7fc1525e8000 rw-p 00000000 00:00 0 
7fc1525e8000-7fc1525e9000 r--p 00027000 08:0a 136711                     /lib/x86_64-linux-gnu/ld-2.27.so
7fc1525e9000-7fc1525ea000 rw-p 00028000 08:0a 136711                     /lib/x86_64-linux-gnu/ld-2.27.so
7fc1525ea000-7fc1525eb000 rw-p 00000000 00:00 0 
7fff698d3000-7fff698f4000 rw-p 00000000 00:00 0                          [stack]
7fff6999c000-7fff6999f000 r--p 00000000 00:00 0                          [vvar]
7fff6999f000-7fff699a1000 r-xp 00000000 00:00 0                          [vdso]
ffffffffff600000-ffffffffff601000 r-xp 00000000 00:00 0                  [vsyscall]


VM Arguments:
jvm_args: -agentlib:jdwp=transport=dt_socket,suspend=y,address=localhost:44521 -javaagent:/home/poorlemon/SoftWare/eclipse/configuration/org.eclipse.osgi/216/0/.cp/lib/javaagent-shaded.jar -Dfile.encoding=UTF-8 
java_command: com.huawei.Test
java_class_path (initial): /home/poorlemon/Work/HuaWei/SDK/SDK_java/code/CodeCraft-2019/bin:/home/poorlemon/Work/HuaWei/SDK/SDK_java/code/CodeCraft-2019/lib/commons-logging-1.2.jar:/home/poorlemon/Work/HuaWei/SDK/SDK_java/code/CodeCraft-2019/lib/log4j-1.2.17.jar
Launcher Type: SUN_STANDARD

Logging:
Log output configuration:
#0: stdout all=warning uptime,level,tags
#1: stderr all=off uptime,level,tags

Environment Variables:
JAVA_HOME=/usr/lib/jvm/java-8-openjdk-amd64
JRE_HOME=/usr/java/jdk1.8.0_191/jre
CLASSPATH=.:/usr/java/jdk1.8.0_191/lib:/usr/java/jdk1.8.0_191/jre/lib:
PATH=/home/poorlemon/.local/bin:/usr/local/sbt/sbt/:/usr/local/spark/bin:/usr/local/sbin:/usr/local/bin:/usr/sbin:/usr/bin:/sbin:/bin:/usr/games:/usr/local/games:/usr/java/jdk1.8.0_191/bin:/usr/java/jdk1.8.0_191/jre/bin:/snap/bin
USERNAME=poorlemon
SHELL=/bin/bash
DISPLAY=:0

Signal Handlers:
SIGSEGV: [libjvm.so+0xd28b70], sa_mask[0]=11111111011111111101111111111110, sa_flags=SA_RESTART|SA_SIGINFO
SIGBUS: [libjvm.so+0xd28b70], sa_mask[0]=11111111011111111101111111111110, sa_flags=SA_RESTART|SA_SIGINFO
SIGFPE: [libjvm.so+0xd28b70], sa_mask[0]=11111111011111111101111111111110, sa_flags=SA_RESTART|SA_SIGINFO
SIGPIPE: [libjvm.so+0xb2a1f0], sa_mask[0]=11111111011111111101111111111110, sa_flags=SA_RESTART|SA_SIGINFO
SIGXFSZ: [libjvm.so+0xb2a1f0], sa_mask[0]=11111111011111111101111111111110, sa_flags=SA_RESTART|SA_SIGINFO
SIGILL: [libjvm.so+0xd28b70], sa_mask[0]=11111111011111111101111111111110, sa_flags=SA_RESTART|SA_SIGINFO
SIGUSR2: [libjvm.so+0xb2a030], sa_mask[0]=00100000000000000000000000000000, sa_flags=SA_RESTART|SA_SIGINFO
SIGHUP: [libjvm.so+0xb2a180], sa_mask[0]=11111111011111111101111111111110, sa_flags=SA_RESTART|SA_SIGINFO
SIGINT: [libjvm.so+0xb2a180], sa_mask[0]=11111111011111111101111111111110, sa_flags=SA_RESTART|SA_SIGINFO
SIGTERM: [libjvm.so+0xb2a180], sa_mask[0]=11111111011111111101111111111110, sa_flags=SA_RESTART|SA_SIGINFO
SIGQUIT: [libjvm.so+0xb2a180], sa_mask[0]=11111111011111111101111111111110, sa_flags=SA_RESTART|SA_SIGINFO


---------------  S Y S T E M  ---------------

OS:DISTRIB_ID=Ubuntu
DISTRIB_RELEASE=18.04
DISTRIB_CODENAME=bionic
DISTRIB_DESCRIPTION="Ubuntu 18.04.1 LTS"
uname:Linux 4.15.0-46-generic #49-Ubuntu SMP Wed Feb 6 09:33:07 UTC 2019 x86_64
libc:glibc 2.27 NPTL 2.27 
rlimit: STACK 8192k, CORE 0k, NPROC 30913, NOFILE 1048576, AS infinity, DATA infinity, FSIZE infinity
load average:1.32 0.94 0.96

/proc/meminfo:
MemTotal:        8024260 kB
MemFree:         1336660 kB
MemAvailable:    3844012 kB
Buffers:          351356 kB
Cached:          2945568 kB
SwapCached:            0 kB
Active:          3810972 kB
Inactive:        2328952 kB
Active(anon):    2802936 kB
Inactive(anon):   855848 kB
Active(file):    1008036 kB
Inactive(file):  1473104 kB
Unevictable:          80 kB
Mlocked:              80 kB
SwapTotal:       8000508 kB
SwapFree:        8000508 kB
Dirty:               324 kB
Writeback:             0 kB
AnonPages:       2843128 kB
Mapped:           905256 kB
Shmem:            857180 kB
Slab:             399824 kB
SReclaimable:     335028 kB
SUnreclaim:        64796 kB
KernelStack:       16128 kB
PageTables:        65964 kB
NFS_Unstable:          0 kB
Bounce:                0 kB
WritebackTmp:          0 kB
CommitLimit:    12012636 kB
Committed_AS:    9707692 kB
VmallocTotal:   34359738367 kB
VmallocUsed:           0 kB
VmallocChunk:          0 kB
HardwareCorrupted:     0 kB
AnonHugePages:         0 kB
ShmemHugePages:        0 kB
ShmemPmdMapped:        0 kB
CmaTotal:              0 kB
CmaFree:               0 kB
HugePages_Total:       0
HugePages_Free:        0
HugePages_Rsvd:        0
HugePages_Surp:        0
Hugepagesize:       2048 kB
DirectMap4k:      175776 kB
DirectMap2M:     5971968 kB
DirectMap1G:     2097152 kB

container (cgroup) information:
container_type: cgroupv1
cpu_cpuset_cpus: 0-5
cpu_memory_nodes: 0
active_processor_count: 6
cpu_quota: -1
cpu_period: 100000
cpu_shares: -1
memory_limit_in_bytes: -1
memory_and_swap_limit_in_bytes: -2
memory_soft_limit_in_bytes: -1
memory_usage_in_bytes: 6287491072
memory_max_usage_in_bytes: 0


CPU:total 6 (initial active 6) (6 cores per cpu, 1 threads per core) family 6 model 158 stepping 10, cmov, cx8, fxsr, mmx, sse, sse2, sse3, ssse3, sse4.1, sse4.2, popcnt, avx, avx2, aes, clmul, erms, rtm, 3dnowpref, lzcnt, tsc, tscinvbit, bmi1, bmi2, adx, fma
CPU Model and flags from /proc/cpuinfo:
model name	: Intel(R) Core(TM) i5-8500 CPU @ 3.00GHz
flags		: fpu vme de pse tsc msr pae mce cx8 apic sep mtrr pge mca cmov pat pse36 clflush dts acpi mmx fxsr sse sse2 ss ht tm pbe syscall nx pdpe1gb rdtscp lm constant_tsc art arch_perfmon pebs bts rep_good nopl xtopology nonstop_tsc cpuid aperfmperf tsc_known_freq pni pclmulqdq dtes64 monitor ds_cpl vmx smx est tm2 ssse3 sdbg fma cx16 xtpr pdcm pcid sse4_1 sse4_2 x2apic movbe popcnt tsc_deadline_timer aes xsave avx f16c rdrand lahf_lm abm 3dnowprefetch cpuid_fault epb invpcid_single pti ssbd ibrs ibpb stibp tpr_shadow vnmi flexpriority ept vpid fsgsbase tsc_adjust bmi1 hle avx2 smep bmi2 erms invpcid rtm mpx rdseed adx smap clflushopt intel_pt xsaveopt xsavec xgetbv1 xsaves dtherm ida arat pln pts hwp hwp_notify hwp_act_window hwp_epp flush_l1d

Memory: 4k page, physical 8024260k(1336660k free), swap 8000508k(8000508k free)

vm_info: OpenJDK 64-Bit Server VM (10.0.2+13-Ubuntu-1ubuntu0.18.04.4) for linux-amd64 JRE (10.0.2+13-Ubuntu-1ubuntu0.18.04.4), built on Nov 13 2018 12:53:39 by "buildd" with gcc 7.3.0

END.
