13:47:03 main ERROR com.huawei.Main.main(10) please input args: inputFilePath, resultFilePath
14:16:07 main ERROR com.huawei.Main.main(10) please input args: inputFilePath, resultFilePath
14:16:22 main INFO com.huawei.Main.main(14) Start...
14:16:22 main INFO com.huawei.Main.main(20) carPath = config/car.txt roadPath = config/road.txt crossPath = config/cross.txt and answerPath = config/answer.txt
14:16:22 main INFO com.huawei.Main.main(23) start read input files
14:16:22 main INFO com.huawei.Main.main(28) Start write output file
14:16:22 main INFO com.huawei.Main.main(30) End...
14:19:02 main INFO com.huawei.Main.main(14) Start...
14:19:02 main INFO com.huawei.Main.main(20) carPath = config/car.txt roadPath = config/road.txt crossPath = config/cross.txt and answerPath = config/answer.txt
14:19:02 main INFO com.huawei.Main.main(23) start read input files
14:19:02 main INFO com.huawei.Main.main(28) Start write output file
14:19:02 main INFO com.huawei.Main.main(30) End...
14:23:28 main ERROR com.huawei.Main.main(24) please input args: inputFilePath, resultFilePath
14:23:36 main INFO com.huawei.Main.main(28) Start...
14:23:36 main INFO com.huawei.Main.main(34) carPath = config/car.txt roadPath = config/road.txt crossPath = config/cross.txt and answerPath = config/answer.txt
14:23:36 main INFO com.huawei.Main.main(37) start read input files
14:23:37 main INFO com.huawei.Main.main(49) Start write output file
14:23:37 main INFO com.huawei.Main.main(52) End...
14:48:24 main INFO com.huawei.Main.main(28) Start...
14:48:24 main INFO com.huawei.Main.main(34) carPath = config/car.txt roadPath = config/road.txt crossPath = config/cross.txt and answerPath = config/answer.txt
14:48:24 main INFO com.huawei.Main.main(37) start read input files
14:48:24 main INFO com.huawei.Main.main(49) Start write output file
14:48:24 main INFO com.huawei.Main.main(52) End...
15:10:52 main ERROR com.huawei.Main.main(24) please input args: inputFilePath, resultFilePath
15:11:16 main INFO com.huawei.Main.main(28) Start...
15:11:16 main INFO com.huawei.Main.main(34) carPath = config/car.txt roadPath = config/road.txt crossPath = config/cross.txt and answerPath = config/answer.txt
15:11:16 main INFO com.huawei.Main.main(37) start read input files
15:11:16 main INFO com.huawei.Main.main(49) Start write output file
15:11:16 main INFO com.huawei.Main.main(52) End...
23:25:51 main ERROR com.huawei.Main.main(24) please input args: inputFilePath, resultFilePath
16:31:14 main INFO com.huawei.Main.main(54) End...
